Log file open, 11/16/17 21:07:14
LogWindows: Failed to load 'aqProf.dll' (GetLastError=126)
LogWindows: File 'aqProf.dll' does not exist
LogWindows: Failed to load 'VtuneApi.dll' (GetLastError=126)
LogWindows: File 'VtuneApi.dll' does not exist
LogWindows: Failed to load 'VtuneApi32e.dll' (GetLastError=126)
LogWindows: File 'VtuneApi32e.dll' does not exist
LogInit: Display: Running engine for game: MyProject
LogPlatformFile: Not using cached read wrapper
LogInit: Display: RandInit(-501955333) SRandInit(-501955333).
LogInit: Read version file with build ID '3709383'
LogInit: Overriding engine version to CL 3709383, compatible CL 3709383
LogInit: Registered custom module enumerator with build ID '3709383'
LogTaskGraph: Started task graph with 5 named threads and 8 total threads with 3 sets of task threads.
LogStats: Stats thread started at 0.144795
LogD3D11RHI: Aftermath initialized
LogModuleManager: Display: Found up-to-date module file ../../../Engine/Plugins/2D/Paper2D/Binaries/Win64/UE4Editor-Paper2D.dll (API version 3709383).
LogModuleManager: Display: Found up-to-date module file ../../../Engine/Plugins/2D/Paper2D/Binaries/Win64/UE4Editor-Paper2DEditor.dll (API version 3709383).
LogModuleManager: Display: Found up-to-date module file ../../../Engine/Plugins/2D/Paper2D/Binaries/Win64/UE4Editor-PaperSpriteSheetImporter.dll (API version 3709383).
LogModuleManager: Display: Found up-to-date module file ../../../Engine/Plugins/2D/Paper2D/Binaries/Win64/UE4Editor-PaperTiledImporter.dll (API version 3709383).
LogModuleManager: Display: Found up-to-date module file ../../../Engine/Plugins/2D/Paper2D/Binaries/Win64/UE4Editor-SmartSnapping.dll (API version 3709383).
LogModuleManager: Display: Found up-to-date module file ../../../Engine/Plugins/Blendables/LightPropagationVolume/Binaries/Win64/UE4Editor-LightPropagationVolumeRuntime.dll (API version 3709383).
LogModuleManager: Display: Found up-to-date module file ../../../Engine/Plugins/Blendables/LightPropagationVolume/Binaries/Win64/UE4Editor-LightPropagationVolumeEditor.dll (API version 3709383).
LogModuleManager: Display: Found up-to-date module file ../../../Engine/Plugins/Developer/GitSourceControl/Binaries/Win64/UE4Editor-GitSourceControl.dll (API version 3709383).
LogModuleManager: Display: Found up-to-date module file ../../../Engine/Plugins/Developer/PerforceSourceControl/Binaries/Win64/UE4Editor-PerforceSourceControl.dll (API version 3709383).
LogModuleManager: Display: Found up-to-date module file ../../../Engine/Plugins/Developer/SubversionSourceControl/Binaries/Win64/UE4Editor-SubversionSourceControl.dll (API version 3709383).
LogModuleManager: Display: Found up-to-date module file ../../../Engine/Plugins/Developer/UObjectPlugin/Binaries/Win64/UE4Editor-UObjectPlugin.dll (API version 3709383).
LogModuleManager: Display: Found up-to-date module file ../../../Engine/Plugins/Developer/VisualStudioCodeSourceCodeAccess/Binaries/Win64/UE4Editor-VisualStudioCodeSourceCodeAccess.dll (API version 3709383).
LogModuleManager: Display: Found up-to-date module file ../../../Engine/Plugins/Developer/VisualStudioSourceCodeAccess/Binaries/Win64/UE4Editor-VisualStudioSourceCodeAccess.dll (API version 3709383).
LogModuleManager: Display: Found up-to-date module file ../../../Engine/Plugins/Editor/AssetManagerEditor/Binaries/Win64/UE4Editor-AssetManagerEditor.dll (API version 3709383).
LogModuleManager: Display: Found up-to-date module file ../../../Engine/Plugins/Editor/AudioCapture/Binaries/Win64/UE4Editor-AudioCapture.dll (API version 3709383).
LogModuleManager: Display: Found up-to-date module file ../../../Engine/Plugins/Editor/FacialAnimation/Binaries/Win64/UE4Editor-FacialAnimation.dll (API version 3709383).
LogModuleManager: Display: Found up-to-date module file ../../../Engine/Plugins/Editor/FacialAnimation/Binaries/Win64/UE4Editor-FacialAnimationEditor.dll (API version 3709383).
LogModuleManager: Display: Found up-to-date module file ../../../Engine/Plugins/Editor/GameplayTagsEditor/Binaries/Win64/UE4Editor-GameplayTagsEditor.dll (API version 3709383).
LogModuleManager: Display: Found up-to-date module file ../../../Engine/Plugins/Editor/MobileLauncherProfileWizard/Binaries/Win64/UE4Editor-MobileLauncherProfileWizard.dll (API version 3709383).
LogModuleManager: Display: Found up-to-date module file ../../../Engine/Plugins/Editor/PluginBrowser/Binaries/Win64/UE4Editor-PluginBrowser.dll (API version 3709383).
LogModuleManager: Display: Found up-to-date module file ../../../Engine/Plugins/Editor/SpeedTreeImporter/Binaries/Win64/UE4Editor-SpeedTreeImporter.dll (API version 3709383).
LogModuleManager: Display: Found up-to-date module file ../../../Engine/Plugins/Experimental/AlembicImporter/Binaries/Win64/UE4Editor-AlembicImporter.dll (API version 3709383).
LogModuleManager: Display: Found up-to-date module file ../../../Engine/Plugins/Experimental/AlembicImporter/Binaries/Win64/UE4Editor-AlembicLibrary.dll (API version 3709383).
LogModuleManager: Display: Found up-to-date module file ../../../Engine/Plugins/Experimental/CharacterAI/Binaries/Win64/UE4Editor-CharacterAI.dll (API version 3709383).
LogModuleManager: Display: Found up-to-date module file ../../../Engine/Plugins/Experimental/HTML5Networking/Binaries/Win64/UE4Editor-HTML5Networking.dll (API version 3709383).
LogModuleManager: Display: Found up-to-date module file ../../../Engine/Plugins/Media/AndroidMedia/Binaries/Win64/UE4Editor-AndroidMediaEditor.dll (API version 3709383).
LogModuleManager: Display: Found up-to-date module file ../../../Engine/Plugins/Media/AndroidMedia/Binaries/Win64/UE4Editor-AndroidMediaFactory.dll (API version 3709383).
LogModuleManager: Display: Found up-to-date module file ../../../Engine/Plugins/Media/AvfMedia/Binaries/Win64/UE4Editor-AvfMediaEditor.dll (API version 3709383).
LogModuleManager: Display: Found up-to-date module file ../../../Engine/Plugins/Media/AvfMedia/Binaries/Win64/UE4Editor-AvfMediaFactory.dll (API version 3709383).
LogModuleManager: Display: Found up-to-date module file ../../../Engine/Plugins/Media/AvfMedia/Binaries/Win64/UE4Editor-AvfMediaFactory.dll (API version 3709383).
LogModuleManager: Display: Found up-to-date module file ../../../Engine/Plugins/Media/ImgMedia/Binaries/Win64/UE4Editor-ImgMedia.dll (API version 3709383).
LogModuleManager: Display: Found up-to-date module file ../../../Engine/Plugins/Media/ImgMedia/Binaries/Win64/UE4Editor-ImgMediaEditor.dll (API version 3709383).
LogModuleManager: Display: Found up-to-date module file ../../../Engine/Plugins/Media/ImgMedia/Binaries/Win64/UE4Editor-ImgMediaFactory.dll (API version 3709383).
LogModuleManager: Display: Found up-to-date module file ../../../Engine/Plugins/Media/ImgMedia/Binaries/Win64/UE4Editor-ImgMediaFactory.dll (API version 3709383).
LogModuleManager: Display: Found up-to-date module file ../../../Engine/Plugins/Media/ImgMedia/Binaries/Win64/UE4Editor-OpenExrWrapper.dll (API version 3709383).
LogModuleManager: Display: Found up-to-date module file ../../../Engine/Plugins/Media/MediaCompositing/Binaries/Win64/UE4Editor-MediaCompositing.dll (API version 3709383).
LogModuleManager: Display: Found up-to-date module file ../../../Engine/Plugins/Media/MediaCompositing/Binaries/Win64/UE4Editor-MediaCompositingEditor.dll (API version 3709383).
LogModuleManager: Display: Found up-to-date module file ../../../Engine/Plugins/Media/MediaPlayerEditor/Binaries/Win64/UE4Editor-MediaPlayerEditor.dll (API version 3709383).
LogModuleManager: Display: Found up-to-date module file ../../../Engine/Plugins/Media/WmfMedia/Binaries/Win64/UE4Editor-WmfMedia.dll (API version 3709383).
LogModuleManager: Display: Found up-to-date module file ../../../Engine/Plugins/Media/WmfMedia/Binaries/Win64/UE4Editor-WmfMediaEditor.dll (API version 3709383).
LogModuleManager: Display: Found up-to-date module file ../../../Engine/Plugins/Media/WmfMedia/Binaries/Win64/UE4Editor-WmfMediaFactory.dll (API version 3709383).
LogModuleManager: Display: Found up-to-date module file ../../../Engine/Plugins/Media/WmfMedia/Binaries/Win64/UE4Editor-WmfMediaFactory.dll (API version 3709383).
LogModuleManager: Display: Found up-to-date module file ../../../Engine/Plugins/Messaging/TcpMessaging/Binaries/Win64/UE4Editor-TcpMessaging.dll (API version 3709383).
LogModuleManager: Display: Found up-to-date module file ../../../Engine/Plugins/Messaging/UdpMessaging/Binaries/Win64/UE4Editor-UdpMessaging.dll (API version 3709383).
LogModuleManager: Display: Found up-to-date module file ../../../Engine/Plugins/MovieScene/ActorSequence/Binaries/Win64/UE4Editor-ActorSequence.dll (API version 3709383).
LogModuleManager: Display: Found up-to-date module file ../../../Engine/Plugins/MovieScene/LevelSequenceEditor/Binaries/Win64/UE4Editor-LevelSequenceEditor.dll (API version 3709383).
LogModuleManager: Display: Found up-to-date module file ../../../Engine/Plugins/MovieScene/MatineeToLevelSequence/Binaries/Win64/UE4Editor-MatineeToLevelSequence.dll (API version 3709383).
LogModuleManager: Display: Found up-to-date module file ../../../Engine/Plugins/Online/OnlineSubsystem/Binaries/Win64/UE4Editor-OnlineSubsystem.dll (API version 3709383).
LogModuleManager: Display: Found up-to-date module file ../../../Engine/Plugins/Runtime/AndroidPermission/Binaries/Win64/UE4Editor-AndroidPermission.dll (API version 3709383).
LogModuleManager: Display: Found up-to-date module file ../../../Engine/Plugins/Online/OnlineSubsystemNull/Binaries/Win64/UE4Editor-OnlineSubsystemNull.dll (API version 3709383).
LogModuleManager: Display: Found up-to-date module file ../../../Engine/Plugins/Online/OnlineSubsystemUtils/Binaries/Win64/UE4Editor-OnlineSubsystemUtils.dll (API version 3709383).
LogModuleManager: Display: Found up-to-date module file ../../../Engine/Plugins/Online/OnlineSubsystemUtils/Binaries/Win64/UE4Editor-OnlineBlueprintSupport.dll (API version 3709383).
LogModuleManager: Display: Found up-to-date module file ../../../Engine/Plugins/Runtime/AndroidDeviceProfileSelector/Binaries/Win64/UE4Editor-AndroidDeviceProfileSelector.dll (API version 3709383).
LogModuleManager: Display: Found up-to-date module file ../../../Engine/Plugins/Runtime/AppleARKit/Binaries/Win64/UE4Editor-AppleARKit.dll (API version 3709383).
LogModuleManager: Display: Found up-to-date module file ../../../Engine/Plugins/Runtime/ArchVisCharacter/Binaries/Win64/UE4Editor-ArchVisCharacter.dll (API version 3709383).
LogModuleManager: Display: Found up-to-date module file ../../../Engine/Plugins/Runtime/CableComponent/Binaries/Win64/UE4Editor-CableComponent.dll (API version 3709383).
LogModuleManager: Display: Found up-to-date module file ../../../Engine/Plugins/Runtime/CustomMeshComponent/Binaries/Win64/UE4Editor-CustomMeshComponent.dll (API version 3709383).
LogModuleManager: Display: Found up-to-date module file ../../../Engine/Plugins/Runtime/ExampleDeviceProfileSelector/Binaries/Win64/UE4Editor-ExampleDeviceProfileSelector.dll (API version 3709383).
LogModuleManager: Display: Found up-to-date module file ../../../Engine/Plugins/Runtime/ImmediatePhysics/Binaries/Win64/UE4Editor-ImmediatePhysics.dll (API version 3709383).
LogModuleManager: Display: Found up-to-date module file ../../../Engine/Plugins/Runtime/ImmediatePhysics/Binaries/Win64/UE4Editor-ImmediatePhysicsEditor.dll (API version 3709383).
LogModuleManager: Display: Found up-to-date module file ../../../Engine/Plugins/Runtime/LocationServicesBPLibrary/Binaries/Win64/UE4Editor-LocationServicesBPLibrary.dll (API version 3709383).
LogModuleManager: Display: Found up-to-date module file ../../../Engine/Plugins/Runtime/MobilePatchingUtils/Binaries/Win64/UE4Editor-MobilePatchingUtils.dll (API version 3709383).
LogModuleManager: Display: Found up-to-date module file ../../../Engine/Plugins/Runtime/Oculus/OculusVR/Binaries/Win64/UE4Editor-OculusHMD.dll (API version 3709383).
LogModuleManager: Display: Found up-to-date module file ../../../Engine/Plugins/Runtime/Oculus/OculusVR/Binaries/Win64/UE4Editor-OculusInput.dll (API version 3709383).
LogModuleManager: Display: Found up-to-date module file ../../../Engine/Plugins/Runtime/Oculus/OculusVR/Binaries/Win64/UE4Editor-OculusEditor.dll (API version 3709383).
LogModuleManager: Display: Found up-to-date module file ../../../Engine/Plugins/Runtime/PhysXVehicles/Binaries/Win64/UE4Editor-PhysXVehicles.dll (API version 3709383).
LogModuleManager: Display: Found up-to-date module file ../../../Engine/Plugins/Runtime/PhysXVehicles/Binaries/Win64/UE4Editor-PhysXVehiclesEditor.dll (API version 3709383).
LogModuleManager: Display: Found up-to-date module file ../../../Engine/Plugins/Runtime/ProceduralMeshComponent/Binaries/Win64/UE4Editor-ProceduralMeshComponent.dll (API version 3709383).
LogModuleManager: Display: Found up-to-date module file ../../../Engine/Plugins/Runtime/ProceduralMeshComponent/Binaries/Win64/UE4Editor-ProceduralMeshComponentEditor.dll (API version 3709383).
LogModuleManager: Display: Found up-to-date module file ../../../Engine/Plugins/Runtime/RuntimePhysXCooking/Binaries/Win64/UE4Editor-RuntimePhysXCooking.dll (API version 3709383).
LogModuleManager: Display: Found up-to-date module file ../../../Engine/Plugins/Runtime/Steam/SteamVR/Binaries/Win64/UE4Editor-SteamVR.dll (API version 3709383).
LogModuleManager: Display: Found up-to-date module file ../../../Engine/Plugins/Runtime/Steam/SteamVR/Binaries/Win64/UE4Editor-SteamVRController.dll (API version 3709383).
LogModuleManager: Display: Found up-to-date module file ../../../Engine/Plugins/Runtime/WindowsMoviePlayer/Binaries/Win64/UE4Editor-WindowsMoviePlayer.dll (API version 3709383).
LogPluginManager: Mounting plugin Paper2D
LogPluginManager: Mounting plugin LightPropagationVolume
LogPluginManager: Mounting plugin CodeLiteSourceCodeAccess
LogPluginManager: Mounting plugin GitSourceControl
LogPluginManager: Mounting plugin KDevelopSourceCodeAccess
LogPluginManager: Mounting plugin NullSourceCodeAccess
LogPluginManager: Mounting plugin PerforceSourceControl
LogPluginManager: Mounting plugin SubversionSourceControl
LogPluginManager: Mounting plugin UObjectPlugin
LogPluginManager: Mounting plugin VisualStudioCodeSourceCodeAccess
LogPluginManager: Mounting plugin VisualStudioSourceCodeAccess
LogPluginManager: Mounting plugin XCodeSourceCodeAccess
LogPluginManager: Mounting plugin AssetManagerEditor
LogPluginManager: Mounting plugin AudioCapture
LogPluginManager: Mounting plugin FacialAnimation
LogPluginManager: Mounting plugin GameplayTagsEditor
LogPluginManager: Mounting plugin MobileLauncherProfileWizard
LogPluginManager: Mounting plugin PluginBrowser
LogPluginManager: Mounting plugin SpeedTreeImporter
LogPluginManager: Mounting plugin AlembicImporter
LogPluginManager: Mounting plugin CharacterAI
LogPluginManager: Mounting plugin HTML5Networking
LogPluginManager: Mounting plugin AndroidMedia
LogPluginManager: Mounting plugin AvfMedia
LogPluginManager: Mounting plugin ImgMedia
LogPluginManager: Mounting plugin MediaCompositing
LogPluginManager: Mounting plugin MediaPlayerEditor
LogPluginManager: Mounting plugin WmfMedia
LogPluginManager: Mounting plugin TcpMessaging
LogPluginManager: Mounting plugin UdpMessaging
LogPluginManager: Mounting plugin ActorSequence
LogPluginManager: Mounting plugin LevelSequenceEditor
LogPluginManager: Mounting plugin MatineeToLevelSequence
LogPluginManager: Mounting plugin OnlineSubsystemGooglePlay
LogPluginManager: Mounting plugin OnlineSubsystemIOS
LogPluginManager: Mounting plugin OnlineSubsystem
LogPluginManager: Mounting plugin OnlineSubsystemNull
LogPluginManager: Mounting plugin OnlineSubsystemUtils
LogPluginManager: Mounting plugin AndroidDeviceProfileSelector
LogPluginManager: Mounting plugin AndroidMoviePlayer
LogPluginManager: Mounting plugin AndroidPermission
LogPluginManager: Mounting plugin AppleARKit
LogPluginManager: Mounting plugin AppleMoviePlayer
LogPluginManager: Mounting plugin ArchVisCharacter
LogPluginManager: Mounting plugin CableComponent
LogPluginManager: Mounting plugin CustomMeshComponent
LogPluginManager: Mounting plugin ExampleDeviceProfileSelector
LogPluginManager: Mounting plugin GoogleCloudMessaging
LogPluginManager: Mounting plugin ImmediatePhysics
LogPluginManager: Mounting plugin IOSDeviceProfileSelector
LogPluginManager: Mounting plugin LinuxDeviceProfileSelector
LogPluginManager: Mounting plugin LocationServicesBPLibrary
LogPluginManager: Mounting plugin MobilePatchingUtils
LogPluginManager: Mounting plugin OculusVR
LogPluginManager: Plugin shader directory ../../../Engine/Plugins/Runtime/Oculus/OculusVR/Shaders found
LogPluginManager: Mapping shader source directory ../../../Engine/Plugins/Runtime/Oculus/OculusVR/Shaders to virtual directory /Plugin/OculusVR
LogPluginManager: Mounting plugin PhysXVehicles
LogPluginManager: Mounting plugin ProceduralMeshComponent
LogPluginManager: Mounting plugin RuntimePhysXCooking
LogPluginManager: Mounting plugin SteamVR
LogPluginManager: Mounting plugin WindowsMoviePlayer
LogInit: Using libcurl 7.47.1
LogInit:  - built for x86_64-pc-win32
LogInit:  - supports SSL with OpenSSL/1.0.2g
LogInit:  - supports HTTP deflate (compression) using libz 1.2.8
LogInit:  - other features:
LogInit:      CURL_VERSION_SSL
LogInit:      CURL_VERSION_LIBZ
LogInit:      CURL_VERSION_IPV6
LogInit:      CURL_VERSION_ASYNCHDNS
LogInit:      CURL_VERSION_LARGEFILE
LogInit:      CURL_VERSION_IDN
LogInit:  CurlRequestOptions (configurable via config and command line):
LogInit:  - bVerifyPeer = false  - Libcurl will NOT verify peer certificate
LogInit:  - bUseHttpProxy = false  - Libcurl will NOT use HTTP proxy
LogInit:  - bDontReuseConnections = false  - Libcurl will reuse connections
LogInit:  - CertBundlePath = nullptr  - Libcurl will use whatever was configured at build time.
LogInit: Build: ++UE4+Release-4.18-CL-3709383
LogInit: Engine Version: 4.18.0-3709383+++UE4+Release-4.18
LogInit: Compatible Engine Version: 4.18.0-3709383+++UE4+Release-4.18
LogInit: Net CL: 3709383
LogDevObjectVersion: Number of dev versions registered: 16
LogDevObjectVersion:   Dev-Blueprints (B0D832E4-1F89-4F0D-ACCF-7EB736FD4AA2): 10
LogDevObjectVersion:   Dev-Build (E1C64328-A22C-4D53-A36C-8E866417BD8C): 0
LogDevObjectVersion:   Dev-Core (375EC13C-06E4-48FB-B500-84F0262A717E): 2
LogDevObjectVersion:   Dev-Editor (E4B068ED-F494-42E9-A231-DA0B2E46BB41): 20
LogDevObjectVersion:   Dev-Framework (CFFC743F-43B0-4480-9391-14DF171D2073): 30
LogDevObjectVersion:   Dev-Mobile (B02B49B5-BB20-44E9-A304-32B752E40360): 0
LogDevObjectVersion:   Dev-Networking (A4E4105C-59A1-49B5-A7C5-40C4547EDFEE): 0
LogDevObjectVersion:   Dev-Online (39C831C9-5AE6-47DC-9A44-9C173E1C8E7C): 0
LogDevObjectVersion:   Dev-Physics (78F01B33-EBEA-4F98-B9B4-84EACCB95AA2): 0
LogDevObjectVersion:   Dev-Platform (6631380F-2D4D-43E0-8009-CF276956A95A): 0
LogDevObjectVersion:   Dev-Rendering (12F88B9F-8875-4AFC-A67C-D90C383ABD29): 20
LogDevObjectVersion:   Dev-Sequencer (7B5AE74C-D270-4C10-A958-57980B212A5A): 4
LogDevObjectVersion:   Dev-VR (D7296918-1DD6-4BDD-9DE2-64A83CC13884): 0
LogDevObjectVersion:   Dev-LoadTimes (C2A15278-BFE7-4AFE-6C17-90FF531DF755): 1
LogDevObjectVersion:   Private-Geometry (6EACA3D4-40EC-4CC1-B786-8BED09428FC5): 1
LogDevObjectVersion:   Dev-AnimPhys (29E575DD-E0A3-4627-9D10-D276232CDCEA): 12
LogInit: Compiled (64-bit): Oct 20 2017 10:39:19
LogInit: Compiled with Visual C++: 19.00.24215.01
LogInit: Build Configuration: Development
LogInit: Branch Name: ++UE4+Release-4.18
LogInit: Command line:  
LogInit: Base directory: C:/Program Files/Epic Games/UE_4.18/Engine/Binaries/Win64/
LogInit: Installed Engine Build: 1
LogInit: Presizing for max 8388607 objects, including 0 objects not considered by GC, pre-allocating 0 bytes for permanent pool.
LogInit: Object subsystem initialized
[2017.11.17-02.07.19:412][  0]LogInit: Selected Device Profile: [Windows]
[2017.11.17-02.07.19:412][  0]LogInit: Applying CVar settings loaded from the selected device profile: [Windows]
[2017.11.17-02.07.20:314][  0]LogInit: Computer: DESKTOP-A38DQ21
[2017.11.17-02.07.20:314][  0]LogInit: User: z1hwa
[2017.11.17-02.07.20:314][  0]LogInit: CPU Page size=4096, Cores=2
[2017.11.17-02.07.20:314][  0]LogInit: High frequency timer resolution =2.338334 MHz
[2017.11.17-02.07.20:315][  0]LogMemory: Memory total: Physical=7.9GB (8GB approx)
[2017.11.17-02.07.20:315][  0]LogMemory: Platform Memory Stats for Windows
[2017.11.17-02.07.20:315][  0]LogMemory: Process Physical Memory: 272.79 MB used, 272.79 MB peak
[2017.11.17-02.07.20:315][  0]LogMemory: Process Virtual Memory: 269.21 MB used, 269.21 MB peak
[2017.11.17-02.07.20:315][  0]LogMemory: Physical Memory: 3425.09 MB used,  4682.24 MB free, 8107.33 MB total
[2017.11.17-02.07.20:315][  0]LogMemory: Virtual Memory: 644.78 MB used,  4682.24 MB free, 134217728.00 MB total
[2017.11.17-02.07.22:339][  0]LogInit: Using OS detected language (en-US).
[2017.11.17-02.07.22:339][  0]LogInit: Using OS detected locale (en-US).
[2017.11.17-02.07.22:766][  0]LogTextLocalizationManager: No specific localization for 'en-US' exists, so the 'en' localization will be used.
[2017.11.17-02.07.25:906][  0]LogInit: Setting process to per monitor DPI aware
[2017.11.17-02.07.41:191][  0]LogD3D11RHI: D3D11 adapters:
[2017.11.17-02.07.41:202][  0]LogD3D11RHI:    0. 'Intel(R) HD Graphics 5500' (Feature Level 11_0)
[2017.11.17-02.07.41:202][  0]LogD3D11RHI:       128/0/4053 MB DedicatedVideo/DedicatedSystem/SharedSystem, Outputs:1, VendorId:0x8086
[2017.11.17-02.07.41:204][  0]LogD3D11RHI:    1. 'Microsoft Basic Render Driver' (Feature Level 11_0)
[2017.11.17-02.07.41:204][  0]LogD3D11RHI:       0/0/4053 MB DedicatedVideo/DedicatedSystem/SharedSystem, Outputs:0, VendorId:0x1414
[2017.11.17-02.07.41:204][  0]LogD3D11RHI: Chosen D3D11 Adapter: 0
[2017.11.17-02.07.41:217][  0]LogD3D11RHI: Creating new Direct3DDevice
[2017.11.17-02.07.41:217][  0]LogD3D11RHI:     GPU DeviceId: 0x1616 (for the marketing name, search the web for "GPU Device Id")
[2017.11.17-02.07.41:217][  0]LogWindows: EnumDisplayDevices:
[2017.11.17-02.07.41:217][  0]LogWindows:    0. 'Intel(R) HD Graphics 5500' (P:1 D:1)
[2017.11.17-02.07.41:217][  0]LogWindows:    1. 'Intel(R) HD Graphics 5500' (P:0 D:0)
[2017.11.17-02.07.41:218][  0]LogWindows:    2. 'Intel(R) HD Graphics 5500' (P:0 D:0)
[2017.11.17-02.07.41:218][  0]LogWindows: DebugString: FoundDriverCount:3 
[2017.11.17-02.07.41:218][  0]LogD3D11RHI:     Adapter Name: Intel(R) HD Graphics 5500
[2017.11.17-02.07.41:218][  0]LogD3D11RHI:   Driver Version: 20.19.15.4531 (internal:20.19.15.4531, unified:20.19.15.4531)
[2017.11.17-02.07.41:218][  0]LogD3D11RHI:      Driver Date: 9-29-2016
[2017.11.17-02.07.41:218][  0]LogRHI: Texture pool is 1508 MB (70% of 2154 MB)
[2017.11.17-02.07.41:222][  0]LogD3D11RHI: Async texture creation enabled
[2017.11.17-02.07.41:231][  0]LogD3D11RHI: GPU Timing Frequency: 12.500000 (Debug: 2 0)
[2017.11.17-02.07.41:232][  0]LogShaderCompilers: Guid format shader working directory is -20 characters bigger than the processId version (../../../../../../Users/z1hwa/Documents/GitHub/Project-Heave-Final/Intermediate/Shaders/WorkingDirectory/4444/).
[2017.11.17-02.07.41:232][  0]LogShaderCompilers: Cleaned the shader compiler working directory 'C:/Users/z1hwa/AppData/Local/Temp/UnrealShaderWorkingDir/674BA5F74C609F77159A1B9FEF0F67F2/'.
[2017.11.17-02.07.41:232][  0]LogShaderCompilers: Display: Using Local Shader Compiler.
[2017.11.17-02.07.45:277][  0]LogTemp: Display: Loaded TP AllDesktopTargetPlatform
[2017.11.17-02.07.45:335][  0]LogTemp: Display: Loaded TP MacClientTargetPlatform
[2017.11.17-02.07.45:394][  0]LogTemp: Display: Loaded TP MacNoEditorTargetPlatform
[2017.11.17-02.07.45:451][  0]LogTemp: Display: Loaded TP MacServerTargetPlatform
[2017.11.17-02.07.45:598][  0]LogTemp: Display: Loaded TP MacTargetPlatform
[2017.11.17-02.07.45:671][  0]LogTemp: Display: Loaded TP WindowsClientTargetPlatform
[2017.11.17-02.07.45:728][  0]LogTemp: Display: Loaded TP WindowsNoEditorTargetPlatform
[2017.11.17-02.07.45:785][  0]LogTemp: Display: Loaded TP WindowsServerTargetPlatform
[2017.11.17-02.07.45:835][  0]LogTemp: Display: Loaded TP WindowsTargetPlatform
[2017.11.17-02.07.45:889][  0]LogTemp: Display: Loaded TP Android_ASTCTargetPlatform
[2017.11.17-02.07.45:946][  0]LogTemp: Display: Loaded TP Android_ATCTargetPlatform
[2017.11.17-02.07.46:002][  0]LogTemp: Display: Loaded TP Android_DXTTargetPlatform
[2017.11.17-02.07.46:058][  0]LogTemp: Display: Loaded TP Android_ETC1TargetPlatform
[2017.11.17-02.07.46:112][  0]LogTemp: Display: Loaded TP Android_ETC2TargetPlatform
[2017.11.17-02.07.46:223][  0]LogTemp: Display: Loaded TP Android_MultiTargetPlatform
[2017.11.17-02.07.46:223][  0]LogTemp: Display: Loaded TP Android_PVRTCTargetPlatform
[2017.11.17-02.07.46:311][  0]LogTemp: Display: Loaded TP AndroidTargetPlatform
[2017.11.17-02.07.46:398][  0]LogTemp: Display: Loaded TP HTML5TargetPlatform
[2017.11.17-02.07.46:510][  0]LogTemp: Display: Loaded TP IOSTargetPlatform
[2017.11.17-02.07.46:590][  0]LogTemp: Display: Loaded TP TVOSTargetPlatform
[2017.11.17-02.07.46:649][  0]LogTemp: Display: Loaded TP LinuxClientTargetPlatform
[2017.11.17-02.07.46:704][  0]LogTemp: Display: Loaded TP LinuxNoEditorTargetPlatform
[2017.11.17-02.07.46:771][  0]LogTemp: Display: Loaded TP LinuxServerTargetPlatform
[2017.11.17-02.07.46:926][  0]LogTemp: Display: Loaded TP LinuxTargetPlatform
[2017.11.17-02.07.46:926][  0]LogTargetPlatformManager: Display: Building Assets For Windows
[2017.11.17-02.07.47:827][  0]LogDerivedDataCache: Display: Max Cache Size: 512 MB
[2017.11.17-02.07.47:988][  0]LogDerivedDataCache: Loaded boot cache 0.16s 78MB C:/Users/z1hwa/AppData/Local/UnrealEngine/4.18/DerivedDataCache/Boot.ddc.
[2017.11.17-02.07.47:988][  0]LogDerivedDataCache: Display: Loaded Boot cache: C:/Users/z1hwa/AppData/Local/UnrealEngine/4.18/DerivedDataCache/Boot.ddc
[2017.11.17-02.07.47:988][  0]LogDerivedDataCache: FDerivedDataBackendGraph:  Pak pak cache file ../../../../../../Users/z1hwa/Documents/GitHub/Project-Heave-Final/DerivedDataCache/DDC.ddp not found, will not use a pak cache.
[2017.11.17-02.07.47:988][  0]LogDerivedDataCache: Unable to find inner node Pak for hierarchical cache Hierarchy.
[2017.11.17-02.07.47:988][  0]LogDerivedDataCache: FDerivedDataBackendGraph:  CompressedPak pak cache file ../../../../../../Users/z1hwa/Documents/GitHub/Project-Heave-Final/DerivedDataCache/Compressed.ddp not found, will not use a pak cache.
[2017.11.17-02.07.47:988][  0]LogDerivedDataCache: Unable to find inner node CompressedPak for hierarchical cache Hierarchy.
[2017.11.17-02.07.48:045][  0]LogDerivedDataCache: Display: Pak cache opened for reading ../../../Engine/DerivedDataCache/Compressed.ddp.
[2017.11.17-02.07.48:057][  0]LogDerivedDataCache: Using Local data cache path C:/Users/z1hwa/AppData/Local/UnrealEngine/Common/DerivedDataCache: Writable
[2017.11.17-02.07.48:069][  0]LogMaterial: Verifying Global Shaders for PCD3D_SM5
[2017.11.17-02.07.48:069][  0]LogSlate: Using Freetype 2.6.0
[2017.11.17-02.07.48:133][  0]LogSlate: SlateFontCache - WITH_FREETYPE: 1, WITH_HARFBUZZ: 1
[2017.11.17-02.07.48:133][  0]LogSlate: SlateFontCache - WITH_FREETYPE: 1, WITH_HARFBUZZ: 1
[2017.11.17-02.07.50:876][  0]LogInit: Selected Device Profile: [Windows]
[2017.11.17-02.07.51:763][  0]LogSimplygon: Simplygon DLL not present - disabling.
[2017.11.17-02.07.51:809][  0]LogMeshReduction: Using SimplygonSwarm for distributed automatic mesh merging
[2017.11.17-02.07.51:810][  0]LogMeshReduction: Using QuadricMeshReduction for automatic static mesh reduction
[2017.11.17-02.07.51:810][  0]LogMeshReduction: No automatic skeletal mesh reduction module available
[2017.11.17-02.07.51:810][  0]LogMeshReduction: No automatic mesh merging module available
[2017.11.17-02.07.51:810][  0]LogMeshMerging: No automatic mesh merging module available
[2017.11.17-02.07.51:980][  0]LogNetVersion: MyProject , NetCL: 3709383, EngineNetVer: 2, GameNetVer: 0 (Checksum: 1490074681)
[2017.11.17-02.07.52:761][  0]LogAssetRegistry: FAssetRegistry took 0.0258 seconds to start up
[2017.11.17-02.07.54:426][  0]LogPackageLocalizationCache: Processed 7 localized package path(s) for 2 prioritized culture(s) in 0.118939 seconds
[2017.11.17-02.07.54:433][  0]LogUObjectArray: 35900 objects as part of root set at end of initial load.
[2017.11.17-02.07.54:433][  0]LogUObjectAllocator: 7372016 out of 0 bytes used by permanent object pool.
[2017.11.17-02.07.54:433][  0]LogUObjectArray: CloseDisregardForGC: 0/0 objects in disregard for GC pool
[2017.11.17-02.07.54:497][  0]LogInit: WinSock: version 1.1 (2.2), MaxSocks=32767, MaxUdp=65467
[2017.11.17-02.08.30:976][  0]LogTcpMessaging: Initializing TcpMessaging bridge
[2017.11.17-02.08.31:022][  0]LogUdpMessaging: Initializing bridge on interface 0.0.0.0:0 to multicast group 230.0.0.1:6666.
[2017.11.17-02.08.32:916][  0]LogMaterial: Uniform references updated for custom material expression Custom.
[2017.11.17-02.08.33:891][  0]SourceControl: Source control is disabled
[2017.11.17-02.08.33:891][  0]SourceControl: Source control is disabled
[2017.11.17-02.08.33:968][  0]SourceControl: Source control is disabled
[2017.11.17-02.08.34:030][  0]SourceControl: Source control is disabled
[2017.11.17-02.08.35:434][  0]LogAndroidPermission: UAndroidPermissionCallbackProxy::GetInstance
[2017.11.17-02.08.35:749][  0]LogOcInput: OculusInput pre-init called
[2017.11.17-02.08.36:388][  0]LogEngine: Initializing Engine...
[2017.11.17-02.08.36:392][  0]LogHMD: Failed to initialize OpenVR with code 110
[2017.11.17-02.08.36:917][  0]LogStats: UGameplayTagsManager::ConstructGameplayTagTree: Construct from data asset -  0.000 s
[2017.11.17-02.08.36:917][  0]LogStats: UGameplayTagsManager::ConstructGameplayTagTree: GameplayTagTreeChangedEvent.Broadcast -  0.000 s
[2017.11.17-02.08.37:070][  0]LogAIModule: Creating AISystem for world Untitled
[2017.11.17-02.08.37:079][  0]LogInit: XAudio2 using 'Speakers / Headphones (Realtek High Definition Audio)' : 2 channels at 48 kHz using 32 bits per sample (channel mask 0x3)
[2017.11.17-02.08.37:480][  0]LogInit: FAudioDevice initialized.
[2017.11.17-02.08.37:732][  0]LogDerivedDataCache: Saved boot cache 0.25s 78MB C:/Users/z1hwa/AppData/Local/UnrealEngine/4.18/DerivedDataCache/Boot.ddc.
[2017.11.17-02.08.37:771][  0]LogInit: Texture streaming: Enabled
[2017.11.17-02.08.37:914][  0]LogEngineSessionManager: EngineSessionManager initialized
[2017.11.17-02.08.38:265][  0]LogInit: Transaction tracking system initialized
[2017.11.17-02.08.39:126][  0]BlueprintLog: New page: Editor Load
[2017.11.17-02.08.40:884][  0]LocalizationService: Localization service is disabled
[2017.11.17-02.08.43:464][  0]LogConsoleResponse: Display: 
[2017.11.17-02.08.44:844][  0]LogCook: Display: Max memory allowance for cook 16384mb min free memory 0mb
[2017.11.17-02.08.44:844][  0]LogCook: Display: Mobile HDR setting 1
[2017.11.17-02.08.44:845][  0]LogGameplayTags: Display: UGameplayTagsManager::DoneAddingNativeTags. DelegateIsBound: 0
[2017.11.17-02.08.45:817][  0]LogFileCache: Scanning file cache for directory 'C:/Users/z1hwa/Documents/GitHub/Project-Heave-Final/Content/' took 0.03s
[2017.11.17-02.08.48:148][  0]SourceControl: Source control is disabled
[2017.11.17-02.08.48:148][  0]Cmd: MAP LOAD FILE="../../../../../../Users/z1hwa/Documents/GitHub/Project-Heave-Final/Content/ThirdPersonBP/Maps/ThirdPersonExampleMap.umap" TEMPLATE=0 SHOWPROGRESS=1 FEATURELEVEL=3
[2017.11.17-02.08.48:148][  0]LogEditorServer: Warning: Can't find file '../../../../../../Users/z1hwa/Documents/GitHub/Project-Heave-Final/Content/ThirdPersonBP/Maps/ThirdPersonExampleMap.umap'
[2017.11.17-02.08.48:148][  0]Cmd: MAP CHECKDEP NOCLEARLOG
[2017.11.17-02.08.48:238][  0]MapCheck: Map check complete: 0 Error(s), 0 Warning(s), took 89.133ms to complete.
[2017.11.17-02.08.48:238][  0]LogFileHelpers: Loading map 'ThirdPersonExampleMap' took 0.090
[2017.11.17-02.08.48:715][  0]LogCollectionManager: Loaded 0 collections in 0.003882 seconds
[2017.11.17-02.08.48:923][  0]LogFileCache: Scanning file cache for directory 'C:/Users/z1hwa/Documents/GitHub/Project-Heave-Final/Saved/Collections/' took 0.01s
[2017.11.17-02.08.48:923][  0]LogFileCache: Scanning file cache for directory 'C:/Users/z1hwa/Documents/GitHub/Project-Heave-Final/Content/Developers/z1hwa/Collections/' took 0.01s
[2017.11.17-02.08.48:923][  0]LogFileCache: Scanning file cache for directory 'C:/Users/z1hwa/Documents/GitHub/Project-Heave-Final/Content/Collections/' took 0.01s
[2017.11.17-02.08.48:923][  0]LogCollectionManager: Rebuilt the GUID cache for 0 collections in 0.000000 seconds
[2017.11.17-02.08.48:943][  0]LogContentBrowser: Native class hierarchy populated in 0.0191 seconds. Added 2363 classes and 519 folders.
[2017.11.17-02.08.49:111][  0]LogContentBrowser: Native class hierarchy updated for 'WidgetCarousel' in 0.0005 seconds. Added 0 classes and 0 folders.
[2017.11.17-02.08.50:609][  0]LogContentBrowser: Native class hierarchy updated for 'AddContentDialog' in 0.0005 seconds. Added 0 classes and 0 folders.
[2017.11.17-02.08.50:731][  0]LogContentBrowser: Native class hierarchy updated for 'SceneOutliner' in 0.0005 seconds. Added 1 classes and 2 folders.
[2017.11.17-02.08.50:995][  0]LogContentBrowser: Native class hierarchy updated for 'HierarchicalLODOutliner' in 0.0006 seconds. Added 1 classes and 2 folders.
[2017.11.17-02.08.50:995][  0]LogLoad: (Engine Initialization) Total time: 105.16 seconds
[2017.11.17-02.08.50:995][  0]LogLoad: (Engine Initialization) Total Blueprint compile time: 0.00 seconds
[2017.11.17-02.08.50:995][  0]LogExternalProfiler: No external profilers were discovered.  External profiling features will not be available.
[2017.11.17-02.08.51:360][  0]LogContentStreaming: Texture pool size now 400 MB
[2017.11.17-02.08.51:365][  0]LogSlate: Took 0.000807 seconds to synchronously load lazily loaded font '../../../Engine/Content/Slate/Fonts/Roboto-Regular.ttf' (155K)
[2017.11.17-02.08.51:394][  0]LogSlate: Took 0.019730 seconds to synchronously load lazily loaded font '../../../Engine/Content/Slate/Fonts/Roboto-Bold.ttf' (160K)
[2017.11.17-02.08.51:433][  0]LogSlate: Took 0.025941 seconds to synchronously load lazily loaded font '../../../Engine/Content/Editor/Slate/Fonts/FontAwesome.ttf' (139K)
[2017.11.17-02.08.51:595][  0]LogRenderer: Reallocating scene render targets to support 820x324 Format 9 NumSamples 1 (Frame:1).
[2017.11.17-02.08.52:524][  3]LogAssetRegistry: Asset discovery search completed in 59.7844 seconds
[2017.11.17-02.08.52:531][  3]LogCollectionManager: Rebuilt the object cache for 0 collections in 0.000000 seconds (found 0 objects)
[2017.11.17-02.08.52:531][  3]LogCollectionManager: Fixed up redirectors for 0 collections in 0.000214 seconds (updated 0 objects)
[2017.11.17-02.08.52:660][  3]LogSlate: Took 0.099675 seconds to synchronously load lazily loaded font '../../../Engine/Content/Slate/Fonts/Roboto-Light.ttf' (159K)
[2017.11.17-02.08.55:864][ 13]LogSlate: Took 0.000865 seconds to synchronously load lazily loaded font '../../../Engine/Content/Slate/Fonts/Roboto-Light.ttf' (159K)
[2017.11.17-02.09.02:880][ 34]LogSlate: Took 0.001286 seconds to synchronously load lazily loaded font '../../../Engine/Content/Slate/Fonts/Roboto-Light.ttf' (159K)
[2017.11.17-02.09.03:994][ 34]LogSlate: Took 0.000423 seconds to synchronously load lazily loaded font '../../../Engine/Content/Slate/Fonts/Roboto-Regular.ttf' (155K)
[2017.11.17-02.09.05:622][ 34]LogAIModule: Creating AISystem for world level2
[2017.11.17-02.09.05:734][ 34]Cmd: MAP LOAD FILE="../../../../../../Users/z1hwa/Documents/GitHub/Project-Heave-Final/Content/ThirdPersonBP/Maps/level2.umap" TEMPLATE=0 SHOWPROGRESS=1 FEATURELEVEL=3
[2017.11.17-02.09.05:734][ 34]LightingResults: New page: Lighting Build
[2017.11.17-02.09.05:782][ 34]LogContentBrowser: Native class hierarchy updated for 'StatsViewer' in 0.0002 seconds. Added 5 classes and 0 folders.
[2017.11.17-02.09.05:783][ 34]LoadErrors: New page: Loading map: level2.umap
[2017.11.17-02.09.05:783][ 34]MapCheck: New page: Map Check
[2017.11.17-02.09.05:783][ 34]LightingResults: New page: Lighting Build
[2017.11.17-02.09.05:823][ 34]LogEditorServer: Finished looking for orphan Actors (0.000 secs)
[2017.11.17-02.09.05:878][ 34]Cmd: MAP CHECKDEP NOCLEARLOG
[2017.11.17-02.09.05:954][ 34]MapCheck: Map check complete: 0 Error(s), 0 Warning(s), took 75.496ms to complete.
[2017.11.17-02.09.05:955][ 34]LogFileHelpers: Loading map 'level2' took 0.222
[2017.11.17-02.09.07:164][ 91]LogLinker: Warning: Can't resolve asset name
[2017.11.17-02.09.08:686][203]LogTemp: Repeating last play command: Selected Viewport
[2017.11.17-02.09.08:769][203]LogBlueprintUserMessages: Early PlayInEditor Detection: Level '/Game/ThirdPersonBP/Maps/level2.level2:PersistentLevel' has LevelScriptBlueprint '/Game/ThirdPersonBP/Maps/level2.level2:PersistentLevel.level2' with GeneratedClass '/Game/ThirdPersonBP/Maps/level2.level2_C' with ClassGeneratedBy '/Game/ThirdPersonBP/Maps/level2.level2:PersistentLevel.level2'
[2017.11.17-02.09.08:769][203]LogPlayLevel: PlayLevel: No blueprints needed recompiling
[2017.11.17-02.09.08:770][203]PIE: New page: PIE session: level2 (Nov 16, 2017, 4:09:08 PM)
[2017.11.17-02.09.08:770][203]LogPlayLevel: Creating play world package: /Game/ThirdPersonBP/Maps/UEDPIE_0_level2
[2017.11.17-02.09.08:820][203]LogPlayLevel: PIE: StaticDuplicateObject took: (0.050511s)
[2017.11.17-02.09.08:821][203]LogAIModule: Creating AISystem for world level2
[2017.11.17-02.09.08:821][203]LogPlayLevel: PIE: World Init took: (0.000988s)
[2017.11.17-02.09.08:822][203]LogPlayLevel: PIE: Created PIE world by copying editor world from /Game/ThirdPersonBP/Maps/level2.level2 to /Game/ThirdPersonBP/Maps/UEDPIE_0_level2.level2 (0.051934s)
[2017.11.17-02.09.08:849][203]LogInit: XAudio2 using 'Speakers / Headphones (Realtek High Definition Audio)' : 2 channels at 48 kHz using 32 bits per sample (channel mask 0x3)
[2017.11.17-02.09.08:873][203]LogInit: FAudioDevice initialized.
[2017.11.17-02.09.08:916][203]LogLoad: Game class is 'ThirdPersonGameMode_C'
[2017.11.17-02.09.08:924][203]LogWorld: Bringing World /Game/ThirdPersonBP/Maps/UEDPIE_0_level2.level2 up for play (max tick rate 0) at 2017.11.16-21.09.08
[2017.11.17-02.09.08:926][203]LogWorld: Bringing up level for play took: 0.008750
[2017.11.17-02.09.09:015][203]LogContentBrowser: Native class hierarchy updated for 'MovieSceneCapture' in 0.0004 seconds. Added 11 classes and 0 folders.
[2017.11.17-02.09.09:017][203]PIE: Play in editor start time for /Game/ThirdPersonBP/Maps/UEDPIE_0_level2 -0.051
[2017.11.17-02.09.09:018][203]LogBlueprintUserMessages: Late PlayInEditor Detection: Level '/Game/ThirdPersonBP/Maps/level2.level2:PersistentLevel' has LevelScriptBlueprint '/Game/ThirdPersonBP/Maps/level2.level2:PersistentLevel.level2' with GeneratedClass '/Game/ThirdPersonBP/Maps/level2.level2_C' with ClassGeneratedBy '/Game/ThirdPersonBP/Maps/level2.level2:PersistentLevel.level2'
[2017.11.17-02.09.12:185][358]LogBlueprintUserMessages: Early EndPlayMap Detection: Level '/Game/ThirdPersonBP/Maps/level2.level2:PersistentLevel' has LevelScriptBlueprint '/Game/ThirdPersonBP/Maps/level2.level2:PersistentLevel.level2' with GeneratedClass '/Game/ThirdPersonBP/Maps/level2.level2_C' with ClassGeneratedBy '/Game/ThirdPersonBP/Maps/level2.level2:PersistentLevel.level2'
[2017.11.17-02.09.12:230][358]LogBlueprintUserMessages: Late EndPlayMap Detection: Level '/Game/ThirdPersonBP/Maps/level2.level2:PersistentLevel' has LevelScriptBlueprint '/Game/ThirdPersonBP/Maps/level2.level2:PersistentLevel.level2' with GeneratedClass '/Game/ThirdPersonBP/Maps/level2.level2_C' with ClassGeneratedBy '/Game/ThirdPersonBP/Maps/level2.level2:PersistentLevel.level2'
[2017.11.17-02.09.13:935][477]LogTemp: Repeating last play command: Selected Viewport
[2017.11.17-02.09.13:966][477]LogBlueprintUserMessages: Early PlayInEditor Detection: Level '/Game/ThirdPersonBP/Maps/level2.level2:PersistentLevel' has LevelScriptBlueprint '/Game/ThirdPersonBP/Maps/level2.level2:PersistentLevel.level2' with GeneratedClass '/Game/ThirdPersonBP/Maps/level2.level2_C' with ClassGeneratedBy '/Game/ThirdPersonBP/Maps/level2.level2:PersistentLevel.level2'
[2017.11.17-02.09.13:967][477]LogPlayLevel: PlayLevel: No blueprints needed recompiling
[2017.11.17-02.09.13:967][477]PIE: New page: PIE session: level2 (Nov 16, 2017, 4:09:13 PM)
[2017.11.17-02.09.13:967][477]LogPlayLevel: Creating play world package: /Game/ThirdPersonBP/Maps/UEDPIE_0_level2
[2017.11.17-02.09.14:012][477]LogPlayLevel: PIE: StaticDuplicateObject took: (0.045573s)
[2017.11.17-02.09.14:014][477]LogAIModule: Creating AISystem for world level2
[2017.11.17-02.09.14:015][477]LogPlayLevel: PIE: World Init took: (0.001963s)
[2017.11.17-02.09.14:015][477]LogPlayLevel: PIE: Created PIE world by copying editor world from /Game/ThirdPersonBP/Maps/level2.level2 to /Game/ThirdPersonBP/Maps/UEDPIE_0_level2.level2 (0.048307s)
[2017.11.17-02.09.14:043][477]LogInit: XAudio2 using 'Speakers / Headphones (Realtek High Definition Audio)' : 2 channels at 48 kHz using 32 bits per sample (channel mask 0x3)
[2017.11.17-02.09.14:062][477]LogInit: FAudioDevice initialized.
[2017.11.17-02.09.14:095][477]LogLoad: Game class is 'ThirdPersonGameMode_C'
[2017.11.17-02.09.14:100][477]LogWorld: Bringing World /Game/ThirdPersonBP/Maps/UEDPIE_0_level2.level2 up for play (max tick rate 0) at 2017.11.16-21.09.14
[2017.11.17-02.09.14:101][477]LogWorld: Bringing up level for play took: 0.006137
[2017.11.17-02.09.14:103][477]PIE: Play in editor start time for /Game/ThirdPersonBP/Maps/UEDPIE_0_level2 1.034
[2017.11.17-02.09.14:103][477]LogBlueprintUserMessages: Late PlayInEditor Detection: Level '/Game/ThirdPersonBP/Maps/level2.level2:PersistentLevel' has LevelScriptBlueprint '/Game/ThirdPersonBP/Maps/level2.level2:PersistentLevel.level2' with GeneratedClass '/Game/ThirdPersonBP/Maps/level2.level2_C' with ClassGeneratedBy '/Game/ThirdPersonBP/Maps/level2.level2:PersistentLevel.level2'
[2017.11.17-02.09.19:226][764]LogBlueprintUserMessages: Early EndPlayMap Detection: Level '/Game/ThirdPersonBP/Maps/level2.level2:PersistentLevel' has LevelScriptBlueprint '/Game/ThirdPersonBP/Maps/level2.level2:PersistentLevel.level2' with GeneratedClass '/Game/ThirdPersonBP/Maps/level2.level2_C' with ClassGeneratedBy '/Game/ThirdPersonBP/Maps/level2.level2:PersistentLevel.level2'
[2017.11.17-02.09.19:267][764]LogBlueprintUserMessages: Late EndPlayMap Detection: Level '/Game/ThirdPersonBP/Maps/level2.level2:PersistentLevel' has LevelScriptBlueprint '/Game/ThirdPersonBP/Maps/level2.level2:PersistentLevel.level2' with GeneratedClass '/Game/ThirdPersonBP/Maps/level2.level2_C' with ClassGeneratedBy '/Game/ThirdPersonBP/Maps/level2.level2:PersistentLevel.level2'
[2017.11.17-02.09.26:139][136]LogContentBrowser: Native class hierarchy updated for 'BlueprintGraph' in 0.0007 seconds. Added 116 classes and 0 folders.
[2017.11.17-02.09.26:873][136]LogSlate: Took 0.000236 seconds to synchronously load lazily loaded font '../../../Engine/Content/Editor/Slate/Fonts/Roboto-BoldCondensed.ttf' (158K)
[2017.11.17-02.09.27:022][137]LogSlate: Took 0.001189 seconds to synchronously load lazily loaded font '../../../Engine/Content/Editor/Slate/Fonts/Roboto-Italic.ttf' (157K)
[2017.11.17-02.09.30:429][290]LogTemp: Repeating last play command: Selected Viewport
[2017.11.17-02.09.30:474][290]LogBlueprintUserMessages: Early PlayInEditor Detection: Level '/Game/ThirdPersonBP/Maps/level2.level2:PersistentLevel' has LevelScriptBlueprint '/Game/ThirdPersonBP/Maps/level2.level2:PersistentLevel.level2' with GeneratedClass '/Game/ThirdPersonBP/Maps/level2.level2_C' with ClassGeneratedBy '/Game/ThirdPersonBP/Maps/level2.level2:PersistentLevel.level2'
[2017.11.17-02.09.30:474][290]LogPlayLevel: PlayLevel: No blueprints needed recompiling
[2017.11.17-02.09.30:474][290]PIE: New page: PIE session: level2 (Nov 16, 2017, 4:09:30 PM)
[2017.11.17-02.09.30:474][290]LogPlayLevel: Creating play world package: /Game/ThirdPersonBP/Maps/UEDPIE_0_level2
[2017.11.17-02.09.30:532][290]LogPlayLevel: PIE: StaticDuplicateObject took: (0.057474s)
[2017.11.17-02.09.30:533][290]LogAIModule: Creating AISystem for world level2
[2017.11.17-02.09.30:533][290]LogPlayLevel: PIE: World Init took: (0.001410s)
[2017.11.17-02.09.30:534][290]LogPlayLevel: PIE: Created PIE world by copying editor world from /Game/ThirdPersonBP/Maps/level2.level2 to /Game/ThirdPersonBP/Maps/UEDPIE_0_level2.level2 (0.059444s)
[2017.11.17-02.09.30:563][290]LogInit: XAudio2 using 'Speakers / Headphones (Realtek High Definition Audio)' : 2 channels at 48 kHz using 32 bits per sample (channel mask 0x3)
[2017.11.17-02.09.30:582][290]LogInit: FAudioDevice initialized.
[2017.11.17-02.09.30:619][290]LogLoad: Game class is 'ThirdPersonGameMode_C'
[2017.11.17-02.09.30:624][290]LogWorld: Bringing World /Game/ThirdPersonBP/Maps/UEDPIE_0_level2.level2 up for play (max tick rate 0) at 2017.11.16-21.09.30
[2017.11.17-02.09.30:625][290]LogWorld: Bringing up level for play took: 0.005630
[2017.11.17-02.09.30:627][290]PIE: Play in editor start time for /Game/ThirdPersonBP/Maps/UEDPIE_0_level2 -0.441
[2017.11.17-02.09.30:628][290]LogBlueprintUserMessages: Late PlayInEditor Detection: Level '/Game/ThirdPersonBP/Maps/level2.level2:PersistentLevel' has LevelScriptBlueprint '/Game/ThirdPersonBP/Maps/level2.level2:PersistentLevel.level2' with GeneratedClass '/Game/ThirdPersonBP/Maps/level2.level2_C' with ClassGeneratedBy '/Game/ThirdPersonBP/Maps/level2.level2:PersistentLevel.level2'
[2017.11.17-02.09.38:590][579]LogBlueprintUserMessages: Early EndPlayMap Detection: Level '/Game/ThirdPersonBP/Maps/level2.level2:PersistentLevel' has LevelScriptBlueprint '/Game/ThirdPersonBP/Maps/level2.level2:PersistentLevel.level2' with GeneratedClass '/Game/ThirdPersonBP/Maps/level2.level2_C' with ClassGeneratedBy '/Game/ThirdPersonBP/Maps/level2.level2:PersistentLevel.level2'
[2017.11.17-02.09.38:642][579]LogBlueprintUserMessages: Late EndPlayMap Detection: Level '/Game/ThirdPersonBP/Maps/level2.level2:PersistentLevel' has LevelScriptBlueprint '/Game/ThirdPersonBP/Maps/level2.level2:PersistentLevel.level2' with GeneratedClass '/Game/ThirdPersonBP/Maps/level2.level2_C' with ClassGeneratedBy '/Game/ThirdPersonBP/Maps/level2.level2:PersistentLevel.level2'
[2017.11.17-02.09.42:104][709]MapCheck: New page: Map Check
[2017.11.17-02.09.42:183][709]Cmd: MAP REBUILD ALLVISIBLE
[2017.11.17-02.09.42:186][709]LogEditorServer: Rebuildmap Clear paths rebuilt
[2017.11.17-02.09.42:891][709]LogMaterial: Missing cached shader map for material FDebugViewModeMaterialProxy WorldGridMaterial, compiling. Is special engine material.
[2017.11.17-02.09.43:060][709]LogMaterial: Missing cached shader map for material FDebugViewModeMaterialProxy M_Metal_Gold, compiling. 
[2017.11.17-02.09.43:083][709]LogMaterial: Missing cached shader map for material FDebugViewModeMaterialProxy MaterialInstanceDynamic_2, compiling. 
[2017.11.17-02.09.43:149][709]LogMaterial: Missing cached shader map for material FDebugViewModeMaterialProxy M_Basic_Wall, compiling. 
[2017.11.17-02.09.43:177][709]LogMaterial: Missing cached shader map for material FDebugViewModeMaterialProxy M_Fire_SubUV, compiling. 
[2017.11.17-02.09.43:208][709]LogMaterial: Missing cached shader map for material FDebugViewModeMaterialProxy M_smoke_subUV, compiling. 
[2017.11.17-02.09.43:268][709]LogMaterial: Missing cached shader map for material FDebugViewModeMaterialProxy M_Radial_Gradient, compiling. 
[2017.11.17-02.09.43:293][709]LogMaterial: Missing cached shader map for material FDebugViewModeMaterialProxy M_Heat_Distortion, compiling. 
[2017.11.17-02.09.43:319][709]LogMaterial: Missing cached shader map for material FDebugViewModeMaterialProxy M_Metal_Copper, compiling. 
[2017.11.17-02.09.43:381][709]LogMaterial: Missing cached shader map for material FDebugViewModeMaterialProxy M_Tech_Hex_Tile_Pulse, compiling. 
[2017.11.17-02.09.43:420][709]LogMaterial: Missing cached shader map for material FDebugViewModeMaterialProxy MatineeCam_mat, compiling. 
[2017.11.17-02.09.47:765][709]TextureStreamingBuild: Display: Compiling optional shaders took 4.903 seconds.
[2017.11.17-02.09.47:886][709]LogLevel: Display: Export Material TexCoord Scales took 0.121 seconds.
[2017.11.17-02.09.47:939][709]TextureStreamingBuild: Display: Build Texture Streaming took 0.053 seconds.
[2017.11.17-02.09.47:979][709]LightingResults: New page: Lighting Build - Nov 16, 2017, 4:09:47 PM
[2017.11.17-02.09.48:561][709]LogSwarmInterface: [OpenConnection] Registering TCP channel ...
[2017.11.17-02.09.48:850][709]LogSwarmInterface: [OpenConnection] Connecting to agent ...
[2017.11.17-02.09.49:620][709]LogSwarmInterface: [TryOpenConnection] Testing the Agent
[2017.11.17-02.09.52:491][709]LogSwarmInterface: Error: [TryOpenConnection] Waiting for the agent to start up ...
[2017.11.17-02.09.52:538][709]LogSwarmInterface: Error: System.Net.Sockets.SocketException (0x80004005): No connection could be made because the target machine actively refused it 127.0.0.1:8008

Server stack trace: 
   at System.Net.Sockets.Socket.DoConnect(EndPoint endPointSnapshot, SocketAddress socketAddress)
   at System.Net.Sockets.Socket.Connect(EndPoint remoteEP)
   at System.Runtime.Remoting.Channels.RemoteConnection.CreateNewSocket(EndPoint ipEndPoint)
   at System.Runtime.Remoting.Channels.SocketCache.GetSocket(String machinePortAndSid, Boolean openNew)
   at System.Runtime.Remoting.Channels.Tcp.TcpClientTransportSink.SendRequestWithRetry(IMessage msg, ITransportHeaders requestHeaders, Stream requestStream)
   at System.Runtime.Remoting.Channels.Tcp.TcpClientTransportSink.AsyncProcessRequest(IClientChannelSinkStack sinkStack, IMessage msg, ITransportHeaders headers, Stream stream)
   at System.Runtime.Remoting.Channels.BinaryClientFormatterSink.AsyncProcessMessage(IMessage msg, IMessageSink replySink)

Exception rethrown at [0]: 
   at System.Runtime.Remoting.Proxies.RealProxy.HandleReturnMessage(IMessage reqMsg, IMessage retMsg)
   at System.Runtime.Remoting.Proxies.RealProxy.PrivateInvoke(MessageData& msgData, Int32 type)
   at NSwarm.IAgentInterfaceWrapper.MethodDelegate.EndInvoke(Hashtable& OutParameters, IAsyncResult result)
   at NSwarm.FSwarmInterface.TryOpenConnection(FConnectionCallback CallbackFunc, IntPtr CallbackData, ELogFlags LoggingFlags)
[2017.11.17-02.09.57:586][709]LogSwarmInterface: [TryOpenConnection] Opening Connection to Agent
[2017.11.17-02.09.57:586][709]LogSwarmInterface: [TryOpenConnection] Local Process ID is 4444
[2017.11.17-02.10.05:395][709]LightingResults: Warning: No importance volume found and the scene is so large that the automatically synthesized volume will not yield good results.  Please add a tightly bounding lightmass importance volume to optimize your scene's quality and lighting build times.
[2017.11.17-02.10.05:406][709]LogStaticLightingSystem: Running Lightmass w/ ImmediateImport mode ENABLED
[2017.11.17-02.10.05:406][709]LogStaticLightingSystem: Running Lightmass w/ ImmediateProcess mode ENABLED
[2017.11.17-02.10.05:406][709]LogStaticLightingSystem: Running Lightmass w/ Sorting mode ENABLED
[2017.11.17-02.10.05:406][709]LogStaticLightingSystem: Running Lightmass w/ Mapping paddings ENABLED
[2017.11.17-02.10.05:406][709]LogStaticLightingSystem: Running Lightmass w/ Mapping debug paddings DISABLED
[2017.11.17-02.10.06:374][709]Cmd: MAP CHECK DONTDISPLAYDIALOG
[2017.11.17-02.10.06:374][709]MapCheck: New page: level2 - Nov 16, 2017, 4:10:06 PM
[2017.11.17-02.10.06:487][709]MapCheck: Warning: Linear_Stair_StaticMesh24 Linear_Stair_StaticMesh24 is in the same location as Linear_Stair_StaticMesh83 
[2017.11.17-02.10.06:514][709]MapCheck: Error: Linear_Stair_StaticMesh4_7 Linear_Stair_StaticMesh4_7 : Invalid DrawScale/DrawScale3D 
[2017.11.17-02.10.06:514][709]MapCheck: Warning: Linear_Stair_StaticMesh83 Linear_Stair_StaticMesh83 is in the same location as Linear_Stair_StaticMesh24 
[2017.11.17-02.10.06:515][709]MapCheck: Error: WorldInfo_0 Maps need lighting rebuilt 
[2017.11.17-02.10.06:631][709]MapCheck: Map check complete: 2 Error(s), 2 Warning(s), took 256.572ms to complete.
[2017.11.17-02.10.06:654][709]LogEditorBuildUtils: Build time 0:24
[2017.11.17-02.10.34:919][881]Job is a success!
[2017.11.17-02.10.35:514][882]LogVolumetricLightmapImport: Imported Volumetric Lightmap in 0.106s
[2017.11.17-02.10.35:514][882]LogVolumetricLightmapImport:      Indirection Texture 32x32x32 = 0.1Mb
[2017.11.17-02.10.35:514][882]LogVolumetricLightmapImport:      BrickData 550x5x5 = 0.4Mb
[2017.11.17-02.10.35:514][882]LogVolumetricLightmapImport:      Bricks at Level
[2017.11.17-02.10.35:514][882]LogVolumetricLightmapImport:          0: 7.3% covering 100.0% of volume
[2017.11.17-02.10.35:514][882]LogVolumetricLightmapImport:          1: 12.7% covering 2.7% of volume
[2017.11.17-02.10.35:514][882]LogVolumetricLightmapImport:          2: 80.0% covering 0.3% of volume
[2017.11.17-02.10.41:275][882]LogTexture: Display: Building textures: SkyOcclusion0_1 (AutoDXT, 1024X512)
[2017.11.17-02.10.41:275][882]LogTexture: Display: Building textures: HQ_Lightmap0_1 (AutoDXT, 1024X1024)
[2017.11.17-02.10.41:275][882]LogTexture: Display: Building textures: LQ_Lightmap_0_1 (DXT1, 1024X1024)
[2017.11.17-02.10.41:275][882]LogTexture: Display: Building textures: SkyOcclusion0_2 (AutoDXT, 1024X512)
[2017.11.17-02.10.41:275][882]LogTexture: Display: Building textures: HQ_Lightmap0_2 (AutoDXT, 1024X1024)
[2017.11.17-02.10.41:275][882]LogTexture: Display: Building textures: LQ_Lightmap_0_2 (DXT1, 1024X1024)
[2017.11.17-02.10.41:275][882]LogTexture: Display: Building textures: SkyOcclusion0_3 (AutoDXT, 1024X512)
[2017.11.17-02.10.41:275][882]LogTexture: Display: Building textures: HQ_Lightmap0_3 (AutoDXT, 1024X1024)
[2017.11.17-02.10.41:275][882]LogTexture: Display: Building textures: LQ_Lightmap_0_3 (DXT1, 1024X1024)
[2017.11.17-02.10.41:275][882]LogTexture: Display: Building textures: SkyOcclusion0_4 (AutoDXT, 512X256)
[2017.11.17-02.10.41:275][882]LogTexture: Display: Building textures: HQ_Lightmap0_4 (AutoDXT, 512X512)
[2017.11.17-02.10.41:275][882]LogTexture: Display: Building textures: LQ_Lightmap_0_4 (DXT1, 512X512)
[2017.11.17-02.10.41:275][882]LogTexture: Display: Building textures: SkyOcclusion0_5 (AutoDXT, 256X128)
[2017.11.17-02.10.41:275][882]LogTexture: Display: Building textures: LQ_Lightmap_0_5 (DXT1, 256X256)
[2017.11.17-02.10.41:275][882]LogTexture: Display: Building textures: SkyOcclusion0_6 (AutoDXT, 64X32)
[2017.11.17-02.10.41:275][882]LogTexture: Display: Building textures: HQ_Lightmap0_6 (AutoDXT, 64X64)
[2017.11.17-02.10.41:275][882]LogTexture: Display: Building textures: LQ_Lightmap_0_6 (DXT1, 64X64)
[2017.11.17-02.10.41:275][882]LogTexture: Display: Building textures: HQ_Lightmap0_5 (AutoDXT, 256X256)
[2017.11.17-02.10.42:102][882]LogTexture: Display: Building textures: ShadowMapTexture2D_0 (G8, 1024X512)
[2017.11.17-02.10.42:302][882]LogTexture: Display: Building textures: ShadowMapTexture2D_1 (G8, 1024X512)
[2017.11.17-02.10.42:540][882]LogTexture: Display: Building textures: ShadowMapTexture2D_2 (G8, 1024X1024)
[2017.11.17-02.10.42:540][882]LogTexture: Display: Building textures: ShadowMapTexture2D_3 (G8, 32X32)
[2017.11.17-02.10.42:900][882]Lightmass on DESKTOP-A38DQ21: 31.5 sec total, 1.39 sec importing, 113 ms setup, 3.73 sec photons, 25.9 sec processing, 0 ms extra exporting [107/107 mappings]. Threads: 1:43 min total, 49.3 sec processing.
[2017.11.17-02.10.42:990][882]LogStaticLightingSystem: Illumination: 54.6 sec (5.38 sec encoding lightmaps, 1.27 sec encoding shadowmaps)
[2017.11.17-02.10.42:990][882]LogStaticLightingSystem: Lightmap texture memory:  8.8 MB (8.8 MB streaming, 0.0 MB non-streaming), 12 textures
[2017.11.17-02.10.42:990][882]LogStaticLightingSystem: Shadowmap texture memory: 2.7 MB (2.7 MB streaming, 0.0 MB non-streaming), 4 textures
[2017.11.17-02.10.43:397][882]DumpUnbuiltLightIteractions
[2017.11.17-02.10.43:397][882]Lights with unbuilt interactions: 0
[2017.11.17-02.10.43:397][882]
[2017.11.17-02.10.43:397][882]Primitives with unbuilt interactions: 0
[2017.11.17-02.10.43:440][883]Cmd: MAP CHECK NOTIFYRESULTS
[2017.11.17-02.10.43:440][883]MapCheck: New page: level2 - Nov 16, 2017, 4:10:43 PM
[2017.11.17-02.10.43:441][883]MapCheck: Warning: Linear_Stair_StaticMesh24 Linear_Stair_StaticMesh24 is in the same location as Linear_Stair_StaticMesh83 
[2017.11.17-02.10.43:442][883]MapCheck: Error: Linear_Stair_StaticMesh4_7 Linear_Stair_StaticMesh4_7 : Invalid DrawScale/DrawScale3D 
[2017.11.17-02.10.43:443][883]MapCheck: Warning: Linear_Stair_StaticMesh83 Linear_Stair_StaticMesh83 is in the same location as Linear_Stair_StaticMesh24 
[2017.11.17-02.10.43:635][883]MapCheck: Map check complete: 1 Error(s), 2 Warning(s), took 195.034ms to complete.
[2017.11.17-02.10.50:849][982]LogTemp: Repeating last play command: Selected Viewport
[2017.11.17-02.10.50:882][982]LogBlueprintUserMessages: Early PlayInEditor Detection: Level '/Game/ThirdPersonBP/Maps/level2.level2:PersistentLevel' has LevelScriptBlueprint '/Game/ThirdPersonBP/Maps/level2.level2:PersistentLevel.level2' with GeneratedClass '/Game/ThirdPersonBP/Maps/level2.level2_C' with ClassGeneratedBy '/Game/ThirdPersonBP/Maps/level2.level2:PersistentLevel.level2'
[2017.11.17-02.10.50:882][982]LogPlayLevel: PlayLevel: No blueprints needed recompiling
[2017.11.17-02.10.50:883][982]PIE: New page: PIE session: level2 (Nov 16, 2017, 4:10:50 PM)
[2017.11.17-02.10.50:883][982]LogPlayLevel: Creating play world package: /Game/ThirdPersonBP/Maps/UEDPIE_0_level2
[2017.11.17-02.10.50:923][982]LogPlayLevel: PIE: StaticDuplicateObject took: (0.039904s)
[2017.11.17-02.10.50:924][982]LogAIModule: Creating AISystem for world level2
[2017.11.17-02.10.50:924][982]LogPlayLevel: PIE: World Init took: (0.001558s)
[2017.11.17-02.10.50:925][982]LogPlayLevel: PIE: Created PIE world by copying editor world from /Game/ThirdPersonBP/Maps/level2.level2 to /Game/ThirdPersonBP/Maps/UEDPIE_0_level2.level2 (0.042102s)
[2017.11.17-02.10.50:954][982]LogInit: XAudio2 using 'Speakers / Headphones (Realtek High Definition Audio)' : 2 channels at 48 kHz using 32 bits per sample (channel mask 0x3)
[2017.11.17-02.10.50:975][982]LogInit: FAudioDevice initialized.
[2017.11.17-02.10.51:009][982]LogLoad: Game class is 'ThirdPersonGameMode_C'
[2017.11.17-02.10.51:015][982]LogWorld: Bringing World /Game/ThirdPersonBP/Maps/UEDPIE_0_level2.level2 up for play (max tick rate 0) at 2017.11.16-21.10.51
[2017.11.17-02.10.51:016][982]LogWorld: Bringing up level for play took: 0.006118
[2017.11.17-02.10.51:019][982]PIE: Play in editor start time for /Game/ThirdPersonBP/Maps/UEDPIE_0_level2 -0.049
[2017.11.17-02.10.51:019][982]LogBlueprintUserMessages: Late PlayInEditor Detection: Level '/Game/ThirdPersonBP/Maps/level2.level2:PersistentLevel' has LevelScriptBlueprint '/Game/ThirdPersonBP/Maps/level2.level2:PersistentLevel.level2' with GeneratedClass '/Game/ThirdPersonBP/Maps/level2.level2_C' with ClassGeneratedBy '/Game/ThirdPersonBP/Maps/level2.level2:PersistentLevel.level2'
[2017.11.17-02.11.18:755][935]LogBlueprintUserMessages: Early EndPlayMap Detection: Level '/Game/ThirdPersonBP/Maps/level2.level2:PersistentLevel' has LevelScriptBlueprint '/Game/ThirdPersonBP/Maps/level2.level2:PersistentLevel.level2' with GeneratedClass '/Game/ThirdPersonBP/Maps/level2.level2_C' with ClassGeneratedBy '/Game/ThirdPersonBP/Maps/level2.level2:PersistentLevel.level2'
[2017.11.17-02.11.18:816][935]LogBlueprintUserMessages: Late EndPlayMap Detection: Level '/Game/ThirdPersonBP/Maps/level2.level2:PersistentLevel' has LevelScriptBlueprint '/Game/ThirdPersonBP/Maps/level2.level2:PersistentLevel.level2' with GeneratedClass '/Game/ThirdPersonBP/Maps/level2.level2_C' with ClassGeneratedBy '/Game/ThirdPersonBP/Maps/level2.level2:PersistentLevel.level2'
[2017.11.17-02.11.22:550][ 75]LogSavePackage: Save=600.36ms
[2017.11.17-02.11.22:550][ 75]LogSavePackage: Moving '../../../../../../Users/z1hwa/Documents/GitHub/Project-Heave-Final/Saved/level2F97213A84187ABFDF6C17CB78BEA71B9.tmp' to '../../../../../../Users/z1hwa/Documents/GitHub/Project-Heave-Final/Content/ThirdPersonBP/Maps/level2.umap'
[2017.11.17-02.11.22:558][ 75]LogSavePackage: Display: Finished SavePackage ../../../../../../Users/z1hwa/Documents/GitHub/Project-Heave-Final/Content/ThirdPersonBP/Maps/level2.umap
[2017.11.17-02.11.24:029][ 75]LogSavePackage: Save=1399.20ms
[2017.11.17-02.11.24:029][ 75]LogSavePackage: Moving '../../../../../../Users/z1hwa/Documents/GitHub/Project-Heave-Final/Saved/level2_BuiltData9BD8C5844924BB9CE09E78AA9B5E57C7.tmp' to '../../../../../../Users/z1hwa/Documents/GitHub/Project-Heave-Final/Content/ThirdPersonBP/Maps/level2_BuiltData.uasset'
[2017.11.17-02.11.24:034][ 75]LogSavePackage: Display: Finished SavePackage ../../../../../../Users/z1hwa/Documents/GitHub/Project-Heave-Final/Content/ThirdPersonBP/Maps/level2_BuiltData.uasset
[2017.11.17-02.12.55:860][530]LogEditorViewport: Clicking on Actor (LMB): BP_Sky_Sphere_C (SkySphereBlueprint2)
[2017.11.17-02.21.24:944][187]LogSavePackage: Save=1531.70ms
[2017.11.17-02.21.24:944][187]LogSavePackage: Moving '../../../../../../Users/z1hwa/Documents/GitHub/Project-Heave-Final/Saved/level2_Auto1BAFA6BB14940AA9088F356B94BDD6068.tmp' to '../../../../../../Users/z1hwa/Documents/GitHub/Project-Heave-Final/Saved/Autosaves/Game/ThirdPersonBP/Maps/level2_Auto1.umap'
[2017.11.17-02.21.24:947][187]LogSavePackage: Display: Finished SavePackage ../../../../../../Users/z1hwa/Documents/GitHub/Project-Heave-Final/Saved/Autosaves/Game/ThirdPersonBP/Maps/level2_Auto1.umap
[2017.11.17-02.21.24:965][187]LogFileHelpers: Editor autosave (incl. sublevels) for '/Game/ThirdPersonBP/Maps/level2' took 2.538
[2017.11.17-02.21.24:965][187]LogFileHelpers: Editor autosave (incl. sublevels) for all levels took 2.538
[2017.11.17-02.35.15:590][562]LogDirectoryWatcher: A directory notification failed for 'C:/Users/z1hwa/Documents/GitHub/Project-Heave-Final/Content/Collections/' because it could not be accessed. Aborting watch request...
[2017.11.17-02.35.15:590][562]LogDirectoryWatcher: A directory notification failed for 'C:/Users/z1hwa/Documents/GitHub/Project-Heave-Final/Content/Developers/z1hwa/Collections/' because it could not be accessed. Aborting watch request...
[2017.11.17-02.35.15:923][563]LogDirectoryWatcher: A directory notification failed for 'C:/Users/z1hwa/Documents/GitHub/Project-Heave-Final/Saved/Collections/' because it could not be accessed. Aborting watch request...
[2017.11.17-02.35.33:251][649]LogSavePackage: Save=999.60ms
[2017.11.17-02.35.33:251][649]LogSavePackage: Moving '../../../../../../Users/z1hwa/Documents/GitHub/Project-Heave-Final/Saved/level2323FB66647480C8EB4E909B40CE9D880.tmp' to '../../../../../../Users/z1hwa/Documents/GitHub/Project-Heave-Final/Content/ThirdPersonBP/Maps/level2.umap'
[2017.11.17-02.35.33:267][649]LogSavePackage: Display: Finished SavePackage ../../../../../../Users/z1hwa/Documents/GitHub/Project-Heave-Final/Content/ThirdPersonBP/Maps/level2.umap
[2017.11.17-02.35.33:366][649]LogFileHelpers: Saving map 'level2' took 1.414
[2017.11.17-02.35.34:383][650]Cmd: QUIT_EDITOR
[2017.11.17-02.35.35:736][650]LogWindowsTextInputMethodSystem: Display: IME system now deactivated.
[2017.11.17-02.35.35:736][650]LogWindowsTextInputMethodSystem: Display: IME system now deactivated.
[2017.11.17-02.35.35:829][650]LogExit: Preparing to exit.
[2017.11.17-02.35.37:483][650]LogDirectoryWatcher: A directory notification for 'C:/Users/z1hwa/Documents/GitHub/Project-Heave-Final/Content/' was aborted.
[2017.11.17-02.35.37:902][650]LogExit: Editor shut down
[2017.11.17-02.35.37:949][650]LogExit: Transaction tracking system shut down
[2017.11.17-02.35.38:613][650]LogDirectoryWatcher: A directory notification for '../../../Engine/Content/' was aborted.
[2017.11.17-02.35.38:614][650]LogDirectoryWatcher: A directory notification for '../../../../../../Users/z1hwa/Documents/GitHub/Project-Heave-Final/Content/' was aborted.
[2017.11.17-02.35.38:614][650]LogDirectoryWatcher: A directory notification for '../../../Engine/Plugins/2D/Paper2D/Content/' was aborted.
[2017.11.17-02.35.38:615][650]LogDirectoryWatcher: A directory notification for '../../../Engine/Plugins/Media/MediaCompositing/Content/' was aborted.
[2017.11.17-02.35.38:615][650]LogDirectoryWatcher: A directory notification for '../../../Engine/Plugins/Runtime/AppleARKit/Content/' was aborted.
[2017.11.17-02.35.38:615][650]LogDirectoryWatcher: A directory notification for '../../../Engine/Plugins/Runtime/Oculus/OculusVR/Content/' was aborted.
[2017.11.17-02.35.38:615][650]LogDirectoryWatcher: A directory notification for '../../../Engine/Plugins/Runtime/Steam/SteamVR/Content/' was aborted.
[2017.11.17-02.35.41:591][650]LogExit: Object subsystem successfully closed.
[2017.11.17-02.35.42:230][650]LogD3D11RHI: Shutdown
[2017.11.17-02.35.42:253][650]LogD3D11RHI: CleanupD3DDevice
[2017.11.17-02.35.42:415][650]LogD3D11RHI: ~FD3D11DynamicRHI
[2017.11.17-02.35.45:001][650]LogModuleManager: Shutting down and abandoning module HierarchicalLODUtilities (554)
[2017.11.17-02.35.45:020][650]LogModuleManager: Shutting down and abandoning module BlueprintGraph (552)
[2017.11.17-02.35.45:020][650]LogModuleManager: Shutting down and abandoning module MovieSceneCapture (550)
[2017.11.17-02.35.45:020][650]LogModuleManager: Shutting down and abandoning module StatsViewer (548)
[2017.11.17-02.35.45:043][650]LogModuleManager: Shutting down and abandoning module HierarchicalLODOutliner (546)
[2017.11.17-02.35.45:043][650]LogModuleManager: Shutting down and abandoning module SceneOutliner (544)
[2017.11.17-02.35.45:043][650]LogModuleManager: Shutting down and abandoning module AddContentDialog (542)
[2017.11.17-02.35.45:062][650]LogDirectoryWatcher: A directory notification for 'C:/Program Files/Epic Games/UE_4.18/FeaturePacks/' was aborted.
[2017.11.17-02.35.45:090][650]LogModuleManager: Shutting down and abandoning module WidgetCarousel (541)
[2017.11.17-02.35.45:090][650]LogModuleManager: Shutting down and abandoning module EditorWidgets (538)
[2017.11.17-02.35.45:091][650]LogModuleManager: Shutting down and abandoning module CollectionManager (536)
[2017.11.17-02.35.45:104][650]LogModuleManager: Shutting down and abandoning module FoliageEdit (534)
[2017.11.17-02.35.45:130][650]LogModuleManager: Shutting down and abandoning module LandscapeEditor (532)
[2017.11.17-02.35.45:178][650]LogModuleManager: Shutting down and abandoning module MeshPaintMode (530)
[2017.11.17-02.35.45:183][650]LogModuleManager: Shutting down and abandoning module SceneDepthPickerMode (528)
[2017.11.17-02.35.45:183][650]LogModuleManager: Shutting down and abandoning module ActorPickerMode (526)
[2017.11.17-02.35.45:183][650]LogModuleManager: Shutting down and abandoning module GeometryMode (524)
[2017.11.17-02.35.45:183][650]LogModuleManager: Shutting down and abandoning module TextureAlignMode (522)
[2017.11.17-02.35.45:183][650]LogModuleManager: Shutting down and abandoning module BspMode (520)
[2017.11.17-02.35.45:183][650]LogModuleManager: Shutting down and abandoning module PIEPreviewDeviceProfileSelector (518)
[2017.11.17-02.35.45:183][650]LogModuleManager: Shutting down and abandoning module HardwareSurvey (516)
[2017.11.17-02.35.45:184][650]LogModuleManager: Shutting down and abandoning module SequenceRecorderSections (514)
[2017.11.17-02.35.45:190][650]LogModuleManager: Shutting down and abandoning module AutomationWorker (512)
[2017.11.17-02.35.45:205][650]LogModuleManager: Shutting down and abandoning module MatineeToLevelSequence (510)
[2017.11.17-02.35.45:216][650]LogModuleManager: Shutting down and abandoning module LevelSequenceEditor (508)
[2017.11.17-02.35.45:377][650]LogModuleManager: Shutting down and abandoning module PlacementMode (507)
[2017.11.17-02.35.45:377][650]LogModuleManager: Shutting down and abandoning module WmfMediaFactory (504)
[2017.11.17-02.35.45:377][650]LogModuleManager: Shutting down and abandoning module WmfMediaEditor (502)
[2017.11.17-02.35.45:378][650]LogModuleManager: Shutting down and abandoning module OpenExrWrapper (500)
[2017.11.17-02.35.45:378][650]LogModuleManager: Shutting down and abandoning module ImgMediaFactory (498)
[2017.11.17-02.35.45:378][650]LogModuleManager: Shutting down and abandoning module ImgMediaEditor (496)
[2017.11.17-02.35.45:378][650]LogModuleManager: Shutting down and abandoning module AvfMediaFactory (494)
[2017.11.17-02.35.45:378][650]LogModuleManager: Shutting down and abandoning module AvfMediaEditor (492)
[2017.11.17-02.35.45:378][650]LogModuleManager: Shutting down and abandoning module AndroidMediaFactory (490)
[2017.11.17-02.35.45:378][650]LogModuleManager: Shutting down and abandoning module AndroidMediaEditor (488)
[2017.11.17-02.35.45:378][650]LogModuleManager: Shutting down and abandoning module CharacterAI (486)
[2017.11.17-02.35.45:378][650]LogModuleManager: Shutting down and abandoning module AudioCapture (484)
[2017.11.17-02.35.45:410][650]LogModuleManager: Shutting down and abandoning module SequenceRecorder (483)
[2017.11.17-02.35.45:411][650]LogModuleManager: Shutting down and abandoning module SmartSnapping (480)
[2017.11.17-02.35.45:412][650]LogModuleManager: Shutting down and abandoning module SessionServices (478)
[2017.11.17-02.35.45:412][650]LogModuleManager: Shutting down and abandoning module ViewportSnapping (476)
[2017.11.17-02.35.45:412][650]LogModuleManager: Shutting down and abandoning module ViewportInteraction (474)
[2017.11.17-02.35.45:412][650]LogModuleManager: Shutting down and abandoning module ClothPainter (472)
[2017.11.17-02.35.45:504][650]LogModuleManager: Shutting down and abandoning module SkeletalMeshEditor (471)
[2017.11.17-02.35.45:520][650]LogModuleManager: Shutting down and abandoning module LogVisualizer (468)
[2017.11.17-02.35.45:562][650]LogModuleManager: Shutting down and abandoning module IntroTutorials (466)
[2017.11.17-02.35.45:664][650]LogModuleManager: Shutting down and abandoning module GameProjectGeneration (465)
[2017.11.17-02.35.45:707][650]LogModuleManager: Shutting down and abandoning module IOSPlatformEditor (462)
[2017.11.17-02.35.45:716][650]LogModuleManager: Shutting down and abandoning module HTML5PlatformEditor (460)
[2017.11.17-02.35.45:716][650]LogModuleManager: Shutting down and abandoning module AndroidPlatformEditor (458)
[2017.11.17-02.35.45:716][650]LogModuleManager: Shutting down and abandoning module AndroidDeviceDetection (457)
[2017.11.17-02.35.46:415][650]LogModuleManager: Shutting down and abandoning module WindowsPlatformEditor (454)
[2017.11.17-02.35.46:416][650]LogModuleManager: Shutting down and abandoning module IOSRuntimeSettings (452)
[2017.11.17-02.35.46:416][650]LogModuleManager: Shutting down and abandoning module AndroidRuntimeSettings (450)
[2017.11.17-02.35.46:416][650]LogModuleManager: Shutting down and abandoning module InputBindingEditor (448)
[2017.11.17-02.35.46:433][650]LogModuleManager: Shutting down and abandoning module MergeActors (446)
[2017.11.17-02.35.46:446][650]LogModuleManager: Shutting down and abandoning module SizeMap (444)
[2017.11.17-02.35.46:446][650]LogModuleManager: Shutting down and abandoning module TreeMap (442)
[2017.11.17-02.35.46:466][650]LogModuleManager: Shutting down and abandoning module ReferenceViewer (440)
[2017.11.17-02.35.46:466][650]LogModuleManager: Shutting down and abandoning module LocalizationDashboard (438)
[2017.11.17-02.35.46:474][650]LogModuleManager: Shutting down and abandoning module LocalizationService (437)
[2017.11.17-02.35.46:482][650]LogModuleManager: Shutting down and abandoning module HardwareTargeting (434)
[2017.11.17-02.35.46:482][650]LogModuleManager: Shutting down and abandoning module DeviceProfileEditor (432)
[2017.11.17-02.35.46:482][650]LogModuleManager: Shutting down and abandoning module UndoHistory (430)
[2017.11.17-02.35.46:482][650]LogModuleManager: Shutting down and abandoning module XmlParser (428)
[2017.11.17-02.35.46:512][650]LogModuleManager: Shutting down and abandoning module Blutility (426)
[2017.11.17-02.35.46:512][650]LogModuleManager: Shutting down and abandoning module ProjectSettingsViewer (424)
[2017.11.17-02.35.46:513][650]LogModuleManager: Shutting down and abandoning module ProjectTargetPlatformEditor (423)
[2017.11.17-02.35.46:513][650]LogModuleManager: Shutting down and abandoning module EditorSettingsViewer (420)
[2017.11.17-02.35.46:513][650]LogModuleManager: Shutting down and abandoning module SettingsEditor (418)
[2017.11.17-02.35.46:532][650]LogModuleManager: Shutting down and abandoning module ProjectLauncher (416)
[2017.11.17-02.35.46:549][650]LogModuleManager: Shutting down and abandoning module SessionFrontend (414)
[2017.11.17-02.35.46:566][650]LogModuleManager: Shutting down and abandoning module ProfilerClient (412)
[2017.11.17-02.35.46:587][650]LogModuleManager: Shutting down and abandoning module DeviceManager (410)
[2017.11.17-02.35.46:607][650]LogModuleManager: Shutting down and abandoning module TargetDeviceServices (409)
[2017.11.17-02.35.46:671][650]LogModuleManager: Shutting down and abandoning module AutomationController (406)
[2017.11.17-02.35.46:704][650]LogModuleManager: Shutting down and abandoning module AutomationWindow (404)
[2017.11.17-02.35.46:752][650]LogModuleManager: Shutting down and abandoning module Layers (402)
[2017.11.17-02.35.46:789][650]LogModuleManager: Shutting down and abandoning module ComponentVisualizers (400)
[2017.11.17-02.35.46:790][650]LogModuleManager: Shutting down and abandoning module DetailCustomizations (398)
[2017.11.17-02.35.46:862][650]LogModuleManager: Shutting down and abandoning module PackagesDialog (396)
[2017.11.17-02.35.46:864][650]LogModuleManager: Shutting down and abandoning module Persona (394)
[2017.11.17-02.35.46:932][650]LogModuleManager: Shutting down and abandoning module AdvancedPreviewScene (393)
[2017.11.17-02.35.46:932][650]LogModuleManager: Shutting down and abandoning module AnimGraph (391)
[2017.11.17-02.35.46:932][650]LogModuleManager: Shutting down and abandoning module Kismet (388)
[2017.11.17-02.35.47:021][650]LogModuleManager: Shutting down and abandoning module ClassViewer (386)
[2017.11.17-02.35.47:021][650]LogModuleManager: Shutting down and abandoning module Toolbox (384)
[2017.11.17-02.35.47:021][650]LogModuleManager: Shutting down and abandoning module ModuleUI (382)
[2017.11.17-02.35.47:043][650]LogModuleManager: Shutting down and abandoning module MovieSceneTools (380)
[2017.11.17-02.35.47:085][650]LogModuleManager: Shutting down and abandoning module OutputLog (378)
[2017.11.17-02.35.47:093][650]LogModuleManager: Shutting down and abandoning module GammaUI (376)
[2017.11.17-02.35.47:106][650]LogModuleManager: Shutting down and abandoning module Documentation (374)
[2017.11.17-02.35.47:107][650]LogModuleManager: Shutting down and abandoning module MovieSceneTracks (372)
[2017.11.17-02.35.47:107][650]LogModuleManager: Shutting down and abandoning module MovieScene (370)
[2017.11.17-02.35.47:107][650]LogModuleManager: Shutting down and abandoning module StreamingPauseRendering (368)
[2017.11.17-02.35.47:107][650]LogModuleManager: Shutting down and abandoning module LauncherPlatform (366)
[2017.11.17-02.35.47:107][650]LogModuleManager: Shutting down and abandoning module AnalyticsET (364)
[2017.11.17-02.35.47:107][650]LogModuleManager: Shutting down and abandoning module PortalServices (362)
[2017.11.17-02.35.47:107][650]LogModuleManager: Shutting down and abandoning module PortalRpc (360)
[2017.11.17-02.35.47:107][650]LogModuleManager: Shutting down and abandoning module MessagingRpc (358)
[2017.11.17-02.35.47:107][650]LogModuleManager: Shutting down and abandoning module AIModule (356)
[2017.11.17-02.35.47:108][650]LogModuleManager: Shutting down and abandoning module GameplayDebugger (355)
[2017.11.17-02.35.47:108][650]LogModuleManager: Shutting down and abandoning module AITestSuite (353)
[2017.11.17-02.35.47:138][650]LogModuleManager: Shutting down and abandoning module DesktopPlatform (350)
[2017.11.17-02.35.47:139][650]LogModuleManager: Shutting down and abandoning module ProfilerService (348)
[2017.11.17-02.35.47:162][650]LogModuleManager: Shutting down and abandoning module TaskGraph (346)
[2017.11.17-02.35.47:172][650]LogModuleManager: Shutting down and abandoning module SteamVRController (344)
[2017.11.17-02.35.47:173][650]LogModuleManager: Shutting down and abandoning module ProceduralMeshComponentEditor (342)
[2017.11.17-02.35.47:173][650]LogModuleManager: Shutting down and abandoning module ProceduralMeshComponent (340)
[2017.11.17-02.35.47:183][650]LogModuleManager: Shutting down and abandoning module OculusInput (338)
[2017.11.17-02.35.47:199][650]LogModuleManager: Shutting down and abandoning module MobilePatchingUtils (336)
[2017.11.17-02.35.47:199][650]LogModuleManager: Shutting down and abandoning module CustomMeshComponent (334)
[2017.11.17-02.35.47:199][650]LogModuleManager: Shutting down and abandoning module CableComponent (332)
[2017.11.17-02.35.47:210][650]LogModuleManager: Shutting down and abandoning module ArchVisCharacter (330)
[2017.11.17-02.35.47:210][650]LogModuleManager: Shutting down and abandoning module AndroidPermission (328)
[2017.11.17-02.35.47:210][650]LogModuleManager: Shutting down and abandoning module ActorSequence (324)
[2017.11.17-02.35.47:210][650]LogModuleManager: Shutting down and abandoning module MediaPlayerEditor (322)
[2017.11.17-02.35.47:232][650]LogModuleManager: Shutting down and abandoning module MediaCompositingEditor (320)
[2017.11.17-02.35.47:232][650]LogModuleManager: Shutting down and abandoning module MediaCompositing (318)
[2017.11.17-02.35.47:232][650]LogModuleManager: Shutting down and abandoning module HTML5Networking (316)
[2017.11.17-02.35.47:232][650]LogModuleManager: Shutting down and abandoning module AlembicImporter (314)
[2017.11.17-02.35.47:242][650]LogModuleManager: Shutting down and abandoning module AlembicLibrary (313)
[2017.11.17-02.35.47:242][650]LogModuleManager: Shutting down and abandoning module GeometryCache (312)
[2017.11.17-02.35.47:255][650]LogModuleManager: Shutting down and abandoning module GeometryCacheEd (311)
[2017.11.17-02.35.47:255][650]LogModuleManager: Shutting down and abandoning module SpeedTreeImporter (306)
[2017.11.17-02.35.47:255][650]LogModuleManager: Shutting down and abandoning module PluginBrowser (304)
[2017.11.17-02.35.47:292][650]LogModuleManager: Shutting down and abandoning module MobileLauncherProfileWizard (302)
[2017.11.17-02.35.47:306][650]LogModuleManager: Shutting down and abandoning module VisualStudioSourceCodeAccess (300)
[2017.11.17-02.35.47:306][650]LogModuleManager: Shutting down and abandoning module VisualStudioCodeSourceCodeAccess (298)
[2017.11.17-02.35.47:306][650]LogModuleManager: Shutting down and abandoning module UObjectPlugin (296)
[2017.11.17-02.35.47:306][650]LogModuleManager: Shutting down and abandoning module SubversionSourceControl (294)
[2017.11.17-02.35.47:341][650]LogModuleManager: Shutting down and abandoning module PerforceSourceControl (292)
[2017.11.17-02.35.47:370][650]LogModuleManager: Shutting down and abandoning module GitSourceControl (290)
[2017.11.17-02.35.47:382][650]LogModuleManager: Shutting down and abandoning module SourceControl (289)
[2017.11.17-02.35.47:389][650]LogModuleManager: Shutting down and abandoning module LightPropagationVolumeEditor (286)
[2017.11.17-02.35.47:389][650]LogModuleManager: Shutting down and abandoning module PaperTiledImporter (284)
[2017.11.17-02.35.47:389][650]LogModuleManager: Shutting down and abandoning module PaperSpriteSheetImporter (282)
[2017.11.17-02.35.47:389][650]LogModuleManager: Shutting down and abandoning module Paper2DEditor (280)
[2017.11.17-02.35.47:412][650]LogModuleManager: Shutting down and abandoning module MeshPaint (279)
[2017.11.17-02.35.47:422][650]LogModuleManager: Shutting down and abandoning module LevelEditor (277)
[2017.11.17-02.35.47:436][650]LogModuleManager: Shutting down and abandoning module PixelInspectorModule (276)
[2017.11.17-02.35.47:449][650]LogModuleManager: Shutting down and abandoning module MainFrame (274)
[2017.11.17-02.35.47:450][650]LogModuleManager: Shutting down and abandoning module HotReload (273)
[2017.11.17-02.35.47:515][650]LogModuleManager: Shutting down and abandoning module RuntimePhysXCooking (268)
[2017.11.17-02.35.47:516][650]LogModuleManager: Shutting down and abandoning module PhysXVehiclesEditor (266)
[2017.11.17-02.35.47:516][650]LogModuleManager: Shutting down and abandoning module PhysXVehicles (264)
[2017.11.17-02.35.47:516][650]LogModuleManager: Shutting down and abandoning module OculusEditor (262)
[2017.11.17-02.35.47:516][650]LogModuleManager: Shutting down and abandoning module LocationServicesBPLibrary (260)
[2017.11.17-02.35.47:516][650]LogModuleManager: Shutting down and abandoning module ImmediatePhysicsEditor (258)
[2017.11.17-02.35.47:516][650]LogModuleManager: Shutting down and abandoning module ImmediatePhysics (256)
[2017.11.17-02.35.47:528][650]LogModuleManager: Shutting down and abandoning module UdpMessaging (254)
[2017.11.17-02.35.47:646][650]LogModuleManager: Shutting down and abandoning module TcpMessaging (252)
[2017.11.17-02.35.47:763][650]LogModuleManager: Shutting down and abandoning module GameplayTagsEditor (250)
[2017.11.17-02.35.47:817][650]LogModuleManager: Shutting down and abandoning module FacialAnimationEditor (248)
[2017.11.17-02.35.47:817][650]LogModuleManager: Shutting down and abandoning module FacialAnimation (246)
[2017.11.17-02.35.47:817][650]LogModuleManager: Shutting down and abandoning module AssetManagerEditor (244)
[2017.11.17-02.35.47:850][650]LogModuleManager: Shutting down and abandoning module GraphEditor (243)
[2017.11.17-02.35.47:850][650]LogModuleManager: Shutting down and abandoning module ContentBrowser (241)
[2017.11.17-02.35.47:861][650]LogModuleManager: Shutting down and abandoning module LightPropagationVolumeRuntime (238)
[2017.11.17-02.35.47:862][650]LogModuleManager: Shutting down and abandoning module Paper2D (236)
[2017.11.17-02.35.47:862][650]LogModuleManager: Shutting down and abandoning module WindowsMoviePlayer (234)
[2017.11.17-02.35.47:871][650]LogModuleManager: Shutting down and abandoning module WmfMedia (232)
[2017.11.17-02.35.47:875][650]LogModuleManager: Shutting down and abandoning module ImgMedia (230)
[2017.11.17-02.35.47:875][650]LogModuleManager: Shutting down and abandoning module PacketHandler (228)
[2017.11.17-02.35.47:876][650]LogModuleManager: Shutting down and abandoning module ClothingSystemEditor (226)
[2017.11.17-02.35.47:876][650]LogModuleManager: Shutting down and abandoning module ClothingSystemRuntime (224)
[2017.11.17-02.35.47:885][650]LogModuleManager: Shutting down and abandoning module MediaAssets (222)
[2017.11.17-02.35.47:885][650]LogModuleManager: Shutting down and abandoning module Media (221)
[2017.11.17-02.35.47:894][650]LogModuleManager: Shutting down and abandoning module Overlay (218)
[2017.11.17-02.35.47:895][650]LogModuleManager: Shutting down and abandoning module OverlayEditor (217)
[2017.11.17-02.35.47:895][650]LogModuleManager: Shutting down and abandoning module VREditor (214)
[2017.11.17-02.35.47:907][650]LogModuleManager: Shutting down and abandoning module StringTableEditor (212)
[2017.11.17-02.35.47:914][650]LogModuleManager: Shutting down and abandoning module GameplayTasksEditor (210)
[2017.11.17-02.35.47:914][650]LogModuleManager: Shutting down and abandoning module BehaviorTreeEditor (208)
[2017.11.17-02.35.47:938][650]LogModuleManager: Shutting down and abandoning module FunctionalTesting (206)
[2017.11.17-02.35.47:949][650]LogModuleManager: Shutting down and abandoning module CollisionAnalyzer (204)
[2017.11.17-02.35.47:954][650]LogModuleManager: Shutting down and abandoning module WorkspaceMenuStructure (203)
[2017.11.17-02.35.47:954][650]LogModuleManager: Shutting down and abandoning module UMG (200)
[2017.11.17-02.35.47:966][650]LogModuleManager: Shutting down and abandoning module UMGEditor (199)
[2017.11.17-02.35.48:004][650]LogModuleManager: Shutting down and abandoning module Sequencer (198)
[2017.11.17-02.35.48:048][650]LogModuleManager: Shutting down and abandoning module MessageLog (195)
[2017.11.17-02.35.48:048][650]LogModuleManager: Shutting down and abandoning module SlateReflector (190)
[2017.11.17-02.35.48:100][650]LogModuleManager: Shutting down and abandoning module Slate (188)
[2017.11.17-02.35.48:100][650]LogModuleManager: Shutting down and abandoning module EditorStyle (186)
[2017.11.17-02.35.48:148][650]LogModuleManager: Shutting down and abandoning module MRMesh (184)
[2017.11.17-02.35.48:148][650]LogModuleManager: Shutting down and abandoning module SourceCodeAccess (182)
[2017.11.17-02.35.48:148][650]LogModuleManager: Shutting down and abandoning module HeadMountedDisplay (180)
[2017.11.17-02.35.48:148][650]LogModuleManager: Shutting down and abandoning module XAudio2 (178)
[2017.11.17-02.35.48:148][650]LogModuleManager: Shutting down and abandoning module Networking (176)
[2017.11.17-02.35.48:148][650]LogModuleManager: Shutting down and abandoning module Core (172)
[2017.11.17-02.35.48:148][650]LogModuleManager: Shutting down and abandoning module LevelSequence (168)
[2017.11.17-02.35.48:177][650]LogModuleManager: Shutting down and abandoning module DirectoryWatcher (166)
[2017.11.17-02.35.48:206][650]LogModuleManager: Shutting down and abandoning module KismetCompiler (164)
[2017.11.17-02.35.48:206][650]LogModuleManager: Shutting down and abandoning module MeshUtilities (162)
[2017.11.17-02.35.48:252][650]LogModuleManager: Shutting down and abandoning module MeshMergeUtilities (161)
[2017.11.17-02.35.48:265][650]LogModuleManager: Shutting down and abandoning module MeshReductionInterface (160)
[2017.11.17-02.35.48:266][650]LogModuleManager: Shutting down and abandoning module SimplygonSwarm (159)
[2017.11.17-02.35.48:271][650]LogModuleManager: Shutting down and abandoning module SimplygonMeshReduction (157)
[2017.11.17-02.35.48:271][650]LogModuleManager: Shutting down and abandoning module QuadricMeshReduction (155)
[2017.11.17-02.35.48:283][650]LogModuleManager: Shutting down and abandoning module MaterialBaking (151)
[2017.11.17-02.35.48:296][650]LogModuleManager: Shutting down and abandoning module DerivedDataCache (148)
[2017.11.17-02.35.48:342][650]LogDerivedDataCache: Shutdown
[2017.11.17-02.35.48:342][650]LogModuleManager: Shutting down and abandoning module TargetPlatform (146)
[2017.11.17-02.35.48:343][650]LogModuleManager: Shutting down and abandoning module VulkanShaderFormat (145)
[2017.11.17-02.35.48:374][650]LogModuleManager: Shutting down and abandoning module ShaderFormatVectorVM (143)
[2017.11.17-02.35.48:385][650]LogModuleManager: Shutting down and abandoning module ShaderFormatOpenGL (141)
[2017.11.17-02.35.48:392][650]LogModuleManager: Shutting down and abandoning module ShaderFormatD3D (139)
[2017.11.17-02.35.48:404][650]LogModuleManager: Shutting down and abandoning module MetalShaderFormat (137)
[2017.11.17-02.35.48:416][650]LogModuleManager: Shutting down and abandoning module TextureFormatUncompressed (135)
[2017.11.17-02.35.48:416][650]LogModuleManager: Shutting down and abandoning module TextureFormatPVR (133)
[2017.11.17-02.35.48:417][650]LogModuleManager: Shutting down and abandoning module TextureFormatDXT (131)
[2017.11.17-02.35.48:417][650]LogModuleManager: Shutting down and abandoning module TextureFormatIntelISPCTexComp (129)
[2017.11.17-02.35.48:424][650]LogModuleManager: Shutting down and abandoning module TextureFormatASTC (127)
[2017.11.17-02.35.48:424][650]LogModuleManager: Shutting down and abandoning module ImageWrapper (126)
[2017.11.17-02.35.48:425][650]LogModuleManager: Shutting down and abandoning module TextureFormatAndroid (123)
[2017.11.17-02.35.48:425][650]LogModuleManager: Shutting down and abandoning module AudioFormatOpus (121)
[2017.11.17-02.35.48:425][650]LogModuleManager: Shutting down and abandoning module AudioFormatOgg (119)
[2017.11.17-02.35.48:425][650]LogModuleManager: Shutting down and abandoning module AudioFormatADPCM (117)
[2017.11.17-02.35.48:426][650]LogModuleManager: Shutting down and abandoning module LinuxTargetPlatform (115)
[2017.11.17-02.35.48:426][650]LogModuleManager: Shutting down and abandoning module LinuxServerTargetPlatform (113)
[2017.11.17-02.35.48:426][650]LogModuleManager: Shutting down and abandoning module LinuxNoEditorTargetPlatform (111)
[2017.11.17-02.35.48:427][650]LogModuleManager: Shutting down and abandoning module LinuxClientTargetPlatform (109)
[2017.11.17-02.35.48:427][650]LogModuleManager: Shutting down and abandoning module TVOSTargetPlatform (107)
[2017.11.17-02.35.48:427][650]LogModuleManager: Shutting down and abandoning module Messaging (105)
[2017.11.17-02.35.48:428][650]LogModuleManager: Shutting down and abandoning module IOSTargetPlatform (103)
[2017.11.17-02.35.48:428][650]LogModuleManager: Shutting down and abandoning module HTML5TargetPlatform (101)
[2017.11.17-02.35.48:428][650]LogModuleManager: Shutting down and abandoning module AndroidTargetPlatform (99)
[2017.11.17-02.35.48:429][650]LogModuleManager: Shutting down and abandoning module Android_PVRTCTargetPlatform (97)
[2017.11.17-02.35.48:429][650]LogModuleManager: Shutting down and abandoning module Android_MultiTargetPlatform (95)
[2017.11.17-02.35.48:429][650]LogModuleManager: Shutting down and abandoning module Android_ETC2TargetPlatform (93)
[2017.11.17-02.35.48:429][650]LogModuleManager: Shutting down and abandoning module Android_ETC1TargetPlatform (91)
[2017.11.17-02.35.48:429][650]LogModuleManager: Shutting down and abandoning module Android_DXTTargetPlatform (89)
[2017.11.17-02.35.48:429][650]LogModuleManager: Shutting down and abandoning module Android_ATCTargetPlatform (87)
[2017.11.17-02.35.48:429][650]LogModuleManager: Shutting down and abandoning module Android_ASTCTargetPlatform (85)
[2017.11.17-02.35.48:429][650]LogModuleManager: Shutting down and abandoning module WindowsTargetPlatform (83)
[2017.11.17-02.35.48:430][650]LogModuleManager: Shutting down and abandoning module WindowsServerTargetPlatform (81)
[2017.11.17-02.35.48:430][650]LogModuleManager: Shutting down and abandoning module WindowsNoEditorTargetPlatform (79)
[2017.11.17-02.35.48:430][650]LogModuleManager: Shutting down and abandoning module WindowsClientTargetPlatform (77)
[2017.11.17-02.35.48:430][650]LogModuleManager: Shutting down and abandoning module MacTargetPlatform (75)
[2017.11.17-02.35.48:431][650]LogModuleManager: Shutting down and abandoning module MacServerTargetPlatform (73)
[2017.11.17-02.35.48:432][650]LogModuleManager: Shutting down and abandoning module MacNoEditorTargetPlatform (71)
[2017.11.17-02.35.48:432][650]LogModuleManager: Shutting down and abandoning module MacClientTargetPlatform (69)
[2017.11.17-02.35.48:433][650]LogModuleManager: Shutting down and abandoning module AllDesktopTargetPlatform (67)
[2017.11.17-02.35.48:433][650]LogModuleManager: Shutting down and abandoning module InputCore (64)
[2017.11.17-02.35.48:434][650]LogModuleManager: Shutting down and abandoning module Settings (62)
[2017.11.17-02.35.48:434][650]LogModuleManager: Shutting down and abandoning module PhysXCooking (60)
[2017.11.17-02.35.48:434][650]LogModuleManager: Shutting down and abandoning module SteamVR (58)
[2017.11.17-02.35.48:434][650]LogModuleManager: Shutting down and abandoning module OculusHMD (56)
[2017.11.17-02.35.48:449][650]LogModuleManager: Shutting down and abandoning module ExampleDeviceProfileSelector (54)
[2017.11.17-02.35.48:449][650]LogModuleManager: Shutting down and abandoning module AppleARKit (52)
[2017.11.17-02.35.48:450][650]LogModuleManager: Shutting down and abandoning module AugmentedReality (51)
[2017.11.17-02.35.48:450][650]LogModuleManager: Shutting down and abandoning module OnlineBlueprintSupport (48)
[2017.11.17-02.35.48:450][650]LogModuleManager: Shutting down and abandoning module OnlineSubsystem (44)
[2017.11.17-02.35.48:501][650]LogModuleManager: Shutting down and abandoning module XMPP (43)
[2017.11.17-02.35.48:529][650]LogModuleManager: Shutting down and abandoning module HTTP (41)
[2017.11.17-02.35.48:529][650]LogHttp: Display: Http module shutting down, but needs to wait on 1 outstanding Http requests:
[2017.11.17-02.35.48:535][650]LogHttp: Display: 	verb=[POST] url=[https://datarouter.ol.epicgames.com/datarouter/api/v1/public/data?SessionID=%7B4E429BFB-4F6A-A365-1DC3-17A8D255ED57%7D&AppID=UEEditor.Rocket.Release&AppVersion=4.18.0-3709383%2B%2B%2BUE4%2BRelease-4.18&UserID=33cc274f4a77bc06b0d9239a10b09ff6%7Ccef429f6fe6c4866b4a1265aaf67d156%7C00332156-98b5-4ac3-b05b-537eb3e74e2f&AppEnvironment=datacollector-binary&UploadType=eteventstream] status=Processing
[2017.11.17-02.35.48:576][650]LogModuleManager: Shutting down and abandoning module SSL (40)
[2017.11.17-02.35.48:607][650]LogModuleManager: Shutting down and abandoning module AnimationModifiers (36)
[2017.11.17-02.35.48:615][650]LogModuleManager: Shutting down and abandoning module PropertyEditor (35)
[2017.11.17-02.35.48:616][650]LogModuleManager: Shutting down and abandoning module AudioEditor (32)
[2017.11.17-02.35.48:632][650]LogModuleManager: Shutting down and abandoning module TextureCompressor (30)
[2017.11.17-02.35.48:632][650]LogModuleManager: Shutting down and abandoning module ShaderCore (28)
[2017.11.17-02.35.48:632][650]LogModuleManager: Shutting down and abandoning module Landscape (26)
[2017.11.17-02.35.48:632][650]LogModuleManager: Shutting down and abandoning module SlateRHIRenderer (24)
[2017.11.17-02.35.48:665][650]LogModuleManager: Shutting down and abandoning module OpenGLDrv (22)
[2017.11.17-02.35.48:681][650]LogModuleManager: Shutting down and abandoning module D3D11RHI (20)
[2017.11.17-02.35.48:681][650]LogModuleManager: Shutting down and abandoning module AnimGraphRuntime (18)
[2017.11.17-02.35.48:696][650]LogModuleManager: Shutting down and abandoning module Renderer (16)
[2017.11.17-02.35.48:698][650]LogModuleManager: Shutting down and abandoning module Engine (14)
[2017.11.17-02.35.48:698][650]LogModuleManager: Shutting down and abandoning module CoreUObject (12)
[2017.11.17-02.35.48:699][650]LogModuleManager: Shutting down and abandoning module NetworkFile (10)
[2017.11.17-02.35.48:699][650]LogModuleManager: Shutting down and abandoning module CookedIterativeFile (8)
[2017.11.17-02.35.48:699][650]LogModuleManager: Shutting down and abandoning module StreamingFile (6)
[2017.11.17-02.35.48:699][650]LogModuleManager: Shutting down and abandoning module SandboxFile (4)
[2017.11.17-02.35.48:699][650]LogModuleManager: Shutting down and abandoning module PakFile (2)
[2017.11.17-02.35.48:765][650]LogExit: Exiting.
[2017.11.17-02.35.48:881][650]Log file closed, 11/16/17 21:35:48
