Log file open, 11/12/17 00:05:45
LogWindows: LoadLibraryWithSearchPaths failed for file aqProf.dll. GetLastError=0
LogWindows: LoadLibraryWithSearchPaths failed for file VSPerf140.dll. GetLastError=0
LogWindows: LoadLibraryWithSearchPaths failed for file VtuneApi.dll. GetLastError=0
LogWindows: LoadLibraryWithSearchPaths failed for file VtuneApi32e.dll. GetLastError=0
LogInit: Display: Running engine for game: MyProject
LogPlatformFile: Not using cached read wrapper
LogInit: Display: RandInit(48526496) SRandInit(48526496).
LogTaskGraph: Started task graph with 5 named threads and 8 total threads with 3 sets of task threads.
LogStats: Stats thread started at 7.704856
LogD3D11RHI: Aftermath initialized
LogPluginManager: Mounting plugin Paper2D
LogPluginManager: Mounting plugin LightPropagationVolume
LogPluginManager: Mounting plugin CodeLiteSourceCodeAccess
LogPluginManager: Mounting plugin GitSourceControl
LogPluginManager: Mounting plugin KDevelopSourceCodeAccess
LogPluginManager: Mounting plugin NullSourceCodeAccess
LogPluginManager: Mounting plugin PerforceSourceControl
LogPluginManager: Mounting plugin SubversionSourceControl
LogPluginManager: Mounting plugin UObjectPlugin
LogPluginManager: Mounting plugin VisualStudioSourceCodeAccess
LogPluginManager: Mounting plugin XCodeSourceCodeAccess
LogPluginManager: Mounting plugin AssetManagerEditor
LogPluginManager: Mounting plugin AudioCapture
LogPluginManager: Mounting plugin FacialAnimation
LogPluginManager: Mounting plugin GameplayTagsEditor
LogPluginManager: Mounting plugin MobileLauncherProfileWizard
LogPluginManager: Mounting plugin PluginBrowser
LogPluginManager: Mounting plugin SpeedTreeImporter
LogPluginManager: Mounting plugin AlembicImporter
LogPluginManager: Mounting plugin CharacterAI
LogPluginManager: Mounting plugin HTML5Networking
LogPluginManager: Mounting plugin AndroidMedia
LogPluginManager: Mounting plugin AvfMedia
LogPluginManager: Mounting plugin MediaPlayerEditor
LogPluginManager: Mounting plugin WmfMedia
LogPluginManager: Mounting plugin TcpMessaging
LogPluginManager: Mounting plugin UdpMessaging
LogPluginManager: Mounting plugin LevelSequenceEditor
LogPluginManager: Mounting plugin MatineeToLevelSequence
LogPluginManager: Mounting plugin OnlineSubsystemGooglePlay
LogPluginManager: Mounting plugin OnlineSubsystemIOS
LogPluginManager: Mounting plugin OnlineSubsystem
LogPluginManager: Mounting plugin OnlineSubsystemNull
LogPluginManager: Mounting plugin OnlineSubsystemUtils
LogPluginManager: Mounting plugin AndroidDeviceProfileSelector
LogPluginManager: Mounting plugin AndroidMoviePlayer
LogPluginManager: Mounting plugin AndroidPermission
LogPluginManager: Mounting plugin AppleMoviePlayer
LogPluginManager: Mounting plugin ArchVisCharacter
LogPluginManager: Mounting plugin CableComponent
LogPluginManager: Mounting plugin CustomMeshComponent
LogPluginManager: Mounting plugin ExampleDeviceProfileSelector
LogPluginManager: Mounting plugin GoogleCloudMessaging
LogPluginManager: Mounting plugin ImmediatePhysics
LogPluginManager: Mounting plugin IOSDeviceProfileSelector
LogPluginManager: Mounting plugin LinuxDeviceProfileSelector
LogPluginManager: Mounting plugin LocationServicesBPLibrary
LogPluginManager: Mounting plugin MobilePatchingUtils
LogPluginManager: Mounting plugin OculusVR
LogPluginManager: Mounting plugin PhysXVehicles
LogPluginManager: Mounting plugin ProceduralMeshComponent
LogPluginManager: Mounting plugin RuntimePhysXCooking
LogPluginManager: Mounting plugin SteamVR
LogPluginManager: Mounting plugin WindowsMoviePlayer
LogInit: Using libcurl 7.47.1
LogInit:  - built for x86_64-pc-win32
LogInit:  - supports SSL with OpenSSL/1.0.2g
LogInit:  - supports HTTP deflate (compression) using libz 1.2.8
LogInit:  - other features:
LogInit:      CURL_VERSION_SSL
LogInit:      CURL_VERSION_LIBZ
LogInit:      CURL_VERSION_IPV6
LogInit:      CURL_VERSION_ASYNCHDNS
LogInit:      CURL_VERSION_LARGEFILE
LogInit:      CURL_VERSION_IDN
LogInit:  CurlRequestOptions (configurable via config and command line):
LogInit:  - bVerifyPeer = false  - Libcurl will NOT verify peer certificate
LogInit:  - bUseHttpProxy = false  - Libcurl will NOT use HTTP proxy
LogInit:  - bDontReuseConnections = false  - Libcurl will reuse connections
LogInit:  - CertBundlePath = nullptr  - Libcurl will use whatever was configured at build time.
LogInit: Build: ++UE4+Release-4.17-CL-3586342
LogInit: Engine Version: 4.17.1-3586342+++UE4+Release-4.17
LogInit: Compatible Engine Version: 4.17.0-3573198+++UE4+Release-4.17
LogInit: Net CL: 3573198
LogDevObjectVersion: Number of dev versions registered: 16
LogDevObjectVersion:   Dev-Blueprints (B0D832E4-1F89-4F0D-ACCF-7EB736FD4AA2): 10
LogDevObjectVersion:   Dev-Build (E1C64328-A22C-4D53-A36C-8E866417BD8C): 0
LogDevObjectVersion:   Dev-Core (375EC13C-06E4-48FB-B500-84F0262A717E): 2
LogDevObjectVersion:   Dev-Editor (E4B068ED-F494-42E9-A231-DA0B2E46BB41): 20
LogDevObjectVersion:   Dev-Framework (CFFC743F-43B0-4480-9391-14DF171D2073): 28
LogDevObjectVersion:   Dev-Mobile (B02B49B5-BB20-44E9-A304-32B752E40360): 0
LogDevObjectVersion:   Dev-Networking (A4E4105C-59A1-49B5-A7C5-40C4547EDFEE): 0
LogDevObjectVersion:   Dev-Online (39C831C9-5AE6-47DC-9A44-9C173E1C8E7C): 0
LogDevObjectVersion:   Dev-Physics (78F01B33-EBEA-4F98-B9B4-84EACCB95AA2): 0
LogDevObjectVersion:   Dev-Platform (6631380F-2D4D-43E0-8009-CF276956A95A): 0
LogDevObjectVersion:   Dev-Rendering (12F88B9F-8875-4AFC-A67C-D90C383ABD29): 19
LogDevObjectVersion:   Dev-Sequencer (7B5AE74C-D270-4C10-A958-57980B212A5A): 4
LogDevObjectVersion:   Dev-VR (D7296918-1DD6-4BDD-9DE2-64A83CC13884): 0
LogDevObjectVersion:   Dev-LoadTimes (C2A15278-BFE7-4AFE-6C17-90FF531DF755): 1
LogDevObjectVersion:   Private-Geometry (6EACA3D4-40EC-4CC1-B786-8BED09428FC5): 1
LogDevObjectVersion:   Dev-AnimPhys (29E575DD-E0A3-4627-9D10-D276232CDCEA): 7
LogInit: Compiled (64-bit): Aug 15 2017 02:05:26
LogInit: Compiled with Visual C++: 19.00.24215.01
LogInit: Build Configuration: Development
LogInit: Branch Name: ++UE4+Release-4.17
LogInit: Command line:  
LogInit: Base directory: C:/Program Files/Epic Games/UE_4.17/Engine/Binaries/Win64/
LogInit: Installed Engine Build: 1
LogInit: Presizing for max 8388607 objects, including 0 objects not considered by GC, pre-allocating 0 bytes for permanent pool.
LogInit: Object subsystem initialized
[2017.11.12-05.05.47:249][  0]LogInit: Selected Device Profile: [Windows]
[2017.11.12-05.05.47:249][  0]LogInit: Applying CVar settings loaded from the selected device profile: [Windows]
[2017.11.12-05.05.47:403][  0]LogInit: Computer: DESKTOP-A38DQ21
[2017.11.12-05.05.47:403][  0]LogInit: User: z1hwa
[2017.11.12-05.05.47:403][  0]LogInit: CPU Page size=4096, Cores=2
[2017.11.12-05.05.47:403][  0]LogInit: High frequency timer resolution =2.338337 MHz
[2017.11.12-05.05.47:403][  0]LogMemory: Memory total: Physical=7.9GB (8GB approx)
[2017.11.12-05.05.47:403][  0]LogMemory: Platform Memory Stats for Windows
[2017.11.12-05.05.47:403][  0]LogMemory: Process Physical Memory: 277.41 MB used, 277.41 MB peak
[2017.11.12-05.05.47:403][  0]LogMemory: Process Virtual Memory: 275.73 MB used, 275.73 MB peak
[2017.11.12-05.05.47:403][  0]LogMemory: Physical Memory: 3740.95 MB used,  4366.38 MB free, 8107.33 MB total
[2017.11.12-05.05.47:403][  0]LogMemory: Virtual Memory: 671.64 MB used,  4366.38 MB free, 134217728.00 MB total
[2017.11.12-05.05.48:599][  0]LogInit: Using OS detected language (en-US).
[2017.11.12-05.05.48:599][  0]LogInit: Using OS detected locale (en-US).
[2017.11.12-05.05.48:899][  0]LogTextLocalizationManager: No specific localization for 'en-US' exists, so the 'en' localization will be used.
[2017.11.12-05.05.56:131][  0]LogD3D11RHI: D3D11 adapters:
[2017.11.12-05.05.56:148][  0]LogD3D11RHI:    0. 'Intel(R) HD Graphics 5500' (Feature Level 11_0)
[2017.11.12-05.05.56:148][  0]LogD3D11RHI:       128/0/4053 MB DedicatedVideo/DedicatedSystem/SharedSystem, Outputs:1, VendorId:0x8086
[2017.11.12-05.05.56:167][  0]LogD3D11RHI:    1. 'Microsoft Basic Render Driver' (Feature Level 11_0)
[2017.11.12-05.05.56:167][  0]LogD3D11RHI:       0/0/4053 MB DedicatedVideo/DedicatedSystem/SharedSystem, Outputs:0, VendorId:0x1414
[2017.11.12-05.05.56:167][  0]LogD3D11RHI: Chosen D3D11 Adapter: 0
[2017.11.12-05.05.56:175][  0]LogD3D11RHI: Creating new Direct3DDevice
[2017.11.12-05.05.56:175][  0]LogD3D11RHI:     GPU DeviceId: 0x1616 (for the marketing name, search the web for "GPU Device Id")
[2017.11.12-05.05.56:175][  0]LogWindows: EnumDisplayDevices:
[2017.11.12-05.05.56:175][  0]LogWindows:    0. 'Intel(R) HD Graphics 5500' (P:1 D:1)
[2017.11.12-05.05.56:175][  0]LogWindows:    1. 'Intel(R) HD Graphics 5500' (P:0 D:0)
[2017.11.12-05.05.56:175][  0]LogWindows:    2. 'Intel(R) HD Graphics 5500' (P:0 D:0)
[2017.11.12-05.05.56:175][  0]LogWindows: DebugString: FoundDriverCount:3 
[2017.11.12-05.05.56:175][  0]LogD3D11RHI:     Adapter Name: Intel(R) HD Graphics 5500
[2017.11.12-05.05.56:175][  0]LogD3D11RHI:   Driver Version: 20.19.15.4531 (internal:20.19.15.4531, unified:20.19.15.4531)
[2017.11.12-05.05.56:175][  0]LogD3D11RHI:      Driver Date: 9-29-2016
[2017.11.12-05.05.56:175][  0]LogRHI: Texture pool is 1361 MB (70% of 1945 MB)
[2017.11.12-05.05.56:180][  0]LogD3D11RHI: Async texture creation enabled
[2017.11.12-05.05.56:268][  0]LogD3D11RHI: GPU Timing Frequency: 12.500000 (Debug: 2 0)
[2017.11.12-05.05.56:339][  0]LogShaderCompilers: Guid format shader working directory is -20 characters bigger than the processId version (../../../../../../Users/z1hwa/Documents/GitHub/Project-Heave-Final/Intermediate/Shaders/WorkingDirectory/8740/).
[2017.11.12-05.05.56:339][  0]LogShaderCompilers: Cleaned the shader compiler working directory 'C:/Users/z1hwa/AppData/Local/Temp/UnrealShaderWorkingDir/B062C9F44411A24DA1FC188CB81EB53D/'.
[2017.11.12-05.05.56:339][  0]LogShaderCompilers: Display: Using Local Shader Compiler.
[2017.11.12-05.06.06:303][  0]LogTemp: Display: Loaded TP AllDesktopTargetPlatform
[2017.11.12-05.06.06:359][  0]LogTemp: Display: Loaded TP MacClientTargetPlatform
[2017.11.12-05.06.06:423][  0]LogTemp: Display: Loaded TP MacNoEditorTargetPlatform
[2017.11.12-05.06.06:531][  0]LogTemp: Display: Loaded TP MacServerTargetPlatform
[2017.11.12-05.06.06:629][  0]LogTemp: Display: Loaded TP MacTargetPlatform
[2017.11.12-05.06.06:740][  0]LogTemp: Display: Loaded TP WindowsClientTargetPlatform
[2017.11.12-05.06.06:818][  0]LogTemp: Display: Loaded TP WindowsNoEditorTargetPlatform
[2017.11.12-05.06.06:900][  0]LogTemp: Display: Loaded TP WindowsServerTargetPlatform
[2017.11.12-05.06.06:982][  0]LogTemp: Display: Loaded TP WindowsTargetPlatform
[2017.11.12-05.06.07:082][  0]LogTemp: Display: Loaded TP AndroidTargetPlatform
[2017.11.12-05.06.07:154][  0]LogTemp: Display: Loaded TP Android_ASTCTargetPlatform
[2017.11.12-05.06.07:238][  0]LogTemp: Display: Loaded TP Android_ATCTargetPlatform
[2017.11.12-05.06.07:329][  0]LogTemp: Display: Loaded TP Android_DXTTargetPlatform
[2017.11.12-05.06.07:434][  0]LogTemp: Display: Loaded TP Android_ETC1TargetPlatform
[2017.11.12-05.06.07:518][  0]LogTemp: Display: Loaded TP Android_ETC2TargetPlatform
[2017.11.12-05.06.07:689][  0]LogTemp: Display: Loaded TP Android_MultiTargetPlatform
[2017.11.12-05.06.07:689][  0]LogTemp: Display: Loaded TP Android_PVRTCTargetPlatform
[2017.11.12-05.06.07:784][  0]LogTemp: Display: Loaded TP HTML5TargetPlatform
[2017.11.12-05.06.07:997][  0]LogTemp: Display: Loaded TP IOSTargetPlatform
[2017.11.12-05.06.08:044][  0]LogTemp: Display: Loaded TP TVOSTargetPlatform
[2017.11.12-05.06.08:122][  0]LogTemp: Display: Loaded TP LinuxClientTargetPlatform
[2017.11.12-05.06.08:192][  0]LogTemp: Display: Loaded TP LinuxNoEditorTargetPlatform
[2017.11.12-05.06.08:265][  0]LogTemp: Display: Loaded TP LinuxServerTargetPlatform
[2017.11.12-05.06.08:365][  0]LogTemp: Display: Loaded TP LinuxTargetPlatform
[2017.11.12-05.06.08:365][  0]LogTargetPlatformManager: Display: Building Assets For Windows
[2017.11.12-05.06.09:944][  0]LogDerivedDataCache: Display: Max Cache Size: 512 MB
[2017.11.12-05.06.11:016][  0]LogDerivedDataCache: Loaded boot cache 1.07s 93MB C:/Users/z1hwa/AppData/Local/UnrealEngine/4.17/DerivedDataCache/Boot.ddc.
[2017.11.12-05.06.11:016][  0]LogDerivedDataCache: Display: Loaded Boot cache: C:/Users/z1hwa/AppData/Local/UnrealEngine/4.17/DerivedDataCache/Boot.ddc
[2017.11.12-05.06.11:016][  0]LogDerivedDataCache: FDerivedDataBackendGraph:  Pak pak cache file ../../../../../../Users/z1hwa/Documents/GitHub/Project-Heave-Final/DerivedDataCache/DDC.ddp not found, will not use a pak cache.
[2017.11.12-05.06.11:016][  0]LogDerivedDataCache: Unable to find inner node Pak for hierarchical cache Hierarchy.
[2017.11.12-05.06.11:016][  0]LogDerivedDataCache: FDerivedDataBackendGraph:  CompressedPak pak cache file ../../../../../../Users/z1hwa/Documents/GitHub/Project-Heave-Final/DerivedDataCache/Compressed.ddp not found, will not use a pak cache.
[2017.11.12-05.06.11:016][  0]LogDerivedDataCache: Unable to find inner node CompressedPak for hierarchical cache Hierarchy.
[2017.11.12-05.06.11:127][  0]LogDerivedDataCache: Display: Pak cache opened for reading ../../../Engine/DerivedDataCache/Compressed.ddp.
[2017.11.12-05.06.11:165][  0]LogDerivedDataCache: Using Local data cache path C:/Users/z1hwa/AppData/Local/UnrealEngine/Common/DerivedDataCache: Writable
[2017.11.12-05.06.11:178][  0]LogMaterial: Verifying Global Shaders for PCD3D_SM5
[2017.11.12-05.06.11:206][  0]LogSlate: Using Freetype 2.6.0
[2017.11.12-05.06.11:269][  0]LogSlate: SlateFontCache - WITH_FREETYPE: 1, WITH_HARFBUZZ: 1
[2017.11.12-05.06.11:269][  0]LogSlate: SlateFontCache - WITH_FREETYPE: 1, WITH_HARFBUZZ: 1
[2017.11.12-05.06.20:234][  0]LogAssetRegistry: FAssetRegistry took 0.0577 seconds to start up
[2017.11.12-05.06.21:010][  0]LogInit: Selected Device Profile: [Windows]
[2017.11.12-05.06.23:111][  0]LogContentStreaming: Texture pool size is 0.00 MB
[2017.11.12-05.06.24:904][  0]LogSimplygon: Simplygon DLL not present - disabling.
[2017.11.12-05.06.25:013][  0]LogMeshReduction: Using SimplygonSwarm for distributed automatic mesh merging
[2017.11.12-05.06.25:013][  0]LogMeshReduction: Using QuadricMeshReduction for automatic static mesh reduction
[2017.11.12-05.06.25:013][  0]LogMeshReduction: No automatic skeletal mesh reduction module available
[2017.11.12-05.06.25:013][  0]LogMeshReduction: No automatic mesh merging module available
[2017.11.12-05.06.25:013][  0]LogMeshMerging: No automatic mesh merging module available
[2017.11.12-05.06.26:559][  0]LogNetVersion: MyProject , NetCL: 3573198, EngineNetVer: 2, GameNetVer: 0 (Checksum: 3113362612)
[2017.11.12-05.06.27:393][  0]LogPackageLocalizationCache: Processed 5 localized package path(s) for 2 prioritized culture(s) in 0.129763 seconds
[2017.11.12-05.06.27:401][  0]LogUObjectArray: 35825 objects as part of root set at end of initial load.
[2017.11.12-05.06.27:401][  0]LogUObjectAllocator: 7529112 out of 0 bytes used by permanent object pool.
[2017.11.12-05.06.27:401][  0]LogUObjectArray: CloseDisregardForGC: 0/0 objects in disregard for GC pool
[2017.11.12-05.06.27:517][  0]LogInit: WinSock: version 1.1 (2.2), MaxSocks=32767, MaxUdp=65467
[2017.11.12-05.06.55:741][  0]LogTcpMessaging: Initializing TcpMessaging bridge
[2017.11.12-05.06.55:865][  0]LogUdpMessaging: Initializing bridge on interface 0.0.0.0:0 to multicast group 230.0.0.1:6666.
[2017.11.12-05.06.57:933][  0]LogMaterial: Uniform references updated for custom material expression Custom.
[2017.11.12-05.06.58:769][  0]SourceControl: Source control is disabled
[2017.11.12-05.06.58:769][  0]SourceControl: Source control is disabled
[2017.11.12-05.06.58:891][  0]SourceControl: Source control is disabled
[2017.11.12-05.06.59:040][  0]SourceControl: Source control is disabled
[2017.11.12-05.07.00:802][  0]LogAndroidPermission: UAndroidPermissionCallbackProxy::GetInstance
[2017.11.12-05.07.01:184][  0]LogOcInput: OculusInput pre-init called
[2017.11.12-05.07.01:952][  0]LogEngine: Initializing Engine...
[2017.11.12-05.07.01:997][  0]LogHMD: Failed to initialize OpenVR with code 110
[2017.11.12-05.07.02:461][  0]LogStats: UGameplayTagsManager::ConstructGameplayTagTree: Construct from data asset -  0.000 s
[2017.11.12-05.07.02:461][  0]LogStats: UGameplayTagsManager::ConstructGameplayTagTree: GameplayTagTreeChangedEvent.Broadcast -  0.000 s
[2017.11.12-05.07.02:721][  0]LogAIModule: Creating AISystem for world Untitled
[2017.11.12-05.07.02:758][  0]LogInit: XAudio2 using 'Speakers / Headphones (Realtek High Definition Audio)' : 2 channels at 48 kHz using 32 bits per sample (channel mask 0x3)
[2017.11.12-05.07.03:222][  0]LogInit: FAudioDevice initialized.
[2017.11.12-05.07.03:751][  0]LogDerivedDataCache: Saved boot cache 0.51s 93MB C:/Users/z1hwa/AppData/Local/UnrealEngine/4.17/DerivedDataCache/Boot.ddc.
[2017.11.12-05.07.03:804][  0]LogInit: Texture streaming: Enabled
[2017.11.12-05.07.04:112][  0]LogEngineSessionManager: EngineSessionManager initialized
[2017.11.12-05.07.04:866][  0]LogInit: Transaction tracking system initialized
[2017.11.12-05.07.05:609][  0]BlueprintLog: New page: Editor Load
[2017.11.12-05.07.07:887][  0]LocalizationService: Localization service is disabled
[2017.11.12-05.07.09:682][  0]LogConsoleResponse: Display: 
[2017.11.12-05.07.12:384][  0]LogFileCache: Scanning file cache for directory 'C:/Users/z1hwa/Documents/GitHub/Project-Heave-Final/Content/' took 0.03s
[2017.11.12-05.07.12:384][  0]LogCook: Display: Max memory allowance for cook 16384mb min free memory 0mb
[2017.11.12-05.07.12:386][  0]LogCook: Display: Mobile HDR setting 1
[2017.11.12-05.07.12:386][  0]LogGameplayTags: Display: UGameplayTagsManager::DoneAddingNativeTags. DelegateIsBound: 0
[2017.11.12-05.07.16:862][  0]SourceControl: Source control is disabled
[2017.11.12-05.07.16:897][  0]Cmd: MAP LOAD FILE="../../../../../../Users/z1hwa/Documents/GitHub/Project-Heave-Final/Content/ThirdPersonBP/Maps/ThirdPersonExampleMap.umap" TEMPLATE=0 SHOWPROGRESS=1 FEATURELEVEL=3
[2017.11.12-05.07.16:935][  0]LogEditorServer: Warning: Can't find file '../../../../../../Users/z1hwa/Documents/GitHub/Project-Heave-Final/Content/ThirdPersonBP/Maps/ThirdPersonExampleMap.umap'
[2017.11.12-05.07.16:965][  0]Cmd: MAP CHECKDEP NOCLEARLOG
[2017.11.12-05.07.17:072][  0]MapCheck: Map check complete: 0 Error(s), 0 Warning(s), took 107.166ms to complete.
[2017.11.12-05.07.17:073][  0]LogFileHelpers: Loading map 'ThirdPersonExampleMap' took 0.175
[2017.11.12-05.07.18:340][  0]LogCollectionManager: Loaded 0 collections in 0.002332 seconds
[2017.11.12-05.07.18:516][  0]LogFileCache: Scanning file cache for directory 'C:/Users/z1hwa/Documents/GitHub/Project-Heave-Final/Saved/Collections/' took 0.01s
[2017.11.12-05.07.18:516][  0]LogFileCache: Scanning file cache for directory 'C:/Users/z1hwa/Documents/GitHub/Project-Heave-Final/Content/Developers/z1hwa/Collections/' took 0.01s
[2017.11.12-05.07.18:516][  0]LogFileCache: Scanning file cache for directory 'C:/Users/z1hwa/Documents/GitHub/Project-Heave-Final/Content/Collections/' took 0.01s
[2017.11.12-05.07.18:517][  0]LogCollectionManager: Rebuilt the GUID cache for 0 collections in 0.000001 seconds
[2017.11.12-05.07.18:576][  0]LogContentBrowser: Native class hierarchy populated in 0.0366 seconds. Added 2386 classes and 500 folders.
[2017.11.12-05.07.18:750][  0]LogContentBrowser: Native class hierarchy updated for 'WidgetCarousel' in 0.0007 seconds. Added 0 classes and 0 folders.
[2017.11.12-05.07.22:243][  0]LogContentBrowser: Native class hierarchy updated for 'AddContentDialog' in 0.0023 seconds. Added 0 classes and 0 folders.
[2017.11.12-05.07.22:378][  0]LogContentBrowser: Native class hierarchy updated for 'SceneOutliner' in 0.0007 seconds. Added 1 classes and 2 folders.
[2017.11.12-05.07.22:712][  0]LogSlate: Took 0.057477 seconds to synchronously load lazily loaded font '../../../Engine/Content/Slate/Fonts/Roboto-Regular.ttf' (155K)
[2017.11.12-05.07.22:771][  0]LogSlate: Took 0.054990 seconds to synchronously load lazily loaded font '../../../Engine/Content/Slate/Fonts/Roboto-Bold.ttf' (160K)
[2017.11.12-05.07.22:815][  0]LogSlate: Took 0.031716 seconds to synchronously load lazily loaded font '../../../Engine/Content/Editor/Slate/Fonts/FontAwesome.ttf' (139K)
[2017.11.12-05.07.23:207][  0]LogRenderer: Reallocating scene render targets to support 704x332 Format 10 NumSamples 1 (Frame:1).
[2017.11.12-05.07.24:498][  0]LogContentBrowser: Native class hierarchy updated for 'HierarchicalLODOutliner' in 0.0007 seconds. Added 1 classes and 2 folders.
[2017.11.12-05.07.24:498][  0]LogLoad: (Engine Initialization) Total time: 115.38 seconds
[2017.11.12-05.07.24:498][  0]LogLoad: (Engine Initialization) Total Blueprint compile time: 0.00 seconds
[2017.11.12-05.07.24:498][  0]LogExternalProfiler: No external profilers were discovered.  External profiling features will not be available.
[2017.11.12-05.07.24:783][  0]LogContentStreaming: Texture pool size now 1000 MB
[2017.11.12-05.07.25:067][  3]LogAssetRegistry: Asset discovery search completed in 64.8565 seconds
[2017.11.12-05.07.25:072][  3]LogCollectionManager: Rebuilt the object cache for 0 collections in 0.000000 seconds (found 0 objects)
[2017.11.12-05.07.25:072][  3]LogCollectionManager: Fixed up redirectors for 0 collections in 0.000073 seconds (updated 0 objects)
[2017.11.12-05.07.25:173][  3]LogSlate: Took 0.080241 seconds to synchronously load lazily loaded font '../../../Engine/Content/Slate/Fonts/Roboto-Light.ttf' (159K)
[2017.11.12-05.07.33:108][247]LogSlate: Took 0.000523 seconds to synchronously load lazily loaded font '../../../Engine/Content/Slate/Fonts/Roboto-Light.ttf' (159K)
[2017.11.12-05.07.34:027][247]LogSlate: Took 0.000177 seconds to synchronously load lazily loaded font '../../../Engine/Content/Slate/Fonts/Roboto-Regular.ttf' (155K)
[2017.11.12-05.07.37:064][247]LogAIModule: Creating AISystem for world level2
[2017.11.12-05.07.37:172][247]Cmd: MAP LOAD FILE="../../../../../../Users/z1hwa/Documents/GitHub/Project-Heave-Final/Content/ThirdPersonBP/Maps/level2.umap" TEMPLATE=0 SHOWPROGRESS=1 FEATURELEVEL=3
[2017.11.12-05.07.37:172][247]LightingResults: New page: Lighting Build
[2017.11.12-05.07.37:234][247]LogContentBrowser: Native class hierarchy updated for 'StatsViewer' in 0.0008 seconds. Added 5 classes and 0 folders.
[2017.11.12-05.07.37:235][247]LoadErrors: New page: Loading map: level2.umap
[2017.11.12-05.07.37:235][247]MapCheck: New page: Map Check
[2017.11.12-05.07.37:235][247]LightingResults: New page: Lighting Build
[2017.11.12-05.07.37:405][247]LogEditorServer: Finished looking for orphan Actors (0.000 secs)
[2017.11.12-05.07.37:520][247]Cmd: MAP CHECKDEP NOCLEARLOG
[2017.11.12-05.07.37:593][247]MapCheck: Map check complete: 0 Error(s), 0 Warning(s), took 73.516ms to complete.
[2017.11.12-05.07.37:593][247]LogFileHelpers: Loading map 'level2' took 0.423
[2017.11.12-05.07.42:244][394]LogSlate: Took 0.000221 seconds to synchronously load lazily loaded font '../../../Engine/Content/Slate/Fonts/Roboto-Light.ttf' (159K)
[2017.11.12-05.07.43:652][401]LogContentBrowser: Native class hierarchy updated for 'BlueprintGraph' in 0.0011 seconds. Added 113 classes and 0 folders.
[2017.11.12-05.07.44:554][401]LogSlate: Took 0.092333 seconds to synchronously load lazily loaded font '../../../Engine/Content/Editor/Slate/Fonts/Roboto-BoldCondensed.ttf' (158K)
[2017.11.12-05.07.44:860][402]LogSlate: Took 0.014206 seconds to synchronously load lazily loaded font '../../../Engine/Content/Editor/Slate/Fonts/Roboto-Italic.ttf' (157K)
[2017.11.12-05.07.58:104][794]BlueprintLog: New page: Compile level2
[2017.11.12-05.07.59:408][814]LogSavePackage: Save=432.00ms
[2017.11.12-05.07.59:408][814]LogSavePackage: Moving '../../../../../../Users/z1hwa/Documents/GitHub/Project-Heave-Final/Saved/level2593B7C534CE5023E8249C589D791516C.tmp' to '../../../../../../Users/z1hwa/Documents/GitHub/Project-Heave-Final/Content/ThirdPersonBP/Maps/level2.umap'
[2017.11.12-05.07.59:414][814]LogSavePackage: Display: Finished SavePackage ../../../../../../Users/z1hwa/Documents/GitHub/Project-Heave-Final/Content/ThirdPersonBP/Maps/level2.umap
[2017.11.12-05.07.59:457][814]LogFileHelpers: Saving map 'level2' took 0.608
[2017.11.12-05.38.06:565][932]LogHttp: Warning: 000001BCF3E62380: request failed, libcurl error: 6 (Couldn't resolve host name)
[2017.11.12-05.38.06:565][932]LogHttp: Warning: 000001BCF3E62380: libcurl info message cache 0 (Could not resolve host: datarouter.ol.epicgames.com)
[2017.11.12-05.38.06:565][932]LogHttp: Warning: 000001BCF3E62380: libcurl info message cache 1 (Closing connection 0)
[2017.11.12-05.38.12:764][948]LogRenderer: Reallocating scene render targets to support 704x356 Format 10 NumSamples 1 (Frame:485).
