Log file open, 11/13/17 19:45:34
LogWindows: LoadLibraryWithSearchPaths failed for file aqProf.dll. GetLastError=0
LogWindows: LoadLibraryWithSearchPaths failed for file VSPerf140.dll. GetLastError=0
LogWindows: LoadLibraryWithSearchPaths failed for file VtuneApi.dll. GetLastError=0
LogWindows: LoadLibraryWithSearchPaths failed for file VtuneApi32e.dll. GetLastError=0
LogInit: Display: Running engine for game: MyProject
LogPlatformFile: Not using cached read wrapper
LogInit: Display: RandInit(351136577) SRandInit(351136577).
LogTaskGraph: Started task graph with 5 named threads and 8 total threads with 3 sets of task threads.
LogStats: Stats thread started at 4.861359
LogD3D11RHI: Aftermath initialized
LogPluginManager: Mounting plugin Paper2D
LogPluginManager: Mounting plugin LightPropagationVolume
LogPluginManager: Mounting plugin CodeLiteSourceCodeAccess
LogPluginManager: Mounting plugin GitSourceControl
LogPluginManager: Mounting plugin KDevelopSourceCodeAccess
LogPluginManager: Mounting plugin NullSourceCodeAccess
LogPluginManager: Mounting plugin PerforceSourceControl
LogPluginManager: Mounting plugin SubversionSourceControl
LogPluginManager: Mounting plugin UObjectPlugin
LogPluginManager: Mounting plugin VisualStudioSourceCodeAccess
LogPluginManager: Mounting plugin XCodeSourceCodeAccess
LogPluginManager: Mounting plugin AssetManagerEditor
LogPluginManager: Mounting plugin AudioCapture
LogPluginManager: Mounting plugin FacialAnimation
LogPluginManager: Mounting plugin GameplayTagsEditor
LogPluginManager: Mounting plugin MobileLauncherProfileWizard
LogPluginManager: Mounting plugin PluginBrowser
LogPluginManager: Mounting plugin SpeedTreeImporter
LogPluginManager: Mounting plugin AlembicImporter
LogPluginManager: Mounting plugin CharacterAI
LogPluginManager: Mounting plugin HTML5Networking
LogPluginManager: Mounting plugin AndroidMedia
LogPluginManager: Mounting plugin AvfMedia
LogPluginManager: Mounting plugin MediaPlayerEditor
LogPluginManager: Mounting plugin WmfMedia
LogPluginManager: Mounting plugin TcpMessaging
LogPluginManager: Mounting plugin UdpMessaging
LogPluginManager: Mounting plugin LevelSequenceEditor
LogPluginManager: Mounting plugin MatineeToLevelSequence
LogPluginManager: Mounting plugin OnlineSubsystemGooglePlay
LogPluginManager: Mounting plugin OnlineSubsystemIOS
LogPluginManager: Mounting plugin OnlineSubsystem
LogPluginManager: Mounting plugin OnlineSubsystemNull
LogPluginManager: Mounting plugin OnlineSubsystemUtils
LogPluginManager: Mounting plugin AndroidDeviceProfileSelector
LogPluginManager: Mounting plugin AndroidMoviePlayer
LogPluginManager: Mounting plugin AndroidPermission
LogPluginManager: Mounting plugin AppleMoviePlayer
LogPluginManager: Mounting plugin ArchVisCharacter
LogPluginManager: Mounting plugin CableComponent
LogPluginManager: Mounting plugin CustomMeshComponent
LogPluginManager: Mounting plugin ExampleDeviceProfileSelector
LogPluginManager: Mounting plugin GoogleCloudMessaging
LogPluginManager: Mounting plugin ImmediatePhysics
LogPluginManager: Mounting plugin IOSDeviceProfileSelector
LogPluginManager: Mounting plugin LinuxDeviceProfileSelector
LogPluginManager: Mounting plugin LocationServicesBPLibrary
LogPluginManager: Mounting plugin MobilePatchingUtils
LogPluginManager: Mounting plugin OculusVR
LogPluginManager: Mounting plugin PhysXVehicles
LogPluginManager: Mounting plugin ProceduralMeshComponent
LogPluginManager: Mounting plugin RuntimePhysXCooking
LogPluginManager: Mounting plugin SteamVR
LogPluginManager: Mounting plugin WindowsMoviePlayer
LogInit: Using libcurl 7.47.1
LogInit:  - built for x86_64-pc-win32
LogInit:  - supports SSL with OpenSSL/1.0.2g
LogInit:  - supports HTTP deflate (compression) using libz 1.2.8
LogInit:  - other features:
LogInit:      CURL_VERSION_SSL
LogInit:      CURL_VERSION_LIBZ
LogInit:      CURL_VERSION_IPV6
LogInit:      CURL_VERSION_ASYNCHDNS
LogInit:      CURL_VERSION_LARGEFILE
LogInit:      CURL_VERSION_IDN
LogInit:  CurlRequestOptions (configurable via config and command line):
LogInit:  - bVerifyPeer = false  - Libcurl will NOT verify peer certificate
LogInit:  - bUseHttpProxy = false  - Libcurl will NOT use HTTP proxy
LogInit:  - bDontReuseConnections = false  - Libcurl will reuse connections
LogInit:  - CertBundlePath = nullptr  - Libcurl will use whatever was configured at build time.
LogInit: Build: ++UE4+Release-4.17-CL-3586342
LogInit: Engine Version: 4.17.1-3586342+++UE4+Release-4.17
LogInit: Compatible Engine Version: 4.17.0-3573198+++UE4+Release-4.17
LogInit: Net CL: 3573198
LogDevObjectVersion: Number of dev versions registered: 16
LogDevObjectVersion:   Dev-Blueprints (B0D832E4-1F89-4F0D-ACCF-7EB736FD4AA2): 10
LogDevObjectVersion:   Dev-Build (E1C64328-A22C-4D53-A36C-8E866417BD8C): 0
LogDevObjectVersion:   Dev-Core (375EC13C-06E4-48FB-B500-84F0262A717E): 2
LogDevObjectVersion:   Dev-Editor (E4B068ED-F494-42E9-A231-DA0B2E46BB41): 20
LogDevObjectVersion:   Dev-Framework (CFFC743F-43B0-4480-9391-14DF171D2073): 28
LogDevObjectVersion:   Dev-Mobile (B02B49B5-BB20-44E9-A304-32B752E40360): 0
LogDevObjectVersion:   Dev-Networking (A4E4105C-59A1-49B5-A7C5-40C4547EDFEE): 0
LogDevObjectVersion:   Dev-Online (39C831C9-5AE6-47DC-9A44-9C173E1C8E7C): 0
LogDevObjectVersion:   Dev-Physics (78F01B33-EBEA-4F98-B9B4-84EACCB95AA2): 0
LogDevObjectVersion:   Dev-Platform (6631380F-2D4D-43E0-8009-CF276956A95A): 0
LogDevObjectVersion:   Dev-Rendering (12F88B9F-8875-4AFC-A67C-D90C383ABD29): 19
LogDevObjectVersion:   Dev-Sequencer (7B5AE74C-D270-4C10-A958-57980B212A5A): 4
LogDevObjectVersion:   Dev-VR (D7296918-1DD6-4BDD-9DE2-64A83CC13884): 0
LogDevObjectVersion:   Dev-LoadTimes (C2A15278-BFE7-4AFE-6C17-90FF531DF755): 1
LogDevObjectVersion:   Private-Geometry (6EACA3D4-40EC-4CC1-B786-8BED09428FC5): 1
LogDevObjectVersion:   Dev-AnimPhys (29E575DD-E0A3-4627-9D10-D276232CDCEA): 7
LogInit: Compiled (64-bit): Aug 15 2017 02:05:26
LogInit: Compiled with Visual C++: 19.00.24215.01
LogInit: Build Configuration: Development
LogInit: Branch Name: ++UE4+Release-4.17
LogInit: Command line:  
LogInit: Base directory: C:/Program Files/Epic Games/UE_4.17/Engine/Binaries/Win64/
LogInit: Installed Engine Build: 1
LogInit: Presizing for max 8388607 objects, including 0 objects not considered by GC, pre-allocating 0 bytes for permanent pool.
LogInit: Object subsystem initialized
[2017.11.14-00.45.39:163][  0]LogInit: Selected Device Profile: [Windows]
[2017.11.14-00.45.39:163][  0]LogInit: Applying CVar settings loaded from the selected device profile: [Windows]
[2017.11.14-00.45.39:913][  0]LogInit: Computer: DESKTOP-A38DQ21
[2017.11.14-00.45.39:913][  0]LogInit: User: z1hwa
[2017.11.14-00.45.39:914][  0]LogInit: CPU Page size=4096, Cores=2
[2017.11.14-00.45.39:914][  0]LogInit: High frequency timer resolution =2.338334 MHz
[2017.11.14-00.45.39:915][  0]LogMemory: Memory total: Physical=7.9GB (8GB approx)
[2017.11.14-00.45.39:915][  0]LogMemory: Platform Memory Stats for Windows
[2017.11.14-00.45.39:915][  0]LogMemory: Process Physical Memory: 277.30 MB used, 277.30 MB peak
[2017.11.14-00.45.39:915][  0]LogMemory: Process Virtual Memory: 276.16 MB used, 276.16 MB peak
[2017.11.14-00.45.39:915][  0]LogMemory: Physical Memory: 4286.44 MB used,  3820.89 MB free, 8107.33 MB total
[2017.11.14-00.45.39:915][  0]LogMemory: Virtual Memory: 671.64 MB used,  3820.89 MB free, 134217728.00 MB total
[2017.11.14-00.45.43:008][  0]LogInit: Using OS detected language (en-US).
[2017.11.14-00.45.43:008][  0]LogInit: Using OS detected locale (en-US).
[2017.11.14-00.45.43:934][  0]LogTextLocalizationManager: No specific localization for 'en-US' exists, so the 'en' localization will be used.
[2017.11.14-00.46.04:767][  0]LogD3D11RHI: D3D11 adapters:
[2017.11.14-00.46.04:836][  0]LogD3D11RHI:    0. 'Intel(R) HD Graphics 5500' (Feature Level 11_0)
[2017.11.14-00.46.04:836][  0]LogD3D11RHI:       128/0/4053 MB DedicatedVideo/DedicatedSystem/SharedSystem, Outputs:1, VendorId:0x8086
[2017.11.14-00.46.04:837][  0]LogD3D11RHI:    1. 'Microsoft Basic Render Driver' (Feature Level 11_0)
[2017.11.14-00.46.04:837][  0]LogD3D11RHI:       0/0/4053 MB DedicatedVideo/DedicatedSystem/SharedSystem, Outputs:0, VendorId:0x1414
[2017.11.14-00.46.04:837][  0]LogD3D11RHI: Chosen D3D11 Adapter: 0
[2017.11.14-00.46.04:857][  0]LogD3D11RHI: Creating new Direct3DDevice
[2017.11.14-00.46.04:857][  0]LogD3D11RHI:     GPU DeviceId: 0x1616 (for the marketing name, search the web for "GPU Device Id")
[2017.11.14-00.46.04:857][  0]LogWindows: EnumDisplayDevices:
[2017.11.14-00.46.04:858][  0]LogWindows:    0. 'Intel(R) HD Graphics 5500' (P:1 D:1)
[2017.11.14-00.46.04:858][  0]LogWindows:    1. 'Intel(R) HD Graphics 5500' (P:0 D:0)
[2017.11.14-00.46.04:858][  0]LogWindows:    2. 'Intel(R) HD Graphics 5500' (P:0 D:0)
[2017.11.14-00.46.04:858][  0]LogWindows: DebugString: FoundDriverCount:3 
[2017.11.14-00.46.04:858][  0]LogD3D11RHI:     Adapter Name: Intel(R) HD Graphics 5500
[2017.11.14-00.46.04:858][  0]LogD3D11RHI:   Driver Version: 20.19.15.4531 (internal:20.19.15.4531, unified:20.19.15.4531)
[2017.11.14-00.46.04:858][  0]LogD3D11RHI:      Driver Date: 9-29-2016
[2017.11.14-00.46.04:858][  0]LogRHI: Texture pool is 1361 MB (70% of 1945 MB)
[2017.11.14-00.46.04:863][  0]LogD3D11RHI: Async texture creation enabled
[2017.11.14-00.46.05:214][  0]LogD3D11RHI: GPU Timing Frequency: 12.500000 (Debug: 2 0)
[2017.11.14-00.46.05:338][  0]LogShaderCompilers: Guid format shader working directory is -20 characters bigger than the processId version (../../../../../../Users/z1hwa/Documents/GitHub/Project-Heave-Final/Intermediate/Shaders/WorkingDirectory/6096/).
[2017.11.14-00.46.05:339][  0]LogShaderCompilers: Cleaned the shader compiler working directory 'C:/Users/z1hwa/AppData/Local/Temp/UnrealShaderWorkingDir/4FE5EC5C483FFA6262F7B081A1198CE5/'.
[2017.11.14-00.46.05:339][  0]LogShaderCompilers: Display: Using Local Shader Compiler.
[2017.11.14-00.46.18:044][  0]LogTemp: Display: Loaded TP AllDesktopTargetPlatform
[2017.11.14-00.46.18:107][  0]LogTemp: Display: Loaded TP MacClientTargetPlatform
[2017.11.14-00.46.18:193][  0]LogTemp: Display: Loaded TP MacNoEditorTargetPlatform
[2017.11.14-00.46.18:294][  0]LogTemp: Display: Loaded TP MacServerTargetPlatform
[2017.11.14-00.46.18:436][  0]LogTemp: Display: Loaded TP MacTargetPlatform
[2017.11.14-00.46.18:566][  0]LogTemp: Display: Loaded TP WindowsClientTargetPlatform
[2017.11.14-00.46.18:681][  0]LogTemp: Display: Loaded TP WindowsNoEditorTargetPlatform
[2017.11.14-00.46.18:774][  0]LogTemp: Display: Loaded TP WindowsServerTargetPlatform
[2017.11.14-00.46.18:899][  0]LogTemp: Display: Loaded TP WindowsTargetPlatform
[2017.11.14-00.46.19:086][  0]LogTemp: Display: Loaded TP AndroidTargetPlatform
[2017.11.14-00.46.19:191][  0]LogTemp: Display: Loaded TP Android_ASTCTargetPlatform
[2017.11.14-00.46.19:317][  0]LogTemp: Display: Loaded TP Android_ATCTargetPlatform
[2017.11.14-00.46.19:420][  0]LogTemp: Display: Loaded TP Android_DXTTargetPlatform
[2017.11.14-00.46.19:539][  0]LogTemp: Display: Loaded TP Android_ETC1TargetPlatform
[2017.11.14-00.46.19:615][  0]LogTemp: Display: Loaded TP Android_ETC2TargetPlatform
[2017.11.14-00.46.19:817][  0]LogTemp: Display: Loaded TP Android_MultiTargetPlatform
[2017.11.14-00.46.19:817][  0]LogTemp: Display: Loaded TP Android_PVRTCTargetPlatform
[2017.11.14-00.46.19:910][  0]LogTemp: Display: Loaded TP HTML5TargetPlatform
[2017.11.14-00.46.20:179][  0]LogTemp: Display: Loaded TP IOSTargetPlatform
[2017.11.14-00.46.20:235][  0]LogTemp: Display: Loaded TP TVOSTargetPlatform
[2017.11.14-00.46.20:336][  0]LogTemp: Display: Loaded TP LinuxClientTargetPlatform
[2017.11.14-00.46.20:447][  0]LogTemp: Display: Loaded TP LinuxNoEditorTargetPlatform
[2017.11.14-00.46.20:559][  0]LogTemp: Display: Loaded TP LinuxServerTargetPlatform
[2017.11.14-00.46.20:681][  0]LogTemp: Display: Loaded TP LinuxTargetPlatform
[2017.11.14-00.46.20:681][  0]LogTargetPlatformManager: Display: Building Assets For Windows
[2017.11.14-00.46.23:252][  0]LogDerivedDataCache: Display: Max Cache Size: 512 MB
[2017.11.14-00.46.24:880][  0]LogDerivedDataCache: Loaded boot cache 1.60s 93MB C:/Users/z1hwa/AppData/Local/UnrealEngine/4.17/DerivedDataCache/Boot.ddc.
[2017.11.14-00.46.24:880][  0]LogDerivedDataCache: Display: Loaded Boot cache: C:/Users/z1hwa/AppData/Local/UnrealEngine/4.17/DerivedDataCache/Boot.ddc
[2017.11.14-00.46.24:881][  0]LogDerivedDataCache: FDerivedDataBackendGraph:  Pak pak cache file ../../../../../../Users/z1hwa/Documents/GitHub/Project-Heave-Final/DerivedDataCache/DDC.ddp not found, will not use a pak cache.
[2017.11.14-00.46.24:881][  0]LogDerivedDataCache: Unable to find inner node Pak for hierarchical cache Hierarchy.
[2017.11.14-00.46.24:881][  0]LogDerivedDataCache: FDerivedDataBackendGraph:  CompressedPak pak cache file ../../../../../../Users/z1hwa/Documents/GitHub/Project-Heave-Final/DerivedDataCache/Compressed.ddp not found, will not use a pak cache.
[2017.11.14-00.46.24:881][  0]LogDerivedDataCache: Unable to find inner node CompressedPak for hierarchical cache Hierarchy.
[2017.11.14-00.46.25:005][  0]LogDerivedDataCache: Display: Pak cache opened for reading ../../../Engine/DerivedDataCache/Compressed.ddp.
[2017.11.14-00.46.25:018][  0]LogDerivedDataCache: Using Local data cache path C:/Users/z1hwa/AppData/Local/UnrealEngine/Common/DerivedDataCache: Writable
[2017.11.14-00.46.25:030][  0]LogMaterial: Verifying Global Shaders for PCD3D_SM5
[2017.11.14-00.46.25:108][  0]LogSlate: Using Freetype 2.6.0
[2017.11.14-00.46.25:226][  0]LogSlate: SlateFontCache - WITH_FREETYPE: 1, WITH_HARFBUZZ: 1
[2017.11.14-00.46.25:226][  0]LogSlate: SlateFontCache - WITH_FREETYPE: 1, WITH_HARFBUZZ: 1
[2017.11.14-00.46.35:534][  0]LogAssetRegistry: FAssetRegistry took 0.0517 seconds to start up
[2017.11.14-00.46.36:765][  0]LogInit: Selected Device Profile: [Windows]
[2017.11.14-00.46.41:217][  0]LogContentStreaming: Texture pool size is 0.00 MB
[2017.11.14-00.46.42:803][  0]LogSimplygon: Simplygon DLL not present - disabling.
[2017.11.14-00.46.42:959][  0]LogMeshReduction: Using SimplygonSwarm for distributed automatic mesh merging
[2017.11.14-00.46.42:986][  0]LogMeshReduction: Using QuadricMeshReduction for automatic static mesh reduction
[2017.11.14-00.46.42:986][  0]LogMeshReduction: No automatic skeletal mesh reduction module available
[2017.11.14-00.46.42:986][  0]LogMeshReduction: No automatic mesh merging module available
[2017.11.14-00.46.42:986][  0]LogMeshMerging: No automatic mesh merging module available
[2017.11.14-00.46.47:205][  0]LogNetVersion: MyProject , NetCL: 3573198, EngineNetVer: 2, GameNetVer: 0 (Checksum: 3113362612)
[2017.11.14-00.46.49:174][  0]LogPackageLocalizationCache: Processed 5 localized package path(s) for 2 prioritized culture(s) in 0.132027 seconds
[2017.11.14-00.46.49:181][  0]LogUObjectArray: 35825 objects as part of root set at end of initial load.
[2017.11.14-00.46.49:181][  0]LogUObjectAllocator: 7529112 out of 0 bytes used by permanent object pool.
[2017.11.14-00.46.49:181][  0]LogUObjectArray: CloseDisregardForGC: 0/0 objects in disregard for GC pool
[2017.11.14-00.46.49:335][  0]LogInit: WinSock: version 1.1 (2.2), MaxSocks=32767, MaxUdp=65467
[2017.11.14-00.47.23:877][  0]LogTcpMessaging: Initializing TcpMessaging bridge
[2017.11.14-00.47.23:957][  0]LogUdpMessaging: Initializing bridge on interface 0.0.0.0:0 to multicast group 230.0.0.1:6666.
[2017.11.14-00.47.26:573][  0]LogMaterial: Uniform references updated for custom material expression Custom.
[2017.11.14-00.47.28:208][  0]SourceControl: Source control is disabled
[2017.11.14-00.47.28:208][  0]SourceControl: Source control is disabled
[2017.11.14-00.47.28:362][  0]SourceControl: Source control is disabled
[2017.11.14-00.47.28:520][  0]SourceControl: Source control is disabled
[2017.11.14-00.47.30:514][  0]LogAndroidPermission: UAndroidPermissionCallbackProxy::GetInstance
[2017.11.14-00.47.30:905][  0]LogOcInput: OculusInput pre-init called
[2017.11.14-00.47.31:858][  0]LogEngine: Initializing Engine...
[2017.11.14-00.47.31:899][  0]LogHMD: Failed to initialize OpenVR with code 110
[2017.11.14-00.47.33:357][  0]LogStats: UGameplayTagsManager::ConstructGameplayTagTree: Construct from data asset -  0.000 s
[2017.11.14-00.47.33:358][  0]LogStats: UGameplayTagsManager::ConstructGameplayTagTree: GameplayTagTreeChangedEvent.Broadcast -  0.000 s
[2017.11.14-00.47.33:824][  0]LogAIModule: Creating AISystem for world Untitled
[2017.11.14-00.47.33:900][  0]LogInit: XAudio2 using 'Speakers / Headphones (Realtek High Definition Audio)' : 2 channels at 48 kHz using 32 bits per sample (channel mask 0x3)
[2017.11.14-00.47.33:948][  0]LogInit: FAudioDevice initialized.
[2017.11.14-00.47.34:273][  0]LogDerivedDataCache: Saved boot cache 0.30s 93MB C:/Users/z1hwa/AppData/Local/UnrealEngine/4.17/DerivedDataCache/Boot.ddc.
[2017.11.14-00.47.34:315][  0]LogInit: Texture streaming: Enabled
[2017.11.14-00.47.34:963][  0]LogEngineSessionManager: EngineSessionManager initialized
[2017.11.14-00.47.34:963][  0]LogEngineSessionManager: EngineSessionManager sent abnormal shutdown report. Type=AbnormalShutdown, SessionId={71DCB698-4CF3-DFB2-83AD-58BA76A01EE5}
[2017.11.14-00.47.36:176][  0]LogInit: Transaction tracking system initialized
[2017.11.14-00.47.37:087][  0]BlueprintLog: New page: Editor Load
[2017.11.14-00.47.41:570][  0]LocalizationService: Localization service is disabled
[2017.11.14-00.47.44:832][  0]LogConsoleResponse: Display: 
[2017.11.14-00.47.49:087][  0]LogFileCache: Scanning file cache for directory 'C:/Users/z1hwa/Documents/GitHub/Project-Heave-Final/Content/' took 0.02s
[2017.11.14-00.47.49:087][  0]LogCook: Display: Max memory allowance for cook 16384mb min free memory 0mb
[2017.11.14-00.47.49:088][  0]LogCook: Display: Mobile HDR setting 1
[2017.11.14-00.47.49:180][  0]LogGameplayTags: Display: UGameplayTagsManager::DoneAddingNativeTags. DelegateIsBound: 0
[2017.11.14-00.47.55:365][  0]SourceControl: Source control is disabled
[2017.11.14-00.47.55:466][  0]Cmd: MAP LOAD FILE="../../../../../../Users/z1hwa/Documents/GitHub/Project-Heave-Final/Content/ThirdPersonBP/Maps/ThirdPersonExampleMap.umap" TEMPLATE=0 SHOWPROGRESS=1 FEATURELEVEL=3
[2017.11.14-00.47.55:493][  0]LogEditorServer: Warning: Can't find file '../../../../../../Users/z1hwa/Documents/GitHub/Project-Heave-Final/Content/ThirdPersonBP/Maps/ThirdPersonExampleMap.umap'
[2017.11.14-00.47.55:567][  0]Cmd: MAP CHECKDEP NOCLEARLOG
[2017.11.14-00.47.55:714][  0]MapCheck: Map check complete: 0 Error(s), 0 Warning(s), took 146.567ms to complete.
[2017.11.14-00.47.55:714][  0]LogFileHelpers: Loading map 'ThirdPersonExampleMap' took 0.248
[2017.11.14-00.48.00:648][  0]LogCollectionManager: Loaded 0 collections in 0.004089 seconds
[2017.11.14-00.48.01:336][  0]LogFileCache: Scanning file cache for directory 'C:/Users/z1hwa/Documents/GitHub/Project-Heave-Final/Saved/Collections/' took 0.01s
[2017.11.14-00.48.01:336][  0]LogFileCache: Scanning file cache for directory 'C:/Users/z1hwa/Documents/GitHub/Project-Heave-Final/Content/Developers/z1hwa/Collections/' took 0.01s
[2017.11.14-00.48.01:336][  0]LogFileCache: Scanning file cache for directory 'C:/Users/z1hwa/Documents/GitHub/Project-Heave-Final/Content/Collections/' took 0.01s
[2017.11.14-00.48.01:336][  0]LogCollectionManager: Rebuilt the GUID cache for 0 collections in 0.000001 seconds
[2017.11.14-00.48.01:472][  0]LogContentBrowser: Native class hierarchy populated in 0.0756 seconds. Added 2386 classes and 500 folders.
[2017.11.14-00.48.01:739][  0]LogContentBrowser: Native class hierarchy updated for 'WidgetCarousel' in 0.0007 seconds. Added 0 classes and 0 folders.
[2017.11.14-00.48.10:512][  0]LogContentBrowser: Native class hierarchy updated for 'AddContentDialog' in 0.0022 seconds. Added 0 classes and 0 folders.
[2017.11.14-00.48.10:792][  0]LogContentBrowser: Native class hierarchy updated for 'SceneOutliner' in 0.0008 seconds. Added 1 classes and 2 folders.
[2017.11.14-00.48.12:659][  0]LogSlate: Took 0.107775 seconds to synchronously load lazily loaded font '../../../Engine/Content/Slate/Fonts/Roboto-Regular.ttf' (155K)
[2017.11.14-00.48.12:758][  0]LogSlate: Took 0.059564 seconds to synchronously load lazily loaded font '../../../Engine/Content/Slate/Fonts/Roboto-Bold.ttf' (160K)
[2017.11.14-00.48.12:915][  0]LogSlate: Took 0.114555 seconds to synchronously load lazily loaded font '../../../Engine/Content/Editor/Slate/Fonts/FontAwesome.ttf' (139K)
[2017.11.14-00.48.14:104][  0]LogRenderer: Reallocating scene render targets to support 704x332 Format 10 NumSamples 1 (Frame:1).
[2017.11.14-00.48.16:114][  0]LogContentBrowser: Native class hierarchy updated for 'HierarchicalLODOutliner' in 0.0008 seconds. Added 1 classes and 2 folders.
[2017.11.14-00.48.16:114][  0]LogLoad: (Engine Initialization) Total time: 194.52 seconds
[2017.11.14-00.48.16:114][  0]LogLoad: (Engine Initialization) Total Blueprint compile time: 0.00 seconds
[2017.11.14-00.48.16:114][  0]LogExternalProfiler: No external profilers were discovered.  External profiling features will not be available.
[2017.11.14-00.48.16:605][  0]LogContentStreaming: Texture pool size now 1000 MB
[2017.11.14-00.48.17:759][  3]LogSlate: Took 0.105579 seconds to synchronously load lazily loaded font '../../../Engine/Content/Slate/Fonts/Roboto-Light.ttf' (159K)
[2017.11.14-00.48.17:769][  3]LogSlate: Took 0.000345 seconds to synchronously load lazily loaded font '../../../Engine/Content/Slate/Fonts/Roboto-Light.ttf' (159K)
[2017.11.14-00.48.19:504][  4]LogAssetRegistry: Asset discovery search completed in 103.9936 seconds
[2017.11.14-00.48.19:506][  4]LogCollectionManager: Rebuilt the object cache for 0 collections in 0.000001 seconds (found 0 objects)
[2017.11.14-00.48.19:506][  4]LogCollectionManager: Fixed up redirectors for 0 collections in 0.000055 seconds (updated 0 objects)
[2017.11.14-01.45.43:339][336]LogD3D11RHI: Timed out while waiting for GPU to catch up. (0.5 s)
[2017.11.14-02.02.50:267][778]LogSlate: Took 0.000176 seconds to synchronously load lazily loaded font '../../../Engine/Content/Slate/Fonts/Roboto-Light.ttf' (159K)
[2017.11.14-02.02.51:206][778]LogSlate: Took 0.000208 seconds to synchronously load lazily loaded font '../../../Engine/Content/Slate/Fonts/Roboto-Regular.ttf' (155K)
[2017.11.14-02.02.54:441][778]LogAIModule: Creating AISystem for world level2
[2017.11.14-02.02.54:710][778]Cmd: MAP LOAD FILE="../../../../../../Users/z1hwa/Documents/GitHub/Project-Heave-Final/Content/ThirdPersonBP/Maps/level2.umap" TEMPLATE=0 SHOWPROGRESS=1 FEATURELEVEL=3
[2017.11.14-02.02.54:716][778]LightingResults: New page: Lighting Build
[2017.11.14-02.02.54:837][778]LogContentBrowser: Native class hierarchy updated for 'StatsViewer' in 0.0008 seconds. Added 5 classes and 0 folders.
[2017.11.14-02.02.54:839][778]LoadErrors: New page: Loading map: level2.umap
[2017.11.14-02.02.54:875][778]MapCheck: New page: Map Check
[2017.11.14-02.02.54:875][778]LightingResults: New page: Lighting Build
[2017.11.14-02.02.55:060][778]LogEditorServer: Finished looking for orphan Actors (0.000 secs)
[2017.11.14-02.02.55:208][778]Cmd: MAP CHECKDEP NOCLEARLOG
[2017.11.14-02.02.55:294][778]MapCheck: Map check complete: 0 Error(s), 0 Warning(s), took 85.951ms to complete.
[2017.11.14-02.02.55:294][778]LogFileHelpers: Loading map 'level2' took 0.607
[2017.11.14-02.02.57:723][839]LogTemp: Repeating last play command: Selected Viewport
[2017.11.14-02.02.57:880][839]LogBlueprintUserMessages: Early PlayInEditor Detection: Level '/Game/ThirdPersonBP/Maps/level2.level2:PersistentLevel' has LevelScriptBlueprint '/Game/ThirdPersonBP/Maps/level2.level2:PersistentLevel.level2' with GeneratedClass '/Game/ThirdPersonBP/Maps/level2.level2_C' with ClassGeneratedBy '/Game/ThirdPersonBP/Maps/level2.level2:PersistentLevel.level2'
[2017.11.14-02.02.57:880][839]LogPlayLevel: PlayLevel: No blueprints needed recompiling
[2017.11.14-02.02.57:914][839]PIE: New page: PIE session: level2 (Nov 13, 2017, 4:02:57 PM)
[2017.11.14-02.02.57:914][839]LogPlayLevel: Creating play world package: /Game/ThirdPersonBP/Maps/UEDPIE_0_level2
[2017.11.14-02.02.57:950][839]LogPlayLevel: PIE: StaticDuplicateObject took: (0.035161s)
[2017.11.14-02.02.57:951][839]LogAIModule: Creating AISystem for world level2
[2017.11.14-02.02.57:951][839]LogPlayLevel: PIE: World Init took: (0.001425s)
[2017.11.14-02.02.57:952][839]LogPlayLevel: PIE: Created PIE world by copying editor world from /Game/ThirdPersonBP/Maps/level2.level2 to /Game/ThirdPersonBP/Maps/UEDPIE_0_level2.level2 (0.037068s)
[2017.11.14-02.02.57:970][839]LogInit: XAudio2 using 'Speakers / Headphones (Realtek High Definition Audio)' : 2 channels at 48 kHz using 32 bits per sample (channel mask 0x3)
[2017.11.14-02.02.57:992][839]LogInit: FAudioDevice initialized.
[2017.11.14-02.02.58:038][839]LogLoad: Game class is 'ThirdPersonGameMode_C'
[2017.11.14-02.02.58:094][839]LogWorld: Bringing World /Game/ThirdPersonBP/Maps/UEDPIE_0_level2.level2 up for play (max tick rate 60) at 2017.11.13-21.02.58
[2017.11.14-02.02.58:095][839]LogWorld: Bringing up level for play took: 0.005846
[2017.11.14-02.02.58:193][839]LogContentBrowser: Native class hierarchy updated for 'MovieSceneCapture' in 0.0017 seconds. Added 11 classes and 0 folders.
[2017.11.14-02.02.58:197][839]PIE: Play in editor start time for /Game/ThirdPersonBP/Maps/UEDPIE_0_level2 0.323
[2017.11.14-02.02.58:198][839]LogBlueprintUserMessages: Late PlayInEditor Detection: Level '/Game/ThirdPersonBP/Maps/level2.level2:PersistentLevel' has LevelScriptBlueprint '/Game/ThirdPersonBP/Maps/level2.level2:PersistentLevel.level2' with GeneratedClass '/Game/ThirdPersonBP/Maps/level2.level2_C' with ClassGeneratedBy '/Game/ThirdPersonBP/Maps/level2.level2:PersistentLevel.level2'
[2017.11.14-02.04.48:927][320]LogBlueprintUserMessages: Early EndPlayMap Detection: Level '/Game/ThirdPersonBP/Maps/level2.level2:PersistentLevel' has LevelScriptBlueprint '/Game/ThirdPersonBP/Maps/level2.level2:PersistentLevel.level2' with GeneratedClass '/Game/ThirdPersonBP/Maps/level2.level2_C' with ClassGeneratedBy '/Game/ThirdPersonBP/Maps/level2.level2:PersistentLevel.level2'
[2017.11.14-02.04.49:159][320]LogBlueprintUserMessages: Late EndPlayMap Detection: Level '/Game/ThirdPersonBP/Maps/level2.level2:PersistentLevel' has LevelScriptBlueprint '/Game/ThirdPersonBP/Maps/level2.level2:PersistentLevel.level2' with GeneratedClass '/Game/ThirdPersonBP/Maps/level2.level2_C' with ClassGeneratedBy '/Game/ThirdPersonBP/Maps/level2.level2:PersistentLevel.level2'
[2017.11.14-02.37.24:890][246]LogHttp: Warning: 00000112B45D1180: request failed, libcurl error: 6 (Couldn't resolve host name)
[2017.11.14-02.37.24:890][246]LogHttp: Warning: 00000112B45D1180: libcurl info message cache 0 (Found bundle for host datarouter.ol.epicgames.com: 0x112e346bfb8 [can pipeline])
[2017.11.14-02.37.24:890][246]LogHttp: Warning: 00000112B45D1180: libcurl info message cache 1 (Re-using existing connection! (#17) with host datarouter.ol.epicgames.com)
[2017.11.14-02.37.24:890][246]LogHttp: Warning: 00000112B45D1180: libcurl info message cache 2 (Connected to datarouter.ol.epicgames.com (52.5.13.16) port 443 (#17))
[2017.11.14-02.37.24:890][246]LogHttp: Warning: 00000112B45D1180: libcurl info message cache 3 (upload completely sent off: 718 out of 718 bytes)
[2017.11.14-02.37.24:891][246]LogHttp: Warning: 00000112B45D1180: libcurl info message cache 4 (TLSv1.2 (IN), TLS alert, Client hello (1):)
[2017.11.14-02.37.24:891][246]LogHttp: Warning: 00000112B45D1180: libcurl info message cache 5 (Connection died, retrying a fresh connect)
[2017.11.14-02.37.24:891][246]LogHttp: Warning: 00000112B45D1180: libcurl info message cache 6 (Closing connection 17)
[2017.11.14-02.37.24:891][246]LogHttp: Warning: 00000112B45D1180: libcurl info message cache 7 (TLSv1.2 (OUT), TLS alert, Client hello (1):)
[2017.11.14-02.37.24:891][246]LogHttp: Warning: 00000112B45D1180: libcurl info message cache 8 (Issue another request to this URL: 'https://datarouter.ol.epicgames.com/datarouter/api/v1/public/data?SessionID=%7B145457C2-47FE-C6BE-F2FC-87AA2492D01F%7D&AppID=UEEditor.Rocket.Release&AppVersion=4.17.1-3586342%2B%2B%2BUE4%2BRelease-4.17&UserID=33cc274f4a77bc06b0d9239a10b09ff6%7Ccef429f6fe6c4866b4a1265aaf67d156%7C00332156-98b5-4ac3-b05b-537eb3e74e2f&AppEnvironment=datacollector-binary&UploadType=eteventstream')
[2017.11.14-02.37.24:891][246]LogHttp: Warning: 00000112B45D1180: libcurl info message cache 9 (Could not resolve host: datarouter.ol.epicgames.com)
[2017.11.14-02.37.24:891][246]LogHttp: Warning: 00000112B45D1180: libcurl info message cache 10 (Closing connection 18)
[2017.11.14-03.08.09:682][625]LogStreaming: Warning: Took 679.58ms to ProcessLoadedPackages
[2017.11.14-03.10.40:472][ 16]LogWindowsTextInputMethodSystem: Display: IME system now deactivated.
[2017.11.14-03.10.40:473][ 16]LogWindowsTextInputMethodSystem: Display: IME system now deactivated.
[2017.11.14-03.10.47:271][ 17]Cmd: QUIT_EDITOR
[2017.11.14-03.10.51:283][ 17]LogExit: Preparing to exit.
[2017.11.14-03.10.55:962][ 17]LogDirectoryWatcher: A directory notification for 'C:/Users/z1hwa/Documents/GitHub/Project-Heave-Final/Content/' was aborted.
[2017.11.14-03.10.59:009][ 17]LogExit: Editor shut down
[2017.11.14-03.11.00:667][ 17]LogExit: Transaction tracking system shut down
[2017.11.14-03.11.04:792][ 17]LogDirectoryWatcher: A directory notification for '../../../Engine/Content/' was aborted.
[2017.11.14-03.11.04:793][ 17]LogDirectoryWatcher: A directory notification for '../../../../../../Users/z1hwa/Documents/GitHub/Project-Heave-Final/Content/' was aborted.
[2017.11.14-03.11.04:795][ 17]LogDirectoryWatcher: A directory notification for '../../../Engine/Plugins/2D/Paper2D/Content/' was aborted.
[2017.11.14-03.11.04:797][ 17]LogDirectoryWatcher: A directory notification for '../../../Engine/Plugins/Runtime/Oculus/OculusVR/Content/' was aborted.
[2017.11.14-03.11.04:801][ 17]LogDirectoryWatcher: A directory notification for '../../../Engine/Plugins/Runtime/Steam/SteamVR/Content/' was aborted.
[2017.11.14-03.11.10:071][ 17]LogExit: Object subsystem successfully closed.
[2017.11.14-03.11.10:531][ 17]LogD3D11RHI: Shutdown
[2017.11.14-03.11.10:540][ 17]LogD3D11RHI: CleanupD3DDevice
[2017.11.14-03.11.12:707][ 17]LogD3D11RHI: ~FD3D11DynamicRHI
[2017.11.14-03.11.14:990][ 17]LogModuleManager: Shutting down and abandoning module MovieSceneCapture (532)
[2017.11.14-03.11.15:019][ 17]LogModuleManager: Shutting down and abandoning module StatsViewer (530)
[2017.11.14-03.11.15:026][ 17]LogModuleManager: Shutting down and abandoning module HierarchicalLODOutliner (528)
[2017.11.14-03.11.15:031][ 17]LogModuleManager: Shutting down and abandoning module SceneOutliner (526)
[2017.11.14-03.11.15:044][ 17]LogModuleManager: Shutting down and abandoning module AddContentDialog (524)
[2017.11.14-03.11.15:099][ 17]LogDirectoryWatcher: A directory notification for 'C:/Program Files/Epic Games/UE_4.17/FeaturePacks/' was aborted.
[2017.11.14-03.11.15:122][ 17]LogModuleManager: Shutting down and abandoning module WidgetCarousel (523)
[2017.11.14-03.11.15:122][ 17]LogModuleManager: Shutting down and abandoning module EditorWidgets (520)
[2017.11.14-03.11.15:122][ 17]LogModuleManager: Shutting down and abandoning module CollectionManager (518)
[2017.11.14-03.11.15:127][ 17]LogDirectoryWatcher: A directory notification for 'C:/Users/z1hwa/Documents/GitHub/Project-Heave-Final/Content/Collections/' was aborted.
[2017.11.14-03.11.15:138][ 17]LogDirectoryWatcher: A directory notification for 'C:/Users/z1hwa/Documents/GitHub/Project-Heave-Final/Content/Developers/z1hwa/Collections/' was aborted.
[2017.11.14-03.11.15:138][ 17]LogDirectoryWatcher: A directory notification for 'C:/Users/z1hwa/Documents/GitHub/Project-Heave-Final/Saved/Collections/' was aborted.
[2017.11.14-03.11.15:138][ 17]LogModuleManager: Shutting down and abandoning module FoliageEdit (516)
[2017.11.14-03.11.15:142][ 17]LogModuleManager: Shutting down and abandoning module LandscapeEditor (514)
[2017.11.14-03.11.15:193][ 17]LogModuleManager: Shutting down and abandoning module MeshPaintMode (512)
[2017.11.14-03.11.15:202][ 17]LogModuleManager: Shutting down and abandoning module SceneDepthPickerMode (510)
[2017.11.14-03.11.15:202][ 17]LogModuleManager: Shutting down and abandoning module ActorPickerMode (508)
[2017.11.14-03.11.15:202][ 17]LogModuleManager: Shutting down and abandoning module GeometryMode (506)
[2017.11.14-03.11.15:202][ 17]LogModuleManager: Shutting down and abandoning module TextureAlignMode (504)
[2017.11.14-03.11.15:202][ 17]LogModuleManager: Shutting down and abandoning module BspMode (502)
[2017.11.14-03.11.15:212][ 17]LogModuleManager: Shutting down and abandoning module PIEPreviewDeviceProfileSelector (500)
[2017.11.14-03.11.15:212][ 17]LogModuleManager: Shutting down and abandoning module HardwareSurvey (498)
[2017.11.14-03.11.15:214][ 17]LogModuleManager: Shutting down and abandoning module SequenceRecorderSections (496)
[2017.11.14-03.11.15:225][ 17]LogModuleManager: Shutting down and abandoning module AutomationWorker (494)
[2017.11.14-03.11.15:233][ 17]LogModuleManager: Shutting down and abandoning module MatineeToLevelSequence (492)
[2017.11.14-03.11.15:246][ 17]LogModuleManager: Shutting down and abandoning module LevelSequenceEditor (490)
[2017.11.14-03.11.15:348][ 17]LogModuleManager: Shutting down and abandoning module PlacementMode (489)
[2017.11.14-03.11.15:351][ 17]LogModuleManager: Shutting down and abandoning module WmfMediaFactory (486)
[2017.11.14-03.11.15:351][ 17]LogModuleManager: Shutting down and abandoning module WmfMediaEditor (484)
[2017.11.14-03.11.15:351][ 17]LogModuleManager: Shutting down and abandoning module AvfMediaFactory (482)
[2017.11.14-03.11.15:351][ 17]LogModuleManager: Shutting down and abandoning module AvfMediaEditor (480)
[2017.11.14-03.11.15:351][ 17]LogModuleManager: Shutting down and abandoning module AndroidMediaFactory (478)
[2017.11.14-03.11.15:352][ 17]LogModuleManager: Shutting down and abandoning module Media (477)
[2017.11.14-03.11.15:352][ 17]LogModuleManager: Shutting down and abandoning module AndroidMediaEditor (474)
[2017.11.14-03.11.15:352][ 17]LogModuleManager: Shutting down and abandoning module CharacterAI (472)
[2017.11.14-03.11.15:352][ 17]LogModuleManager: Shutting down and abandoning module AudioCapture (470)
[2017.11.14-03.11.15:352][ 17]LogModuleManager: Shutting down and abandoning module SequenceRecorder (469)
[2017.11.14-03.11.15:362][ 17]LogModuleManager: Shutting down and abandoning module SmartSnapping (466)
[2017.11.14-03.11.15:363][ 17]LogModuleManager: Shutting down and abandoning module SessionServices (464)
[2017.11.14-03.11.15:363][ 17]LogModuleManager: Shutting down and abandoning module ViewportSnapping (462)
[2017.11.14-03.11.15:363][ 17]LogModuleManager: Shutting down and abandoning module ViewportInteraction (460)
[2017.11.14-03.11.15:363][ 17]LogModuleManager: Shutting down and abandoning module ClothPainter (458)
[2017.11.14-03.11.15:399][ 17]LogModuleManager: Shutting down and abandoning module LogVisualizer (456)
[2017.11.14-03.11.15:417][ 17]LogModuleManager: Shutting down and abandoning module IntroTutorials (454)
[2017.11.14-03.11.15:441][ 17]LogModuleManager: Shutting down and abandoning module GameProjectGeneration (453)
[2017.11.14-03.11.15:489][ 17]LogModuleManager: Shutting down and abandoning module IOSPlatformEditor (450)
[2017.11.14-03.11.15:490][ 17]LogModuleManager: Shutting down and abandoning module HTML5PlatformEditor (448)
[2017.11.14-03.11.15:490][ 17]LogModuleManager: Shutting down and abandoning module AndroidPlatformEditor (446)
[2017.11.14-03.11.15:491][ 17]LogModuleManager: Shutting down and abandoning module AndroidDeviceDetection (445)
[2017.11.14-03.11.15:741][ 17]LogModuleManager: Shutting down and abandoning module WindowsPlatformEditor (442)
[2017.11.14-03.11.15:741][ 17]LogModuleManager: Shutting down and abandoning module IOSRuntimeSettings (440)
[2017.11.14-03.11.15:743][ 17]LogModuleManager: Shutting down and abandoning module AndroidRuntimeSettings (438)
[2017.11.14-03.11.15:743][ 17]LogModuleManager: Shutting down and abandoning module InputBindingEditor (436)
[2017.11.14-03.11.15:755][ 17]LogModuleManager: Shutting down and abandoning module MergeActors (434)
[2017.11.14-03.11.15:768][ 17]LogModuleManager: Shutting down and abandoning module SizeMap (432)
[2017.11.14-03.11.15:782][ 17]LogModuleManager: Shutting down and abandoning module TreeMap (430)
[2017.11.14-03.11.15:802][ 17]LogModuleManager: Shutting down and abandoning module ReferenceViewer (428)
[2017.11.14-03.11.15:802][ 17]LogModuleManager: Shutting down and abandoning module LocalizationDashboard (426)
[2017.11.14-03.11.15:829][ 17]LogModuleManager: Shutting down and abandoning module LocalizationService (425)
[2017.11.14-03.11.15:851][ 17]LogModuleManager: Shutting down and abandoning module HardwareTargeting (422)
[2017.11.14-03.11.15:852][ 17]LogModuleManager: Shutting down and abandoning module DeviceProfileEditor (420)
[2017.11.14-03.11.15:867][ 17]LogModuleManager: Shutting down and abandoning module UndoHistory (418)
[2017.11.14-03.11.15:871][ 17]LogModuleManager: Shutting down and abandoning module XmlParser (416)
[2017.11.14-03.11.15:916][ 17]LogModuleManager: Shutting down and abandoning module Blutility (414)
[2017.11.14-03.11.15:916][ 17]LogModuleManager: Shutting down and abandoning module ProjectSettingsViewer (412)
[2017.11.14-03.11.15:916][ 17]LogModuleManager: Shutting down and abandoning module ProjectTargetPlatformEditor (411)
[2017.11.14-03.11.15:917][ 17]LogModuleManager: Shutting down and abandoning module EditorSettingsViewer (408)
[2017.11.14-03.11.15:917][ 17]LogModuleManager: Shutting down and abandoning module SettingsEditor (406)
[2017.11.14-03.11.15:964][ 17]LogModuleManager: Shutting down and abandoning module ProjectLauncher (404)
[2017.11.14-03.11.15:990][ 17]LogModuleManager: Shutting down and abandoning module SessionFrontend (402)
[2017.11.14-03.11.16:018][ 17]LogModuleManager: Shutting down and abandoning module ProfilerClient (400)
[2017.11.14-03.11.16:055][ 17]LogModuleManager: Shutting down and abandoning module DeviceManager (398)
[2017.11.14-03.11.16:102][ 17]LogModuleManager: Shutting down and abandoning module TargetDeviceServices (397)
[2017.11.14-03.11.16:233][ 17]LogModuleManager: Shutting down and abandoning module AutomationController (394)
[2017.11.14-03.11.16:266][ 17]LogModuleManager: Shutting down and abandoning module AutomationWindow (392)
[2017.11.14-03.11.16:285][ 17]LogModuleManager: Shutting down and abandoning module Layers (390)
[2017.11.14-03.11.16:305][ 17]LogModuleManager: Shutting down and abandoning module ComponentVisualizers (388)
[2017.11.14-03.11.16:306][ 17]LogModuleManager: Shutting down and abandoning module DetailCustomizations (386)
[2017.11.14-03.11.16:324][ 17]LogModuleManager: Shutting down and abandoning module PackagesDialog (384)
[2017.11.14-03.11.16:332][ 17]LogModuleManager: Shutting down and abandoning module Persona (382)
[2017.11.14-03.11.16:380][ 17]LogModuleManager: Shutting down and abandoning module AdvancedPreviewScene (381)
[2017.11.14-03.11.16:380][ 17]LogModuleManager: Shutting down and abandoning module AnimGraph (379)
[2017.11.14-03.11.16:392][ 17]LogModuleManager: Shutting down and abandoning module Kismet (376)
[2017.11.14-03.11.16:453][ 17]LogModuleManager: Shutting down and abandoning module ClassViewer (374)
[2017.11.14-03.11.16:453][ 17]LogModuleManager: Shutting down and abandoning module Toolbox (372)
[2017.11.14-03.11.16:454][ 17]LogModuleManager: Shutting down and abandoning module ModuleUI (370)
[2017.11.14-03.11.16:462][ 17]LogModuleManager: Shutting down and abandoning module MovieSceneTools (368)
[2017.11.14-03.11.16:506][ 17]LogModuleManager: Shutting down and abandoning module OutputLog (366)
[2017.11.14-03.11.16:511][ 17]LogModuleManager: Shutting down and abandoning module GammaUI (364)
[2017.11.14-03.11.16:531][ 17]LogModuleManager: Shutting down and abandoning module Documentation (362)
[2017.11.14-03.11.16:531][ 17]LogModuleManager: Shutting down and abandoning module MovieSceneTracks (360)
[2017.11.14-03.11.16:531][ 17]LogModuleManager: Shutting down and abandoning module MovieScene (358)
[2017.11.14-03.11.16:531][ 17]LogModuleManager: Shutting down and abandoning module Niagara (356)
[2017.11.14-03.11.16:531][ 17]LogModuleManager: Shutting down and abandoning module NiagaraEditor (355)
[2017.11.14-03.11.16:626][ 17]LogModuleManager: Shutting down and abandoning module StreamingPauseRendering (352)
[2017.11.14-03.11.16:626][ 17]LogModuleManager: Shutting down and abandoning module LauncherPlatform (350)
[2017.11.14-03.11.16:626][ 17]LogModuleManager: Shutting down and abandoning module AnalyticsET (348)
[2017.11.14-03.11.16:626][ 17]LogModuleManager: Shutting down and abandoning module PortalServices (346)
[2017.11.14-03.11.16:626][ 17]LogModuleManager: Shutting down and abandoning module PortalRpc (344)
[2017.11.14-03.11.16:626][ 17]LogModuleManager: Shutting down and abandoning module MessagingRpc (342)
[2017.11.14-03.11.16:626][ 17]LogModuleManager: Shutting down and abandoning module AIModule (340)
[2017.11.14-03.11.16:627][ 17]LogModuleManager: Shutting down and abandoning module GameplayDebugger (339)
[2017.11.14-03.11.16:627][ 17]LogModuleManager: Shutting down and abandoning module AITestSuite (337)
[2017.11.14-03.11.16:639][ 17]LogModuleManager: Shutting down and abandoning module ProfilerService (334)
[2017.11.14-03.11.16:886][ 17]LogModuleManager: Shutting down and abandoning module TaskGraph (332)
[2017.11.14-03.11.16:892][ 17]LogModuleManager: Shutting down and abandoning module SteamVRController (330)
[2017.11.14-03.11.16:892][ 17]LogModuleManager: Shutting down and abandoning module ProceduralMeshComponentEditor (328)
[2017.11.14-03.11.16:893][ 17]LogModuleManager: Shutting down and abandoning module ProceduralMeshComponent (326)
[2017.11.14-03.11.16:893][ 17]LogModuleManager: Shutting down and abandoning module OculusInput (324)
[2017.11.14-03.11.16:909][ 17]LogModuleManager: Shutting down and abandoning module MobilePatchingUtils (322)
[2017.11.14-03.11.16:909][ 17]LogModuleManager: Shutting down and abandoning module CustomMeshComponent (320)
[2017.11.14-03.11.16:909][ 17]LogModuleManager: Shutting down and abandoning module CableComponent (318)
[2017.11.14-03.11.16:930][ 17]LogModuleManager: Shutting down and abandoning module ArchVisCharacter (316)
[2017.11.14-03.11.16:933][ 17]LogModuleManager: Shutting down and abandoning module AndroidPermission (314)
[2017.11.14-03.11.16:933][ 17]LogModuleManager: Shutting down and abandoning module MediaPlayerEditor (310)
[2017.11.14-03.11.16:984][ 17]LogModuleManager: Shutting down and abandoning module HTML5Networking (308)
[2017.11.14-03.11.16:984][ 17]LogModuleManager: Shutting down and abandoning module AlembicImporter (306)
[2017.11.14-03.11.16:997][ 17]LogModuleManager: Shutting down and abandoning module AlembicLibrary (305)
[2017.11.14-03.11.16:998][ 17]LogModuleManager: Shutting down and abandoning module GeometryCache (304)
[2017.11.14-03.11.16:998][ 17]LogModuleManager: Shutting down and abandoning module GeometryCacheEd (303)
[2017.11.14-03.11.16:998][ 17]LogModuleManager: Shutting down and abandoning module SpeedTreeImporter (298)
[2017.11.14-03.11.16:998][ 17]LogModuleManager: Shutting down and abandoning module PluginBrowser (296)
[2017.11.14-03.11.17:021][ 17]LogModuleManager: Shutting down and abandoning module MobileLauncherProfileWizard (294)
[2017.11.14-03.11.17:039][ 17]LogModuleManager: Shutting down and abandoning module VisualStudioSourceCodeAccess (292)
[2017.11.14-03.11.17:042][ 17]LogModuleManager: Shutting down and abandoning module DesktopPlatform (291)
[2017.11.14-03.11.17:056][ 17]LogModuleManager: Shutting down and abandoning module UObjectPlugin (288)
[2017.11.14-03.11.17:056][ 17]LogModuleManager: Shutting down and abandoning module SubversionSourceControl (286)
[2017.11.14-03.11.17:061][ 17]LogModuleManager: Shutting down and abandoning module PerforceSourceControl (284)
[2017.11.14-03.11.17:075][ 17]LogModuleManager: Shutting down and abandoning module GitSourceControl (282)
[2017.11.14-03.11.17:085][ 17]LogModuleManager: Shutting down and abandoning module SourceControl (281)
[2017.11.14-03.11.17:105][ 17]LogModuleManager: Shutting down and abandoning module LightPropagationVolumeEditor (278)
[2017.11.14-03.11.17:105][ 17]LogModuleManager: Shutting down and abandoning module PaperTiledImporter (276)
[2017.11.14-03.11.17:105][ 17]LogModuleManager: Shutting down and abandoning module PaperSpriteSheetImporter (274)
[2017.11.14-03.11.17:105][ 17]LogModuleManager: Shutting down and abandoning module Paper2DEditor (272)
[2017.11.14-03.11.17:163][ 17]LogModuleManager: Shutting down and abandoning module MeshPaint (271)
[2017.11.14-03.11.17:172][ 17]LogModuleManager: Shutting down and abandoning module LevelEditor (269)
[2017.11.14-03.11.17:194][ 17]LogModuleManager: Shutting down and abandoning module PixelInspectorModule (268)
[2017.11.14-03.11.17:210][ 17]LogModuleManager: Shutting down and abandoning module MainFrame (266)
[2017.11.14-03.11.17:211][ 17]LogModuleManager: Shutting down and abandoning module HotReload (265)
[2017.11.14-03.11.17:246][ 17]LogModuleManager: Shutting down and abandoning module RuntimePhysXCooking (260)
[2017.11.14-03.11.17:246][ 17]LogModuleManager: Shutting down and abandoning module PhysXVehiclesEditor (258)
[2017.11.14-03.11.17:246][ 17]LogModuleManager: Shutting down and abandoning module PhysXVehicles (256)
[2017.11.14-03.11.17:246][ 17]LogModuleManager: Shutting down and abandoning module OculusEditor (254)
[2017.11.14-03.11.17:246][ 17]LogModuleManager: Shutting down and abandoning module LocationServicesBPLibrary (252)
[2017.11.14-03.11.17:246][ 17]LogModuleManager: Shutting down and abandoning module ImmediatePhysicsEditor (250)
[2017.11.14-03.11.17:246][ 17]LogModuleManager: Shutting down and abandoning module ImmediatePhysics (248)
[2017.11.14-03.11.17:252][ 17]LogModuleManager: Shutting down and abandoning module UdpMessaging (246)
[2017.11.14-03.11.17:357][ 17]LogModuleManager: Shutting down and abandoning module TcpMessaging (244)
[2017.11.14-03.11.17:488][ 17]LogModuleManager: Shutting down and abandoning module GameplayTagsEditor (242)
[2017.11.14-03.11.17:513][ 17]LogModuleManager: Shutting down and abandoning module FacialAnimationEditor (240)
[2017.11.14-03.11.17:513][ 17]LogModuleManager: Shutting down and abandoning module FacialAnimation (238)
[2017.11.14-03.11.17:514][ 17]LogModuleManager: Shutting down and abandoning module AssetManagerEditor (236)
[2017.11.14-03.11.17:558][ 17]LogModuleManager: Shutting down and abandoning module GraphEditor (235)
[2017.11.14-03.11.17:735][ 17]LogModuleManager: Shutting down and abandoning module ContentBrowser (233)
[2017.11.14-03.11.17:753][ 17]LogModuleManager: Shutting down and abandoning module LightPropagationVolumeRuntime (230)
[2017.11.14-03.11.17:754][ 17]LogModuleManager: Shutting down and abandoning module Paper2D (228)
[2017.11.14-03.11.17:791][ 17]LogModuleManager: Shutting down and abandoning module WindowsMoviePlayer (226)
[2017.11.14-03.11.17:800][ 17]LogModuleManager: Shutting down and abandoning module WmfMedia (224)
[2017.11.14-03.11.17:892][ 17]LogModuleManager: Shutting down and abandoning module PacketHandler (222)
[2017.11.14-03.11.17:892][ 17]LogModuleManager: Shutting down and abandoning module ClothingSystemEditor (220)
[2017.11.14-03.11.17:915][ 17]LogModuleManager: Shutting down and abandoning module ClothingSystemRuntime (218)
[2017.11.14-03.11.18:037][ 17]LogModuleManager: Shutting down and abandoning module Overlay (216)
[2017.11.14-03.11.18:037][ 17]LogModuleManager: Shutting down and abandoning module OverlayEditor (215)
[2017.11.14-03.11.18:037][ 17]LogModuleManager: Shutting down and abandoning module MediaAssets (212)
[2017.11.14-03.11.18:038][ 17]LogModuleManager: Shutting down and abandoning module VREditor (210)
[2017.11.14-03.11.18:070][ 17]LogModuleManager: Shutting down and abandoning module StringTableEditor (208)
[2017.11.14-03.11.18:089][ 17]LogModuleManager: Shutting down and abandoning module GameplayTasksEditor (206)
[2017.11.14-03.11.18:099][ 17]LogModuleManager: Shutting down and abandoning module BehaviorTreeEditor (204)
[2017.11.14-03.11.18:273][ 17]LogModuleManager: Shutting down and abandoning module FunctionalTesting (202)
[2017.11.14-03.11.18:273][ 17]LogModuleManager: Shutting down and abandoning module CollisionAnalyzer (200)
[2017.11.14-03.11.18:389][ 17]LogModuleManager: Shutting down and abandoning module WorkspaceMenuStructure (199)
[2017.11.14-03.11.18:390][ 17]LogModuleManager: Shutting down and abandoning module UMG (196)
[2017.11.14-03.11.18:417][ 17]LogModuleManager: Shutting down and abandoning module UMGEditor (195)
[2017.11.14-03.11.18:485][ 17]LogModuleManager: Shutting down and abandoning module Sequencer (194)
[2017.11.14-03.11.18:525][ 17]LogModuleManager: Shutting down and abandoning module MessageLog (191)
[2017.11.14-03.11.18:526][ 17]LogModuleManager: Shutting down and abandoning module SlateReflector (186)
[2017.11.14-03.11.18:601][ 17]LogModuleManager: Shutting down and abandoning module Slate (184)
[2017.11.14-03.11.18:601][ 17]LogModuleManager: Shutting down and abandoning module EditorStyle (182)
[2017.11.14-03.11.18:668][ 17]LogModuleManager: Shutting down and abandoning module MRMesh (180)
[2017.11.14-03.11.18:670][ 17]LogModuleManager: Shutting down and abandoning module SourceCodeAccess (178)
[2017.11.14-03.11.18:671][ 17]LogModuleManager: Shutting down and abandoning module HeadMountedDisplay (176)
[2017.11.14-03.11.18:671][ 17]LogModuleManager: Shutting down and abandoning module XAudio2 (174)
[2017.11.14-03.11.18:671][ 17]LogModuleManager: Shutting down and abandoning module Networking (172)
[2017.11.14-03.11.18:671][ 17]LogModuleManager: Shutting down and abandoning module Core (168)
[2017.11.14-03.11.18:671][ 17]LogModuleManager: Shutting down and abandoning module KismetCompiler (164)
[2017.11.14-03.11.18:671][ 17]LogModuleManager: Shutting down and abandoning module LevelSequence (162)
[2017.11.14-03.11.18:671][ 17]LogModuleManager: Shutting down and abandoning module MeshUtilities (160)
[2017.11.14-03.11.18:772][ 17]LogModuleManager: Shutting down and abandoning module MeshMergeUtilities (159)
[2017.11.14-03.11.18:802][ 17]LogModuleManager: Shutting down and abandoning module MeshReductionInterface (158)
[2017.11.14-03.11.18:802][ 17]LogModuleManager: Shutting down and abandoning module SimplygonSwarm (157)
[2017.11.14-03.11.18:816][ 17]LogModuleManager: Shutting down and abandoning module SimplygonMeshReduction (155)
[2017.11.14-03.11.18:817][ 17]LogModuleManager: Shutting down and abandoning module QuadricMeshReduction (153)
[2017.11.14-03.11.18:839][ 17]LogModuleManager: Shutting down and abandoning module MaterialBaking (149)
[2017.11.14-03.11.18:849][ 17]LogModuleManager: Shutting down and abandoning module DirectoryWatcher (146)
[2017.11.14-03.11.18:885][ 17]LogModuleManager: Shutting down and abandoning module DerivedDataCache (144)
[2017.11.14-03.11.19:191][ 17]LogDerivedDataCache: Shutdown
[2017.11.14-03.11.19:210][ 17]LogModuleManager: Shutting down and abandoning module TargetPlatform (142)
[2017.11.14-03.11.19:210][ 17]LogModuleManager: Shutting down and abandoning module VulkanShaderFormat (141)
[2017.11.14-03.11.19:235][ 17]LogModuleManager: Shutting down and abandoning module ShaderFormatVectorVM (139)
[2017.11.14-03.11.19:308][ 17]LogModuleManager: Shutting down and abandoning module ShaderFormatOpenGL (137)
[2017.11.14-03.11.19:329][ 17]LogModuleManager: Shutting down and abandoning module ShaderFormatD3D (135)
[2017.11.14-03.11.19:339][ 17]LogModuleManager: Shutting down and abandoning module MetalShaderFormat (133)
[2017.11.14-03.11.19:376][ 17]LogModuleManager: Shutting down and abandoning module TextureFormatUncompressed (131)
[2017.11.14-03.11.19:376][ 17]LogModuleManager: Shutting down and abandoning module TextureFormatPVR (129)
[2017.11.14-03.11.19:377][ 17]LogModuleManager: Shutting down and abandoning module TextureFormatDXT (127)
[2017.11.14-03.11.19:399][ 17]LogModuleManager: Shutting down and abandoning module TextureFormatIntelISPCTexComp (125)
[2017.11.14-03.11.19:434][ 17]LogModuleManager: Shutting down and abandoning module TextureFormatASTC (123)
[2017.11.14-03.11.19:434][ 17]LogModuleManager: Shutting down and abandoning module ImageWrapper (122)
[2017.11.14-03.11.19:434][ 17]LogModuleManager: Shutting down and abandoning module TextureFormatAndroid (119)
[2017.11.14-03.11.19:434][ 17]LogModuleManager: Shutting down and abandoning module AudioFormatOpus (117)
[2017.11.14-03.11.19:434][ 17]LogModuleManager: Shutting down and abandoning module AudioFormatOgg (115)
[2017.11.14-03.11.19:435][ 17]LogModuleManager: Shutting down and abandoning module AudioFormatADPCM (113)
[2017.11.14-03.11.19:435][ 17]LogModuleManager: Shutting down and abandoning module LinuxTargetPlatform (111)
[2017.11.14-03.11.19:435][ 17]LogModuleManager: Shutting down and abandoning module LinuxServerTargetPlatform (109)
[2017.11.14-03.11.19:435][ 17]LogModuleManager: Shutting down and abandoning module LinuxNoEditorTargetPlatform (107)
[2017.11.14-03.11.19:435][ 17]LogModuleManager: Shutting down and abandoning module LinuxClientTargetPlatform (105)
[2017.11.14-03.11.19:435][ 17]LogModuleManager: Shutting down and abandoning module TVOSTargetPlatform (103)
[2017.11.14-03.11.19:435][ 17]LogModuleManager: Shutting down and abandoning module Messaging (101)
[2017.11.14-03.11.19:435][ 17]LogModuleManager: Shutting down and abandoning module IOSTargetPlatform (99)
[2017.11.14-03.11.19:435][ 17]LogModuleManager: Shutting down and abandoning module HTML5TargetPlatform (97)
[2017.11.14-03.11.19:435][ 17]LogModuleManager: Shutting down and abandoning module Android_PVRTCTargetPlatform (95)
[2017.11.14-03.11.19:435][ 17]LogModuleManager: Shutting down and abandoning module Android_MultiTargetPlatform (93)
[2017.11.14-03.11.19:436][ 17]LogModuleManager: Shutting down and abandoning module Android_ETC2TargetPlatform (91)
[2017.11.14-03.11.19:436][ 17]LogModuleManager: Shutting down and abandoning module Android_ETC1TargetPlatform (89)
[2017.11.14-03.11.19:436][ 17]LogModuleManager: Shutting down and abandoning module Android_DXTTargetPlatform (87)
[2017.11.14-03.11.19:436][ 17]LogModuleManager: Shutting down and abandoning module Android_ATCTargetPlatform (85)
[2017.11.14-03.11.19:436][ 17]LogModuleManager: Shutting down and abandoning module Android_ASTCTargetPlatform (83)
[2017.11.14-03.11.19:436][ 17]LogModuleManager: Shutting down and abandoning module AndroidTargetPlatform (81)
[2017.11.14-03.11.19:436][ 17]LogModuleManager: Shutting down and abandoning module WindowsTargetPlatform (79)
[2017.11.14-03.11.19:438][ 17]LogModuleManager: Shutting down and abandoning module WindowsServerTargetPlatform (77)
[2017.11.14-03.11.19:438][ 17]LogModuleManager: Shutting down and abandoning module WindowsNoEditorTargetPlatform (75)
[2017.11.14-03.11.19:439][ 17]LogModuleManager: Shutting down and abandoning module WindowsClientTargetPlatform (73)
[2017.11.14-03.11.19:439][ 17]LogModuleManager: Shutting down and abandoning module MacTargetPlatform (71)
[2017.11.14-03.11.19:439][ 17]LogModuleManager: Shutting down and abandoning module MacServerTargetPlatform (69)
[2017.11.14-03.11.19:440][ 17]LogModuleManager: Shutting down and abandoning module MacNoEditorTargetPlatform (67)
[2017.11.14-03.11.19:440][ 17]LogModuleManager: Shutting down and abandoning module MacClientTargetPlatform (65)
[2017.11.14-03.11.19:440][ 17]LogModuleManager: Shutting down and abandoning module AllDesktopTargetPlatform (63)
[2017.11.14-03.11.19:440][ 17]LogModuleManager: Shutting down and abandoning module InputCore (60)
[2017.11.14-03.11.19:440][ 17]LogModuleManager: Shutting down and abandoning module Settings (58)
[2017.11.14-03.11.19:440][ 17]LogModuleManager: Shutting down and abandoning module PhysXCooking (56)
[2017.11.14-03.11.19:440][ 17]LogModuleManager: Shutting down and abandoning module SteamVR (54)
[2017.11.14-03.11.19:440][ 17]LogModuleManager: Shutting down and abandoning module OculusHMD (52)
[2017.11.14-03.11.19:477][ 17]LogModuleManager: Shutting down and abandoning module ExampleDeviceProfileSelector (50)
[2017.11.14-03.11.19:479][ 17]LogModuleManager: Shutting down and abandoning module OnlineBlueprintSupport (48)
[2017.11.14-03.11.19:479][ 17]LogModuleManager: Shutting down and abandoning module OnlineSubsystem (44)
[2017.11.14-03.11.19:479][ 17]LogOnline: Display: Unloading online subsystem: NULL
[2017.11.14-03.11.19:579][ 17]LogModuleManager: Shutting down and abandoning module XMPP (43)
[2017.11.14-03.11.19:603][ 17]LogModuleManager: Shutting down and abandoning module HTTP (41)
[2017.11.14-03.11.19:604][ 17]LogHttp: Display: Http module shutting down, but needs to wait on 1 outstanding Http requests:
[2017.11.14-03.11.19:612][ 17]LogHttp: Display: 	verb=[POST] url=[https://datarouter.ol.epicgames.com/datarouter/api/v1/public/data?SessionID=%7B145457C2-47FE-C6BE-F2FC-87AA2492D01F%7D&AppID=UEEditor.Rocket.Release&AppVersion=4.17.1-3586342%2B%2B%2BUE4%2BRelease-4.17&UserID=33cc274f4a77bc06b0d9239a10b09ff6%7Ccef429f6fe6c4866b4a1265aaf67d156%7C00332156-98b5-4ac3-b05b-537eb3e74e2f&AppEnvironment=datacollector-binary&UploadType=eteventstream] status=Processing
[2017.11.14-03.11.19:655][ 17]LogModuleManager: Shutting down and abandoning module SSL (40)
[2017.11.14-03.11.19:720][ 17]LogModuleManager: Shutting down and abandoning module AnimationModifiers (36)
[2017.11.14-03.11.19:736][ 17]LogModuleManager: Shutting down and abandoning module PropertyEditor (35)
[2017.11.14-03.11.19:736][ 17]LogModuleManager: Shutting down and abandoning module AudioEditor (32)
[2017.11.14-03.11.19:756][ 17]LogModuleManager: Shutting down and abandoning module TextureCompressor (30)
[2017.11.14-03.11.19:760][ 17]LogModuleManager: Shutting down and abandoning module ShaderCore (28)
[2017.11.14-03.11.19:761][ 17]LogModuleManager: Shutting down and abandoning module Landscape (26)
[2017.11.14-03.11.19:761][ 17]LogModuleManager: Shutting down and abandoning module SlateRHIRenderer (24)
[2017.11.14-03.11.19:910][ 17]LogModuleManager: Shutting down and abandoning module OpenGLDrv (22)
[2017.11.14-03.11.19:926][ 17]LogModuleManager: Shutting down and abandoning module D3D11RHI (20)
[2017.11.14-03.11.19:926][ 17]LogModuleManager: Shutting down and abandoning module AnimGraphRuntime (18)
[2017.11.14-03.11.19:948][ 17]LogModuleManager: Shutting down and abandoning module Renderer (16)
[2017.11.14-03.11.19:951][ 17]LogModuleManager: Shutting down and abandoning module Engine (14)
[2017.11.14-03.11.19:951][ 17]LogModuleManager: Shutting down and abandoning module CoreUObject (12)
[2017.11.14-03.11.19:951][ 17]LogModuleManager: Shutting down and abandoning module NetworkFile (10)
[2017.11.14-03.11.19:957][ 17]LogModuleManager: Shutting down and abandoning module CookedIterativeFile (8)
[2017.11.14-03.11.19:957][ 17]LogModuleManager: Shutting down and abandoning module StreamingFile (6)
[2017.11.14-03.11.19:982][ 17]LogModuleManager: Shutting down and abandoning module SandboxFile (4)
[2017.11.14-03.11.19:995][ 17]LogModuleManager: Shutting down and abandoning module PakFile (2)
[2017.11.14-03.11.20:131][ 17]LogExit: Exiting.
[2017.11.14-03.11.20:779][ 17]Log file closed, 11/13/17 22:11:20
