Log file open, 11/16/17 22:25:41
LogWindows: Failed to load 'aqProf.dll' (GetLastError=126)
LogWindows: File 'aqProf.dll' does not exist
LogWindows: Failed to load 'VtuneApi.dll' (GetLastError=126)
LogWindows: File 'VtuneApi.dll' does not exist
LogWindows: Failed to load 'VtuneApi32e.dll' (GetLastError=126)
LogWindows: File 'VtuneApi32e.dll' does not exist
LogInit: Display: Running engine for game: MyProject
LogPlatformFile: Not using cached read wrapper
LogInit: Display: RandInit(1930184401) SRandInit(1930184401).
LogInit: Read version file with build ID '3709383'
LogInit: Overriding engine version to CL 3709383, compatible CL 3709383
LogInit: Registered custom module enumerator with build ID '3709383'
LogTaskGraph: Started task graph with 5 named threads and 8 total threads with 3 sets of task threads.
LogStats: Stats thread started at 0.185338
LogD3D11RHI: Aftermath initialized
LogModuleManager: Display: Found up-to-date module file ../../../Engine/Plugins/2D/Paper2D/Binaries/Win64/UE4Editor-Paper2D.dll (API version 3709383).
LogModuleManager: Display: Found up-to-date module file ../../../Engine/Plugins/2D/Paper2D/Binaries/Win64/UE4Editor-Paper2DEditor.dll (API version 3709383).
LogModuleManager: Display: Found up-to-date module file ../../../Engine/Plugins/2D/Paper2D/Binaries/Win64/UE4Editor-PaperSpriteSheetImporter.dll (API version 3709383).
LogModuleManager: Display: Found up-to-date module file ../../../Engine/Plugins/2D/Paper2D/Binaries/Win64/UE4Editor-PaperTiledImporter.dll (API version 3709383).
LogModuleManager: Display: Found up-to-date module file ../../../Engine/Plugins/2D/Paper2D/Binaries/Win64/UE4Editor-SmartSnapping.dll (API version 3709383).
LogModuleManager: Display: Found up-to-date module file ../../../Engine/Plugins/Blendables/LightPropagationVolume/Binaries/Win64/UE4Editor-LightPropagationVolumeRuntime.dll (API version 3709383).
LogModuleManager: Display: Found up-to-date module file ../../../Engine/Plugins/Blendables/LightPropagationVolume/Binaries/Win64/UE4Editor-LightPropagationVolumeEditor.dll (API version 3709383).
LogModuleManager: Display: Found up-to-date module file ../../../Engine/Plugins/Developer/GitSourceControl/Binaries/Win64/UE4Editor-GitSourceControl.dll (API version 3709383).
LogModuleManager: Display: Found up-to-date module file ../../../Engine/Plugins/Developer/PerforceSourceControl/Binaries/Win64/UE4Editor-PerforceSourceControl.dll (API version 3709383).
LogModuleManager: Display: Found up-to-date module file ../../../Engine/Plugins/Developer/SubversionSourceControl/Binaries/Win64/UE4Editor-SubversionSourceControl.dll (API version 3709383).
LogModuleManager: Display: Found up-to-date module file ../../../Engine/Plugins/Developer/UObjectPlugin/Binaries/Win64/UE4Editor-UObjectPlugin.dll (API version 3709383).
LogModuleManager: Display: Found up-to-date module file ../../../Engine/Plugins/Developer/VisualStudioCodeSourceCodeAccess/Binaries/Win64/UE4Editor-VisualStudioCodeSourceCodeAccess.dll (API version 3709383).
LogModuleManager: Display: Found up-to-date module file ../../../Engine/Plugins/Developer/VisualStudioSourceCodeAccess/Binaries/Win64/UE4Editor-VisualStudioSourceCodeAccess.dll (API version 3709383).
LogModuleManager: Display: Found up-to-date module file ../../../Engine/Plugins/Editor/AssetManagerEditor/Binaries/Win64/UE4Editor-AssetManagerEditor.dll (API version 3709383).
LogModuleManager: Display: Found up-to-date module file ../../../Engine/Plugins/Editor/AudioCapture/Binaries/Win64/UE4Editor-AudioCapture.dll (API version 3709383).
LogModuleManager: Display: Found up-to-date module file ../../../Engine/Plugins/Editor/FacialAnimation/Binaries/Win64/UE4Editor-FacialAnimation.dll (API version 3709383).
LogModuleManager: Display: Found up-to-date module file ../../../Engine/Plugins/Editor/FacialAnimation/Binaries/Win64/UE4Editor-FacialAnimationEditor.dll (API version 3709383).
LogModuleManager: Display: Found up-to-date module file ../../../Engine/Plugins/Editor/GameplayTagsEditor/Binaries/Win64/UE4Editor-GameplayTagsEditor.dll (API version 3709383).
LogModuleManager: Display: Found up-to-date module file ../../../Engine/Plugins/Editor/MobileLauncherProfileWizard/Binaries/Win64/UE4Editor-MobileLauncherProfileWizard.dll (API version 3709383).
LogModuleManager: Display: Found up-to-date module file ../../../Engine/Plugins/Editor/PluginBrowser/Binaries/Win64/UE4Editor-PluginBrowser.dll (API version 3709383).
LogModuleManager: Display: Found up-to-date module file ../../../Engine/Plugins/Editor/SpeedTreeImporter/Binaries/Win64/UE4Editor-SpeedTreeImporter.dll (API version 3709383).
LogModuleManager: Display: Found up-to-date module file ../../../Engine/Plugins/Experimental/AlembicImporter/Binaries/Win64/UE4Editor-AlembicImporter.dll (API version 3709383).
LogModuleManager: Display: Found up-to-date module file ../../../Engine/Plugins/Experimental/AlembicImporter/Binaries/Win64/UE4Editor-AlembicLibrary.dll (API version 3709383).
LogModuleManager: Display: Found up-to-date module file ../../../Engine/Plugins/Experimental/CharacterAI/Binaries/Win64/UE4Editor-CharacterAI.dll (API version 3709383).
LogModuleManager: Display: Found up-to-date module file ../../../Engine/Plugins/Experimental/HTML5Networking/Binaries/Win64/UE4Editor-HTML5Networking.dll (API version 3709383).
LogModuleManager: Display: Found up-to-date module file ../../../Engine/Plugins/Media/AndroidMedia/Binaries/Win64/UE4Editor-AndroidMediaEditor.dll (API version 3709383).
LogModuleManager: Display: Found up-to-date module file ../../../Engine/Plugins/Media/AndroidMedia/Binaries/Win64/UE4Editor-AndroidMediaFactory.dll (API version 3709383).
LogModuleManager: Display: Found up-to-date module file ../../../Engine/Plugins/Media/AvfMedia/Binaries/Win64/UE4Editor-AvfMediaEditor.dll (API version 3709383).
LogModuleManager: Display: Found up-to-date module file ../../../Engine/Plugins/Media/AvfMedia/Binaries/Win64/UE4Editor-AvfMediaFactory.dll (API version 3709383).
LogModuleManager: Display: Found up-to-date module file ../../../Engine/Plugins/Media/AvfMedia/Binaries/Win64/UE4Editor-AvfMediaFactory.dll (API version 3709383).
LogModuleManager: Display: Found up-to-date module file ../../../Engine/Plugins/Media/ImgMedia/Binaries/Win64/UE4Editor-ImgMedia.dll (API version 3709383).
LogModuleManager: Display: Found up-to-date module file ../../../Engine/Plugins/Media/ImgMedia/Binaries/Win64/UE4Editor-ImgMediaEditor.dll (API version 3709383).
LogModuleManager: Display: Found up-to-date module file ../../../Engine/Plugins/Media/ImgMedia/Binaries/Win64/UE4Editor-ImgMediaFactory.dll (API version 3709383).
LogModuleManager: Display: Found up-to-date module file ../../../Engine/Plugins/Media/ImgMedia/Binaries/Win64/UE4Editor-ImgMediaFactory.dll (API version 3709383).
LogModuleManager: Display: Found up-to-date module file ../../../Engine/Plugins/Media/ImgMedia/Binaries/Win64/UE4Editor-OpenExrWrapper.dll (API version 3709383).
LogModuleManager: Display: Found up-to-date module file ../../../Engine/Plugins/Media/MediaCompositing/Binaries/Win64/UE4Editor-MediaCompositing.dll (API version 3709383).
LogModuleManager: Display: Found up-to-date module file ../../../Engine/Plugins/Media/MediaCompositing/Binaries/Win64/UE4Editor-MediaCompositingEditor.dll (API version 3709383).
LogModuleManager: Display: Found up-to-date module file ../../../Engine/Plugins/Media/MediaPlayerEditor/Binaries/Win64/UE4Editor-MediaPlayerEditor.dll (API version 3709383).
LogModuleManager: Display: Found up-to-date module file ../../../Engine/Plugins/Media/WmfMedia/Binaries/Win64/UE4Editor-WmfMedia.dll (API version 3709383).
LogModuleManager: Display: Found up-to-date module file ../../../Engine/Plugins/Media/WmfMedia/Binaries/Win64/UE4Editor-WmfMediaEditor.dll (API version 3709383).
LogModuleManager: Display: Found up-to-date module file ../../../Engine/Plugins/Media/WmfMedia/Binaries/Win64/UE4Editor-WmfMediaFactory.dll (API version 3709383).
LogModuleManager: Display: Found up-to-date module file ../../../Engine/Plugins/Media/WmfMedia/Binaries/Win64/UE4Editor-WmfMediaFactory.dll (API version 3709383).
LogModuleManager: Display: Found up-to-date module file ../../../Engine/Plugins/Messaging/TcpMessaging/Binaries/Win64/UE4Editor-TcpMessaging.dll (API version 3709383).
LogModuleManager: Display: Found up-to-date module file ../../../Engine/Plugins/Messaging/UdpMessaging/Binaries/Win64/UE4Editor-UdpMessaging.dll (API version 3709383).
LogModuleManager: Display: Found up-to-date module file ../../../Engine/Plugins/MovieScene/ActorSequence/Binaries/Win64/UE4Editor-ActorSequence.dll (API version 3709383).
LogModuleManager: Display: Found up-to-date module file ../../../Engine/Plugins/MovieScene/LevelSequenceEditor/Binaries/Win64/UE4Editor-LevelSequenceEditor.dll (API version 3709383).
LogModuleManager: Display: Found up-to-date module file ../../../Engine/Plugins/MovieScene/MatineeToLevelSequence/Binaries/Win64/UE4Editor-MatineeToLevelSequence.dll (API version 3709383).
LogModuleManager: Display: Found up-to-date module file ../../../Engine/Plugins/Online/OnlineSubsystem/Binaries/Win64/UE4Editor-OnlineSubsystem.dll (API version 3709383).
LogModuleManager: Display: Found up-to-date module file ../../../Engine/Plugins/Runtime/AndroidPermission/Binaries/Win64/UE4Editor-AndroidPermission.dll (API version 3709383).
LogModuleManager: Display: Found up-to-date module file ../../../Engine/Plugins/Online/OnlineSubsystemNull/Binaries/Win64/UE4Editor-OnlineSubsystemNull.dll (API version 3709383).
LogModuleManager: Display: Found up-to-date module file ../../../Engine/Plugins/Online/OnlineSubsystemUtils/Binaries/Win64/UE4Editor-OnlineSubsystemUtils.dll (API version 3709383).
LogModuleManager: Display: Found up-to-date module file ../../../Engine/Plugins/Online/OnlineSubsystemUtils/Binaries/Win64/UE4Editor-OnlineBlueprintSupport.dll (API version 3709383).
LogModuleManager: Display: Found up-to-date module file ../../../Engine/Plugins/Runtime/AndroidDeviceProfileSelector/Binaries/Win64/UE4Editor-AndroidDeviceProfileSelector.dll (API version 3709383).
LogModuleManager: Display: Found up-to-date module file ../../../Engine/Plugins/Runtime/AppleARKit/Binaries/Win64/UE4Editor-AppleARKit.dll (API version 3709383).
LogModuleManager: Display: Found up-to-date module file ../../../Engine/Plugins/Runtime/ArchVisCharacter/Binaries/Win64/UE4Editor-ArchVisCharacter.dll (API version 3709383).
LogModuleManager: Display: Found up-to-date module file ../../../Engine/Plugins/Runtime/CableComponent/Binaries/Win64/UE4Editor-CableComponent.dll (API version 3709383).
LogModuleManager: Display: Found up-to-date module file ../../../Engine/Plugins/Runtime/CustomMeshComponent/Binaries/Win64/UE4Editor-CustomMeshComponent.dll (API version 3709383).
LogModuleManager: Display: Found up-to-date module file ../../../Engine/Plugins/Runtime/ExampleDeviceProfileSelector/Binaries/Win64/UE4Editor-ExampleDeviceProfileSelector.dll (API version 3709383).
LogModuleManager: Display: Found up-to-date module file ../../../Engine/Plugins/Runtime/ImmediatePhysics/Binaries/Win64/UE4Editor-ImmediatePhysics.dll (API version 3709383).
LogModuleManager: Display: Found up-to-date module file ../../../Engine/Plugins/Runtime/ImmediatePhysics/Binaries/Win64/UE4Editor-ImmediatePhysicsEditor.dll (API version 3709383).
LogModuleManager: Display: Found up-to-date module file ../../../Engine/Plugins/Runtime/LocationServicesBPLibrary/Binaries/Win64/UE4Editor-LocationServicesBPLibrary.dll (API version 3709383).
LogModuleManager: Display: Found up-to-date module file ../../../Engine/Plugins/Runtime/MobilePatchingUtils/Binaries/Win64/UE4Editor-MobilePatchingUtils.dll (API version 3709383).
LogModuleManager: Display: Found up-to-date module file ../../../Engine/Plugins/Runtime/Oculus/OculusVR/Binaries/Win64/UE4Editor-OculusHMD.dll (API version 3709383).
LogModuleManager: Display: Found up-to-date module file ../../../Engine/Plugins/Runtime/Oculus/OculusVR/Binaries/Win64/UE4Editor-OculusInput.dll (API version 3709383).
LogModuleManager: Display: Found up-to-date module file ../../../Engine/Plugins/Runtime/Oculus/OculusVR/Binaries/Win64/UE4Editor-OculusEditor.dll (API version 3709383).
LogModuleManager: Display: Found up-to-date module file ../../../Engine/Plugins/Runtime/PhysXVehicles/Binaries/Win64/UE4Editor-PhysXVehicles.dll (API version 3709383).
LogModuleManager: Display: Found up-to-date module file ../../../Engine/Plugins/Runtime/PhysXVehicles/Binaries/Win64/UE4Editor-PhysXVehiclesEditor.dll (API version 3709383).
LogModuleManager: Display: Found up-to-date module file ../../../Engine/Plugins/Runtime/ProceduralMeshComponent/Binaries/Win64/UE4Editor-ProceduralMeshComponent.dll (API version 3709383).
LogModuleManager: Display: Found up-to-date module file ../../../Engine/Plugins/Runtime/ProceduralMeshComponent/Binaries/Win64/UE4Editor-ProceduralMeshComponentEditor.dll (API version 3709383).
LogModuleManager: Display: Found up-to-date module file ../../../Engine/Plugins/Runtime/RuntimePhysXCooking/Binaries/Win64/UE4Editor-RuntimePhysXCooking.dll (API version 3709383).
LogModuleManager: Display: Found up-to-date module file ../../../Engine/Plugins/Runtime/Steam/SteamVR/Binaries/Win64/UE4Editor-SteamVR.dll (API version 3709383).
LogModuleManager: Display: Found up-to-date module file ../../../Engine/Plugins/Runtime/Steam/SteamVR/Binaries/Win64/UE4Editor-SteamVRController.dll (API version 3709383).
LogModuleManager: Display: Found up-to-date module file ../../../Engine/Plugins/Runtime/WindowsMoviePlayer/Binaries/Win64/UE4Editor-WindowsMoviePlayer.dll (API version 3709383).
LogPluginManager: Mounting plugin Paper2D
LogPluginManager: Mounting plugin LightPropagationVolume
LogPluginManager: Mounting plugin CodeLiteSourceCodeAccess
LogPluginManager: Mounting plugin GitSourceControl
LogPluginManager: Mounting plugin KDevelopSourceCodeAccess
LogPluginManager: Mounting plugin NullSourceCodeAccess
LogPluginManager: Mounting plugin PerforceSourceControl
LogPluginManager: Mounting plugin SubversionSourceControl
LogPluginManager: Mounting plugin UObjectPlugin
LogPluginManager: Mounting plugin VisualStudioCodeSourceCodeAccess
LogPluginManager: Mounting plugin VisualStudioSourceCodeAccess
LogPluginManager: Mounting plugin XCodeSourceCodeAccess
LogPluginManager: Mounting plugin AssetManagerEditor
LogPluginManager: Mounting plugin AudioCapture
LogPluginManager: Mounting plugin FacialAnimation
LogPluginManager: Mounting plugin GameplayTagsEditor
LogPluginManager: Mounting plugin MobileLauncherProfileWizard
LogPluginManager: Mounting plugin PluginBrowser
LogPluginManager: Mounting plugin SpeedTreeImporter
LogPluginManager: Mounting plugin AlembicImporter
LogPluginManager: Mounting plugin CharacterAI
LogPluginManager: Mounting plugin HTML5Networking
LogPluginManager: Mounting plugin AndroidMedia
LogPluginManager: Mounting plugin AvfMedia
LogPluginManager: Mounting plugin ImgMedia
LogPluginManager: Mounting plugin MediaCompositing
LogPluginManager: Mounting plugin MediaPlayerEditor
LogPluginManager: Mounting plugin WmfMedia
LogPluginManager: Mounting plugin TcpMessaging
LogPluginManager: Mounting plugin UdpMessaging
LogPluginManager: Mounting plugin ActorSequence
LogPluginManager: Mounting plugin LevelSequenceEditor
LogPluginManager: Mounting plugin MatineeToLevelSequence
LogPluginManager: Mounting plugin OnlineSubsystemGooglePlay
LogPluginManager: Mounting plugin OnlineSubsystemIOS
LogPluginManager: Mounting plugin OnlineSubsystem
LogPluginManager: Mounting plugin OnlineSubsystemNull
LogPluginManager: Mounting plugin OnlineSubsystemUtils
LogPluginManager: Mounting plugin AndroidDeviceProfileSelector
LogPluginManager: Mounting plugin AndroidMoviePlayer
LogPluginManager: Mounting plugin AndroidPermission
LogPluginManager: Mounting plugin AppleARKit
LogPluginManager: Mounting plugin AppleMoviePlayer
LogPluginManager: Mounting plugin ArchVisCharacter
LogPluginManager: Mounting plugin CableComponent
LogPluginManager: Mounting plugin CustomMeshComponent
LogPluginManager: Mounting plugin ExampleDeviceProfileSelector
LogPluginManager: Mounting plugin GoogleCloudMessaging
LogPluginManager: Mounting plugin ImmediatePhysics
LogPluginManager: Mounting plugin IOSDeviceProfileSelector
LogPluginManager: Mounting plugin LinuxDeviceProfileSelector
LogPluginManager: Mounting plugin LocationServicesBPLibrary
LogPluginManager: Mounting plugin MobilePatchingUtils
LogPluginManager: Mounting plugin OculusVR
LogPluginManager: Plugin shader directory ../../../Engine/Plugins/Runtime/Oculus/OculusVR/Shaders found
LogPluginManager: Mapping shader source directory ../../../Engine/Plugins/Runtime/Oculus/OculusVR/Shaders to virtual directory /Plugin/OculusVR
LogPluginManager: Mounting plugin PhysXVehicles
LogPluginManager: Mounting plugin ProceduralMeshComponent
LogPluginManager: Mounting plugin RuntimePhysXCooking
LogPluginManager: Mounting plugin SteamVR
LogPluginManager: Mounting plugin WindowsMoviePlayer
LogInit: Using libcurl 7.47.1
LogInit:  - built for x86_64-pc-win32
LogInit:  - supports SSL with OpenSSL/1.0.2g
LogInit:  - supports HTTP deflate (compression) using libz 1.2.8
LogInit:  - other features:
LogInit:      CURL_VERSION_SSL
LogInit:      CURL_VERSION_LIBZ
LogInit:      CURL_VERSION_IPV6
LogInit:      CURL_VERSION_ASYNCHDNS
LogInit:      CURL_VERSION_LARGEFILE
LogInit:      CURL_VERSION_IDN
LogInit:  CurlRequestOptions (configurable via config and command line):
LogInit:  - bVerifyPeer = false  - Libcurl will NOT verify peer certificate
LogInit:  - bUseHttpProxy = false  - Libcurl will NOT use HTTP proxy
LogInit:  - bDontReuseConnections = false  - Libcurl will reuse connections
LogInit:  - CertBundlePath = nullptr  - Libcurl will use whatever was configured at build time.
LogInit: Build: ++UE4+Release-4.18-CL-3709383
LogInit: Engine Version: 4.18.0-3709383+++UE4+Release-4.18
LogInit: Compatible Engine Version: 4.18.0-3709383+++UE4+Release-4.18
LogInit: Net CL: 3709383
LogDevObjectVersion: Number of dev versions registered: 16
LogDevObjectVersion:   Dev-Blueprints (B0D832E4-1F89-4F0D-ACCF-7EB736FD4AA2): 10
LogDevObjectVersion:   Dev-Build (E1C64328-A22C-4D53-A36C-8E866417BD8C): 0
LogDevObjectVersion:   Dev-Core (375EC13C-06E4-48FB-B500-84F0262A717E): 2
LogDevObjectVersion:   Dev-Editor (E4B068ED-F494-42E9-A231-DA0B2E46BB41): 20
LogDevObjectVersion:   Dev-Framework (CFFC743F-43B0-4480-9391-14DF171D2073): 30
LogDevObjectVersion:   Dev-Mobile (B02B49B5-BB20-44E9-A304-32B752E40360): 0
LogDevObjectVersion:   Dev-Networking (A4E4105C-59A1-49B5-A7C5-40C4547EDFEE): 0
LogDevObjectVersion:   Dev-Online (39C831C9-5AE6-47DC-9A44-9C173E1C8E7C): 0
LogDevObjectVersion:   Dev-Physics (78F01B33-EBEA-4F98-B9B4-84EACCB95AA2): 0
LogDevObjectVersion:   Dev-Platform (6631380F-2D4D-43E0-8009-CF276956A95A): 0
LogDevObjectVersion:   Dev-Rendering (12F88B9F-8875-4AFC-A67C-D90C383ABD29): 20
LogDevObjectVersion:   Dev-Sequencer (7B5AE74C-D270-4C10-A958-57980B212A5A): 4
LogDevObjectVersion:   Dev-VR (D7296918-1DD6-4BDD-9DE2-64A83CC13884): 0
LogDevObjectVersion:   Dev-LoadTimes (C2A15278-BFE7-4AFE-6C17-90FF531DF755): 1
LogDevObjectVersion:   Private-Geometry (6EACA3D4-40EC-4CC1-B786-8BED09428FC5): 1
LogDevObjectVersion:   Dev-AnimPhys (29E575DD-E0A3-4627-9D10-D276232CDCEA): 12
LogInit: Compiled (64-bit): Oct 20 2017 10:39:19
LogInit: Compiled with Visual C++: 19.00.24215.01
LogInit: Build Configuration: Development
LogInit: Branch Name: ++UE4+Release-4.18
LogInit: Command line:  
LogInit: Base directory: C:/Program Files/Epic Games/UE_4.18/Engine/Binaries/Win64/
LogInit: Installed Engine Build: 1
LogInit: Presizing for max 8388607 objects, including 0 objects not considered by GC, pre-allocating 0 bytes for permanent pool.
LogInit: Object subsystem initialized
[2017.11.17-03.25.43:283][  0]LogInit: Selected Device Profile: [Windows]
[2017.11.17-03.25.43:283][  0]LogInit: Applying CVar settings loaded from the selected device profile: [Windows]
[2017.11.17-03.25.43:359][  0]LogInit: Computer: DESKTOP-A38DQ21
[2017.11.17-03.25.43:359][  0]LogInit: User: z1hwa
[2017.11.17-03.25.43:359][  0]LogInit: CPU Page size=4096, Cores=2
[2017.11.17-03.25.43:359][  0]LogInit: High frequency timer resolution =2.338334 MHz
[2017.11.17-03.25.43:359][  0]LogMemory: Memory total: Physical=7.9GB (8GB approx)
[2017.11.17-03.25.43:359][  0]LogMemory: Platform Memory Stats for Windows
[2017.11.17-03.25.43:359][  0]LogMemory: Process Physical Memory: 272.90 MB used, 272.90 MB peak
[2017.11.17-03.25.43:359][  0]LogMemory: Process Virtual Memory: 269.17 MB used, 269.17 MB peak
[2017.11.17-03.25.43:359][  0]LogMemory: Physical Memory: 4828.46 MB used,  3278.87 MB free, 8107.33 MB total
[2017.11.17-03.25.43:359][  0]LogMemory: Virtual Memory: 644.78 MB used,  3278.87 MB free, 134217728.00 MB total
[2017.11.17-03.25.43:557][  0]LogInit: Using OS detected language (en-US).
[2017.11.17-03.25.43:557][  0]LogInit: Using OS detected locale (en-US).
[2017.11.17-03.25.43:687][  0]LogTextLocalizationManager: No specific localization for 'en-US' exists, so the 'en' localization will be used.
[2017.11.17-03.25.44:256][  0]LogInit: Setting process to per monitor DPI aware
[2017.11.17-03.25.52:221][  0]LogD3D11RHI: D3D11 adapters:
[2017.11.17-03.25.52:227][  0]LogD3D11RHI:    0. 'Intel(R) HD Graphics 5500' (Feature Level 11_0)
[2017.11.17-03.25.52:227][  0]LogD3D11RHI:       128/0/4053 MB DedicatedVideo/DedicatedSystem/SharedSystem, Outputs:1, VendorId:0x8086
[2017.11.17-03.25.52:228][  0]LogD3D11RHI:    1. 'Microsoft Basic Render Driver' (Feature Level 11_0)
[2017.11.17-03.25.52:228][  0]LogD3D11RHI:       0/0/4053 MB DedicatedVideo/DedicatedSystem/SharedSystem, Outputs:0, VendorId:0x1414
[2017.11.17-03.25.52:228][  0]LogD3D11RHI: Chosen D3D11 Adapter: 0
[2017.11.17-03.25.52:236][  0]LogD3D11RHI: Creating new Direct3DDevice
[2017.11.17-03.25.52:236][  0]LogD3D11RHI:     GPU DeviceId: 0x1616 (for the marketing name, search the web for "GPU Device Id")
[2017.11.17-03.25.52:236][  0]LogWindows: EnumDisplayDevices:
[2017.11.17-03.25.52:236][  0]LogWindows:    0. 'Intel(R) HD Graphics 5500' (P:1 D:1)
[2017.11.17-03.25.52:236][  0]LogWindows:    1. 'Intel(R) HD Graphics 5500' (P:0 D:0)
[2017.11.17-03.25.52:237][  0]LogWindows:    2. 'Intel(R) HD Graphics 5500' (P:0 D:0)
[2017.11.17-03.25.52:237][  0]LogWindows: DebugString: FoundDriverCount:3 
[2017.11.17-03.25.52:237][  0]LogD3D11RHI:     Adapter Name: Intel(R) HD Graphics 5500
[2017.11.17-03.25.52:237][  0]LogD3D11RHI:   Driver Version: 20.19.15.4531 (internal:20.19.15.4531, unified:20.19.15.4531)
[2017.11.17-03.25.52:237][  0]LogD3D11RHI:      Driver Date: 9-29-2016
[2017.11.17-03.25.52:237][  0]LogRHI: Texture pool is 1508 MB (70% of 2154 MB)
[2017.11.17-03.25.52:244][  0]LogD3D11RHI: Async texture creation enabled
[2017.11.17-03.25.52:249][  0]LogD3D11RHI: GPU Timing Frequency: 12.500000 (Debug: 2 0)
[2017.11.17-03.25.52:250][  0]LogShaderCompilers: Guid format shader working directory is -28 characters bigger than the processId version (../../../../../../Users/z1hwa/Documents/GitHub/MyProject/StairwayToHeaven/Intermediate/Shaders/WorkingDirectory/13220/).
[2017.11.17-03.25.52:250][  0]LogShaderCompilers: Cleaned the shader compiler working directory 'C:/Users/z1hwa/AppData/Local/Temp/UnrealShaderWorkingDir/FE10DA7B420A39EF3C52589A248BE531/'.
[2017.11.17-03.25.52:250][  0]LogShaderCompilers: Display: Using Local Shader Compiler.
[2017.11.17-03.25.55:270][  0]LogTemp: Display: Loaded TP AllDesktopTargetPlatform
[2017.11.17-03.25.55:338][  0]LogTemp: Display: Loaded TP MacClientTargetPlatform
[2017.11.17-03.25.55:405][  0]LogTemp: Display: Loaded TP MacNoEditorTargetPlatform
[2017.11.17-03.25.55:473][  0]LogTemp: Display: Loaded TP MacServerTargetPlatform
[2017.11.17-03.25.55:617][  0]LogTemp: Display: Loaded TP MacTargetPlatform
[2017.11.17-03.25.55:703][  0]LogTemp: Display: Loaded TP WindowsClientTargetPlatform
[2017.11.17-03.25.55:812][  0]LogTemp: Display: Loaded TP WindowsNoEditorTargetPlatform
[2017.11.17-03.25.55:894][  0]LogTemp: Display: Loaded TP WindowsServerTargetPlatform
[2017.11.17-03.25.55:954][  0]LogTemp: Display: Loaded TP WindowsTargetPlatform
[2017.11.17-03.25.56:019][  0]LogTemp: Display: Loaded TP Android_ASTCTargetPlatform
[2017.11.17-03.25.56:089][  0]LogTemp: Display: Loaded TP Android_ATCTargetPlatform
[2017.11.17-03.25.56:157][  0]LogTemp: Display: Loaded TP Android_DXTTargetPlatform
[2017.11.17-03.25.56:221][  0]LogTemp: Display: Loaded TP Android_ETC1TargetPlatform
[2017.11.17-03.25.56:286][  0]LogTemp: Display: Loaded TP Android_ETC2TargetPlatform
[2017.11.17-03.25.56:418][  0]LogTemp: Display: Loaded TP Android_MultiTargetPlatform
[2017.11.17-03.25.56:418][  0]LogTemp: Display: Loaded TP Android_PVRTCTargetPlatform
[2017.11.17-03.25.56:527][  0]LogTemp: Display: Loaded TP AndroidTargetPlatform
[2017.11.17-03.25.56:582][  0]LogTemp: Display: Loaded TP HTML5TargetPlatform
[2017.11.17-03.25.56:697][  0]LogTemp: Display: Loaded TP IOSTargetPlatform
[2017.11.17-03.25.56:733][  0]LogTemp: Display: Loaded TP TVOSTargetPlatform
[2017.11.17-03.25.56:801][  0]LogTemp: Display: Loaded TP LinuxClientTargetPlatform
[2017.11.17-03.25.56:866][  0]LogTemp: Display: Loaded TP LinuxNoEditorTargetPlatform
[2017.11.17-03.25.56:930][  0]LogTemp: Display: Loaded TP LinuxServerTargetPlatform
[2017.11.17-03.25.57:039][  0]LogTemp: Display: Loaded TP LinuxTargetPlatform
[2017.11.17-03.25.57:039][  0]LogTargetPlatformManager: Display: Building Assets For Windows
[2017.11.17-03.25.57:701][  0]LogDerivedDataCache: Display: Max Cache Size: 512 MB
[2017.11.17-03.25.57:832][  0]LogDerivedDataCache: Loaded boot cache 0.13s 78MB C:/Users/z1hwa/AppData/Local/UnrealEngine/4.18/DerivedDataCache/Boot.ddc.
[2017.11.17-03.25.57:833][  0]LogDerivedDataCache: Display: Loaded Boot cache: C:/Users/z1hwa/AppData/Local/UnrealEngine/4.18/DerivedDataCache/Boot.ddc
[2017.11.17-03.25.57:833][  0]LogDerivedDataCache: FDerivedDataBackendGraph:  Pak pak cache file ../../../../../../Users/z1hwa/Documents/GitHub/MyProject/StairwayToHeaven/DerivedDataCache/DDC.ddp not found, will not use a pak cache.
[2017.11.17-03.25.57:833][  0]LogDerivedDataCache: Unable to find inner node Pak for hierarchical cache Hierarchy.
[2017.11.17-03.25.57:833][  0]LogDerivedDataCache: FDerivedDataBackendGraph:  CompressedPak pak cache file ../../../../../../Users/z1hwa/Documents/GitHub/MyProject/StairwayToHeaven/DerivedDataCache/Compressed.ddp not found, will not use a pak cache.
[2017.11.17-03.25.57:833][  0]LogDerivedDataCache: Unable to find inner node CompressedPak for hierarchical cache Hierarchy.
[2017.11.17-03.25.57:856][  0]LogDerivedDataCache: Display: Pak cache opened for reading ../../../Engine/DerivedDataCache/Compressed.ddp.
[2017.11.17-03.25.57:869][  0]LogDerivedDataCache: Using Local data cache path C:/Users/z1hwa/AppData/Local/UnrealEngine/Common/DerivedDataCache: Writable
[2017.11.17-03.25.57:884][  0]LogMaterial: Verifying Global Shaders for PCD3D_SM5
[2017.11.17-03.25.57:885][  0]LogSlate: Using Freetype 2.6.0
[2017.11.17-03.25.57:917][  0]LogSlate: SlateFontCache - WITH_FREETYPE: 1, WITH_HARFBUZZ: 1
[2017.11.17-03.25.57:917][  0]LogSlate: SlateFontCache - WITH_FREETYPE: 1, WITH_HARFBUZZ: 1
[2017.11.17-03.26.01:204][  0]LogInit: Selected Device Profile: [Windows]
[2017.11.17-03.26.01:908][  0]LogSimplygon: Simplygon DLL not present - disabling.
[2017.11.17-03.26.01:966][  0]LogMeshReduction: Using SimplygonSwarm for distributed automatic mesh merging
[2017.11.17-03.26.01:966][  0]LogMeshReduction: Using QuadricMeshReduction for automatic static mesh reduction
[2017.11.17-03.26.01:966][  0]LogMeshReduction: No automatic skeletal mesh reduction module available
[2017.11.17-03.26.01:966][  0]LogMeshReduction: No automatic mesh merging module available
[2017.11.17-03.26.01:966][  0]LogMeshMerging: No automatic mesh merging module available
[2017.11.17-03.26.02:154][  0]LogNetVersion: MyProject , NetCL: 3709383, EngineNetVer: 2, GameNetVer: 0 (Checksum: 1490074681)
[2017.11.17-03.26.03:405][  0]LogAssetRegistry: FAssetRegistry took 0.0416 seconds to start up
[2017.11.17-03.26.04:830][  0]LogPackageLocalizationCache: Processed 7 localized package path(s) for 2 prioritized culture(s) in 0.121219 seconds
[2017.11.17-03.26.04:840][  0]LogUObjectArray: 35900 objects as part of root set at end of initial load.
[2017.11.17-03.26.04:840][  0]LogUObjectAllocator: 7372016 out of 0 bytes used by permanent object pool.
[2017.11.17-03.26.04:840][  0]LogUObjectArray: CloseDisregardForGC: 0/0 objects in disregard for GC pool
[2017.11.17-03.26.04:938][  0]LogInit: WinSock: version 1.1 (2.2), MaxSocks=32767, MaxUdp=65467
[2017.11.17-03.26.38:360][  0]LogTcpMessaging: Initializing TcpMessaging bridge
[2017.11.17-03.26.38:415][  0]LogUdpMessaging: Initializing bridge on interface 0.0.0.0:0 to multicast group 230.0.0.1:6666.
[2017.11.17-03.26.40:140][  0]LogMaterial: Uniform references updated for custom material expression Custom.
[2017.11.17-03.26.41:514][  0]SourceControl: Source control is disabled
[2017.11.17-03.26.41:514][  0]SourceControl: Source control is disabled
[2017.11.17-03.26.41:655][  0]SourceControl: Source control is disabled
[2017.11.17-03.26.41:790][  0]SourceControl: Source control is disabled
[2017.11.17-03.26.44:066][  0]LogAndroidPermission: UAndroidPermissionCallbackProxy::GetInstance
[2017.11.17-03.26.44:481][  0]LogOcInput: OculusInput pre-init called
[2017.11.17-03.26.45:181][  0]LogEngine: Initializing Engine...
[2017.11.17-03.26.45:184][  0]LogHMD: Failed to initialize OpenVR with code 110
[2017.11.17-03.26.46:740][  0]LogStats: UGameplayTagsManager::ConstructGameplayTagTree: Construct from data asset -  0.000 s
[2017.11.17-03.26.46:740][  0]LogStats: UGameplayTagsManager::ConstructGameplayTagTree: GameplayTagTreeChangedEvent.Broadcast -  0.000 s
[2017.11.17-03.26.46:965][  0]LogAIModule: Creating AISystem for world Untitled
[2017.11.17-03.26.47:002][  0]LogInit: XAudio2 using 'Speakers / Headphones (Realtek High Definition Audio)' : 2 channels at 48 kHz using 32 bits per sample (channel mask 0x3)
[2017.11.17-03.26.47:033][  0]LogInit: FAudioDevice initialized.
[2017.11.17-03.26.47:236][  0]LogDerivedDataCache: Saved boot cache 0.20s 78MB C:/Users/z1hwa/AppData/Local/UnrealEngine/4.18/DerivedDataCache/Boot.ddc.
[2017.11.17-03.26.47:351][  0]LogInit: Texture streaming: Enabled
[2017.11.17-03.26.47:574][  0]LogEngineSessionManager: EngineSessionManager initialized
[2017.11.17-03.26.47:912][  0]LogInit: Transaction tracking system initialized
[2017.11.17-03.26.48:466][  0]BlueprintLog: New page: Editor Load
[2017.11.17-03.26.50:732][  0]LocalizationService: Localization service is disabled
[2017.11.17-03.26.53:186][  0]LogConsoleResponse: Display: 
[2017.11.17-03.26.56:070][  0]LogCook: Display: Max memory allowance for cook 16384mb min free memory 0mb
[2017.11.17-03.26.56:070][  0]LogCook: Display: Mobile HDR setting 1
[2017.11.17-03.26.56:070][  0]LogGameplayTags: Display: UGameplayTagsManager::DoneAddingNativeTags. DelegateIsBound: 0
[2017.11.17-03.26.56:204][  0]LogFileCache: Scanning file cache for directory 'C:/Users/z1hwa/Documents/GitHub/MyProject/StairwayToHeaven/Content/' took 0.02s
[2017.11.17-03.27.01:082][  0]SourceControl: Source control is disabled
[2017.11.17-03.27.01:082][  0]Cmd: MAP LOAD FILE="../../../../../../Users/z1hwa/Documents/GitHub/MyProject/StairwayToHeaven/Content/ThirdPersonBP/Maps/ThirdPersonExampleMap.umap" TEMPLATE=0 SHOWPROGRESS=1 FEATURELEVEL=3
[2017.11.17-03.27.01:082][  0]LogEditorServer: Warning: Can't find file '../../../../../../Users/z1hwa/Documents/GitHub/MyProject/StairwayToHeaven/Content/ThirdPersonBP/Maps/ThirdPersonExampleMap.umap'
[2017.11.17-03.27.01:082][  0]Cmd: MAP CHECKDEP NOCLEARLOG
[2017.11.17-03.27.01:168][  0]MapCheck: Map check complete: 0 Error(s), 0 Warning(s), took 86.162ms to complete.
[2017.11.17-03.27.01:168][  0]LogFileHelpers: Loading map 'ThirdPersonExampleMap' took 0.087
[2017.11.17-03.27.02:489][  0]LogCollectionManager: Loaded 0 collections in 0.002994 seconds
[2017.11.17-03.27.02:676][  0]LogFileCache: Scanning file cache for directory 'C:/Users/z1hwa/Documents/GitHub/MyProject/StairwayToHeaven/Saved/Collections/' took 0.01s
[2017.11.17-03.27.02:676][  0]LogFileCache: Scanning file cache for directory 'C:/Users/z1hwa/Documents/GitHub/MyProject/StairwayToHeaven/Content/Developers/z1hwa/Collections/' took 0.01s
[2017.11.17-03.27.02:676][  0]LogFileCache: Scanning file cache for directory 'C:/Users/z1hwa/Documents/GitHub/MyProject/StairwayToHeaven/Content/Collections/' took 0.01s
[2017.11.17-03.27.02:676][  0]LogCollectionManager: Rebuilt the GUID cache for 0 collections in 0.000000 seconds
[2017.11.17-03.27.02:689][  0]LogContentBrowser: Native class hierarchy populated in 0.0122 seconds. Added 2363 classes and 519 folders.
[2017.11.17-03.27.02:800][  0]LogContentBrowser: Native class hierarchy updated for 'WidgetCarousel' in 0.0003 seconds. Added 0 classes and 0 folders.
[2017.11.17-03.27.04:219][  0]LogContentBrowser: Native class hierarchy updated for 'AddContentDialog' in 0.0003 seconds. Added 0 classes and 0 folders.
[2017.11.17-03.27.04:356][  0]LogContentBrowser: Native class hierarchy updated for 'SceneOutliner' in 0.0006 seconds. Added 1 classes and 2 folders.
[2017.11.17-03.27.04:622][  0]LogContentBrowser: Native class hierarchy updated for 'HierarchicalLODOutliner' in 0.0004 seconds. Added 1 classes and 2 folders.
[2017.11.17-03.27.04:622][  0]LogLoad: (Engine Initialization) Total time: 85.19 seconds
[2017.11.17-03.27.04:622][  0]LogLoad: (Engine Initialization) Total Blueprint compile time: 0.00 seconds
[2017.11.17-03.27.04:634][  0]LogExternalProfiler: No external profilers were discovered.  External profiling features will not be available.
[2017.11.17-03.27.04:696][  0]LogContentStreaming: Texture pool size now 400 MB
[2017.11.17-03.27.04:740][  0]LogSlate: Took 0.023281 seconds to synchronously load lazily loaded font '../../../Engine/Content/Slate/Fonts/Roboto-Regular.ttf' (155K)
[2017.11.17-03.27.04:768][  0]LogSlate: Took 0.026098 seconds to synchronously load lazily loaded font '../../../Engine/Content/Slate/Fonts/Roboto-Bold.ttf' (160K)
[2017.11.17-03.27.04:788][  0]LogSlate: Took 0.015590 seconds to synchronously load lazily loaded font '../../../Engine/Content/Editor/Slate/Fonts/FontAwesome.ttf' (139K)
[2017.11.17-03.27.05:273][  0]LogRenderer: Reallocating scene render targets to support 820x324 Format 9 NumSamples 1 (Frame:1).
[2017.11.17-03.27.05:879][  1]LogAssetRegistry: Asset discovery search completed in 62.4959 seconds
[2017.11.17-03.27.05:881][  1]LogCollectionManager: Rebuilt the object cache for 0 collections in 0.000000 seconds (found 0 objects)
[2017.11.17-03.27.05:881][  1]LogCollectionManager: Fixed up redirectors for 0 collections in 0.000051 seconds (updated 0 objects)
[2017.11.17-03.27.10:228][214]LogSlate: Took 0.023101 seconds to synchronously load lazily loaded font '../../../Engine/Content/Slate/Fonts/Roboto-Light.ttf' (159K)
[2017.11.17-03.27.13:416][382]LogSlate: Took 0.000212 seconds to synchronously load lazily loaded font '../../../Engine/Content/Slate/Fonts/Roboto-Light.ttf' (159K)
[2017.11.17-03.27.14:333][382]LogSlate: Took 0.000343 seconds to synchronously load lazily loaded font '../../../Engine/Content/Slate/Fonts/Roboto-Regular.ttf' (155K)
[2017.11.17-03.27.21:428][382]LogAIModule: Creating AISystem for world level2
[2017.11.17-03.27.21:648][382]Cmd: MAP LOAD FILE="../../../../../../Users/z1hwa/Documents/GitHub/MyProject/StairwayToHeaven/Content/ThirdPersonBP/Maps/level2.umap" TEMPLATE=0 SHOWPROGRESS=1 FEATURELEVEL=3
[2017.11.17-03.27.21:648][382]LightingResults: New page: Lighting Build
[2017.11.17-03.27.21:730][382]LogContentBrowser: Native class hierarchy updated for 'StatsViewer' in 0.0130 seconds. Added 5 classes and 0 folders.
[2017.11.17-03.27.21:733][382]LoadErrors: New page: Loading map: level2.umap
[2017.11.17-03.27.21:733][382]MapCheck: New page: Map Check
[2017.11.17-03.27.21:733][382]LightingResults: New page: Lighting Build
[2017.11.17-03.27.21:909][382]LogEditorServer: Finished looking for orphan Actors (0.000 secs)
[2017.11.17-03.27.22:000][382]Cmd: MAP CHECKDEP NOCLEARLOG
[2017.11.17-03.27.22:083][382]MapCheck: Map check complete: 0 Error(s), 0 Warning(s), took 82.741ms to complete.
[2017.11.17-03.27.22:083][382]LogFileHelpers: Loading map 'level2' took 0.441
[2017.11.17-03.27.47:945][361]LogEditorViewport: Clicking on Actor (LMB): StaticMeshActor (Linear_Stair_StaticMesh)
[2017.11.17-03.27.49:773][416]LogTemp: Repeating last play command: Selected Viewport
[2017.11.17-03.27.49:901][416]LogBlueprintUserMessages: Early PlayInEditor Detection: Level '/Game/ThirdPersonBP/Maps/level2.level2:PersistentLevel' has LevelScriptBlueprint '/Game/ThirdPersonBP/Maps/level2.level2:PersistentLevel.level2' with GeneratedClass '/Game/ThirdPersonBP/Maps/level2.level2_C' with ClassGeneratedBy '/Game/ThirdPersonBP/Maps/level2.level2:PersistentLevel.level2'
[2017.11.17-03.27.49:921][416]LogPlayLevel: PlayLevel: No blueprints needed recompiling
[2017.11.17-03.27.49:950][416]PIE: New page: PIE session: level2 (Nov 16, 2017, 5:27:49 PM)
[2017.11.17-03.27.49:950][416]LogPlayLevel: Creating play world package: /Game/ThirdPersonBP/Maps/UEDPIE_0_level2
[2017.11.17-03.27.50:029][416]LogPlayLevel: PIE: StaticDuplicateObject took: (0.078781s)
[2017.11.17-03.27.50:030][416]LogAIModule: Creating AISystem for world level2
[2017.11.17-03.27.50:030][416]LogPlayLevel: PIE: World Init took: (0.001324s)
[2017.11.17-03.27.50:031][416]LogPlayLevel: PIE: Created PIE world by copying editor world from /Game/ThirdPersonBP/Maps/level2.level2 to /Game/ThirdPersonBP/Maps/UEDPIE_0_level2.level2 (0.080776s)
[2017.11.17-03.27.50:063][416]LogInit: XAudio2 using 'Speakers / Headphones (Realtek High Definition Audio)' : 2 channels at 48 kHz using 32 bits per sample (channel mask 0x3)
[2017.11.17-03.27.50:084][416]LogInit: FAudioDevice initialized.
[2017.11.17-03.27.50:133][416]LogLoad: Game class is 'ThirdPersonGameMode_C'
[2017.11.17-03.27.50:140][416]LogWorld: Bringing World /Game/ThirdPersonBP/Maps/UEDPIE_0_level2.level2 up for play (max tick rate 60) at 2017.11.16-22.27.50
[2017.11.17-03.27.50:141][416]LogWorld: Bringing up level for play took: 0.006393
[2017.11.17-03.27.50:199][416]LogContentBrowser: Native class hierarchy updated for 'MovieSceneCapture' in 0.0005 seconds. Added 11 classes and 0 folders.
[2017.11.17-03.27.50:202][416]PIE: Play in editor start time for /Game/ThirdPersonBP/Maps/UEDPIE_0_level2 1.134
[2017.11.17-03.27.50:202][416]LogBlueprintUserMessages: Late PlayInEditor Detection: Level '/Game/ThirdPersonBP/Maps/level2.level2:PersistentLevel' has LevelScriptBlueprint '/Game/ThirdPersonBP/Maps/level2.level2:PersistentLevel.level2' with GeneratedClass '/Game/ThirdPersonBP/Maps/level2.level2_C' with ClassGeneratedBy '/Game/ThirdPersonBP/Maps/level2.level2:PersistentLevel.level2'
[2017.11.17-03.27.58:597][810]LogBlueprintUserMessages: Early EndPlayMap Detection: Level '/Game/ThirdPersonBP/Maps/level2.level2:PersistentLevel' has LevelScriptBlueprint '/Game/ThirdPersonBP/Maps/level2.level2:PersistentLevel.level2' with GeneratedClass '/Game/ThirdPersonBP/Maps/level2.level2_C' with ClassGeneratedBy '/Game/ThirdPersonBP/Maps/level2.level2:PersistentLevel.level2'
[2017.11.17-03.27.58:669][810]LogBlueprintUserMessages: Late EndPlayMap Detection: Level '/Game/ThirdPersonBP/Maps/level2.level2:PersistentLevel' has LevelScriptBlueprint '/Game/ThirdPersonBP/Maps/level2.level2:PersistentLevel.level2' with GeneratedClass '/Game/ThirdPersonBP/Maps/level2.level2_C' with ClassGeneratedBy '/Game/ThirdPersonBP/Maps/level2.level2:PersistentLevel.level2'
[2017.11.17-03.28.03:187][ 75]LogEditorViewport: Clicking on Actor (LMB): BP_Sky_Sphere_C (SkySphereBlueprint2)
[2017.11.17-03.28.06:030][226]LogTemp: Repeating last play command: Selected Viewport
[2017.11.17-03.28.06:065][226]LogBlueprintUserMessages: Early PlayInEditor Detection: Level '/Game/ThirdPersonBP/Maps/level2.level2:PersistentLevel' has LevelScriptBlueprint '/Game/ThirdPersonBP/Maps/level2.level2:PersistentLevel.level2' with GeneratedClass '/Game/ThirdPersonBP/Maps/level2.level2_C' with ClassGeneratedBy '/Game/ThirdPersonBP/Maps/level2.level2:PersistentLevel.level2'
[2017.11.17-03.28.06:065][226]LogPlayLevel: PlayLevel: No blueprints needed recompiling
[2017.11.17-03.28.06:065][226]PIE: New page: PIE session: level2 (Nov 16, 2017, 5:28:06 PM)
[2017.11.17-03.28.06:065][226]LogPlayLevel: Creating play world package: /Game/ThirdPersonBP/Maps/UEDPIE_0_level2
[2017.11.17-03.28.06:113][226]LogPlayLevel: PIE: StaticDuplicateObject took: (0.048173s)
[2017.11.17-03.28.06:114][226]LogAIModule: Creating AISystem for world level2
[2017.11.17-03.28.06:115][226]LogPlayLevel: PIE: World Init took: (0.001279s)
[2017.11.17-03.28.06:115][226]LogPlayLevel: PIE: Created PIE world by copying editor world from /Game/ThirdPersonBP/Maps/level2.level2 to /Game/ThirdPersonBP/Maps/UEDPIE_0_level2.level2 (0.050082s)
[2017.11.17-03.28.06:139][226]LogInit: XAudio2 using 'Speakers / Headphones (Realtek High Definition Audio)' : 2 channels at 48 kHz using 32 bits per sample (channel mask 0x3)
[2017.11.17-03.28.06:160][226]LogInit: FAudioDevice initialized.
[2017.11.17-03.28.06:196][226]LogLoad: Game class is 'ThirdPersonGameMode_C'
[2017.11.17-03.28.06:202][226]LogWorld: Bringing World /Game/ThirdPersonBP/Maps/UEDPIE_0_level2.level2 up for play (max tick rate 60) at 2017.11.16-22.28.06
[2017.11.17-03.28.06:202][226]LogWorld: Bringing up level for play took: 0.006307
[2017.11.17-03.28.06:204][226]PIE: Play in editor start time for /Game/ThirdPersonBP/Maps/UEDPIE_0_level2 1.136
[2017.11.17-03.28.06:205][226]LogBlueprintUserMessages: Late PlayInEditor Detection: Level '/Game/ThirdPersonBP/Maps/level2.level2:PersistentLevel' has LevelScriptBlueprint '/Game/ThirdPersonBP/Maps/level2.level2:PersistentLevel.level2' with GeneratedClass '/Game/ThirdPersonBP/Maps/level2.level2_C' with ClassGeneratedBy '/Game/ThirdPersonBP/Maps/level2.level2:PersistentLevel.level2'
[2017.11.17-03.28.17:806][748]LogBlueprintUserMessages: Early EndPlayMap Detection: Level '/Game/ThirdPersonBP/Maps/level2.level2:PersistentLevel' has LevelScriptBlueprint '/Game/ThirdPersonBP/Maps/level2.level2:PersistentLevel.level2' with GeneratedClass '/Game/ThirdPersonBP/Maps/level2.level2_C' with ClassGeneratedBy '/Game/ThirdPersonBP/Maps/level2.level2:PersistentLevel.level2'
[2017.11.17-03.28.17:856][748]LogBlueprintUserMessages: Late EndPlayMap Detection: Level '/Game/ThirdPersonBP/Maps/level2.level2:PersistentLevel' has LevelScriptBlueprint '/Game/ThirdPersonBP/Maps/level2.level2:PersistentLevel.level2' with GeneratedClass '/Game/ThirdPersonBP/Maps/level2.level2_C' with ClassGeneratedBy '/Game/ThirdPersonBP/Maps/level2.level2:PersistentLevel.level2'
