Log file open, 11/14/17 22:49:56
LogWindows: Failed to load 'aqProf.dll' (GetLastError=126)
LogWindows: File 'aqProf.dll' does not exist
LogWindows: Failed to load 'VtuneApi.dll' (GetLastError=126)
LogWindows: File 'VtuneApi.dll' does not exist
LogWindows: Failed to load 'VtuneApi32e.dll' (GetLastError=126)
LogWindows: File 'VtuneApi32e.dll' does not exist
LogInit: Display: Running engine for game: MyProject
LogPlatformFile: Not using cached read wrapper
LogInit: Display: RandInit(743916686) SRandInit(743916686).
LogInit: Read version file with build ID '3709383'
LogInit: Overriding engine version to CL 3709383, compatible CL 3709383
LogInit: Registered custom module enumerator with build ID '3709383'
LogTaskGraph: Started task graph with 5 named threads and 8 total threads with 3 sets of task threads.
LogStats: Stats thread started at 0.151891
LogD3D11RHI: Aftermath initialized
LogModuleManager: Display: Found up-to-date module file ../../../Engine/Plugins/2D/Paper2D/Binaries/Win64/UE4Editor-Paper2D.dll (API version 3709383).
LogModuleManager: Display: Found up-to-date module file ../../../Engine/Plugins/2D/Paper2D/Binaries/Win64/UE4Editor-Paper2DEditor.dll (API version 3709383).
LogModuleManager: Display: Found up-to-date module file ../../../Engine/Plugins/2D/Paper2D/Binaries/Win64/UE4Editor-PaperSpriteSheetImporter.dll (API version 3709383).
LogModuleManager: Display: Found up-to-date module file ../../../Engine/Plugins/2D/Paper2D/Binaries/Win64/UE4Editor-PaperTiledImporter.dll (API version 3709383).
LogModuleManager: Display: Found up-to-date module file ../../../Engine/Plugins/2D/Paper2D/Binaries/Win64/UE4Editor-SmartSnapping.dll (API version 3709383).
LogModuleManager: Display: Found up-to-date module file ../../../Engine/Plugins/Blendables/LightPropagationVolume/Binaries/Win64/UE4Editor-LightPropagationVolumeRuntime.dll (API version 3709383).
LogModuleManager: Display: Found up-to-date module file ../../../Engine/Plugins/Blendables/LightPropagationVolume/Binaries/Win64/UE4Editor-LightPropagationVolumeEditor.dll (API version 3709383).
LogModuleManager: Display: Found up-to-date module file ../../../Engine/Plugins/Developer/GitSourceControl/Binaries/Win64/UE4Editor-GitSourceControl.dll (API version 3709383).
LogModuleManager: Display: Found up-to-date module file ../../../Engine/Plugins/Developer/PerforceSourceControl/Binaries/Win64/UE4Editor-PerforceSourceControl.dll (API version 3709383).
LogModuleManager: Display: Found up-to-date module file ../../../Engine/Plugins/Developer/SubversionSourceControl/Binaries/Win64/UE4Editor-SubversionSourceControl.dll (API version 3709383).
LogModuleManager: Display: Found up-to-date module file ../../../Engine/Plugins/Developer/UObjectPlugin/Binaries/Win64/UE4Editor-UObjectPlugin.dll (API version 3709383).
LogModuleManager: Display: Found up-to-date module file ../../../Engine/Plugins/Developer/VisualStudioCodeSourceCodeAccess/Binaries/Win64/UE4Editor-VisualStudioCodeSourceCodeAccess.dll (API version 3709383).
LogModuleManager: Display: Found up-to-date module file ../../../Engine/Plugins/Developer/VisualStudioSourceCodeAccess/Binaries/Win64/UE4Editor-VisualStudioSourceCodeAccess.dll (API version 3709383).
LogModuleManager: Display: Found up-to-date module file ../../../Engine/Plugins/Editor/AssetManagerEditor/Binaries/Win64/UE4Editor-AssetManagerEditor.dll (API version 3709383).
LogModuleManager: Display: Found up-to-date module file ../../../Engine/Plugins/Editor/AudioCapture/Binaries/Win64/UE4Editor-AudioCapture.dll (API version 3709383).
LogModuleManager: Display: Found up-to-date module file ../../../Engine/Plugins/Editor/FacialAnimation/Binaries/Win64/UE4Editor-FacialAnimation.dll (API version 3709383).
LogModuleManager: Display: Found up-to-date module file ../../../Engine/Plugins/Editor/FacialAnimation/Binaries/Win64/UE4Editor-FacialAnimationEditor.dll (API version 3709383).
LogModuleManager: Display: Found up-to-date module file ../../../Engine/Plugins/Editor/GameplayTagsEditor/Binaries/Win64/UE4Editor-GameplayTagsEditor.dll (API version 3709383).
LogModuleManager: Display: Found up-to-date module file ../../../Engine/Plugins/Editor/MobileLauncherProfileWizard/Binaries/Win64/UE4Editor-MobileLauncherProfileWizard.dll (API version 3709383).
LogModuleManager: Display: Found up-to-date module file ../../../Engine/Plugins/Editor/PluginBrowser/Binaries/Win64/UE4Editor-PluginBrowser.dll (API version 3709383).
LogModuleManager: Display: Found up-to-date module file ../../../Engine/Plugins/Editor/SpeedTreeImporter/Binaries/Win64/UE4Editor-SpeedTreeImporter.dll (API version 3709383).
LogModuleManager: Display: Found up-to-date module file ../../../Engine/Plugins/Experimental/AlembicImporter/Binaries/Win64/UE4Editor-AlembicImporter.dll (API version 3709383).
LogModuleManager: Display: Found up-to-date module file ../../../Engine/Plugins/Experimental/AlembicImporter/Binaries/Win64/UE4Editor-AlembicLibrary.dll (API version 3709383).
LogModuleManager: Display: Found up-to-date module file ../../../Engine/Plugins/Experimental/CharacterAI/Binaries/Win64/UE4Editor-CharacterAI.dll (API version 3709383).
LogModuleManager: Display: Found up-to-date module file ../../../Engine/Plugins/Experimental/HTML5Networking/Binaries/Win64/UE4Editor-HTML5Networking.dll (API version 3709383).
LogModuleManager: Display: Found up-to-date module file ../../../Engine/Plugins/Media/AndroidMedia/Binaries/Win64/UE4Editor-AndroidMediaEditor.dll (API version 3709383).
LogModuleManager: Display: Found up-to-date module file ../../../Engine/Plugins/Media/AndroidMedia/Binaries/Win64/UE4Editor-AndroidMediaFactory.dll (API version 3709383).
LogModuleManager: Display: Found up-to-date module file ../../../Engine/Plugins/Media/AvfMedia/Binaries/Win64/UE4Editor-AvfMediaEditor.dll (API version 3709383).
LogModuleManager: Display: Found up-to-date module file ../../../Engine/Plugins/Media/AvfMedia/Binaries/Win64/UE4Editor-AvfMediaFactory.dll (API version 3709383).
LogModuleManager: Display: Found up-to-date module file ../../../Engine/Plugins/Media/AvfMedia/Binaries/Win64/UE4Editor-AvfMediaFactory.dll (API version 3709383).
LogModuleManager: Display: Found up-to-date module file ../../../Engine/Plugins/Media/ImgMedia/Binaries/Win64/UE4Editor-ImgMedia.dll (API version 3709383).
LogModuleManager: Display: Found up-to-date module file ../../../Engine/Plugins/Media/ImgMedia/Binaries/Win64/UE4Editor-ImgMediaEditor.dll (API version 3709383).
LogModuleManager: Display: Found up-to-date module file ../../../Engine/Plugins/Media/ImgMedia/Binaries/Win64/UE4Editor-ImgMediaFactory.dll (API version 3709383).
LogModuleManager: Display: Found up-to-date module file ../../../Engine/Plugins/Media/ImgMedia/Binaries/Win64/UE4Editor-ImgMediaFactory.dll (API version 3709383).
LogModuleManager: Display: Found up-to-date module file ../../../Engine/Plugins/Media/ImgMedia/Binaries/Win64/UE4Editor-OpenExrWrapper.dll (API version 3709383).
LogModuleManager: Display: Found up-to-date module file ../../../Engine/Plugins/Media/MediaCompositing/Binaries/Win64/UE4Editor-MediaCompositing.dll (API version 3709383).
LogModuleManager: Display: Found up-to-date module file ../../../Engine/Plugins/Media/MediaCompositing/Binaries/Win64/UE4Editor-MediaCompositingEditor.dll (API version 3709383).
LogModuleManager: Display: Found up-to-date module file ../../../Engine/Plugins/Media/MediaPlayerEditor/Binaries/Win64/UE4Editor-MediaPlayerEditor.dll (API version 3709383).
LogModuleManager: Display: Found up-to-date module file ../../../Engine/Plugins/Media/WmfMedia/Binaries/Win64/UE4Editor-WmfMedia.dll (API version 3709383).
LogModuleManager: Display: Found up-to-date module file ../../../Engine/Plugins/Media/WmfMedia/Binaries/Win64/UE4Editor-WmfMediaEditor.dll (API version 3709383).
LogModuleManager: Display: Found up-to-date module file ../../../Engine/Plugins/Media/WmfMedia/Binaries/Win64/UE4Editor-WmfMediaFactory.dll (API version 3709383).
LogModuleManager: Display: Found up-to-date module file ../../../Engine/Plugins/Media/WmfMedia/Binaries/Win64/UE4Editor-WmfMediaFactory.dll (API version 3709383).
LogModuleManager: Display: Found up-to-date module file ../../../Engine/Plugins/Messaging/TcpMessaging/Binaries/Win64/UE4Editor-TcpMessaging.dll (API version 3709383).
LogModuleManager: Display: Found up-to-date module file ../../../Engine/Plugins/Messaging/UdpMessaging/Binaries/Win64/UE4Editor-UdpMessaging.dll (API version 3709383).
LogModuleManager: Display: Found up-to-date module file ../../../Engine/Plugins/MovieScene/ActorSequence/Binaries/Win64/UE4Editor-ActorSequence.dll (API version 3709383).
LogModuleManager: Display: Found up-to-date module file ../../../Engine/Plugins/MovieScene/LevelSequenceEditor/Binaries/Win64/UE4Editor-LevelSequenceEditor.dll (API version 3709383).
LogModuleManager: Display: Found up-to-date module file ../../../Engine/Plugins/MovieScene/MatineeToLevelSequence/Binaries/Win64/UE4Editor-MatineeToLevelSequence.dll (API version 3709383).
LogModuleManager: Display: Found up-to-date module file ../../../Engine/Plugins/Online/OnlineSubsystem/Binaries/Win64/UE4Editor-OnlineSubsystem.dll (API version 3709383).
LogModuleManager: Display: Found up-to-date module file ../../../Engine/Plugins/Runtime/AndroidPermission/Binaries/Win64/UE4Editor-AndroidPermission.dll (API version 3709383).
LogModuleManager: Display: Found up-to-date module file ../../../Engine/Plugins/Online/OnlineSubsystemNull/Binaries/Win64/UE4Editor-OnlineSubsystemNull.dll (API version 3709383).
LogModuleManager: Display: Found up-to-date module file ../../../Engine/Plugins/Online/OnlineSubsystemUtils/Binaries/Win64/UE4Editor-OnlineSubsystemUtils.dll (API version 3709383).
LogModuleManager: Display: Found up-to-date module file ../../../Engine/Plugins/Online/OnlineSubsystemUtils/Binaries/Win64/UE4Editor-OnlineBlueprintSupport.dll (API version 3709383).
LogModuleManager: Display: Found up-to-date module file ../../../Engine/Plugins/Runtime/AndroidDeviceProfileSelector/Binaries/Win64/UE4Editor-AndroidDeviceProfileSelector.dll (API version 3709383).
LogModuleManager: Display: Found up-to-date module file ../../../Engine/Plugins/Runtime/AppleARKit/Binaries/Win64/UE4Editor-AppleARKit.dll (API version 3709383).
LogModuleManager: Display: Found up-to-date module file ../../../Engine/Plugins/Runtime/ArchVisCharacter/Binaries/Win64/UE4Editor-ArchVisCharacter.dll (API version 3709383).
LogModuleManager: Display: Found up-to-date module file ../../../Engine/Plugins/Runtime/CableComponent/Binaries/Win64/UE4Editor-CableComponent.dll (API version 3709383).
LogModuleManager: Display: Found up-to-date module file ../../../Engine/Plugins/Runtime/CustomMeshComponent/Binaries/Win64/UE4Editor-CustomMeshComponent.dll (API version 3709383).
LogModuleManager: Display: Found up-to-date module file ../../../Engine/Plugins/Runtime/ExampleDeviceProfileSelector/Binaries/Win64/UE4Editor-ExampleDeviceProfileSelector.dll (API version 3709383).
LogModuleManager: Display: Found up-to-date module file ../../../Engine/Plugins/Runtime/ImmediatePhysics/Binaries/Win64/UE4Editor-ImmediatePhysics.dll (API version 3709383).
LogModuleManager: Display: Found up-to-date module file ../../../Engine/Plugins/Runtime/ImmediatePhysics/Binaries/Win64/UE4Editor-ImmediatePhysicsEditor.dll (API version 3709383).
LogModuleManager: Display: Found up-to-date module file ../../../Engine/Plugins/Runtime/LocationServicesBPLibrary/Binaries/Win64/UE4Editor-LocationServicesBPLibrary.dll (API version 3709383).
LogModuleManager: Display: Found up-to-date module file ../../../Engine/Plugins/Runtime/MobilePatchingUtils/Binaries/Win64/UE4Editor-MobilePatchingUtils.dll (API version 3709383).
LogModuleManager: Display: Found up-to-date module file ../../../Engine/Plugins/Runtime/Oculus/OculusVR/Binaries/Win64/UE4Editor-OculusHMD.dll (API version 3709383).
LogModuleManager: Display: Found up-to-date module file ../../../Engine/Plugins/Runtime/Oculus/OculusVR/Binaries/Win64/UE4Editor-OculusInput.dll (API version 3709383).
LogModuleManager: Display: Found up-to-date module file ../../../Engine/Plugins/Runtime/Oculus/OculusVR/Binaries/Win64/UE4Editor-OculusEditor.dll (API version 3709383).
LogModuleManager: Display: Found up-to-date module file ../../../Engine/Plugins/Runtime/PhysXVehicles/Binaries/Win64/UE4Editor-PhysXVehicles.dll (API version 3709383).
LogModuleManager: Display: Found up-to-date module file ../../../Engine/Plugins/Runtime/PhysXVehicles/Binaries/Win64/UE4Editor-PhysXVehiclesEditor.dll (API version 3709383).
LogModuleManager: Display: Found up-to-date module file ../../../Engine/Plugins/Runtime/ProceduralMeshComponent/Binaries/Win64/UE4Editor-ProceduralMeshComponent.dll (API version 3709383).
LogModuleManager: Display: Found up-to-date module file ../../../Engine/Plugins/Runtime/ProceduralMeshComponent/Binaries/Win64/UE4Editor-ProceduralMeshComponentEditor.dll (API version 3709383).
LogModuleManager: Display: Found up-to-date module file ../../../Engine/Plugins/Runtime/RuntimePhysXCooking/Binaries/Win64/UE4Editor-RuntimePhysXCooking.dll (API version 3709383).
LogModuleManager: Display: Found up-to-date module file ../../../Engine/Plugins/Runtime/Steam/SteamVR/Binaries/Win64/UE4Editor-SteamVR.dll (API version 3709383).
LogModuleManager: Display: Found up-to-date module file ../../../Engine/Plugins/Runtime/Steam/SteamVR/Binaries/Win64/UE4Editor-SteamVRController.dll (API version 3709383).
LogModuleManager: Display: Found up-to-date module file ../../../Engine/Plugins/Runtime/WindowsMoviePlayer/Binaries/Win64/UE4Editor-WindowsMoviePlayer.dll (API version 3709383).
LogPluginManager: Mounting plugin Paper2D
LogPluginManager: Mounting plugin LightPropagationVolume
LogPluginManager: Mounting plugin CodeLiteSourceCodeAccess
LogPluginManager: Mounting plugin GitSourceControl
LogPluginManager: Mounting plugin KDevelopSourceCodeAccess
LogPluginManager: Mounting plugin NullSourceCodeAccess
LogPluginManager: Mounting plugin PerforceSourceControl
LogPluginManager: Mounting plugin SubversionSourceControl
LogPluginManager: Mounting plugin UObjectPlugin
LogPluginManager: Mounting plugin VisualStudioCodeSourceCodeAccess
LogPluginManager: Mounting plugin VisualStudioSourceCodeAccess
LogPluginManager: Mounting plugin XCodeSourceCodeAccess
LogPluginManager: Mounting plugin AssetManagerEditor
LogPluginManager: Mounting plugin AudioCapture
LogPluginManager: Mounting plugin FacialAnimation
LogPluginManager: Mounting plugin GameplayTagsEditor
LogPluginManager: Mounting plugin MobileLauncherProfileWizard
LogPluginManager: Mounting plugin PluginBrowser
LogPluginManager: Mounting plugin SpeedTreeImporter
LogPluginManager: Mounting plugin AlembicImporter
LogPluginManager: Mounting plugin CharacterAI
LogPluginManager: Mounting plugin HTML5Networking
LogPluginManager: Mounting plugin AndroidMedia
LogPluginManager: Mounting plugin AvfMedia
LogPluginManager: Mounting plugin ImgMedia
LogPluginManager: Mounting plugin MediaCompositing
LogPluginManager: Mounting plugin MediaPlayerEditor
LogPluginManager: Mounting plugin WmfMedia
LogPluginManager: Mounting plugin TcpMessaging
LogPluginManager: Mounting plugin UdpMessaging
LogPluginManager: Mounting plugin ActorSequence
LogPluginManager: Mounting plugin LevelSequenceEditor
LogPluginManager: Mounting plugin MatineeToLevelSequence
LogPluginManager: Mounting plugin OnlineSubsystemGooglePlay
LogPluginManager: Mounting plugin OnlineSubsystemIOS
LogPluginManager: Mounting plugin OnlineSubsystem
LogPluginManager: Mounting plugin OnlineSubsystemNull
LogPluginManager: Mounting plugin OnlineSubsystemUtils
LogPluginManager: Mounting plugin AndroidDeviceProfileSelector
LogPluginManager: Mounting plugin AndroidMoviePlayer
LogPluginManager: Mounting plugin AndroidPermission
LogPluginManager: Mounting plugin AppleARKit
LogPluginManager: Mounting plugin AppleMoviePlayer
LogPluginManager: Mounting plugin ArchVisCharacter
LogPluginManager: Mounting plugin CableComponent
LogPluginManager: Mounting plugin CustomMeshComponent
LogPluginManager: Mounting plugin ExampleDeviceProfileSelector
LogPluginManager: Mounting plugin GoogleCloudMessaging
LogPluginManager: Mounting plugin ImmediatePhysics
LogPluginManager: Mounting plugin IOSDeviceProfileSelector
LogPluginManager: Mounting plugin LinuxDeviceProfileSelector
LogPluginManager: Mounting plugin LocationServicesBPLibrary
LogPluginManager: Mounting plugin MobilePatchingUtils
LogPluginManager: Mounting plugin OculusVR
LogPluginManager: Plugin shader directory ../../../Engine/Plugins/Runtime/Oculus/OculusVR/Shaders found
LogPluginManager: Mapping shader source directory ../../../Engine/Plugins/Runtime/Oculus/OculusVR/Shaders to virtual directory /Plugin/OculusVR
LogPluginManager: Mounting plugin PhysXVehicles
LogPluginManager: Mounting plugin ProceduralMeshComponent
LogPluginManager: Mounting plugin RuntimePhysXCooking
LogPluginManager: Mounting plugin SteamVR
LogPluginManager: Mounting plugin WindowsMoviePlayer
LogInit: Using libcurl 7.47.1
LogInit:  - built for x86_64-pc-win32
LogInit:  - supports SSL with OpenSSL/1.0.2g
LogInit:  - supports HTTP deflate (compression) using libz 1.2.8
LogInit:  - other features:
LogInit:      CURL_VERSION_SSL
LogInit:      CURL_VERSION_LIBZ
LogInit:      CURL_VERSION_IPV6
LogInit:      CURL_VERSION_ASYNCHDNS
LogInit:      CURL_VERSION_LARGEFILE
LogInit:      CURL_VERSION_IDN
LogInit:  CurlRequestOptions (configurable via config and command line):
LogInit:  - bVerifyPeer = false  - Libcurl will NOT verify peer certificate
LogInit:  - bUseHttpProxy = false  - Libcurl will NOT use HTTP proxy
LogInit:  - bDontReuseConnections = false  - Libcurl will reuse connections
LogInit:  - CertBundlePath = nullptr  - Libcurl will use whatever was configured at build time.
LogInit: Build: ++UE4+Release-4.18-CL-3709383
LogInit: Engine Version: 4.18.0-3709383+++UE4+Release-4.18
LogInit: Compatible Engine Version: 4.18.0-3709383+++UE4+Release-4.18
LogInit: Net CL: 3709383
LogDevObjectVersion: Number of dev versions registered: 16
LogDevObjectVersion:   Dev-Blueprints (B0D832E4-1F89-4F0D-ACCF-7EB736FD4AA2): 10
LogDevObjectVersion:   Dev-Build (E1C64328-A22C-4D53-A36C-8E866417BD8C): 0
LogDevObjectVersion:   Dev-Core (375EC13C-06E4-48FB-B500-84F0262A717E): 2
LogDevObjectVersion:   Dev-Editor (E4B068ED-F494-42E9-A231-DA0B2E46BB41): 20
LogDevObjectVersion:   Dev-Framework (CFFC743F-43B0-4480-9391-14DF171D2073): 30
LogDevObjectVersion:   Dev-Mobile (B02B49B5-BB20-44E9-A304-32B752E40360): 0
LogDevObjectVersion:   Dev-Networking (A4E4105C-59A1-49B5-A7C5-40C4547EDFEE): 0
LogDevObjectVersion:   Dev-Online (39C831C9-5AE6-47DC-9A44-9C173E1C8E7C): 0
LogDevObjectVersion:   Dev-Physics (78F01B33-EBEA-4F98-B9B4-84EACCB95AA2): 0
LogDevObjectVersion:   Dev-Platform (6631380F-2D4D-43E0-8009-CF276956A95A): 0
LogDevObjectVersion:   Dev-Rendering (12F88B9F-8875-4AFC-A67C-D90C383ABD29): 20
LogDevObjectVersion:   Dev-Sequencer (7B5AE74C-D270-4C10-A958-57980B212A5A): 4
LogDevObjectVersion:   Dev-VR (D7296918-1DD6-4BDD-9DE2-64A83CC13884): 0
LogDevObjectVersion:   Dev-LoadTimes (C2A15278-BFE7-4AFE-6C17-90FF531DF755): 1
LogDevObjectVersion:   Private-Geometry (6EACA3D4-40EC-4CC1-B786-8BED09428FC5): 1
LogDevObjectVersion:   Dev-AnimPhys (29E575DD-E0A3-4627-9D10-D276232CDCEA): 12
LogInit: Compiled (64-bit): Oct 20 2017 10:39:19
LogInit: Compiled with Visual C++: 19.00.24215.01
LogInit: Build Configuration: Development
LogInit: Branch Name: ++UE4+Release-4.18
LogInit: Command line:  
LogInit: Base directory: C:/Program Files/Epic Games/UE_4.18/Engine/Binaries/Win64/
LogInit: Installed Engine Build: 1
LogInit: Presizing for max 8388607 objects, including 0 objects not considered by GC, pre-allocating 0 bytes for permanent pool.
LogInit: Object subsystem initialized
[2017.11.15-03.49.58:476][  0]LogInit: Selected Device Profile: [Windows]
[2017.11.15-03.49.58:476][  0]LogInit: Applying CVar settings loaded from the selected device profile: [Windows]
[2017.11.15-03.49.58:518][  0]LogInit: Computer: DESKTOP-A38DQ21
[2017.11.15-03.49.58:518][  0]LogInit: User: z1hwa
[2017.11.15-03.49.58:518][  0]LogInit: CPU Page size=4096, Cores=2
[2017.11.15-03.49.58:518][  0]LogInit: High frequency timer resolution =2.338334 MHz
[2017.11.15-03.49.58:518][  0]LogMemory: Memory total: Physical=7.9GB (8GB approx)
[2017.11.15-03.49.58:518][  0]LogMemory: Platform Memory Stats for Windows
[2017.11.15-03.49.58:518][  0]LogMemory: Process Physical Memory: 272.67 MB used, 272.67 MB peak
[2017.11.15-03.49.58:518][  0]LogMemory: Process Virtual Memory: 271.65 MB used, 271.65 MB peak
[2017.11.15-03.49.58:518][  0]LogMemory: Physical Memory: 4489.88 MB used,  3617.45 MB free, 8107.33 MB total
[2017.11.15-03.49.58:518][  0]LogMemory: Virtual Memory: 646.86 MB used,  3617.45 MB free, 134217728.00 MB total
[2017.11.15-03.49.58:695][  0]LogInit: Using OS detected language (en-US).
[2017.11.15-03.49.58:695][  0]LogInit: Using OS detected locale (en-US).
[2017.11.15-03.49.58:698][  0]LogTextLocalizationManager: No specific localization for 'en-US' exists, so the 'en' localization will be used.
[2017.11.15-03.49.59:207][  0]LogInit: Setting process to per monitor DPI aware
[2017.11.15-03.49.59:656][  0]LogD3D11RHI: D3D11 adapters:
[2017.11.15-03.49.59:662][  0]LogD3D11RHI:    0. 'Intel(R) HD Graphics 5500' (Feature Level 11_0)
[2017.11.15-03.49.59:662][  0]LogD3D11RHI:       128/0/4053 MB DedicatedVideo/DedicatedSystem/SharedSystem, Outputs:1, VendorId:0x8086
[2017.11.15-03.49.59:664][  0]LogD3D11RHI:    1. 'Microsoft Basic Render Driver' (Feature Level 11_0)
[2017.11.15-03.49.59:664][  0]LogD3D11RHI:       0/0/4053 MB DedicatedVideo/DedicatedSystem/SharedSystem, Outputs:0, VendorId:0x1414
[2017.11.15-03.49.59:664][  0]LogD3D11RHI: Chosen D3D11 Adapter: 0
[2017.11.15-03.49.59:674][  0]LogD3D11RHI: Creating new Direct3DDevice
[2017.11.15-03.49.59:675][  0]LogD3D11RHI:     GPU DeviceId: 0x1616 (for the marketing name, search the web for "GPU Device Id")
[2017.11.15-03.49.59:675][  0]LogWindows: EnumDisplayDevices:
[2017.11.15-03.49.59:675][  0]LogWindows:    0. 'Intel(R) HD Graphics 5500' (P:1 D:1)
[2017.11.15-03.49.59:675][  0]LogWindows:    1. 'Intel(R) HD Graphics 5500' (P:0 D:0)
[2017.11.15-03.49.59:675][  0]LogWindows:    2. 'Intel(R) HD Graphics 5500' (P:0 D:0)
[2017.11.15-03.49.59:676][  0]LogWindows: DebugString: FoundDriverCount:3 
[2017.11.15-03.49.59:676][  0]LogD3D11RHI:     Adapter Name: Intel(R) HD Graphics 5500
[2017.11.15-03.49.59:676][  0]LogD3D11RHI:   Driver Version: 20.19.15.4531 (internal:20.19.15.4531, unified:20.19.15.4531)
[2017.11.15-03.49.59:676][  0]LogD3D11RHI:      Driver Date: 9-29-2016
[2017.11.15-03.49.59:676][  0]LogRHI: Texture pool is 1508 MB (70% of 2154 MB)
[2017.11.15-03.49.59:681][  0]LogD3D11RHI: Async texture creation enabled
[2017.11.15-03.49.59:686][  0]LogD3D11RHI: GPU Timing Frequency: 12.500000 (Debug: 2 0)
[2017.11.15-03.49.59:687][  0]LogShaderCompilers: Guid format shader working directory is -20 characters bigger than the processId version (../../../../../../Users/z1hwa/Documents/GitHub/Project-Heave-Final/Intermediate/Shaders/WorkingDirectory/4312/).
[2017.11.15-03.49.59:687][  0]LogShaderCompilers: Cleaned the shader compiler working directory 'C:/Users/z1hwa/AppData/Local/Temp/UnrealShaderWorkingDir/A8D79C1C4B8088303D1778955B0663F0/'.
[2017.11.15-03.49.59:687][  0]LogShaderCompilers: Display: Using Local Shader Compiler.
[2017.11.15-03.50.00:857][  0]LogTemp: Display: Loaded TP AllDesktopTargetPlatform
[2017.11.15-03.50.00:917][  0]LogTemp: Display: Loaded TP MacClientTargetPlatform
[2017.11.15-03.50.00:979][  0]LogTemp: Display: Loaded TP MacNoEditorTargetPlatform
[2017.11.15-03.50.01:041][  0]LogTemp: Display: Loaded TP MacServerTargetPlatform
[2017.11.15-03.50.01:103][  0]LogTemp: Display: Loaded TP MacTargetPlatform
[2017.11.15-03.50.01:197][  0]LogTemp: Display: Loaded TP WindowsClientTargetPlatform
[2017.11.15-03.50.01:299][  0]LogTemp: Display: Loaded TP WindowsNoEditorTargetPlatform
[2017.11.15-03.50.01:401][  0]LogTemp: Display: Loaded TP WindowsServerTargetPlatform
[2017.11.15-03.50.01:497][  0]LogTemp: Display: Loaded TP WindowsTargetPlatform
[2017.11.15-03.50.01:622][  0]LogTemp: Display: Loaded TP Android_ASTCTargetPlatform
[2017.11.15-03.50.01:721][  0]LogTemp: Display: Loaded TP Android_ATCTargetPlatform
[2017.11.15-03.50.01:785][  0]LogTemp: Display: Loaded TP Android_DXTTargetPlatform
[2017.11.15-03.50.01:844][  0]LogTemp: Display: Loaded TP Android_ETC1TargetPlatform
[2017.11.15-03.50.01:907][  0]LogTemp: Display: Loaded TP Android_ETC2TargetPlatform
[2017.11.15-03.50.02:062][  0]LogTemp: Display: Loaded TP Android_MultiTargetPlatform
[2017.11.15-03.50.02:063][  0]LogTemp: Display: Loaded TP Android_PVRTCTargetPlatform
[2017.11.15-03.50.02:176][  0]LogTemp: Display: Loaded TP AndroidTargetPlatform
[2017.11.15-03.50.02:255][  0]LogTemp: Display: Loaded TP HTML5TargetPlatform
[2017.11.15-03.50.02:394][  0]LogTemp: Display: Loaded TP IOSTargetPlatform
[2017.11.15-03.50.02:427][  0]LogTemp: Display: Loaded TP TVOSTargetPlatform
[2017.11.15-03.50.02:486][  0]LogTemp: Display: Loaded TP LinuxClientTargetPlatform
[2017.11.15-03.50.02:546][  0]LogTemp: Display: Loaded TP LinuxNoEditorTargetPlatform
[2017.11.15-03.50.02:605][  0]LogTemp: Display: Loaded TP LinuxServerTargetPlatform
[2017.11.15-03.50.02:666][  0]LogTemp: Display: Loaded TP LinuxTargetPlatform
[2017.11.15-03.50.02:667][  0]LogTargetPlatformManager: Display: Building Assets For Windows
[2017.11.15-03.50.03:234][  0]LogDerivedDataCache: Display: Max Cache Size: 512 MB
[2017.11.15-03.50.03:360][  0]LogDerivedDataCache: Loaded boot cache 0.13s 69MB C:/Users/z1hwa/AppData/Local/UnrealEngine/4.18/DerivedDataCache/Boot.ddc.
[2017.11.15-03.50.03:361][  0]LogDerivedDataCache: Display: Loaded Boot cache: C:/Users/z1hwa/AppData/Local/UnrealEngine/4.18/DerivedDataCache/Boot.ddc
[2017.11.15-03.50.03:361][  0]LogDerivedDataCache: FDerivedDataBackendGraph:  Pak pak cache file ../../../../../../Users/z1hwa/Documents/GitHub/Project-Heave-Final/DerivedDataCache/DDC.ddp not found, will not use a pak cache.
[2017.11.15-03.50.03:361][  0]LogDerivedDataCache: Unable to find inner node Pak for hierarchical cache Hierarchy.
[2017.11.15-03.50.03:361][  0]LogDerivedDataCache: FDerivedDataBackendGraph:  CompressedPak pak cache file ../../../../../../Users/z1hwa/Documents/GitHub/Project-Heave-Final/DerivedDataCache/Compressed.ddp not found, will not use a pak cache.
[2017.11.15-03.50.03:361][  0]LogDerivedDataCache: Unable to find inner node CompressedPak for hierarchical cache Hierarchy.
[2017.11.15-03.50.03:384][  0]LogDerivedDataCache: Display: Pak cache opened for reading ../../../Engine/DerivedDataCache/Compressed.ddp.
[2017.11.15-03.50.03:397][  0]LogDerivedDataCache: Using Local data cache path C:/Users/z1hwa/AppData/Local/UnrealEngine/Common/DerivedDataCache: Writable
[2017.11.15-03.50.03:413][  0]LogMaterial: Verifying Global Shaders for PCD3D_SM5
[2017.11.15-03.50.03:413][  0]LogSlate: Using Freetype 2.6.0
[2017.11.15-03.50.03:414][  0]LogSlate: SlateFontCache - WITH_FREETYPE: 1, WITH_HARFBUZZ: 1
[2017.11.15-03.50.03:414][  0]LogSlate: SlateFontCache - WITH_FREETYPE: 1, WITH_HARFBUZZ: 1
[2017.11.15-03.50.03:854][  0]LogInit: Selected Device Profile: [Windows]
[2017.11.15-03.50.04:257][  0]LogSimplygon: Simplygon DLL not present - disabling.
[2017.11.15-03.50.04:320][  0]LogMeshReduction: Using SimplygonSwarm for distributed automatic mesh merging
[2017.11.15-03.50.04:320][  0]LogMeshReduction: Using QuadricMeshReduction for automatic static mesh reduction
[2017.11.15-03.50.04:320][  0]LogMeshReduction: No automatic skeletal mesh reduction module available
[2017.11.15-03.50.04:320][  0]LogMeshReduction: No automatic mesh merging module available
[2017.11.15-03.50.04:320][  0]LogMeshMerging: No automatic mesh merging module available
[2017.11.15-03.50.04:365][  0]LogNetVersion: MyProject , NetCL: 3709383, EngineNetVer: 2, GameNetVer: 0 (Checksum: 1490074681)
[2017.11.15-03.50.04:617][  0]LogAssetRegistry: FAssetRegistry took 0.0322 seconds to start up
[2017.11.15-03.50.05:494][  0]LogPackageLocalizationCache: Processed 7 localized package path(s) for 2 prioritized culture(s) in 0.110657 seconds
[2017.11.15-03.50.05:502][  0]LogUObjectArray: 35900 objects as part of root set at end of initial load.
[2017.11.15-03.50.05:502][  0]LogUObjectAllocator: 7372016 out of 0 bytes used by permanent object pool.
[2017.11.15-03.50.05:502][  0]LogUObjectArray: CloseDisregardForGC: 0/0 objects in disregard for GC pool
[2017.11.15-03.50.05:574][  0]LogInit: WinSock: version 1.1 (2.2), MaxSocks=32767, MaxUdp=65467
[2017.11.15-03.50.30:423][  0]LogMaterial: Missing cached shader map for material ArrowMaterial, compiling. 
[2017.11.15-03.50.30:503][  0]LogMaterial: Missing cached shader map for material M_ContentWindow, compiling. 
[2017.11.15-03.50.30:586][  0]LogMaterial: Missing cached shader map for material LineMaterial, compiling. 
[2017.11.15-03.50.30:600][  0]LogMaterial: Missing cached shader map for material VRTextMaterial, compiling. 
[2017.11.15-03.50.33:947][  0]LogMaterial: Missing cached shader map for material DefaultSpriteMaterial, compiling. 
[2017.11.15-03.50.33:988][  0]LogMaterial: Missing cached shader map for material DefaultSpriteMaterial, compiling. 
[2017.11.15-03.50.34:885][  0]LogTcpMessaging: Initializing TcpMessaging bridge
[2017.11.15-03.50.35:009][  0]LogUdpMessaging: Initializing bridge on interface 0.0.0.0:0 to multicast group 230.0.0.1:6666.
[2017.11.15-03.50.35:739][  0]LogMaterial: Missing cached shader map for material DefaultMaterial, compiling. 
[2017.11.15-03.50.37:096][  0]LogMaterial: Missing cached shader map for material BaseColor, compiling. 
[2017.11.15-03.50.37:118][  0]LogMaterial: Missing cached shader map for material CustomDepth, compiling. 
[2017.11.15-03.50.37:170][  0]LogMaterial: Uniform references updated for custom material expression Custom.
[2017.11.15-03.50.37:176][  0]LogMaterial: Missing cached shader map for material CustomStencil, compiling. 
[2017.11.15-03.50.37:197][  0]LogMaterial: Missing cached shader map for material FinalImage, compiling. 
[2017.11.15-03.50.37:216][  0]LogMaterial: Missing cached shader map for material LightingModel, compiling. 
[2017.11.15-03.50.37:236][  0]LogMaterial: Missing cached shader map for material MaterialAO, compiling. 
[2017.11.15-03.50.37:255][  0]LogMaterial: Missing cached shader map for material Metallic, compiling. 
[2017.11.15-03.50.37:276][  0]LogMaterial: Missing cached shader map for material Opacity, compiling. 
[2017.11.15-03.50.37:296][  0]LogMaterial: Missing cached shader map for material Roughness, compiling. 
[2017.11.15-03.50.37:316][  0]LogMaterial: Missing cached shader map for material SceneColor, compiling. 
[2017.11.15-03.50.37:340][  0]LogMaterial: Missing cached shader map for material SceneDepth, compiling. 
[2017.11.15-03.50.37:360][  0]LogMaterial: Missing cached shader map for material SeparateTranslucencyRGB, compiling. 
[2017.11.15-03.50.37:379][  0]LogMaterial: Missing cached shader map for material SeparateTranslucencyA, compiling. 
[2017.11.15-03.50.37:398][  0]LogMaterial: Missing cached shader map for material Specular, compiling. 
[2017.11.15-03.50.37:419][  0]LogMaterial: Missing cached shader map for material SubsurfaceColor, compiling. 
[2017.11.15-03.50.37:443][  0]LogMaterial: Missing cached shader map for material WorldNormal, compiling. 
[2017.11.15-03.50.37:467][  0]LogMaterial: Missing cached shader map for material AmbientOcclusion, compiling. 
[2017.11.15-03.50.37:505][  0]LogMaterial: Missing cached shader map for material CustomDepthWorldUnits, compiling. 
[2017.11.15-03.50.37:531][  0]LogMaterial: Missing cached shader map for material SceneDepthWorldUnits, compiling. 
[2017.11.15-03.50.37:554][  0]LogMaterial: Missing cached shader map for material PreTonemapHDRColor, compiling. 
[2017.11.15-03.50.37:576][  0]LogMaterial: Missing cached shader map for material PostTonemapHDRColor, compiling. 
[2017.11.15-03.50.38:550][  0]SourceControl: Source control is disabled
[2017.11.15-03.50.38:550][  0]SourceControl: Source control is disabled
[2017.11.15-03.50.38:715][  0]SourceControl: Source control is disabled
[2017.11.15-03.50.38:853][  0]SourceControl: Source control is disabled
[2017.11.15-03.50.40:392][  0]LogMaterial: Missing cached shader map for material DefaultMediaPlaneMaterial, compiling. 
[2017.11.15-03.50.41:204][  0]LogAndroidPermission: UAndroidPermissionCallbackProxy::GetInstance
[2017.11.15-03.50.41:833][  0]LogOcInput: OculusInput pre-init called
[2017.11.15-03.50.42:570][  0]LogMaterial: Missing cached shader map for material HighResScreenshot, compiling. 
[2017.11.15-03.50.42:606][  0]LogMaterial: Missing cached shader map for material HighResScreenshotMask, compiling. 
[2017.11.15-03.50.42:649][  0]LogMaterial: Missing cached shader map for material HighResScreenshotCaptureRegion, compiling. 
[2017.11.15-03.50.42:753][  0]LogEngine: Initializing Engine...
[2017.11.15-03.50.42:757][  0]LogHMD: Failed to initialize OpenVR with code 110
[2017.11.15-03.50.42:765][  0]LogMaterial: Missing cached shader map for material WireframeMaterial, compiling. Is special engine material.
[2017.11.15-03.50.43:291][  0]LogMaterial: Missing cached shader map for material LevelColorationLitMaterial, compiling. Is special engine material.
[2017.11.15-03.50.44:702][  0]LogMaterial: Missing cached shader map for material LevelColorationUnlitMaterial, compiling. Is special engine material.
[2017.11.15-03.50.45:049][  0]LogMaterial: Missing cached shader map for material MAT_LevelColorationLitLightmapUV, compiling. Is special engine material.
[2017.11.15-03.50.46:300][  0]LogMaterial: Missing cached shader map for material ShadedLevelColorationLitMaterial, compiling. Is special engine material.
[2017.11.15-03.50.47:590][  0]LogMaterial: Missing cached shader map for material ShadedLevelColorationUnlitMateri, compiling. Is special engine material.
[2017.11.15-03.50.47:958][  0]LogMaterial: Missing cached shader map for material VertexColorMaterial, compiling. 
[2017.11.15-03.50.48:146][  0]LogMaterial: Missing cached shader map for material VertexColorViewMode_ColorOnly, compiling. 
[2017.11.15-03.50.48:194][  0]LogMaterial: Missing cached shader map for material VertexColorViewMode_AlphaAsColor, compiling. 
[2017.11.15-03.50.48:230][  0]LogMaterial: Missing cached shader map for material VertexColorViewMode_RedOnly, compiling. 
[2017.11.15-03.50.48:265][  0]LogMaterial: Missing cached shader map for material VertexColorViewMode_GreenOnly, compiling. 
[2017.11.15-03.50.48:302][  0]LogMaterial: Missing cached shader map for material VertexColorViewMode_BlueOnly, compiling. 
[2017.11.15-03.50.48:335][  0]LogMaterial: Missing cached shader map for material RemoveSurfaceMaterial, compiling. 
[2017.11.15-03.50.48:352][  0]LogMaterial: Missing cached shader map for material DebugMeshMaterial, compiling. 
[2017.11.15-03.50.48:390][  0]LogMaterial: Missing cached shader map for material M_InvalidLightmapSettings, compiling. 
[2017.11.15-03.50.48:474][  0]LogMaterial: Missing cached shader map for material GizmoMaterial, compiling. 
[2017.11.15-03.50.48:510][  0]LogMaterial: Missing cached shader map for material PhAT_JointLimitMaterial, compiling. 
[2017.11.15-03.50.48:584][  0]LogMaterial: Missing cached shader map for material GeomMaterial, compiling. 
[2017.11.15-03.50.48:626][  0]LogMaterial: Missing cached shader map for material EditorBrushMaterial, compiling. 
[2017.11.15-03.50.48:666][  0]LogMaterial: Missing cached shader map for material BoneWeightMaterial, compiling. 
[2017.11.15-03.50.48:849][  0]LogMaterial: Missing cached shader map for material ClothMaterial, compiling. 
[2017.11.15-03.50.48:883][  0]LogMaterial: Missing cached shader map for material ClothMaterial_WF, compiling. 
[2017.11.15-03.50.48:930][  0]LogMaterial: Missing cached shader map for material DebugEditorMaterial, compiling. 
[2017.11.15-03.50.48:983][  0]LogMaterial: Missing cached shader map for material PreviewShadowIndicatorMaterial, compiling. 
[2017.11.15-03.50.49:226][  0]LogStats: UGameplayTagsManager::ConstructGameplayTagTree: Construct from data asset -  0.000 s
[2017.11.15-03.50.49:226][  0]LogStats: UGameplayTagsManager::ConstructGameplayTagTree: GameplayTagTreeChangedEvent.Broadcast -  0.000 s
[2017.11.15-03.50.49:627][  0]LogAIModule: Creating AISystem for world Untitled
[2017.11.15-03.50.49:643][  0]LogInit: XAudio2 using 'Speakers / Headphones (Realtek High Definition Audio)' : 2 channels at 48 kHz using 32 bits per sample (channel mask 0x3)
[2017.11.15-03.50.50:012][  0]LogInit: FAudioDevice initialized.
[2017.11.15-03.50.50:667][  0]LogDerivedDataCache: Saved boot cache 0.65s 71MB C:/Users/z1hwa/AppData/Local/UnrealEngine/4.18/DerivedDataCache/Boot.ddc.
[2017.11.15-03.50.50:697][  0]LogInit: Texture streaming: Enabled
[2017.11.15-03.50.50:965][  0]LogEngineSessionManager: EngineSessionManager initialized
[2017.11.15-03.50.51:358][  0]LogInit: Transaction tracking system initialized
[2017.11.15-03.50.52:095][  0]BlueprintLog: New page: Editor Load
[2017.11.15-03.50.54:471][  0]LocalizationService: Localization service is disabled
[2017.11.15-03.50.57:150][  0]LogConsoleResponse: Display: 
[2017.11.15-03.50.57:221][  0]LogMaterial: Missing cached shader map for material Cross_Mat, compiling. 
[2017.11.15-03.50.57:256][  0]LogMaterial: Missing cached shader map for material PhAT_BoneSelectedMaterial, compiling. 
[2017.11.15-03.50.57:288][  0]LogMaterial: Missing cached shader map for material PhAT_ElemSelectedMaterial, compiling. 
[2017.11.15-03.50.57:329][  0]LogMaterial: Missing cached shader map for material PhAT_NoCollisionMaterial, compiling. 
[2017.11.15-03.50.57:372][  0]LogMaterial: Missing cached shader map for material PhAT_UnselectedMaterial, compiling. 
[2017.11.15-03.50.57:404][  0]LogMaterial: Missing cached shader map for material Tick_Mat, compiling. 
[2017.11.15-03.50.57:448][  0]LogMaterial: Missing cached shader map for material WidgetGridVertexColorMaterial_Ma, compiling. 
[2017.11.15-03.50.57:478][  0]LogMaterial: Missing cached shader map for material WidgetMaterial, compiling. 
[2017.11.15-03.50.57:503][  0]LogMaterial: Missing cached shader map for material WidgetMaterial_Current, compiling. 
[2017.11.15-03.50.57:530][  0]LogMaterial: Missing cached shader map for material WidgetMaterial_X, compiling. 
[2017.11.15-03.50.57:557][  0]LogMaterial: Missing cached shader map for material WidgetMaterial_Y, compiling. 
[2017.11.15-03.50.57:593][  0]LogMaterial: Missing cached shader map for material WidgetMaterial_Z, compiling. 
[2017.11.15-03.50.57:635][  0]LogMaterial: Missing cached shader map for material WidgetVertexColorMaterial, compiling. 
[2017.11.15-03.50.57:724][  0]LogMaterial: Missing cached shader map for material LevelGridMaterial, compiling. 
[2017.11.15-03.50.57:811][  0]LogMaterial: Missing cached shader map for material BlinkingCaret, compiling. 
[2017.11.15-03.50.57:887][  0]LogMaterial: Missing cached shader map for material M_StreamingPause, compiling. 
[2017.11.15-03.50.57:947][  0]LogCook: Display: Max memory allowance for cook 16384mb min free memory 0mb
[2017.11.15-03.50.57:947][  0]LogCook: Display: Mobile HDR setting 1
[2017.11.15-03.50.57:947][  0]LogGameplayTags: Display: UGameplayTagsManager::DoneAddingNativeTags. DelegateIsBound: 0
[2017.11.15-03.50.58:449][  0]LogFileCache: Scanning file cache for directory 'C:/Users/z1hwa/Documents/GitHub/Project-Heave-Final/Content/' took 0.02s
[2017.11.15-03.51.02:109][  0]SourceControl: Source control is disabled
[2017.11.15-03.51.02:109][  0]Cmd: MAP LOAD FILE="../../../../../../Users/z1hwa/Documents/GitHub/Project-Heave-Final/Content/ThirdPersonBP/Maps/ThirdPersonExampleMap.umap" TEMPLATE=0 SHOWPROGRESS=1 FEATURELEVEL=3
[2017.11.15-03.51.02:144][  0]LogEditorServer: Warning: Can't find file '../../../../../../Users/z1hwa/Documents/GitHub/Project-Heave-Final/Content/ThirdPersonBP/Maps/ThirdPersonExampleMap.umap'
[2017.11.15-03.51.02:144][  0]Cmd: MAP CHECKDEP NOCLEARLOG
[2017.11.15-03.51.02:281][  0]MapCheck: Map check complete: 0 Error(s), 0 Warning(s), took 135.888ms to complete.
[2017.11.15-03.51.02:281][  0]LogFileHelpers: Loading map 'ThirdPersonExampleMap' took 0.171
[2017.11.15-03.51.02:809][  0]LogCollectionManager: Loaded 0 collections in 0.003329 seconds
[2017.11.15-03.51.02:964][  0]LogFileCache: Scanning file cache for directory 'C:/Users/z1hwa/Documents/GitHub/Project-Heave-Final/Saved/Collections/' took 0.01s
[2017.11.15-03.51.02:964][  0]LogFileCache: Scanning file cache for directory 'C:/Users/z1hwa/Documents/GitHub/Project-Heave-Final/Content/Developers/z1hwa/Collections/' took 0.01s
[2017.11.15-03.51.02:964][  0]LogFileCache: Scanning file cache for directory 'C:/Users/z1hwa/Documents/GitHub/Project-Heave-Final/Content/Collections/' took 0.01s
[2017.11.15-03.51.02:964][  0]LogCollectionManager: Rebuilt the GUID cache for 0 collections in 0.000000 seconds
[2017.11.15-03.51.02:988][  0]LogContentBrowser: Native class hierarchy populated in 0.0236 seconds. Added 2363 classes and 519 folders.
[2017.11.15-03.51.03:163][  0]LogContentBrowser: Native class hierarchy updated for 'WidgetCarousel' in 0.0005 seconds. Added 0 classes and 0 folders.
[2017.11.15-03.51.04:096][  0]LogContentBrowser: Native class hierarchy updated for 'AddContentDialog' in 0.0005 seconds. Added 0 classes and 0 folders.
[2017.11.15-03.51.04:218][  0]LogContentBrowser: Native class hierarchy updated for 'SceneOutliner' in 0.0004 seconds. Added 1 classes and 2 folders.
[2017.11.15-03.51.04:413][  0]LogContentBrowser: Native class hierarchy updated for 'HierarchicalLODOutliner' in 0.0007 seconds. Added 1 classes and 2 folders.
[2017.11.15-03.51.04:413][  0]LogLoad: (Engine Initialization) Total time: 69.49 seconds
[2017.11.15-03.51.04:413][  0]LogLoad: (Engine Initialization) Total Blueprint compile time: 0.00 seconds
[2017.11.15-03.51.04:413][  0]LogExternalProfiler: No external profilers were discovered.  External profiling features will not be available.
[2017.11.15-03.51.04:771][  0]LogContentStreaming: Texture pool size now 1000 MB
[2017.11.15-03.51.04:809][  0]LogSlate: Took 0.036383 seconds to synchronously load lazily loaded font '../../../Engine/Content/Slate/Fonts/Roboto-Regular.ttf' (155K)
[2017.11.15-03.51.04:837][  0]LogSlate: Took 0.024764 seconds to synchronously load lazily loaded font '../../../Engine/Content/Slate/Fonts/Roboto-Bold.ttf' (160K)
[2017.11.15-03.51.04:869][  0]LogSlate: Took 0.023563 seconds to synchronously load lazily loaded font '../../../Engine/Content/Editor/Slate/Fonts/FontAwesome.ttf' (139K)
[2017.11.15-03.51.05:024][  0]LogMaterial: Missing cached shader map for material LevelGridMaterial2, compiling. 
[2017.11.15-03.51.05:758][  2]LogRenderer: Reallocating scene render targets to support 796x324 Format 10 NumSamples 1 (Frame:1).
[2017.11.15-03.51.07:030][  3]LogSlate: Took 0.042228 seconds to synchronously load lazily loaded font '../../../Engine/Content/Slate/Fonts/Roboto-Light.ttf' (159K)
[2017.11.15-03.51.07:089][  4]LogAssetRegistry: Asset discovery search completed in 62.4968 seconds
[2017.11.15-03.51.07:124][  4]LogCollectionManager: Rebuilt the object cache for 0 collections in 0.000000 seconds (found 0 objects)
[2017.11.15-03.51.07:124][  4]LogCollectionManager: Fixed up redirectors for 0 collections in 0.000120 seconds (updated 0 objects)
[2017.11.15-03.51.09:090][ 73]LogSlate: Took 0.000934 seconds to synchronously load lazily loaded font '../../../Engine/Content/Slate/Fonts/Roboto-Light.ttf' (159K)
[2017.11.15-03.51.22:649][484]LogSlate: Took 0.000344 seconds to synchronously load lazily loaded font '../../../Engine/Content/Slate/Fonts/Roboto-Light.ttf' (159K)
[2017.11.15-03.51.23:709][484]LogSlate: Took 0.000313 seconds to synchronously load lazily loaded font '../../../Engine/Content/Slate/Fonts/Roboto-Regular.ttf' (155K)
[2017.11.15-03.51.25:570][484]LogMaterial: Missing cached shader map for material M_Sky_Panning_Clouds2, compiling. 
[2017.11.15-03.51.25:783][484]LogMaterial: Missing cached shader map for material M_Metal_Gold, compiling. 
[2017.11.15-03.51.25:853][484]LogMaterial: Missing cached shader map for material 01_-_Default, compiling. 
[2017.11.15-03.51.25:955][484]LogMaterial: Missing cached shader map for material M_Metal_Copper, compiling. 
[2017.11.15-03.51.26:041][484]LogMaterial: Missing cached shader map for material M_Fire_SubUV, compiling. 
[2017.11.15-03.51.26:159][484]LogMaterial: Missing cached shader map for material M_Radial_Gradient, compiling. 
[2017.11.15-03.51.26:225][484]LogMaterial: Missing cached shader map for material M_smoke_subUV, compiling. 
[2017.11.15-03.51.26:400][484]LogMaterial: Missing cached shader map for material M_Heat_Distortion, compiling. 
[2017.11.15-03.51.26:520][484]LogMaterial: Missing cached shader map for material M_Frame, compiling. 
[2017.11.15-03.51.26:580][484]LogMaterial: Missing cached shader map for material M_Basic_Wall, compiling. 
[2017.11.15-03.51.26:807][484]LogMaterial: Missing cached shader map for material M_Tech_Hex_Tile_Pulse, compiling. 
[2017.11.15-03.51.26:944][484]LogMaterial: Missing cached shader map for material M_UE4Man_Body, compiling. 
[2017.11.15-03.51.27:215][484]LogMaterial: Missing cached shader map for material M_UE4Man_Body, compiling. 
[2017.11.15-03.51.27:601][484]LogAIModule: Creating AISystem for world level2
[2017.11.15-03.51.27:816][484]Cmd: MAP LOAD FILE="../../../../../../Users/z1hwa/Documents/GitHub/Project-Heave-Final/Content/ThirdPersonBP/Maps/level2.umap" TEMPLATE=0 SHOWPROGRESS=1 FEATURELEVEL=3
[2017.11.15-03.51.27:816][484]LightingResults: New page: Lighting Build
[2017.11.15-03.51.27:911][484]LogContentBrowser: Native class hierarchy updated for 'StatsViewer' in 0.0004 seconds. Added 5 classes and 0 folders.
[2017.11.15-03.51.27:912][484]LoadErrors: New page: Loading map: level2.umap
[2017.11.15-03.51.27:912][484]MapCheck: New page: Map Check
[2017.11.15-03.51.27:912][484]LightingResults: New page: Lighting Build
[2017.11.15-03.51.28:210][484]LogEditorServer: Finished looking for orphan Actors (0.000 secs)
[2017.11.15-03.51.28:302][484]Cmd: MAP CHECKDEP NOCLEARLOG
[2017.11.15-03.51.28:427][484]MapCheck: Map check complete: 0 Error(s), 0 Warning(s), took 124.118ms to complete.
[2017.11.15-03.51.28:428][484]LogFileHelpers: Loading map 'level2' took 0.614
[2017.11.15-03.51.45:078][638]LogContentBrowser: Native class hierarchy updated for 'BlueprintGraph' in 0.0012 seconds. Added 116 classes and 0 folders.
[2017.11.15-03.51.48:797][638]LogMaterial: Missing cached shader map for material GridMaterial, compiling. 
[2017.11.15-03.51.49:001][638]LogMaterial: Missing cached shader map for material PersonaFloorMat, compiling. 
[2017.11.15-03.51.50:150][638]LogSlate: Took 0.043790 seconds to synchronously load lazily loaded font '../../../Engine/Content/Editor/Slate/Fonts/Roboto-BoldCondensed.ttf' (158K)
[2017.11.15-03.51.51:014][639]LogSlate: Took 0.038985 seconds to synchronously load lazily loaded font '../../../Engine/Content/Editor/Slate/Fonts/Roboto-Italic.ttf' (157K)
[2017.11.15-03.51.58:196][709]LogActorComponent: UnregisterComponent: (/Engine/Transient.EditorFloorComp) Not registered. Aborting.
[2017.11.15-03.55.50:693][784]MapCheck: New page: Map Check
[2017.11.15-03.55.50:758][784]Cmd: MAP REBUILD ALLVISIBLE
[2017.11.15-03.55.50:759][784]LogEditorServer: Rebuildmap Clear paths rebuilt
