Log file open, 11/14/17 12:27:58
LogWindows: LoadLibraryWithSearchPaths failed for file aqProf.dll. GetLastError=0
LogWindows: LoadLibraryWithSearchPaths failed for file VSPerf140.dll. GetLastError=0
LogWindows: LoadLibraryWithSearchPaths failed for file VtuneApi.dll. GetLastError=0
LogWindows: LoadLibraryWithSearchPaths failed for file VtuneApi32e.dll. GetLastError=0
LogInit: Display: Running engine for game: MyProject
LogPlatformFile: Not using cached read wrapper
LogInit: Display: RandInit(-655855952) SRandInit(-655855952).
LogTaskGraph: Started task graph with 5 named threads and 8 total threads with 3 sets of task threads.
LogStats: Stats thread started at 0.141226
LogD3D11RHI: Aftermath initialized
LogPluginManager: Mounting plugin Paper2D
LogPluginManager: Mounting plugin LightPropagationVolume
LogPluginManager: Mounting plugin CodeLiteSourceCodeAccess
LogPluginManager: Mounting plugin GitSourceControl
LogPluginManager: Mounting plugin KDevelopSourceCodeAccess
LogPluginManager: Mounting plugin NullSourceCodeAccess
LogPluginManager: Mounting plugin PerforceSourceControl
LogPluginManager: Mounting plugin SubversionSourceControl
LogPluginManager: Mounting plugin UObjectPlugin
LogPluginManager: Mounting plugin VisualStudioSourceCodeAccess
LogPluginManager: Mounting plugin XCodeSourceCodeAccess
LogPluginManager: Mounting plugin AssetManagerEditor
LogPluginManager: Mounting plugin AudioCapture
LogPluginManager: Mounting plugin FacialAnimation
LogPluginManager: Mounting plugin GameplayTagsEditor
LogPluginManager: Mounting plugin MobileLauncherProfileWizard
LogPluginManager: Mounting plugin PluginBrowser
LogPluginManager: Mounting plugin SpeedTreeImporter
LogPluginManager: Mounting plugin AlembicImporter
LogPluginManager: Mounting plugin CharacterAI
LogPluginManager: Mounting plugin HTML5Networking
LogPluginManager: Mounting plugin AndroidMedia
LogPluginManager: Mounting plugin AvfMedia
LogPluginManager: Mounting plugin MediaPlayerEditor
LogPluginManager: Mounting plugin WmfMedia
LogPluginManager: Mounting plugin TcpMessaging
LogPluginManager: Mounting plugin UdpMessaging
LogPluginManager: Mounting plugin LevelSequenceEditor
LogPluginManager: Mounting plugin MatineeToLevelSequence
LogPluginManager: Mounting plugin OnlineSubsystemGooglePlay
LogPluginManager: Mounting plugin OnlineSubsystemIOS
LogPluginManager: Mounting plugin OnlineSubsystem
LogPluginManager: Mounting plugin OnlineSubsystemNull
LogPluginManager: Mounting plugin OnlineSubsystemUtils
LogPluginManager: Mounting plugin AndroidDeviceProfileSelector
LogPluginManager: Mounting plugin AndroidMoviePlayer
LogPluginManager: Mounting plugin AndroidPermission
LogPluginManager: Mounting plugin AppleMoviePlayer
LogPluginManager: Mounting plugin ArchVisCharacter
LogPluginManager: Mounting plugin CableComponent
LogPluginManager: Mounting plugin CustomMeshComponent
LogPluginManager: Mounting plugin ExampleDeviceProfileSelector
LogPluginManager: Mounting plugin GoogleCloudMessaging
LogPluginManager: Mounting plugin ImmediatePhysics
LogPluginManager: Mounting plugin IOSDeviceProfileSelector
LogPluginManager: Mounting plugin LinuxDeviceProfileSelector
LogPluginManager: Mounting plugin LocationServicesBPLibrary
LogPluginManager: Mounting plugin MobilePatchingUtils
LogPluginManager: Mounting plugin OculusVR
LogPluginManager: Mounting plugin PhysXVehicles
LogPluginManager: Mounting plugin ProceduralMeshComponent
LogPluginManager: Mounting plugin RuntimePhysXCooking
LogPluginManager: Mounting plugin SteamVR
LogPluginManager: Mounting plugin WindowsMoviePlayer
LogInit: Using libcurl 7.47.1
LogInit:  - built for x86_64-pc-win32
LogInit:  - supports SSL with OpenSSL/1.0.2g
LogInit:  - supports HTTP deflate (compression) using libz 1.2.8
LogInit:  - other features:
LogInit:      CURL_VERSION_SSL
LogInit:      CURL_VERSION_LIBZ
LogInit:      CURL_VERSION_IPV6
LogInit:      CURL_VERSION_ASYNCHDNS
LogInit:      CURL_VERSION_LARGEFILE
LogInit:      CURL_VERSION_IDN
LogInit:  CurlRequestOptions (configurable via config and command line):
LogInit:  - bVerifyPeer = false  - Libcurl will NOT verify peer certificate
LogInit:  - bUseHttpProxy = false  - Libcurl will NOT use HTTP proxy
LogInit:  - bDontReuseConnections = false  - Libcurl will reuse connections
LogInit:  - CertBundlePath = nullptr  - Libcurl will use whatever was configured at build time.
LogInit: Build: ++UE4+Release-4.17-CL-3586342
LogInit: Engine Version: 4.17.1-3586342+++UE4+Release-4.17
LogInit: Compatible Engine Version: 4.17.0-3573198+++UE4+Release-4.17
LogInit: Net CL: 3573198
LogDevObjectVersion: Number of dev versions registered: 16
LogDevObjectVersion:   Dev-Blueprints (B0D832E4-1F89-4F0D-ACCF-7EB736FD4AA2): 10
LogDevObjectVersion:   Dev-Build (E1C64328-A22C-4D53-A36C-8E866417BD8C): 0
LogDevObjectVersion:   Dev-Core (375EC13C-06E4-48FB-B500-84F0262A717E): 2
LogDevObjectVersion:   Dev-Editor (E4B068ED-F494-42E9-A231-DA0B2E46BB41): 20
LogDevObjectVersion:   Dev-Framework (CFFC743F-43B0-4480-9391-14DF171D2073): 28
LogDevObjectVersion:   Dev-Mobile (B02B49B5-BB20-44E9-A304-32B752E40360): 0
LogDevObjectVersion:   Dev-Networking (A4E4105C-59A1-49B5-A7C5-40C4547EDFEE): 0
LogDevObjectVersion:   Dev-Online (39C831C9-5AE6-47DC-9A44-9C173E1C8E7C): 0
LogDevObjectVersion:   Dev-Physics (78F01B33-EBEA-4F98-B9B4-84EACCB95AA2): 0
LogDevObjectVersion:   Dev-Platform (6631380F-2D4D-43E0-8009-CF276956A95A): 0
LogDevObjectVersion:   Dev-Rendering (12F88B9F-8875-4AFC-A67C-D90C383ABD29): 19
LogDevObjectVersion:   Dev-Sequencer (7B5AE74C-D270-4C10-A958-57980B212A5A): 4
LogDevObjectVersion:   Dev-VR (D7296918-1DD6-4BDD-9DE2-64A83CC13884): 0
LogDevObjectVersion:   Dev-LoadTimes (C2A15278-BFE7-4AFE-6C17-90FF531DF755): 1
LogDevObjectVersion:   Private-Geometry (6EACA3D4-40EC-4CC1-B786-8BED09428FC5): 1
LogDevObjectVersion:   Dev-AnimPhys (29E575DD-E0A3-4627-9D10-D276232CDCEA): 7
LogInit: Compiled (64-bit): Aug 15 2017 02:05:26
LogInit: Compiled with Visual C++: 19.00.24215.01
LogInit: Build Configuration: Development
LogInit: Branch Name: ++UE4+Release-4.17
LogInit: Command line:  
LogInit: Base directory: C:/Program Files/Epic Games/UE_4.17/Engine/Binaries/Win64/
LogInit: Installed Engine Build: 1
LogInit: Presizing for max 8388607 objects, including 0 objects not considered by GC, pre-allocating 0 bytes for permanent pool.
LogInit: Object subsystem initialized
[2017.11.14-17.27.59:468][  0]LogInit: Selected Device Profile: [Windows]
[2017.11.14-17.27.59:468][  0]LogInit: Applying CVar settings loaded from the selected device profile: [Windows]
[2017.11.14-17.27.59:560][  0]LogInit: Computer: DESKTOP-A38DQ21
[2017.11.14-17.27.59:560][  0]LogInit: User: z1hwa
[2017.11.14-17.27.59:560][  0]LogInit: CPU Page size=4096, Cores=2
[2017.11.14-17.27.59:560][  0]LogInit: High frequency timer resolution =2.338334 MHz
[2017.11.14-17.27.59:560][  0]LogMemory: Memory total: Physical=7.9GB (8GB approx)
[2017.11.14-17.27.59:560][  0]LogMemory: Platform Memory Stats for Windows
[2017.11.14-17.27.59:560][  0]LogMemory: Process Physical Memory: 277.61 MB used, 277.61 MB peak
[2017.11.14-17.27.59:560][  0]LogMemory: Process Virtual Memory: 275.80 MB used, 275.80 MB peak
[2017.11.14-17.27.59:560][  0]LogMemory: Physical Memory: 3426.18 MB used,  4681.15 MB free, 8107.33 MB total
[2017.11.14-17.27.59:560][  0]LogMemory: Virtual Memory: 671.64 MB used,  4681.15 MB free, 134217728.00 MB total
[2017.11.14-17.28.00:528][  0]LogInit: Using OS detected language (en-US).
[2017.11.14-17.28.00:528][  0]LogInit: Using OS detected locale (en-US).
[2017.11.14-17.28.00:847][  0]LogTextLocalizationManager: No specific localization for 'en-US' exists, so the 'en' localization will be used.
[2017.11.14-17.28.12:730][  0]LogD3D11RHI: D3D11 adapters:
[2017.11.14-17.28.12:747][  0]LogD3D11RHI:    0. 'Intel(R) HD Graphics 5500' (Feature Level 11_0)
[2017.11.14-17.28.12:747][  0]LogD3D11RHI:       128/0/4053 MB DedicatedVideo/DedicatedSystem/SharedSystem, Outputs:1, VendorId:0x8086
[2017.11.14-17.28.12:751][  0]LogD3D11RHI:    1. 'Microsoft Basic Render Driver' (Feature Level 11_0)
[2017.11.14-17.28.12:751][  0]LogD3D11RHI:       0/0/4053 MB DedicatedVideo/DedicatedSystem/SharedSystem, Outputs:0, VendorId:0x1414
[2017.11.14-17.28.12:751][  0]LogD3D11RHI: Chosen D3D11 Adapter: 0
[2017.11.14-17.28.12:767][  0]LogD3D11RHI: Creating new Direct3DDevice
[2017.11.14-17.28.12:768][  0]LogD3D11RHI:     GPU DeviceId: 0x1616 (for the marketing name, search the web for "GPU Device Id")
[2017.11.14-17.28.12:768][  0]LogWindows: EnumDisplayDevices:
[2017.11.14-17.28.12:768][  0]LogWindows:    0. 'Intel(R) HD Graphics 5500' (P:1 D:1)
[2017.11.14-17.28.12:768][  0]LogWindows:    1. 'Intel(R) HD Graphics 5500' (P:0 D:0)
[2017.11.14-17.28.12:769][  0]LogWindows:    2. 'Intel(R) HD Graphics 5500' (P:0 D:0)
[2017.11.14-17.28.12:769][  0]LogWindows: DebugString: FoundDriverCount:3 
[2017.11.14-17.28.12:769][  0]LogD3D11RHI:     Adapter Name: Intel(R) HD Graphics 5500
[2017.11.14-17.28.12:769][  0]LogD3D11RHI:   Driver Version: 20.19.15.4531 (internal:20.19.15.4531, unified:20.19.15.4531)
[2017.11.14-17.28.12:769][  0]LogD3D11RHI:      Driver Date: 9-29-2016
[2017.11.14-17.28.12:769][  0]LogRHI: Texture pool is 1361 MB (70% of 1945 MB)
[2017.11.14-17.28.12:777][  0]LogD3D11RHI: Async texture creation enabled
[2017.11.14-17.28.12:790][  0]LogD3D11RHI: GPU Timing Frequency: 12.500000 (Debug: 2 0)
[2017.11.14-17.28.12:791][  0]LogShaderCompilers: Guid format shader working directory is -21 characters bigger than the processId version (../../../../../../Users/z1hwa/Documents/GitHub/Project-Heave-Final/Intermediate/Shaders/WorkingDirectory/13888/).
[2017.11.14-17.28.12:792][  0]LogShaderCompilers: Cleaned the shader compiler working directory 'C:/Users/z1hwa/AppData/Local/Temp/UnrealShaderWorkingDir/DAE06C72411FBD838C2329AF4446D9CD/'.
[2017.11.14-17.28.12:792][  0]LogShaderCompilers: Display: Using Local Shader Compiler.
[2017.11.14-17.28.22:884][  0]LogTemp: Display: Loaded TP AllDesktopTargetPlatform
[2017.11.14-17.28.23:025][  0]LogTemp: Display: Loaded TP MacClientTargetPlatform
[2017.11.14-17.28.23:091][  0]LogTemp: Display: Loaded TP MacNoEditorTargetPlatform
[2017.11.14-17.28.23:148][  0]LogTemp: Display: Loaded TP MacServerTargetPlatform
[2017.11.14-17.28.23:219][  0]LogTemp: Display: Loaded TP MacTargetPlatform
[2017.11.14-17.28.23:272][  0]LogTemp: Display: Loaded TP WindowsClientTargetPlatform
[2017.11.14-17.28.23:326][  0]LogTemp: Display: Loaded TP WindowsNoEditorTargetPlatform
[2017.11.14-17.28.23:382][  0]LogTemp: Display: Loaded TP WindowsServerTargetPlatform
[2017.11.14-17.28.23:431][  0]LogTemp: Display: Loaded TP WindowsTargetPlatform
[2017.11.14-17.28.23:508][  0]LogTemp: Display: Loaded TP AndroidTargetPlatform
[2017.11.14-17.28.23:560][  0]LogTemp: Display: Loaded TP Android_ASTCTargetPlatform
[2017.11.14-17.28.23:638][  0]LogTemp: Display: Loaded TP Android_ATCTargetPlatform
[2017.11.14-17.28.23:697][  0]LogTemp: Display: Loaded TP Android_DXTTargetPlatform
[2017.11.14-17.28.23:766][  0]LogTemp: Display: Loaded TP Android_ETC1TargetPlatform
[2017.11.14-17.28.23:819][  0]LogTemp: Display: Loaded TP Android_ETC2TargetPlatform
[2017.11.14-17.28.23:925][  0]LogTemp: Display: Loaded TP Android_MultiTargetPlatform
[2017.11.14-17.28.23:925][  0]LogTemp: Display: Loaded TP Android_PVRTCTargetPlatform
[2017.11.14-17.28.23:967][  0]LogTemp: Display: Loaded TP HTML5TargetPlatform
[2017.11.14-17.28.24:198][  0]LogTemp: Display: Loaded TP IOSTargetPlatform
[2017.11.14-17.28.24:313][  0]LogTemp: Display: Loaded TP TVOSTargetPlatform
[2017.11.14-17.28.24:534][  0]LogTemp: Display: Loaded TP LinuxClientTargetPlatform
[2017.11.14-17.28.24:593][  0]LogTemp: Display: Loaded TP LinuxNoEditorTargetPlatform
[2017.11.14-17.28.24:646][  0]LogTemp: Display: Loaded TP LinuxServerTargetPlatform
[2017.11.14-17.28.24:726][  0]LogTemp: Display: Loaded TP LinuxTargetPlatform
[2017.11.14-17.28.24:726][  0]LogTargetPlatformManager: Display: Building Assets For Windows
[2017.11.14-17.28.25:730][  0]LogDerivedDataCache: Display: Max Cache Size: 512 MB
[2017.11.14-17.28.26:601][  0]LogDerivedDataCache: Loaded boot cache 0.87s 93MB C:/Users/z1hwa/AppData/Local/UnrealEngine/4.17/DerivedDataCache/Boot.ddc.
[2017.11.14-17.28.26:602][  0]LogDerivedDataCache: Display: Loaded Boot cache: C:/Users/z1hwa/AppData/Local/UnrealEngine/4.17/DerivedDataCache/Boot.ddc
[2017.11.14-17.28.26:602][  0]LogDerivedDataCache: FDerivedDataBackendGraph:  Pak pak cache file ../../../../../../Users/z1hwa/Documents/GitHub/Project-Heave-Final/DerivedDataCache/DDC.ddp not found, will not use a pak cache.
[2017.11.14-17.28.26:602][  0]LogDerivedDataCache: Unable to find inner node Pak for hierarchical cache Hierarchy.
[2017.11.14-17.28.26:602][  0]LogDerivedDataCache: FDerivedDataBackendGraph:  CompressedPak pak cache file ../../../../../../Users/z1hwa/Documents/GitHub/Project-Heave-Final/DerivedDataCache/Compressed.ddp not found, will not use a pak cache.
[2017.11.14-17.28.26:602][  0]LogDerivedDataCache: Unable to find inner node CompressedPak for hierarchical cache Hierarchy.
[2017.11.14-17.28.26:667][  0]LogDerivedDataCache: Display: Pak cache opened for reading ../../../Engine/DerivedDataCache/Compressed.ddp.
[2017.11.14-17.28.26:680][  0]LogDerivedDataCache: Using Local data cache path C:/Users/z1hwa/AppData/Local/UnrealEngine/Common/DerivedDataCache: Writable
[2017.11.14-17.28.26:720][  0]LogMaterial: Verifying Global Shaders for PCD3D_SM5
[2017.11.14-17.28.26:720][  0]LogSlate: Using Freetype 2.6.0
[2017.11.14-17.28.26:811][  0]LogSlate: SlateFontCache - WITH_FREETYPE: 1, WITH_HARFBUZZ: 1
[2017.11.14-17.28.26:812][  0]LogSlate: SlateFontCache - WITH_FREETYPE: 1, WITH_HARFBUZZ: 1
[2017.11.14-17.28.29:171][  0]LogAssetRegistry: FAssetRegistry took 0.0272 seconds to start up
[2017.11.14-17.28.29:305][  0]LogInit: Selected Device Profile: [Windows]
[2017.11.14-17.28.30:379][  0]LogContentStreaming: Texture pool size is 0.00 MB
[2017.11.14-17.28.31:672][  0]LogSimplygon: Simplygon DLL not present - disabling.
[2017.11.14-17.28.31:716][  0]LogMeshReduction: Using SimplygonSwarm for distributed automatic mesh merging
[2017.11.14-17.28.31:716][  0]LogMeshReduction: Using QuadricMeshReduction for automatic static mesh reduction
[2017.11.14-17.28.31:716][  0]LogMeshReduction: No automatic skeletal mesh reduction module available
[2017.11.14-17.28.31:716][  0]LogMeshReduction: No automatic mesh merging module available
[2017.11.14-17.28.31:716][  0]LogMeshMerging: No automatic mesh merging module available
[2017.11.14-17.28.33:576][  0]LogNetVersion: MyProject , NetCL: 3573198, EngineNetVer: 2, GameNetVer: 0 (Checksum: 3113362612)
[2017.11.14-17.28.34:145][  0]LogPackageLocalizationCache: Processed 5 localized package path(s) for 2 prioritized culture(s) in 0.071814 seconds
[2017.11.14-17.28.34:153][  0]LogUObjectArray: 35825 objects as part of root set at end of initial load.
[2017.11.14-17.28.34:153][  0]LogUObjectAllocator: 7529104 out of 0 bytes used by permanent object pool.
[2017.11.14-17.28.34:153][  0]LogUObjectArray: CloseDisregardForGC: 0/0 objects in disregard for GC pool
[2017.11.14-17.28.34:220][  0]LogInit: WinSock: version 1.1 (2.2), MaxSocks=32767, MaxUdp=65467
[2017.11.14-17.29.07:131][  0]LogTcpMessaging: Initializing TcpMessaging bridge
[2017.11.14-17.29.07:233][  0]LogUdpMessaging: Initializing bridge on interface 0.0.0.0:0 to multicast group 230.0.0.1:6666.
[2017.11.14-17.29.09:621][  0]LogMaterial: Uniform references updated for custom material expression Custom.
[2017.11.14-17.29.10:739][  0]SourceControl: Source control is disabled
[2017.11.14-17.29.10:739][  0]SourceControl: Source control is disabled
[2017.11.14-17.29.10:798][  0]SourceControl: Source control is disabled
[2017.11.14-17.29.10:858][  0]SourceControl: Source control is disabled
[2017.11.14-17.29.12:596][  0]LogAndroidPermission: UAndroidPermissionCallbackProxy::GetInstance
[2017.11.14-17.29.13:004][  0]LogOcInput: OculusInput pre-init called
[2017.11.14-17.29.13:567][  0]LogEngine: Initializing Engine...
[2017.11.14-17.29.13:571][  0]LogHMD: Failed to initialize OpenVR with code 110
[2017.11.14-17.29.14:153][  0]LogStats: UGameplayTagsManager::ConstructGameplayTagTree: Construct from data asset -  0.000 s
[2017.11.14-17.29.14:154][  0]LogStats: UGameplayTagsManager::ConstructGameplayTagTree: GameplayTagTreeChangedEvent.Broadcast -  0.000 s
[2017.11.14-17.29.14:287][  0]LogAIModule: Creating AISystem for world Untitled
[2017.11.14-17.29.14:313][  0]LogInit: XAudio2 using 'Speakers / Headphones (Realtek High Definition Audio)' : 2 channels at 48 kHz using 32 bits per sample (channel mask 0x3)
[2017.11.14-17.29.14:727][  0]LogInit: FAudioDevice initialized.
[2017.11.14-17.29.14:967][  0]LogDerivedDataCache: Saved boot cache 0.24s 93MB C:/Users/z1hwa/AppData/Local/UnrealEngine/4.17/DerivedDataCache/Boot.ddc.
[2017.11.14-17.29.15:018][  0]LogInit: Texture streaming: Enabled
[2017.11.14-17.29.15:207][  0]LogEngineSessionManager: EngineSessionManager initialized
[2017.11.14-17.29.15:636][  0]LogInit: Transaction tracking system initialized
[2017.11.14-17.29.16:170][  0]BlueprintLog: New page: Editor Load
[2017.11.14-17.29.18:498][  0]LocalizationService: Localization service is disabled
[2017.11.14-17.29.19:862][  0]LogConsoleResponse: Display: 
[2017.11.14-17.29.21:006][  0]LogCook: Display: Max memory allowance for cook 16384mb min free memory 0mb
[2017.11.14-17.29.21:007][  0]LogCook: Display: Mobile HDR setting 1
[2017.11.14-17.29.21:007][  0]LogGameplayTags: Display: UGameplayTagsManager::DoneAddingNativeTags. DelegateIsBound: 0
[2017.11.14-17.29.21:511][  0]LogFileCache: Scanning file cache for directory 'C:/Users/z1hwa/Documents/GitHub/Project-Heave-Final/Content/' took 0.09s
[2017.11.14-17.29.23:713][  0]SourceControl: Source control is disabled
[2017.11.14-17.29.23:713][  0]Cmd: MAP LOAD FILE="../../../../../../Users/z1hwa/Documents/GitHub/Project-Heave-Final/Content/ThirdPersonBP/Maps/ThirdPersonExampleMap.umap" TEMPLATE=0 SHOWPROGRESS=1 FEATURELEVEL=3
[2017.11.14-17.29.23:713][  0]LogEditorServer: Warning: Can't find file '../../../../../../Users/z1hwa/Documents/GitHub/Project-Heave-Final/Content/ThirdPersonBP/Maps/ThirdPersonExampleMap.umap'
[2017.11.14-17.29.23:714][  0]Cmd: MAP CHECKDEP NOCLEARLOG
[2017.11.14-17.29.23:791][  0]MapCheck: Map check complete: 0 Error(s), 0 Warning(s), took 77.687ms to complete.
[2017.11.14-17.29.23:791][  0]LogFileHelpers: Loading map 'ThirdPersonExampleMap' took 0.078
[2017.11.14-17.29.24:348][  0]LogCollectionManager: Loaded 0 collections in 0.003864 seconds
[2017.11.14-17.29.24:461][  0]LogFileCache: Scanning file cache for directory 'C:/Users/z1hwa/Documents/GitHub/Project-Heave-Final/Saved/Collections/' took 0.01s
[2017.11.14-17.29.24:461][  0]LogFileCache: Scanning file cache for directory 'C:/Users/z1hwa/Documents/GitHub/Project-Heave-Final/Content/Developers/z1hwa/Collections/' took 0.01s
[2017.11.14-17.29.24:461][  0]LogFileCache: Scanning file cache for directory 'C:/Users/z1hwa/Documents/GitHub/Project-Heave-Final/Content/Collections/' took 0.01s
[2017.11.14-17.29.24:461][  0]LogCollectionManager: Rebuilt the GUID cache for 0 collections in 0.000000 seconds
[2017.11.14-17.29.24:474][  0]LogContentBrowser: Native class hierarchy populated in 0.0120 seconds. Added 2386 classes and 500 folders.
[2017.11.14-17.29.24:548][  0]LogContentBrowser: Native class hierarchy updated for 'WidgetCarousel' in 0.0007 seconds. Added 0 classes and 0 folders.
[2017.11.14-17.29.26:369][  0]LogContentBrowser: Native class hierarchy updated for 'AddContentDialog' in 0.0022 seconds. Added 0 classes and 0 folders.
[2017.11.14-17.29.26:469][  0]LogContentBrowser: Native class hierarchy updated for 'SceneOutliner' in 0.0008 seconds. Added 1 classes and 2 folders.
[2017.11.14-17.29.26:570][  0]LogContentBrowser: Native class hierarchy updated for 'HierarchicalLODOutliner' in 0.0008 seconds. Added 1 classes and 2 folders.
[2017.11.14-17.29.26:570][  0]LogLoad: (Engine Initialization) Total time: 94.55 seconds
[2017.11.14-17.29.26:570][  0]LogLoad: (Engine Initialization) Total Blueprint compile time: 0.00 seconds
[2017.11.14-17.29.26:571][  0]LogExternalProfiler: No external profilers were discovered.  External profiling features will not be available.
[2017.11.14-17.29.26:609][  0]LogContentStreaming: Texture pool size now 1000 MB
[2017.11.14-17.29.26:618][  0]LogSlate: Took 0.007823 seconds to synchronously load lazily loaded font '../../../Engine/Content/Slate/Fonts/Roboto-Regular.ttf' (155K)
[2017.11.14-17.29.26:624][  0]LogSlate: Took 0.004414 seconds to synchronously load lazily loaded font '../../../Engine/Content/Slate/Fonts/Roboto-Bold.ttf' (160K)
[2017.11.14-17.29.26:655][  0]LogSlate: Took 0.026406 seconds to synchronously load lazily loaded font '../../../Engine/Content/Editor/Slate/Fonts/FontAwesome.ttf' (139K)
[2017.11.14-17.29.27:018][  0]LogSlate: Took 0.011618 seconds to synchronously load lazily loaded font '../../../Engine/Content/Slate/Fonts/Roboto-Light.ttf' (159K)
[2017.11.14-17.29.27:162][  2]LogRenderer: Reallocating scene render targets to support 696x320 Format 10 NumSamples 1 (Frame:1).
[2017.11.14-17.29.27:513][  2]LogAssetRegistry: Asset discovery search completed in 58.3654 seconds
[2017.11.14-17.29.27:515][  2]LogCollectionManager: Rebuilt the object cache for 0 collections in 0.000001 seconds (found 0 objects)
[2017.11.14-17.29.27:515][  2]LogCollectionManager: Fixed up redirectors for 0 collections in 0.000079 seconds (updated 0 objects)
[2017.11.14-17.29.57:748][407]LogSlate: Took 0.000519 seconds to synchronously load lazily loaded font '../../../Engine/Content/Slate/Fonts/Roboto-Light.ttf' (159K)
[2017.11.14-17.29.58:627][407]LogSlate: Took 0.000538 seconds to synchronously load lazily loaded font '../../../Engine/Content/Slate/Fonts/Roboto-Regular.ttf' (155K)
[2017.11.14-17.29.59:112][407]LogLinker: Warning: Can't find file '/Game/ThirdPersonBP/Blueprints/enemies2'
[2017.11.14-17.29.59:112][407]LogLinker: Warning: Can't find file for asset '/Game/ThirdPersonBP/Blueprints/enemies2' while loading ../../../../../../Users/z1hwa/Documents/GitHub/Project-Heave-Final/Content/ThirdPersonBP/Maps/level2.umap.
[2017.11.14-17.29.59:112][407]LoadErrors: Error: /Game/ThirdPersonBP/Maps/level2 : Can't find file for asset. /Game/ThirdPersonBP/Blueprints/enemies2
[2017.11.14-17.30.00:271][407]LogLinker: Warning: Can't find file '/Game/ThirdPersonBP/Blueprints/enemies2'
[2017.11.14-17.30.00:271][407]LogLinker: Warning: Can't find file for asset '/Game/ThirdPersonBP/Blueprints/enemies2' while loading ../../../../../../Users/z1hwa/Documents/GitHub/Project-Heave-Final/Content/ThirdPersonBP/Maps/level2.umap.
[2017.11.14-17.30.00:329][407]LogLinker: Warning: Can't find file '/Game/ThirdPersonBP/Blueprints/enemies2'
[2017.11.14-17.30.00:329][407]LogLinker: Warning: Can't find file for asset '/Game/ThirdPersonBP/Blueprints/enemies2' while loading ../../../../../../Users/z1hwa/Documents/GitHub/Project-Heave-Final/Content/ThirdPersonBP/Maps/level2.umap.
[2017.11.14-17.30.00:374][407]LogLinker: Warning: Can't find file '/Game/ThirdPersonBP/Blueprints/enemies2'
[2017.11.14-17.30.00:374][407]LogLinker: Warning: Can't find file for asset '/Game/ThirdPersonBP/Blueprints/enemies2' while loading NULL.
[2017.11.14-17.30.00:374][407]LogLinker: Warning: Can't find file '/Game/ThirdPersonBP/Blueprints/enemies2'
[2017.11.14-17.30.00:375][407]LogLinker: Warning: Can't find file for asset '/Game/ThirdPersonBP/Blueprints/enemies2' while loading NULL.
[2017.11.14-17.30.00:375][407]LogLinker: Warning: Can't find file '/Game/ThirdPersonBP/Blueprints/enemies2'
[2017.11.14-17.30.00:375][407]LogLinker: Warning: Can't find file for asset '/Game/ThirdPersonBP/Blueprints/enemies2' while loading NULL.
[2017.11.14-17.30.00:403][407]LogLinker: Warning: Can't find file '/Game/ThirdPersonBP/Blueprints/enemies2'
[2017.11.14-17.30.00:403][407]LogLinker: Warning: Can't find file for asset '/Game/ThirdPersonBP/Blueprints/enemies2' while loading NULL.
[2017.11.14-17.30.00:403][407]LogLinker: Warning: Can't find file '/Game/ThirdPersonBP/Blueprints/enemies2'
[2017.11.14-17.30.00:403][407]LogLinker: Warning: Can't find file for asset '/Game/ThirdPersonBP/Blueprints/enemies2' while loading NULL.
[2017.11.14-17.30.00:414][407]LogLinker: Warning: Can't find file '/Game/ThirdPersonBP/Blueprints/enemies2'
[2017.11.14-17.30.00:414][407]LogLinker: Warning: Can't find file for asset '/Game/ThirdPersonBP/Blueprints/enemies2' while loading NULL.
[2017.11.14-17.30.00:414][407]LogLinker: Warning: Can't find file '/Game/ThirdPersonBP/Blueprints/enemies2'
[2017.11.14-17.30.00:414][407]LogLinker: Warning: Can't find file for asset '/Game/ThirdPersonBP/Blueprints/enemies2' while loading NULL.
[2017.11.14-17.30.00:491][407]LogLinker: Warning: Can't find file '/Game/ThirdPersonBP/Blueprints/enemies2'
[2017.11.14-17.30.00:491][407]LogLinker: Warning: Can't find file for asset '/Game/ThirdPersonBP/Blueprints/enemies2' while loading NULL.
[2017.11.14-17.30.00:492][407]LogLinker: Warning: Can't find file '/Game/ThirdPersonBP/Blueprints/enemies2'
[2017.11.14-17.30.00:492][407]LoadErrors: Failed to load /Game/ThirdPersonBP/Blueprints/enemies2.enemies2_C Referenced by PersistentLevel
[2017.11.14-17.30.00:492][407]LogLinker: Warning: Can't find file for asset '/Game/ThirdPersonBP/Blueprints/enemies2' while loading NULL.
[2017.11.14-17.30.01:619][407]LogAIModule: Creating AISystem for world level2
[2017.11.14-17.30.01:721][407]Cmd: MAP LOAD FILE="../../../../../../Users/z1hwa/Documents/GitHub/Project-Heave-Final/Content/ThirdPersonBP/Maps/level2.umap" TEMPLATE=0 SHOWPROGRESS=1 FEATURELEVEL=3
[2017.11.14-17.30.01:721][407]LightingResults: New page: Lighting Build
[2017.11.14-17.30.01:785][407]LogContentBrowser: Native class hierarchy updated for 'StatsViewer' in 0.0010 seconds. Added 5 classes and 0 folders.
[2017.11.14-17.30.01:786][407]LoadErrors: New page: Loading map: level2.umap
[2017.11.14-17.30.01:786][407]MapCheck: New page: Map Check
[2017.11.14-17.30.01:786][407]LightingResults: New page: Lighting Build
[2017.11.14-17.30.01:884][407]LogEditorServer: Finished looking for orphan Actors (0.000 secs)
[2017.11.14-17.30.02:054][407]Cmd: MAP CHECKDEP NOCLEARLOG
[2017.11.14-17.30.02:208][407]MapCheck: Map check complete: 0 Error(s), 0 Warning(s), took 153.307ms to complete.
[2017.11.14-17.30.02:209][407]LogFileHelpers: Loading map 'level2' took 0.489
[2017.11.14-17.30.02:228][407]LoadErrors: Warning: CreateExport: Failed to load Outer for resource 'StaticMesh': enemies2_C /Game/ThirdPersonBP/Maps/level2.level2:PersistentLevel.enemies2_35
[2017.11.14-17.57.21:922][883]LogD3D11RHI: Timed out while waiting for GPU to catch up. (500 ms)
[2017.11.14-18.00.51:395][511]LogD3D11RHI: Timed out while waiting for GPU to catch up. (500 ms)
[2017.11.14-18.05.22:968][519]LogD3D11RHI: Timed out while waiting for GPU to catch up. (500 ms)
[2017.11.14-18.06.38:100][734]EditorErrors: Warning: 
[2017.11.14-18.06.38:158][734]LogEditorViewport: Clicking on Actor (double click): BP_Sky_Sphere_C (SkySphereBlueprint2)
[2017.11.14-18.06.39:591][801]LogTemp: Repeating last play command: Selected Viewport
[2017.11.14-18.06.39:834][801]LogBlueprintUserMessages: Early PlayInEditor Detection: Level '/Game/ThirdPersonBP/Maps/level2.level2:PersistentLevel' has LevelScriptBlueprint '/Game/ThirdPersonBP/Maps/level2.level2:PersistentLevel.level2' with GeneratedClass '/Game/ThirdPersonBP/Maps/level2.level2_C' with ClassGeneratedBy '/Game/ThirdPersonBP/Maps/level2.level2:PersistentLevel.level2'
[2017.11.14-18.06.39:834][801]LogPlayLevel: PlayLevel: No blueprints needed recompiling
[2017.11.14-18.06.39:835][801]PIE: New page: PIE session: level2 (Nov 14, 2017, 8:06:39 AM)
[2017.11.14-18.06.39:835][801]LogPlayLevel: Creating play world package: /Game/ThirdPersonBP/Maps/UEDPIE_0_level2
[2017.11.14-18.06.39:887][801]LogPlayLevel: PIE: StaticDuplicateObject took: (0.051471s)
[2017.11.14-18.06.39:888][801]LogAIModule: Creating AISystem for world level2
[2017.11.14-18.06.39:888][801]LogPlayLevel: PIE: World Init took: (0.001330s)
[2017.11.14-18.06.39:888][801]LogPlayLevel: PIE: Created PIE world by copying editor world from /Game/ThirdPersonBP/Maps/level2.level2 to /Game/ThirdPersonBP/Maps/UEDPIE_0_level2.level2 (0.053312s)
[2017.11.14-18.06.39:936][801]LogInit: XAudio2 using 'Speakers / Headphones (Realtek High Definition Audio)' : 2 channels at 48 kHz using 32 bits per sample (channel mask 0x3)
[2017.11.14-18.06.39:960][801]LogInit: FAudioDevice initialized.
[2017.11.14-18.06.40:000][801]LogLoad: Game class is 'ThirdPersonGameMode_C'
[2017.11.14-18.06.40:007][801]LogWorld: Bringing World /Game/ThirdPersonBP/Maps/UEDPIE_0_level2.level2 up for play (max tick rate 60) at 2017.11.14-13.06.40
[2017.11.14-18.06.40:031][801]LogWorld: Bringing up level for play took: 0.030202
[2017.11.14-18.06.40:081][801]LogContentBrowser: Native class hierarchy updated for 'MovieSceneCapture' in 0.0014 seconds. Added 11 classes and 0 folders.
[2017.11.14-18.06.40:083][801]PIE: Play in editor start time for /Game/ThirdPersonBP/Maps/UEDPIE_0_level2 -0.018
[2017.11.14-18.06.40:083][801]LogBlueprintUserMessages: Late PlayInEditor Detection: Level '/Game/ThirdPersonBP/Maps/level2.level2:PersistentLevel' has LevelScriptBlueprint '/Game/ThirdPersonBP/Maps/level2.level2:PersistentLevel.level2' with GeneratedClass '/Game/ThirdPersonBP/Maps/level2.level2_C' with ClassGeneratedBy '/Game/ThirdPersonBP/Maps/level2.level2:PersistentLevel.level2'
[2017.11.14-18.06.44:294][925]LogBlueprintUserMessages: Early EndPlayMap Detection: Level '/Game/ThirdPersonBP/Maps/level2.level2:PersistentLevel' has LevelScriptBlueprint '/Game/ThirdPersonBP/Maps/level2.level2:PersistentLevel.level2' with GeneratedClass '/Game/ThirdPersonBP/Maps/level2.level2_C' with ClassGeneratedBy '/Game/ThirdPersonBP/Maps/level2.level2:PersistentLevel.level2'
[2017.11.14-18.06.44:384][925]LogBlueprintUserMessages: Late EndPlayMap Detection: Level '/Game/ThirdPersonBP/Maps/level2.level2:PersistentLevel' has LevelScriptBlueprint '/Game/ThirdPersonBP/Maps/level2.level2:PersistentLevel.level2' with GeneratedClass '/Game/ThirdPersonBP/Maps/level2.level2_C' with ClassGeneratedBy '/Game/ThirdPersonBP/Maps/level2.level2:PersistentLevel.level2'
[2017.11.14-18.08.27:119][469]LogTemp: Repeating last play command: Selected Viewport
[2017.11.14-18.08.27:189][469]LogBlueprintUserMessages: Early PlayInEditor Detection: Level '/Game/ThirdPersonBP/Maps/level2.level2:PersistentLevel' has LevelScriptBlueprint '/Game/ThirdPersonBP/Maps/level2.level2:PersistentLevel.level2' with GeneratedClass '/Game/ThirdPersonBP/Maps/level2.level2_C' with ClassGeneratedBy '/Game/ThirdPersonBP/Maps/level2.level2:PersistentLevel.level2'
[2017.11.14-18.08.27:189][469]LogPlayLevel: PlayLevel: No blueprints needed recompiling
[2017.11.14-18.08.27:189][469]PIE: New page: PIE session: level2 (Nov 14, 2017, 8:08:27 AM)
[2017.11.14-18.08.27:189][469]LogPlayLevel: Creating play world package: /Game/ThirdPersonBP/Maps/UEDPIE_0_level2
[2017.11.14-18.08.27:236][469]LogPlayLevel: PIE: StaticDuplicateObject took: (0.045978s)
[2017.11.14-18.08.27:237][469]LogAIModule: Creating AISystem for world level2
[2017.11.14-18.08.27:237][469]LogPlayLevel: PIE: World Init took: (0.001419s)
[2017.11.14-18.08.27:237][469]LogPlayLevel: PIE: Created PIE world by copying editor world from /Game/ThirdPersonBP/Maps/level2.level2 to /Game/ThirdPersonBP/Maps/UEDPIE_0_level2.level2 (0.048157s)
[2017.11.14-18.08.27:260][469]LogInit: XAudio2 using 'Speakers / Headphones (Realtek High Definition Audio)' : 2 channels at 48 kHz using 32 bits per sample (channel mask 0x3)
[2017.11.14-18.08.27:282][469]LogInit: FAudioDevice initialized.
[2017.11.14-18.08.27:312][469]LogLoad: Game class is 'ThirdPersonGameMode_C'
[2017.11.14-18.08.27:320][469]LogWorld: Bringing World /Game/ThirdPersonBP/Maps/UEDPIE_0_level2.level2 up for play (max tick rate 60) at 2017.11.14-13.08.27
[2017.11.14-18.08.27:321][469]LogWorld: Bringing up level for play took: 0.008382
[2017.11.14-18.08.27:323][469]PIE: Play in editor start time for /Game/ThirdPersonBP/Maps/UEDPIE_0_level2 -0.778
[2017.11.14-18.08.27:324][469]LogBlueprintUserMessages: Late PlayInEditor Detection: Level '/Game/ThirdPersonBP/Maps/level2.level2:PersistentLevel' has LevelScriptBlueprint '/Game/ThirdPersonBP/Maps/level2.level2:PersistentLevel.level2' with GeneratedClass '/Game/ThirdPersonBP/Maps/level2.level2_C' with ClassGeneratedBy '/Game/ThirdPersonBP/Maps/level2.level2:PersistentLevel.level2'
[2017.11.14-18.08.35:628][706]LogBlueprintUserMessages: Early EndPlayMap Detection: Level '/Game/ThirdPersonBP/Maps/level2.level2:PersistentLevel' has LevelScriptBlueprint '/Game/ThirdPersonBP/Maps/level2.level2:PersistentLevel.level2' with GeneratedClass '/Game/ThirdPersonBP/Maps/level2.level2_C' with ClassGeneratedBy '/Game/ThirdPersonBP/Maps/level2.level2:PersistentLevel.level2'
[2017.11.14-18.08.35:725][706]LogBlueprintUserMessages: Late EndPlayMap Detection: Level '/Game/ThirdPersonBP/Maps/level2.level2:PersistentLevel' has LevelScriptBlueprint '/Game/ThirdPersonBP/Maps/level2.level2:PersistentLevel.level2' with GeneratedClass '/Game/ThirdPersonBP/Maps/level2.level2_C' with ClassGeneratedBy '/Game/ThirdPersonBP/Maps/level2.level2:PersistentLevel.level2'
[2017.11.14-18.08.39:894][811]LogEditorViewport: Clicking on Actor (LMB): Emitter (P_Fire2)
[2017.11.14-18.08.40:825][829]LogEditorViewport: Clicking on Actor (LMB): Emitter (P_Fire2)
[2017.11.14-18.08.41:757][850]LogEditorViewport: Clicking on Actor (LMB): Emitter (P_Fire2)
[2017.11.14-18.08.49:162][ 21]LogEditorViewport: Clicking on Actor (LMB): Emitter (P_Fire2)
[2017.11.14-18.08.50:123][ 43]LogEditorViewport: Clicking on Actor (LMB): Emitter (P_Fire2)
[2017.11.14-18.08.53:420][114]LogRenderer: Reallocating scene render targets to support 704x332 Format 10 NumSamples 1 (Frame:4575).
[2017.11.14-18.19.39:964][129]LogSavePackage: Save=1204.15ms
[2017.11.14-18.19.39:964][129]LogSavePackage: Moving '../../../../../../Users/z1hwa/Documents/GitHub/Project-Heave-Final/Saved/level2_Auto1A4CAB66F49311C680D03C9AAA2921CB1.tmp' to '../../../../../../Users/z1hwa/Documents/GitHub/Project-Heave-Final/Saved/Autosaves/Game/ThirdPersonBP/Maps/level2_Auto1.umap'
[2017.11.14-18.19.40:073][129]LogSavePackage: Display: Finished SavePackage ../../../../../../Users/z1hwa/Documents/GitHub/Project-Heave-Final/Saved/Autosaves/Game/ThirdPersonBP/Maps/level2_Auto1.umap
[2017.11.14-18.19.40:079][129]LogFileHelpers: Editor autosave (incl. sublevels) for '/Game/ThirdPersonBP/Maps/level2' took 4.783
[2017.11.14-18.19.40:079][129]LogFileHelpers: Editor autosave (incl. sublevels) for all levels took 4.783
[2017.11.14-18.20.26:393][471]LogEditorViewport: Clicking on Actor (LMB): Emitter (P_Fire2)
[2017.11.14-18.20.27:777][505]LogEditorViewport: Clicking on Actor (LMB): Emitter (P_Fire2)
[2017.11.14-18.20.28:846][531]LogEditorViewport: Clicking on Actor (LMB): Emitter (P_Fire2)
[2017.11.14-18.20.32:349][622]LogTemp: Repeating last play command: Selected Viewport
[2017.11.14-18.20.32:416][622]LogBlueprintUserMessages: Early PlayInEditor Detection: Level '/Game/ThirdPersonBP/Maps/level2.level2:PersistentLevel' has LevelScriptBlueprint '/Game/ThirdPersonBP/Maps/level2.level2:PersistentLevel.level2' with GeneratedClass '/Game/ThirdPersonBP/Maps/level2.level2_C' with ClassGeneratedBy '/Game/ThirdPersonBP/Maps/level2.level2:PersistentLevel.level2'
[2017.11.14-18.20.32:417][622]LogPlayLevel: PlayLevel: No blueprints needed recompiling
[2017.11.14-18.20.32:417][622]PIE: New page: PIE session: level2 (Nov 14, 2017, 8:20:32 AM)
[2017.11.14-18.20.32:417][622]LogPlayLevel: Creating play world package: /Game/ThirdPersonBP/Maps/UEDPIE_0_level2
[2017.11.14-18.20.32:471][622]LogPlayLevel: PIE: StaticDuplicateObject took: (0.053790s)
[2017.11.14-18.20.32:473][622]LogAIModule: Creating AISystem for world level2
[2017.11.14-18.20.32:473][622]LogPlayLevel: PIE: World Init took: (0.001842s)
[2017.11.14-18.20.32:474][622]LogPlayLevel: PIE: Created PIE world by copying editor world from /Game/ThirdPersonBP/Maps/level2.level2 to /Game/ThirdPersonBP/Maps/UEDPIE_0_level2.level2 (0.056398s)
[2017.11.14-18.20.32:499][622]LogInit: XAudio2 using 'Speakers / Headphones (Realtek High Definition Audio)' : 2 channels at 48 kHz using 32 bits per sample (channel mask 0x3)
[2017.11.14-18.20.32:521][622]LogInit: FAudioDevice initialized.
[2017.11.14-18.20.32:550][622]LogLoad: Game class is 'ThirdPersonGameMode_C'
[2017.11.14-18.20.32:557][622]LogWorld: Bringing World /Game/ThirdPersonBP/Maps/UEDPIE_0_level2.level2 up for play (max tick rate 60) at 2017.11.14-13.20.32
[2017.11.14-18.20.32:558][622]LogWorld: Bringing up level for play took: 0.007315
[2017.11.14-18.20.32:559][622]PIE: Play in editor start time for /Game/ThirdPersonBP/Maps/UEDPIE_0_level2 0.471
[2017.11.14-18.20.32:560][622]LogBlueprintUserMessages: Late PlayInEditor Detection: Level '/Game/ThirdPersonBP/Maps/level2.level2:PersistentLevel' has LevelScriptBlueprint '/Game/ThirdPersonBP/Maps/level2.level2:PersistentLevel.level2' with GeneratedClass '/Game/ThirdPersonBP/Maps/level2.level2_C' with ClassGeneratedBy '/Game/ThirdPersonBP/Maps/level2.level2:PersistentLevel.level2'
[2017.11.14-18.20.35:155][692]LogBlueprintUserMessages: Early EndPlayMap Detection: Level '/Game/ThirdPersonBP/Maps/level2.level2:PersistentLevel' has LevelScriptBlueprint '/Game/ThirdPersonBP/Maps/level2.level2:PersistentLevel.level2' with GeneratedClass '/Game/ThirdPersonBP/Maps/level2.level2_C' with ClassGeneratedBy '/Game/ThirdPersonBP/Maps/level2.level2:PersistentLevel.level2'
[2017.11.14-18.20.35:263][692]LogBlueprintUserMessages: Late EndPlayMap Detection: Level '/Game/ThirdPersonBP/Maps/level2.level2:PersistentLevel' has LevelScriptBlueprint '/Game/ThirdPersonBP/Maps/level2.level2:PersistentLevel.level2' with GeneratedClass '/Game/ThirdPersonBP/Maps/level2.level2_C' with ClassGeneratedBy '/Game/ThirdPersonBP/Maps/level2.level2:PersistentLevel.level2'
[2017.11.14-18.20.42:849][872]LogEditorViewport: Clicking on Actor (LMB): Emitter (P_Fire3)
[2017.11.14-18.21.39:803][449]LogTemp: Repeating last play command: Selected Viewport
[2017.11.14-18.21.39:877][449]LogBlueprintUserMessages: Early PlayInEditor Detection: Level '/Game/ThirdPersonBP/Maps/level2.level2:PersistentLevel' has LevelScriptBlueprint '/Game/ThirdPersonBP/Maps/level2.level2:PersistentLevel.level2' with GeneratedClass '/Game/ThirdPersonBP/Maps/level2.level2_C' with ClassGeneratedBy '/Game/ThirdPersonBP/Maps/level2.level2:PersistentLevel.level2'
[2017.11.14-18.21.39:877][449]LogPlayLevel: PlayLevel: No blueprints needed recompiling
[2017.11.14-18.21.39:877][449]PIE: New page: PIE session: level2 (Nov 14, 2017, 8:21:39 AM)
[2017.11.14-18.21.39:877][449]LogPlayLevel: Creating play world package: /Game/ThirdPersonBP/Maps/UEDPIE_0_level2
[2017.11.14-18.21.39:923][449]LogPlayLevel: PIE: StaticDuplicateObject took: (0.045511s)
[2017.11.14-18.21.39:924][449]LogAIModule: Creating AISystem for world level2
[2017.11.14-18.21.39:924][449]LogPlayLevel: PIE: World Init took: (0.001642s)
[2017.11.14-18.21.39:925][449]LogPlayLevel: PIE: Created PIE world by copying editor world from /Game/ThirdPersonBP/Maps/level2.level2 to /Game/ThirdPersonBP/Maps/UEDPIE_0_level2.level2 (0.047763s)
[2017.11.14-18.21.39:943][449]LogInit: XAudio2 using 'Speakers / Headphones (Realtek High Definition Audio)' : 2 channels at 48 kHz using 32 bits per sample (channel mask 0x3)
[2017.11.14-18.21.39:962][449]LogInit: FAudioDevice initialized.
[2017.11.14-18.21.39:991][449]LogLoad: Game class is 'ThirdPersonGameMode_C'
[2017.11.14-18.21.39:997][449]LogWorld: Bringing World /Game/ThirdPersonBP/Maps/UEDPIE_0_level2.level2 up for play (max tick rate 60) at 2017.11.14-13.21.39
[2017.11.14-18.21.39:997][449]LogWorld: Bringing up level for play took: 0.006269
[2017.11.14-18.21.39:999][449]PIE: Play in editor start time for /Game/ThirdPersonBP/Maps/UEDPIE_0_level2 -0.09
[2017.11.14-18.21.39:999][449]LogBlueprintUserMessages: Late PlayInEditor Detection: Level '/Game/ThirdPersonBP/Maps/level2.level2:PersistentLevel' has LevelScriptBlueprint '/Game/ThirdPersonBP/Maps/level2.level2:PersistentLevel.level2' with GeneratedClass '/Game/ThirdPersonBP/Maps/level2.level2_C' with ClassGeneratedBy '/Game/ThirdPersonBP/Maps/level2.level2:PersistentLevel.level2'
[2017.11.14-18.23.32:653][571]LogBlueprintUserMessages: Early EndPlayMap Detection: Level '/Game/ThirdPersonBP/Maps/level2.level2:PersistentLevel' has LevelScriptBlueprint '/Game/ThirdPersonBP/Maps/level2.level2:PersistentLevel.level2' with GeneratedClass '/Game/ThirdPersonBP/Maps/level2.level2_C' with ClassGeneratedBy '/Game/ThirdPersonBP/Maps/level2.level2:PersistentLevel.level2'
[2017.11.14-18.23.32:757][571]LogBlueprintUserMessages: Late EndPlayMap Detection: Level '/Game/ThirdPersonBP/Maps/level2.level2:PersistentLevel' has LevelScriptBlueprint '/Game/ThirdPersonBP/Maps/level2.level2:PersistentLevel.level2' with GeneratedClass '/Game/ThirdPersonBP/Maps/level2.level2_C' with ClassGeneratedBy '/Game/ThirdPersonBP/Maps/level2.level2:PersistentLevel.level2'
[2017.11.14-18.24.05:727][469]Cmd: DELETE
[2017.11.14-18.24.05:728][469]Cmd: ACTOR DELETE
[2017.11.14-18.24.05:903][469]LogEditorActor: Deleted Actor: Emitter
[2017.11.14-18.24.05:962][469]LogEditorActor: Deleted 1 Actors (0.060 secs)
[2017.11.14-18.24.48:155][492]LogEditorViewport: Clicking on Actor (LMB): Emitter (P_Fire3)
[2017.11.14-18.24.58:210][728]LogEditorViewport: Clicking on Actor (LMB): Emitter (P_Fire3)
[2017.11.14-18.26.26:797][961]LogEditorViewport: Clicking on Actor (LMB): Emitter (P_Fire5)
[2017.11.14-18.28.53:324][159]Cmd: DELETE
[2017.11.14-18.28.53:324][159]Cmd: ACTOR DELETE
[2017.11.14-18.28.53:326][159]LogEditorActor: Deleted Actor: Emitter
[2017.11.14-18.28.53:373][159]LogEditorActor: Deleted 1 Actors (0.049 secs)
[2017.11.14-18.30.10:636][998]LogTemp: Repeating last play command: Selected Viewport
[2017.11.14-18.30.10:707][998]LogBlueprintUserMessages: Early PlayInEditor Detection: Level '/Game/ThirdPersonBP/Maps/level2.level2:PersistentLevel' has LevelScriptBlueprint '/Game/ThirdPersonBP/Maps/level2.level2:PersistentLevel.level2' with GeneratedClass '/Game/ThirdPersonBP/Maps/level2.level2_C' with ClassGeneratedBy '/Game/ThirdPersonBP/Maps/level2.level2:PersistentLevel.level2'
[2017.11.14-18.30.10:708][998]LogPlayLevel: PlayLevel: No blueprints needed recompiling
[2017.11.14-18.30.10:708][998]PIE: New page: PIE session: level2 (Nov 14, 2017, 8:30:10 AM)
[2017.11.14-18.30.10:708][998]LogPlayLevel: Creating play world package: /Game/ThirdPersonBP/Maps/UEDPIE_0_level2
[2017.11.14-18.30.10:771][998]LogPlayLevel: PIE: StaticDuplicateObject took: (0.062295s)
[2017.11.14-18.30.10:772][998]LogAIModule: Creating AISystem for world level2
[2017.11.14-18.30.10:773][998]LogPlayLevel: PIE: World Init took: (0.001614s)
[2017.11.14-18.30.10:773][998]LogPlayLevel: PIE: Created PIE world by copying editor world from /Game/ThirdPersonBP/Maps/level2.level2 to /Game/ThirdPersonBP/Maps/UEDPIE_0_level2.level2 (0.064693s)
[2017.11.14-18.30.10:800][998]LogInit: XAudio2 using 'Speakers / Headphones (Realtek High Definition Audio)' : 2 channels at 48 kHz using 32 bits per sample (channel mask 0x3)
[2017.11.14-18.30.10:828][998]LogInit: FAudioDevice initialized.
[2017.11.14-18.30.10:865][998]LogLoad: Game class is 'ThirdPersonGameMode_C'
[2017.11.14-18.30.10:874][998]LogWorld: Bringing World /Game/ThirdPersonBP/Maps/UEDPIE_0_level2.level2 up for play (max tick rate 0) at 2017.11.14-13.30.10
[2017.11.14-18.30.10:876][998]LogWorld: Bringing up level for play took: 0.009820
[2017.11.14-18.30.10:878][998]PIE: Play in editor start time for /Game/ThirdPersonBP/Maps/UEDPIE_0_level2 0.789
[2017.11.14-18.30.10:879][998]LogBlueprintUserMessages: Late PlayInEditor Detection: Level '/Game/ThirdPersonBP/Maps/level2.level2:PersistentLevel' has LevelScriptBlueprint '/Game/ThirdPersonBP/Maps/level2.level2:PersistentLevel.level2' with GeneratedClass '/Game/ThirdPersonBP/Maps/level2.level2_C' with ClassGeneratedBy '/Game/ThirdPersonBP/Maps/level2.level2:PersistentLevel.level2'
[2017.11.14-18.30.12:528][ 43]LogBlueprintUserMessages: Early EndPlayMap Detection: Level '/Game/ThirdPersonBP/Maps/level2.level2:PersistentLevel' has LevelScriptBlueprint '/Game/ThirdPersonBP/Maps/level2.level2:PersistentLevel.level2' with GeneratedClass '/Game/ThirdPersonBP/Maps/level2.level2_C' with ClassGeneratedBy '/Game/ThirdPersonBP/Maps/level2.level2:PersistentLevel.level2'
[2017.11.14-18.30.12:621][ 43]LogBlueprintUserMessages: Late EndPlayMap Detection: Level '/Game/ThirdPersonBP/Maps/level2.level2:PersistentLevel' has LevelScriptBlueprint '/Game/ThirdPersonBP/Maps/level2.level2:PersistentLevel.level2' with GeneratedClass '/Game/ThirdPersonBP/Maps/level2.level2_C' with ClassGeneratedBy '/Game/ThirdPersonBP/Maps/level2.level2:PersistentLevel.level2'
[2017.11.14-18.30.16:319][131]LogBlueprintUserMessages: Early PlayInEditor Detection: Level '/Game/ThirdPersonBP/Maps/level2.level2:PersistentLevel' has LevelScriptBlueprint '/Game/ThirdPersonBP/Maps/level2.level2:PersistentLevel.level2' with GeneratedClass '/Game/ThirdPersonBP/Maps/level2.level2_C' with ClassGeneratedBy '/Game/ThirdPersonBP/Maps/level2.level2:PersistentLevel.level2'
[2017.11.14-18.30.16:319][131]LogPlayLevel: PlayLevel: No blueprints needed recompiling
[2017.11.14-18.30.16:319][131]PIE: New page: SIE session: level2 (Nov 14, 2017, 8:30:16 AM)
[2017.11.14-18.30.16:319][131]LogPlayLevel: Creating play world package: /Game/ThirdPersonBP/Maps/UEDPIE_0_level2
[2017.11.14-18.30.16:362][131]LogPlayLevel: PIE: StaticDuplicateObject took: (0.043168s)
[2017.11.14-18.30.16:364][131]LogAIModule: Creating AISystem for world level2
[2017.11.14-18.30.16:365][131]LogPlayLevel: PIE: World Init took: (0.002466s)
[2017.11.14-18.30.16:366][131]LogPlayLevel: PIE: Created PIE world by copying editor world from /Game/ThirdPersonBP/Maps/level2.level2 to /Game/ThirdPersonBP/Maps/UEDPIE_0_level2.level2 (0.046513s)
[2017.11.14-18.30.16:390][131]LogInit: XAudio2 using 'Speakers / Headphones (Realtek High Definition Audio)' : 2 channels at 48 kHz using 32 bits per sample (channel mask 0x3)
[2017.11.14-18.30.16:408][131]LogInit: FAudioDevice initialized.
[2017.11.14-18.30.16:440][131]LogLoad: Game class is 'ThirdPersonGameMode_C'
[2017.11.14-18.30.16:448][131]LogWorld: Bringing World /Game/ThirdPersonBP/Maps/UEDPIE_0_level2.level2 up for play (max tick rate 0) at 2017.11.14-13.30.16
[2017.11.14-18.30.16:449][131]LogWorld: Bringing up level for play took: 0.008337
[2017.11.14-18.30.16:480][131]LogScript: Warning: Accessed None trying to read property CallFunc_GetPlayerCharacter_ReturnValue
	level2_C /Game/ThirdPersonBP/Maps/UEDPIE_0_level2.level2:PersistentLevel.level2_C_0
	Function /Game/ThirdPersonBP/Maps/level2.level2_C:ExecuteUbergraph_level2:012E
[2017.11.14-18.30.16:494][131]PIE: Error: Blueprint Runtime Error: Accessed None trying to read property CallFunc_GetPlayerCharacter_ReturnValue from function: 'ExecuteUbergraph_level2' from node: Spawn Emitter Attached in graph: EventGraph in object: level2 with description: Accessed None trying to read property CallFunc_GetPlayerCharacter_ReturnValue
[2017.11.14-18.30.16:494][131]LogScript: Warning: UGameplayStatics::SpawnEmitterAttached: NULL AttachComponent specified!
[2017.11.14-18.30.16:495][131]PIE: Play in editor start time for /Game/ThirdPersonBP/Maps/UEDPIE_0_level2 0.406
[2017.11.14-18.30.16:668][131]LogBlueprintUserMessages: Late PlayInEditor Detection: Level '/Game/ThirdPersonBP/Maps/level2.level2:PersistentLevel' has LevelScriptBlueprint '/Game/ThirdPersonBP/Maps/level2.level2:PersistentLevel.level2' with GeneratedClass '/Game/ThirdPersonBP/Maps/level2.level2_C' with ClassGeneratedBy '/Game/ThirdPersonBP/Maps/level2.level2:PersistentLevel.level2'
[2017.11.14-18.31.02:594][ 23]LogBlueprintUserMessages: Early EndPlayMap Detection: Level '/Game/ThirdPersonBP/Maps/level2.level2:PersistentLevel' has LevelScriptBlueprint '/Game/ThirdPersonBP/Maps/level2.level2:PersistentLevel.level2' with GeneratedClass '/Game/ThirdPersonBP/Maps/level2.level2_C' with ClassGeneratedBy '/Game/ThirdPersonBP/Maps/level2.level2:PersistentLevel.level2'
[2017.11.14-18.31.02:702][ 23]LogBlueprintUserMessages: Late EndPlayMap Detection: Level '/Game/ThirdPersonBP/Maps/level2.level2:PersistentLevel' has LevelScriptBlueprint '/Game/ThirdPersonBP/Maps/level2.level2:PersistentLevel.level2' with GeneratedClass '/Game/ThirdPersonBP/Maps/level2.level2_C' with ClassGeneratedBy '/Game/ThirdPersonBP/Maps/level2.level2:PersistentLevel.level2'
[2017.11.14-18.33.09:089][788]LogSlate: Took 0.000633 seconds to synchronously load lazily loaded font '../../../Engine/Content/Slate/Fonts/Roboto-Light.ttf' (159K)
[2017.11.14-18.33.25:246][834]LogSavePackage: Save=738.17ms
[2017.11.14-18.33.25:246][834]LogSavePackage: Moving '../../../../../../Users/z1hwa/Documents/GitHub/Project-Heave-Final/Saved/level2_Auto21C9A8230415D843765D62192440C479C.tmp' to '../../../../../../Users/z1hwa/Documents/GitHub/Project-Heave-Final/Saved/Autosaves/Game/ThirdPersonBP/Maps/level2_Auto2.umap'
[2017.11.14-18.33.25:254][834]LogSavePackage: Display: Finished SavePackage ../../../../../../Users/z1hwa/Documents/GitHub/Project-Heave-Final/Saved/Autosaves/Game/ThirdPersonBP/Maps/level2_Auto2.umap
[2017.11.14-18.33.25:257][834]LogFileHelpers: Editor autosave (incl. sublevels) for '/Game/ThirdPersonBP/Maps/level2' took 0.822
[2017.11.14-18.33.25:257][834]LogFileHelpers: Editor autosave (incl. sublevels) for all levels took 0.822
[2017.11.14-18.33.27:620][842]LogEditorViewport: Clicking on Actor (LMB): BP_Sky_Sphere_C (SkySphereBlueprint2)
[2017.11.14-18.40.38:819][308]LogEditorViewport: Clicking on Actor (LMB): BP_Sky_Sphere_C (SkySphereBlueprint2)
[2017.11.14-18.40.39:919][330]LogEditorViewport: Clicking on Actor (LMB): Emitter (P_Fire14)
[2017.11.14-18.42.10:533][ 85]LogD3D11RHI: Timed out while waiting for GPU to catch up. (0.5 s)
[2017.11.14-18.42.17:278][104]LogD3D11RHI: Timed out while waiting for GPU to catch up. (0.5 s)
[2017.11.14-18.43.28:208][300]LogSavePackage: Save=2400.34ms
[2017.11.14-18.43.28:209][300]LogSavePackage: Moving '../../../../../../Users/z1hwa/Documents/GitHub/Project-Heave-Final/Saved/level2_Auto399DF810F49B8EDFAF9BF43A441923193.tmp' to '../../../../../../Users/z1hwa/Documents/GitHub/Project-Heave-Final/Saved/Autosaves/Game/ThirdPersonBP/Maps/level2_Auto3.umap'
[2017.11.14-18.43.28:216][300]LogSavePackage: Display: Finished SavePackage ../../../../../../Users/z1hwa/Documents/GitHub/Project-Heave-Final/Saved/Autosaves/Game/ThirdPersonBP/Maps/level2_Auto3.umap
[2017.11.14-18.43.28:244][300]LogFileHelpers: Editor autosave (incl. sublevels) for '/Game/ThirdPersonBP/Maps/level2' took 2.692
[2017.11.14-18.43.28:246][300]LogFileHelpers: Editor autosave (incl. sublevels) for all levels took 2.692
[2017.11.14-18.52.03:613][898]LogSavePackage: Save=609.33ms
[2017.11.14-18.52.03:613][898]LogSavePackage: Moving '../../../../../../Users/z1hwa/Documents/GitHub/Project-Heave-Final/Saved/level2A36CD1F74BDA29837337E58FADFCCF3C.tmp' to '../../../../../../Users/z1hwa/Documents/GitHub/Project-Heave-Final/Content/ThirdPersonBP/Maps/level2.umap'
[2017.11.14-18.52.03:623][898]LogSavePackage: Display: Finished SavePackage ../../../../../../Users/z1hwa/Documents/GitHub/Project-Heave-Final/Content/ThirdPersonBP/Maps/level2.umap
[2017.11.14-18.52.06:438][952]Cmd: QUIT_EDITOR
[2017.11.14-18.52.06:858][952]LogWindowsTextInputMethodSystem: Display: IME system now deactivated.
[2017.11.14-18.52.06:859][952]LogWindowsTextInputMethodSystem: Display: IME system now deactivated.
[2017.11.14-18.52.06:899][952]LogExit: Preparing to exit.
[2017.11.14-18.52.08:046][952]LogDirectoryWatcher: A directory notification for 'C:/Users/z1hwa/Documents/GitHub/Project-Heave-Final/Content/' was aborted.
[2017.11.14-18.52.08:210][952]LogExit: Editor shut down
[2017.11.14-18.52.08:248][952]LogExit: Transaction tracking system shut down
[2017.11.14-18.52.08:627][952]LogDirectoryWatcher: A directory notification for '../../../Engine/Content/' was aborted.
[2017.11.14-18.52.08:627][952]LogDirectoryWatcher: A directory notification for '../../../../../../Users/z1hwa/Documents/GitHub/Project-Heave-Final/Content/' was aborted.
[2017.11.14-18.52.08:627][952]LogDirectoryWatcher: A directory notification for '../../../Engine/Plugins/2D/Paper2D/Content/' was aborted.
[2017.11.14-18.52.08:627][952]LogDirectoryWatcher: A directory notification for '../../../Engine/Plugins/Runtime/Oculus/OculusVR/Content/' was aborted.
[2017.11.14-18.52.08:627][952]LogDirectoryWatcher: A directory notification for '../../../Engine/Plugins/Runtime/Steam/SteamVR/Content/' was aborted.
[2017.11.14-18.52.08:748][952]LogExit: Object subsystem successfully closed.
[2017.11.14-18.52.08:766][952]LogD3D11RHI: Shutdown
[2017.11.14-18.52.08:766][952]LogD3D11RHI: CleanupD3DDevice
[2017.11.14-18.52.09:058][952]LogD3D11RHI: ~FD3D11DynamicRHI
[2017.11.14-18.52.09:079][952]LogModuleManager: Shutting down and abandoning module MovieSceneCapture (532)
[2017.11.14-18.52.09:079][952]LogModuleManager: Shutting down and abandoning module StatsViewer (530)
[2017.11.14-18.52.09:079][952]LogModuleManager: Shutting down and abandoning module HierarchicalLODOutliner (528)
[2017.11.14-18.52.09:079][952]LogModuleManager: Shutting down and abandoning module SceneOutliner (526)
[2017.11.14-18.52.09:079][952]LogModuleManager: Shutting down and abandoning module AddContentDialog (524)
[2017.11.14-18.52.09:079][952]LogDirectoryWatcher: A directory notification for 'C:/Program Files/Epic Games/UE_4.17/FeaturePacks/' was aborted.
[2017.11.14-18.52.09:085][952]LogModuleManager: Shutting down and abandoning module WidgetCarousel (523)
[2017.11.14-18.52.09:085][952]LogModuleManager: Shutting down and abandoning module EditorWidgets (520)
[2017.11.14-18.52.09:085][952]LogModuleManager: Shutting down and abandoning module CollectionManager (518)
[2017.11.14-18.52.09:085][952]LogDirectoryWatcher: A directory notification for 'C:/Users/z1hwa/Documents/GitHub/Project-Heave-Final/Content/Collections/' was aborted.
[2017.11.14-18.52.09:086][952]LogDirectoryWatcher: A directory notification for 'C:/Users/z1hwa/Documents/GitHub/Project-Heave-Final/Content/Developers/z1hwa/Collections/' was aborted.
[2017.11.14-18.52.09:086][952]LogDirectoryWatcher: A directory notification for 'C:/Users/z1hwa/Documents/GitHub/Project-Heave-Final/Saved/Collections/' was aborted.
[2017.11.14-18.52.09:086][952]LogModuleManager: Shutting down and abandoning module FoliageEdit (516)
[2017.11.14-18.52.09:086][952]LogModuleManager: Shutting down and abandoning module LandscapeEditor (514)
[2017.11.14-18.52.09:086][952]LogModuleManager: Shutting down and abandoning module MeshPaintMode (512)
[2017.11.14-18.52.09:086][952]LogModuleManager: Shutting down and abandoning module SceneDepthPickerMode (510)
[2017.11.14-18.52.09:086][952]LogModuleManager: Shutting down and abandoning module ActorPickerMode (508)
[2017.11.14-18.52.09:086][952]LogModuleManager: Shutting down and abandoning module GeometryMode (506)
[2017.11.14-18.52.09:086][952]LogModuleManager: Shutting down and abandoning module TextureAlignMode (504)
[2017.11.14-18.52.09:086][952]LogModuleManager: Shutting down and abandoning module BspMode (502)
[2017.11.14-18.52.09:086][952]LogModuleManager: Shutting down and abandoning module PIEPreviewDeviceProfileSelector (500)
[2017.11.14-18.52.09:086][952]LogModuleManager: Shutting down and abandoning module HardwareSurvey (498)
[2017.11.14-18.52.09:086][952]LogModuleManager: Shutting down and abandoning module SequenceRecorderSections (496)
[2017.11.14-18.52.09:086][952]LogModuleManager: Shutting down and abandoning module AutomationWorker (494)
[2017.11.14-18.52.09:086][952]LogModuleManager: Shutting down and abandoning module MatineeToLevelSequence (492)
[2017.11.14-18.52.09:086][952]LogModuleManager: Shutting down and abandoning module LevelSequenceEditor (490)
[2017.11.14-18.52.09:086][952]LogModuleManager: Shutting down and abandoning module PlacementMode (489)
[2017.11.14-18.52.09:086][952]LogModuleManager: Shutting down and abandoning module WmfMediaFactory (486)
[2017.11.14-18.52.09:086][952]LogModuleManager: Shutting down and abandoning module WmfMediaEditor (484)
[2017.11.14-18.52.09:086][952]LogModuleManager: Shutting down and abandoning module AvfMediaFactory (482)
[2017.11.14-18.52.09:086][952]LogModuleManager: Shutting down and abandoning module AvfMediaEditor (480)
[2017.11.14-18.52.09:086][952]LogModuleManager: Shutting down and abandoning module AndroidMediaFactory (478)
[2017.11.14-18.52.09:086][952]LogModuleManager: Shutting down and abandoning module Media (477)
[2017.11.14-18.52.09:086][952]LogModuleManager: Shutting down and abandoning module AndroidMediaEditor (474)
[2017.11.14-18.52.09:086][952]LogModuleManager: Shutting down and abandoning module CharacterAI (472)
[2017.11.14-18.52.09:086][952]LogModuleManager: Shutting down and abandoning module AudioCapture (470)
[2017.11.14-18.52.09:086][952]LogModuleManager: Shutting down and abandoning module SequenceRecorder (469)
[2017.11.14-18.52.09:086][952]LogModuleManager: Shutting down and abandoning module SmartSnapping (466)
[2017.11.14-18.52.09:086][952]LogModuleManager: Shutting down and abandoning module SessionServices (464)
[2017.11.14-18.52.09:087][952]LogModuleManager: Shutting down and abandoning module ViewportSnapping (462)
[2017.11.14-18.52.09:087][952]LogModuleManager: Shutting down and abandoning module ViewportInteraction (460)
[2017.11.14-18.52.09:087][952]LogModuleManager: Shutting down and abandoning module ClothPainter (458)
[2017.11.14-18.52.09:087][952]LogModuleManager: Shutting down and abandoning module LogVisualizer (456)
[2017.11.14-18.52.09:087][952]LogModuleManager: Shutting down and abandoning module IntroTutorials (454)
[2017.11.14-18.52.09:087][952]LogModuleManager: Shutting down and abandoning module GameProjectGeneration (453)
[2017.11.14-18.52.09:087][952]LogModuleManager: Shutting down and abandoning module IOSPlatformEditor (450)
[2017.11.14-18.52.09:087][952]LogModuleManager: Shutting down and abandoning module HTML5PlatformEditor (448)
[2017.11.14-18.52.09:087][952]LogModuleManager: Shutting down and abandoning module AndroidPlatformEditor (446)
[2017.11.14-18.52.09:087][952]LogModuleManager: Shutting down and abandoning module AndroidDeviceDetection (445)
[2017.11.14-18.52.09:751][952]LogModuleManager: Shutting down and abandoning module WindowsPlatformEditor (442)
[2017.11.14-18.52.09:751][952]LogModuleManager: Shutting down and abandoning module IOSRuntimeSettings (440)
[2017.11.14-18.52.09:751][952]LogModuleManager: Shutting down and abandoning module AndroidRuntimeSettings (438)
[2017.11.14-18.52.09:751][952]LogModuleManager: Shutting down and abandoning module InputBindingEditor (436)
[2017.11.14-18.52.09:752][952]LogModuleManager: Shutting down and abandoning module MergeActors (434)
[2017.11.14-18.52.09:752][952]LogModuleManager: Shutting down and abandoning module SizeMap (432)
[2017.11.14-18.52.09:752][952]LogModuleManager: Shutting down and abandoning module TreeMap (430)
[2017.11.14-18.52.09:752][952]LogModuleManager: Shutting down and abandoning module ReferenceViewer (428)
[2017.11.14-18.52.09:752][952]LogModuleManager: Shutting down and abandoning module LocalizationDashboard (426)
[2017.11.14-18.52.09:752][952]LogModuleManager: Shutting down and abandoning module LocalizationService (425)
[2017.11.14-18.52.09:752][952]LogModuleManager: Shutting down and abandoning module HardwareTargeting (422)
[2017.11.14-18.52.09:752][952]LogModuleManager: Shutting down and abandoning module DeviceProfileEditor (420)
[2017.11.14-18.52.09:752][952]LogModuleManager: Shutting down and abandoning module UndoHistory (418)
[2017.11.14-18.52.09:752][952]LogModuleManager: Shutting down and abandoning module XmlParser (416)
[2017.11.14-18.52.09:752][952]LogModuleManager: Shutting down and abandoning module Blutility (414)
[2017.11.14-18.52.09:752][952]LogModuleManager: Shutting down and abandoning module ProjectSettingsViewer (412)
[2017.11.14-18.52.09:752][952]LogModuleManager: Shutting down and abandoning module ProjectTargetPlatformEditor (411)
[2017.11.14-18.52.09:752][952]LogModuleManager: Shutting down and abandoning module EditorSettingsViewer (408)
[2017.11.14-18.52.09:752][952]LogModuleManager: Shutting down and abandoning module SettingsEditor (406)
[2017.11.14-18.52.09:752][952]LogModuleManager: Shutting down and abandoning module ProjectLauncher (404)
[2017.11.14-18.52.09:753][952]LogModuleManager: Shutting down and abandoning module SessionFrontend (402)
[2017.11.14-18.52.09:753][952]LogModuleManager: Shutting down and abandoning module ProfilerClient (400)
[2017.11.14-18.52.09:753][952]LogModuleManager: Shutting down and abandoning module DeviceManager (398)
[2017.11.14-18.52.09:753][952]LogModuleManager: Shutting down and abandoning module TargetDeviceServices (397)
[2017.11.14-18.52.09:819][952]LogModuleManager: Shutting down and abandoning module AutomationController (394)
[2017.11.14-18.52.09:819][952]LogModuleManager: Shutting down and abandoning module AutomationWindow (392)
[2017.11.14-18.52.09:819][952]LogModuleManager: Shutting down and abandoning module Layers (390)
[2017.11.14-18.52.09:819][952]LogModuleManager: Shutting down and abandoning module ComponentVisualizers (388)
[2017.11.14-18.52.09:819][952]LogModuleManager: Shutting down and abandoning module DetailCustomizations (386)
[2017.11.14-18.52.09:819][952]LogModuleManager: Shutting down and abandoning module PackagesDialog (384)
[2017.11.14-18.52.09:819][952]LogModuleManager: Shutting down and abandoning module Persona (382)
[2017.11.14-18.52.09:819][952]LogModuleManager: Shutting down and abandoning module AdvancedPreviewScene (381)
[2017.11.14-18.52.09:820][952]LogModuleManager: Shutting down and abandoning module AnimGraph (379)
[2017.11.14-18.52.09:820][952]LogModuleManager: Shutting down and abandoning module Kismet (376)
[2017.11.14-18.52.09:821][952]LogModuleManager: Shutting down and abandoning module ClassViewer (374)
[2017.11.14-18.52.09:821][952]LogModuleManager: Shutting down and abandoning module Toolbox (372)
[2017.11.14-18.52.09:821][952]LogModuleManager: Shutting down and abandoning module ModuleUI (370)
[2017.11.14-18.52.09:821][952]LogModuleManager: Shutting down and abandoning module MovieSceneTools (368)
[2017.11.14-18.52.09:822][952]LogModuleManager: Shutting down and abandoning module OutputLog (366)
[2017.11.14-18.52.09:822][952]LogModuleManager: Shutting down and abandoning module GammaUI (364)
[2017.11.14-18.52.09:822][952]LogModuleManager: Shutting down and abandoning module Documentation (362)
[2017.11.14-18.52.09:822][952]LogModuleManager: Shutting down and abandoning module MovieSceneTracks (360)
[2017.11.14-18.52.09:822][952]LogModuleManager: Shutting down and abandoning module MovieScene (358)
[2017.11.14-18.52.09:822][952]LogModuleManager: Shutting down and abandoning module Niagara (356)
[2017.11.14-18.52.09:822][952]LogModuleManager: Shutting down and abandoning module NiagaraEditor (355)
[2017.11.14-18.52.09:822][952]LogModuleManager: Shutting down and abandoning module StreamingPauseRendering (352)
[2017.11.14-18.52.09:823][952]LogModuleManager: Shutting down and abandoning module LauncherPlatform (350)
[2017.11.14-18.52.09:823][952]LogModuleManager: Shutting down and abandoning module AnalyticsET (348)
[2017.11.14-18.52.09:823][952]LogModuleManager: Shutting down and abandoning module PortalServices (346)
[2017.11.14-18.52.09:823][952]LogModuleManager: Shutting down and abandoning module PortalRpc (344)
[2017.11.14-18.52.09:823][952]LogModuleManager: Shutting down and abandoning module MessagingRpc (342)
[2017.11.14-18.52.09:823][952]LogModuleManager: Shutting down and abandoning module AIModule (340)
[2017.11.14-18.52.09:823][952]LogModuleManager: Shutting down and abandoning module GameplayDebugger (339)
[2017.11.14-18.52.09:823][952]LogModuleManager: Shutting down and abandoning module AITestSuite (337)
[2017.11.14-18.52.09:823][952]LogModuleManager: Shutting down and abandoning module ProfilerService (334)
[2017.11.14-18.52.09:983][952]LogModuleManager: Shutting down and abandoning module TaskGraph (332)
[2017.11.14-18.52.09:983][952]LogModuleManager: Shutting down and abandoning module SteamVRController (330)
[2017.11.14-18.52.09:983][952]LogModuleManager: Shutting down and abandoning module ProceduralMeshComponentEditor (328)
[2017.11.14-18.52.09:983][952]LogModuleManager: Shutting down and abandoning module ProceduralMeshComponent (326)
[2017.11.14-18.52.09:983][952]LogModuleManager: Shutting down and abandoning module OculusInput (324)
[2017.11.14-18.52.09:984][952]LogModuleManager: Shutting down and abandoning module MobilePatchingUtils (322)
[2017.11.14-18.52.09:984][952]LogModuleManager: Shutting down and abandoning module CustomMeshComponent (320)
[2017.11.14-18.52.09:984][952]LogModuleManager: Shutting down and abandoning module CableComponent (318)
[2017.11.14-18.52.09:984][952]LogModuleManager: Shutting down and abandoning module ArchVisCharacter (316)
[2017.11.14-18.52.09:984][952]LogModuleManager: Shutting down and abandoning module AndroidPermission (314)
[2017.11.14-18.52.09:984][952]LogModuleManager: Shutting down and abandoning module MediaPlayerEditor (310)
[2017.11.14-18.52.09:984][952]LogModuleManager: Shutting down and abandoning module HTML5Networking (308)
[2017.11.14-18.52.09:984][952]LogModuleManager: Shutting down and abandoning module AlembicImporter (306)
[2017.11.14-18.52.09:984][952]LogModuleManager: Shutting down and abandoning module AlembicLibrary (305)
[2017.11.14-18.52.09:984][952]LogModuleManager: Shutting down and abandoning module GeometryCache (304)
[2017.11.14-18.52.09:984][952]LogModuleManager: Shutting down and abandoning module GeometryCacheEd (303)
[2017.11.14-18.52.09:984][952]LogModuleManager: Shutting down and abandoning module SpeedTreeImporter (298)
[2017.11.14-18.52.09:984][952]LogModuleManager: Shutting down and abandoning module PluginBrowser (296)
[2017.11.14-18.52.09:984][952]LogModuleManager: Shutting down and abandoning module MobileLauncherProfileWizard (294)
[2017.11.14-18.52.09:984][952]LogModuleManager: Shutting down and abandoning module VisualStudioSourceCodeAccess (292)
[2017.11.14-18.52.09:984][952]LogModuleManager: Shutting down and abandoning module DesktopPlatform (291)
[2017.11.14-18.52.09:984][952]LogModuleManager: Shutting down and abandoning module UObjectPlugin (288)
[2017.11.14-18.52.09:984][952]LogModuleManager: Shutting down and abandoning module SubversionSourceControl (286)
[2017.11.14-18.52.09:984][952]LogModuleManager: Shutting down and abandoning module PerforceSourceControl (284)
[2017.11.14-18.52.09:984][952]LogModuleManager: Shutting down and abandoning module GitSourceControl (282)
[2017.11.14-18.52.09:984][952]LogModuleManager: Shutting down and abandoning module SourceControl (281)
[2017.11.14-18.52.09:984][952]LogModuleManager: Shutting down and abandoning module LightPropagationVolumeEditor (278)
[2017.11.14-18.52.09:984][952]LogModuleManager: Shutting down and abandoning module PaperTiledImporter (276)
[2017.11.14-18.52.09:984][952]LogModuleManager: Shutting down and abandoning module PaperSpriteSheetImporter (274)
[2017.11.14-18.52.09:984][952]LogModuleManager: Shutting down and abandoning module Paper2DEditor (272)
[2017.11.14-18.52.09:984][952]LogModuleManager: Shutting down and abandoning module MeshPaint (271)
[2017.11.14-18.52.09:984][952]LogModuleManager: Shutting down and abandoning module LevelEditor (269)
[2017.11.14-18.52.09:985][952]LogModuleManager: Shutting down and abandoning module PixelInspectorModule (268)
[2017.11.14-18.52.09:986][952]LogModuleManager: Shutting down and abandoning module MainFrame (266)
[2017.11.14-18.52.09:986][952]LogModuleManager: Shutting down and abandoning module HotReload (265)
[2017.11.14-18.52.09:986][952]LogModuleManager: Shutting down and abandoning module RuntimePhysXCooking (260)
[2017.11.14-18.52.09:986][952]LogModuleManager: Shutting down and abandoning module PhysXVehiclesEditor (258)
[2017.11.14-18.52.09:986][952]LogModuleManager: Shutting down and abandoning module PhysXVehicles (256)
[2017.11.14-18.52.09:987][952]LogModuleManager: Shutting down and abandoning module OculusEditor (254)
[2017.11.14-18.52.09:987][952]LogModuleManager: Shutting down and abandoning module LocationServicesBPLibrary (252)
[2017.11.14-18.52.09:987][952]LogModuleManager: Shutting down and abandoning module ImmediatePhysicsEditor (250)
[2017.11.14-18.52.09:987][952]LogModuleManager: Shutting down and abandoning module ImmediatePhysics (248)
[2017.11.14-18.52.09:987][952]LogModuleManager: Shutting down and abandoning module UdpMessaging (246)
[2017.11.14-18.52.10:088][952]LogModuleManager: Shutting down and abandoning module TcpMessaging (244)
[2017.11.14-18.52.10:189][952]LogModuleManager: Shutting down and abandoning module GameplayTagsEditor (242)
[2017.11.14-18.52.10:189][952]LogModuleManager: Shutting down and abandoning module FacialAnimationEditor (240)
[2017.11.14-18.52.10:189][952]LogModuleManager: Shutting down and abandoning module FacialAnimation (238)
[2017.11.14-18.52.10:189][952]LogModuleManager: Shutting down and abandoning module AssetManagerEditor (236)
[2017.11.14-18.52.10:189][952]LogModuleManager: Shutting down and abandoning module GraphEditor (235)
[2017.11.14-18.52.10:189][952]LogModuleManager: Shutting down and abandoning module ContentBrowser (233)
[2017.11.14-18.52.10:191][952]LogModuleManager: Shutting down and abandoning module LightPropagationVolumeRuntime (230)
[2017.11.14-18.52.10:191][952]LogModuleManager: Shutting down and abandoning module Paper2D (228)
[2017.11.14-18.52.10:191][952]LogModuleManager: Shutting down and abandoning module WindowsMoviePlayer (226)
[2017.11.14-18.52.10:191][952]LogModuleManager: Shutting down and abandoning module WmfMedia (224)
[2017.11.14-18.52.10:191][952]LogModuleManager: Shutting down and abandoning module PacketHandler (222)
[2017.11.14-18.52.10:191][952]LogModuleManager: Shutting down and abandoning module ClothingSystemEditor (220)
[2017.11.14-18.52.10:191][952]LogModuleManager: Shutting down and abandoning module ClothingSystemRuntime (218)
[2017.11.14-18.52.10:191][952]LogModuleManager: Shutting down and abandoning module Overlay (216)
[2017.11.14-18.52.10:191][952]LogModuleManager: Shutting down and abandoning module OverlayEditor (215)
[2017.11.14-18.52.10:191][952]LogModuleManager: Shutting down and abandoning module MediaAssets (212)
[2017.11.14-18.52.10:191][952]LogModuleManager: Shutting down and abandoning module VREditor (210)
[2017.11.14-18.52.10:192][952]LogModuleManager: Shutting down and abandoning module StringTableEditor (208)
[2017.11.14-18.52.10:192][952]LogModuleManager: Shutting down and abandoning module GameplayTasksEditor (206)
[2017.11.14-18.52.10:192][952]LogModuleManager: Shutting down and abandoning module BehaviorTreeEditor (204)
[2017.11.14-18.52.10:192][952]LogModuleManager: Shutting down and abandoning module FunctionalTesting (202)
[2017.11.14-18.52.10:192][952]LogModuleManager: Shutting down and abandoning module CollisionAnalyzer (200)
[2017.11.14-18.52.10:192][952]LogModuleManager: Shutting down and abandoning module WorkspaceMenuStructure (199)
[2017.11.14-18.52.10:192][952]LogModuleManager: Shutting down and abandoning module UMG (196)
[2017.11.14-18.52.10:192][952]LogModuleManager: Shutting down and abandoning module UMGEditor (195)
[2017.11.14-18.52.10:192][952]LogModuleManager: Shutting down and abandoning module Sequencer (194)
[2017.11.14-18.52.10:192][952]LogModuleManager: Shutting down and abandoning module MessageLog (191)
[2017.11.14-18.52.10:192][952]LogModuleManager: Shutting down and abandoning module SlateReflector (186)
[2017.11.14-18.52.10:192][952]LogModuleManager: Shutting down and abandoning module Slate (184)
[2017.11.14-18.52.10:192][952]LogModuleManager: Shutting down and abandoning module EditorStyle (182)
[2017.11.14-18.52.10:195][952]LogModuleManager: Shutting down and abandoning module MRMesh (180)
[2017.11.14-18.52.10:195][952]LogModuleManager: Shutting down and abandoning module SourceCodeAccess (178)
[2017.11.14-18.52.10:195][952]LogModuleManager: Shutting down and abandoning module HeadMountedDisplay (176)
[2017.11.14-18.52.10:195][952]LogModuleManager: Shutting down and abandoning module XAudio2 (174)
[2017.11.14-18.52.10:195][952]LogModuleManager: Shutting down and abandoning module Networking (172)
[2017.11.14-18.52.10:195][952]LogModuleManager: Shutting down and abandoning module Core (168)
[2017.11.14-18.52.10:195][952]LogModuleManager: Shutting down and abandoning module KismetCompiler (164)
[2017.11.14-18.52.10:195][952]LogModuleManager: Shutting down and abandoning module LevelSequence (162)
[2017.11.14-18.52.10:195][952]LogModuleManager: Shutting down and abandoning module MeshUtilities (160)
[2017.11.14-18.52.10:195][952]LogModuleManager: Shutting down and abandoning module MeshMergeUtilities (159)
[2017.11.14-18.52.10:195][952]LogModuleManager: Shutting down and abandoning module MeshReductionInterface (158)
[2017.11.14-18.52.10:195][952]LogModuleManager: Shutting down and abandoning module SimplygonSwarm (157)
[2017.11.14-18.52.10:195][952]LogModuleManager: Shutting down and abandoning module SimplygonMeshReduction (155)
[2017.11.14-18.52.10:195][952]LogModuleManager: Shutting down and abandoning module QuadricMeshReduction (153)
[2017.11.14-18.52.10:195][952]LogModuleManager: Shutting down and abandoning module MaterialBaking (149)
[2017.11.14-18.52.10:195][952]LogModuleManager: Shutting down and abandoning module DirectoryWatcher (146)
[2017.11.14-18.52.10:202][952]LogModuleManager: Shutting down and abandoning module DerivedDataCache (144)
[2017.11.14-18.52.10:217][952]LogDerivedDataCache: Shutdown
[2017.11.14-18.52.10:217][952]LogModuleManager: Shutting down and abandoning module TargetPlatform (142)
[2017.11.14-18.52.10:217][952]LogModuleManager: Shutting down and abandoning module VulkanShaderFormat (141)
[2017.11.14-18.52.10:217][952]LogModuleManager: Shutting down and abandoning module ShaderFormatVectorVM (139)
[2017.11.14-18.52.10:217][952]LogModuleManager: Shutting down and abandoning module ShaderFormatOpenGL (137)
[2017.11.14-18.52.10:218][952]LogModuleManager: Shutting down and abandoning module ShaderFormatD3D (135)
[2017.11.14-18.52.10:218][952]LogModuleManager: Shutting down and abandoning module MetalShaderFormat (133)
[2017.11.14-18.52.10:218][952]LogModuleManager: Shutting down and abandoning module TextureFormatUncompressed (131)
[2017.11.14-18.52.10:218][952]LogModuleManager: Shutting down and abandoning module TextureFormatPVR (129)
[2017.11.14-18.52.10:218][952]LogModuleManager: Shutting down and abandoning module TextureFormatDXT (127)
[2017.11.14-18.52.10:218][952]LogModuleManager: Shutting down and abandoning module TextureFormatIntelISPCTexComp (125)
[2017.11.14-18.52.10:218][952]LogModuleManager: Shutting down and abandoning module TextureFormatASTC (123)
[2017.11.14-18.52.10:218][952]LogModuleManager: Shutting down and abandoning module ImageWrapper (122)
[2017.11.14-18.52.10:218][952]LogModuleManager: Shutting down and abandoning module TextureFormatAndroid (119)
[2017.11.14-18.52.10:219][952]LogModuleManager: Shutting down and abandoning module AudioFormatOpus (117)
[2017.11.14-18.52.10:219][952]LogModuleManager: Shutting down and abandoning module AudioFormatOgg (115)
[2017.11.14-18.52.10:219][952]LogModuleManager: Shutting down and abandoning module AudioFormatADPCM (113)
[2017.11.14-18.52.10:219][952]LogModuleManager: Shutting down and abandoning module LinuxTargetPlatform (111)
[2017.11.14-18.52.10:219][952]LogModuleManager: Shutting down and abandoning module LinuxServerTargetPlatform (109)
[2017.11.14-18.52.10:219][952]LogModuleManager: Shutting down and abandoning module LinuxNoEditorTargetPlatform (107)
[2017.11.14-18.52.10:219][952]LogModuleManager: Shutting down and abandoning module LinuxClientTargetPlatform (105)
[2017.11.14-18.52.10:219][952]LogModuleManager: Shutting down and abandoning module TVOSTargetPlatform (103)
[2017.11.14-18.52.10:219][952]LogModuleManager: Shutting down and abandoning module Messaging (101)
[2017.11.14-18.52.10:219][952]LogModuleManager: Shutting down and abandoning module IOSTargetPlatform (99)
[2017.11.14-18.52.10:219][952]LogModuleManager: Shutting down and abandoning module HTML5TargetPlatform (97)
[2017.11.14-18.52.10:219][952]LogModuleManager: Shutting down and abandoning module Android_PVRTCTargetPlatform (95)
[2017.11.14-18.52.10:220][952]LogModuleManager: Shutting down and abandoning module Android_MultiTargetPlatform (93)
[2017.11.14-18.52.10:220][952]LogModuleManager: Shutting down and abandoning module Android_ETC2TargetPlatform (91)
[2017.11.14-18.52.10:220][952]LogModuleManager: Shutting down and abandoning module Android_ETC1TargetPlatform (89)
[2017.11.14-18.52.10:220][952]LogModuleManager: Shutting down and abandoning module Android_DXTTargetPlatform (87)
[2017.11.14-18.52.10:220][952]LogModuleManager: Shutting down and abandoning module Android_ATCTargetPlatform (85)
[2017.11.14-18.52.10:220][952]LogModuleManager: Shutting down and abandoning module Android_ASTCTargetPlatform (83)
[2017.11.14-18.52.10:220][952]LogModuleManager: Shutting down and abandoning module AndroidTargetPlatform (81)
[2017.11.14-18.52.10:220][952]LogModuleManager: Shutting down and abandoning module WindowsTargetPlatform (79)
[2017.11.14-18.52.10:220][952]LogModuleManager: Shutting down and abandoning module WindowsServerTargetPlatform (77)
[2017.11.14-18.52.10:220][952]LogModuleManager: Shutting down and abandoning module WindowsNoEditorTargetPlatform (75)
[2017.11.14-18.52.10:220][952]LogModuleManager: Shutting down and abandoning module WindowsClientTargetPlatform (73)
[2017.11.14-18.52.10:220][952]LogModuleManager: Shutting down and abandoning module MacTargetPlatform (71)
[2017.11.14-18.52.10:220][952]LogModuleManager: Shutting down and abandoning module MacServerTargetPlatform (69)
[2017.11.14-18.52.10:220][952]LogModuleManager: Shutting down and abandoning module MacNoEditorTargetPlatform (67)
[2017.11.14-18.52.10:221][952]LogModuleManager: Shutting down and abandoning module MacClientTargetPlatform (65)
[2017.11.14-18.52.10:221][952]LogModuleManager: Shutting down and abandoning module AllDesktopTargetPlatform (63)
[2017.11.14-18.52.10:221][952]LogModuleManager: Shutting down and abandoning module InputCore (60)
[2017.11.14-18.52.10:221][952]LogModuleManager: Shutting down and abandoning module Settings (58)
[2017.11.14-18.52.10:221][952]LogModuleManager: Shutting down and abandoning module PhysXCooking (56)
[2017.11.14-18.52.10:221][952]LogModuleManager: Shutting down and abandoning module SteamVR (54)
[2017.11.14-18.52.10:221][952]LogModuleManager: Shutting down and abandoning module OculusHMD (52)
[2017.11.14-18.52.10:221][952]LogModuleManager: Shutting down and abandoning module ExampleDeviceProfileSelector (50)
[2017.11.14-18.52.10:221][952]LogModuleManager: Shutting down and abandoning module OnlineBlueprintSupport (48)
[2017.11.14-18.52.10:221][952]LogModuleManager: Shutting down and abandoning module OnlineSubsystem (44)
[2017.11.14-18.52.10:221][952]LogOnline: Display: Unloading online subsystem: NULL
[2017.11.14-18.52.10:222][952]LogModuleManager: Shutting down and abandoning module XMPP (43)
[2017.11.14-18.52.10:222][952]LogModuleManager: Shutting down and abandoning module HTTP (41)
[2017.11.14-18.52.10:222][952]LogHttp: Display: Http module shutting down, but needs to wait on 1 outstanding Http requests:
[2017.11.14-18.52.10:222][952]LogHttp: Display: 	verb=[POST] url=[https://datarouter.ol.epicgames.com/datarouter/api/v1/public/data?SessionID=%7BE314F09D-41C8-353A-57FF-629CA902B364%7D&AppID=UEEditor.Rocket.Release&AppVersion=4.17.1-3586342%2B%2B%2BUE4%2BRelease-4.17&UserID=33cc274f4a77bc06b0d9239a10b09ff6%7Ccef429f6fe6c4866b4a1265aaf67d156%7C00332156-98b5-4ac3-b05b-537eb3e74e2f&AppEnvironment=datacollector-binary&UploadType=eteventstream] status=Processing
[2017.11.14-18.52.10:242][952]LogModuleManager: Shutting down and abandoning module SSL (40)
[2017.11.14-18.52.10:248][952]LogModuleManager: Shutting down and abandoning module AnimationModifiers (36)
[2017.11.14-18.52.10:248][952]LogModuleManager: Shutting down and abandoning module PropertyEditor (35)
[2017.11.14-18.52.10:248][952]LogModuleManager: Shutting down and abandoning module AudioEditor (32)
[2017.11.14-18.52.10:249][952]LogModuleManager: Shutting down and abandoning module TextureCompressor (30)
[2017.11.14-18.52.10:249][952]LogModuleManager: Shutting down and abandoning module ShaderCore (28)
[2017.11.14-18.52.10:249][952]LogModuleManager: Shutting down and abandoning module Landscape (26)
[2017.11.14-18.52.10:249][952]LogModuleManager: Shutting down and abandoning module SlateRHIRenderer (24)
[2017.11.14-18.52.10:256][952]LogModuleManager: Shutting down and abandoning module OpenGLDrv (22)
[2017.11.14-18.52.10:256][952]LogModuleManager: Shutting down and abandoning module D3D11RHI (20)
[2017.11.14-18.52.10:256][952]LogModuleManager: Shutting down and abandoning module AnimGraphRuntime (18)
[2017.11.14-18.52.10:256][952]LogModuleManager: Shutting down and abandoning module Renderer (16)
[2017.11.14-18.52.10:256][952]LogModuleManager: Shutting down and abandoning module Engine (14)
[2017.11.14-18.52.10:256][952]LogModuleManager: Shutting down and abandoning module CoreUObject (12)
[2017.11.14-18.52.10:256][952]LogModuleManager: Shutting down and abandoning module NetworkFile (10)
[2017.11.14-18.52.10:256][952]LogModuleManager: Shutting down and abandoning module CookedIterativeFile (8)
[2017.11.14-18.52.10:256][952]LogModuleManager: Shutting down and abandoning module StreamingFile (6)
[2017.11.14-18.52.10:256][952]LogModuleManager: Shutting down and abandoning module SandboxFile (4)
[2017.11.14-18.52.10:256][952]LogModuleManager: Shutting down and abandoning module PakFile (2)
[2017.11.14-18.52.10:260][952]LogExit: Exiting.
[2017.11.14-18.52.10:331][952]Log file closed, 11/14/17 13:52:10
